Log file open, 10/13/20 02:56:49
LogInit: Display: Running engine for game: Titulo1_Try1
LogPlatformFile: Not using cached read wrapper
LogTaskGraph: Started task graph with 5 named threads and 23 total threads with 3 sets of task threads.
LogStats: Stats thread started at 0.960667
LogD3D11RHI: Loaded GFSDK_Aftermath_Lib.x64.dll
LogICUInternationalization: ICU TimeZone Detection - Raw Offset: -3:00, Platform Override: ''
LogPluginManager: Mounting plugin Paper2D
LogPluginManager: Mounting plugin AISupport
LogPluginManager: Mounting plugin LightPropagationVolume
LogPluginManager: Mounting plugin CameraShakePreviewer
LogPluginManager: Mounting plugin ActorLayerUtilities
LogPluginManager: Mounting plugin AnimationSharing
LogPluginManager: Mounting plugin CLionSourceCodeAccess
LogPluginManager: Mounting plugin CodeLiteSourceCodeAccess
LogPluginManager: Mounting plugin GitSourceControl
LogPluginManager: Mounting plugin KDevelopSourceCodeAccess
LogPluginManager: Mounting plugin NullSourceCodeAccess
LogPluginManager: Mounting plugin PerforceSourceControl
LogPluginManager: Mounting plugin PlasticSourceControl
LogPluginManager: Mounting plugin RiderSourceCodeAccess
LogPluginManager: Mounting plugin SubversionSourceControl
LogPluginManager: Mounting plugin UObjectPlugin
LogPluginManager: Mounting plugin VisualStudioCodeSourceCodeAccess
LogPluginManager: Mounting plugin VisualStudioSourceCodeAccess
LogPluginManager: Mounting plugin XCodeSourceCodeAccess
LogPluginManager: Mounting plugin AssetManagerEditor
LogPluginManager: Mounting plugin CryptoKeys
LogPluginManager: Mounting plugin CurveEditorTools
LogPluginManager: Mounting plugin DataValidation
LogPluginManager: Mounting plugin EditorScriptingUtilities
LogPluginManager: Mounting plugin FacialAnimation
LogPluginManager: Mounting plugin GameplayTagsEditor
LogPluginManager: Mounting plugin GeometryMode
LogPluginManager: Mounting plugin MacGraphicsSwitching
LogPluginManager: Mounting plugin MaterialAnalyzer
LogPluginManager: Mounting plugin MobileLauncherProfileWizard
LogPluginManager: Mounting plugin PluginBrowser
LogPluginManager: Mounting plugin SpeedTreeImporter
LogPluginManager: Mounting plugin DatasmithContent
LogPluginManager: Mounting plugin VariantManagerContent
LogPluginManager: Mounting plugin AlembicImporter
LogPluginManager: Mounting plugin AutomationUtils
LogPluginManager: Mounting plugin BackChannel
LogPluginManager: Mounting plugin ChaosCloth
LogPluginManager: Mounting plugin ChaosClothEditor
LogPluginManager: Mounting plugin ChaosEditor
LogPluginManager: Mounting plugin ChaosNiagara
LogPluginManager: Mounting plugin ChaosSolverPlugin
LogPluginManager: Mounting plugin CharacterAI
LogPluginManager: Mounting plugin GeometryCache
LogPluginManager: Mounting plugin GeometryCollectionPlugin
LogPluginManager: Mounting plugin GeometryProcessing
LogPluginManager: Mounting plugin PlanarCut
LogPluginManager: Mounting plugin PlatformCrypto
LogPluginManager: Mounting plugin ProxyLODPlugin
LogPluginManager: Mounting plugin SkeletalReduction
LogPluginManager: Mounting plugin Niagara
LogPluginManager: Mounting plugin MagicLeap
LogPluginManager: Mounting plugin MagicLeapLightEstimation
LogPluginManager: Mounting plugin MagicLeapMedia
LogPluginManager: Mounting plugin MagicLeapPassableWorld
LogPluginManager: Mounting plugin MLSDK
LogPluginManager: Mounting plugin AndroidMedia
LogPluginManager: Mounting plugin AvfMedia
LogPluginManager: Mounting plugin ImgMedia
LogPluginManager: Mounting plugin MediaCompositing
LogPluginManager: Mounting plugin MediaPlayerEditor
LogPluginManager: Mounting plugin WebMMedia
LogPluginManager: Mounting plugin WmfMedia
LogPluginManager: Mounting plugin MeshPainting
LogPluginManager: Mounting plugin TcpMessaging
LogPluginManager: Mounting plugin UdpMessaging
LogPluginManager: Mounting plugin ActorSequence
LogPluginManager: Mounting plugin LevelSequenceEditor
LogPluginManager: Mounting plugin MatineeToLevelSequence
LogPluginManager: Mounting plugin MovieRenderPipeline
LogPluginManager: Mounting plugin TemplateSequence
LogPluginManager: Mounting plugin NetcodeUnitTest
LogPluginManager: Mounting plugin NUTUnrealEngine4
LogPluginManager: Mounting plugin OnlineSubsystemGooglePlay
LogPluginManager: Mounting plugin OnlineSubsystemIOS
LogPluginManager: Mounting plugin OnlineSubsystem
LogPluginManager: Mounting plugin OnlineSubsystemNull
LogPluginManager: Mounting plugin OnlineSubsystemUtils
LogPluginManager: Mounting plugin LauncherChunkInstaller
LogPluginManager: Mounting plugin AndroidDeviceProfileSelector
LogPluginManager: Mounting plugin AndroidMoviePlayer
LogPluginManager: Mounting plugin AndroidPermission
LogPluginManager: Mounting plugin AppleImageUtils
LogPluginManager: Mounting plugin AppleMoviePlayer
LogPluginManager: Mounting plugin ArchVisCharacter
LogPluginManager: Mounting plugin AssetTags
LogPluginManager: Mounting plugin AudioCapture
LogPluginManager: Mounting plugin CableComponent
LogPluginManager: Mounting plugin CustomMeshComponent
LogPluginManager: Mounting plugin EditableMesh
LogPluginManager: Mounting plugin ExampleDeviceProfileSelector
LogPluginManager: Mounting plugin GoogleCloudMessaging
LogPluginManager: Mounting plugin GooglePAD
LogPluginManager: Mounting plugin IOSDeviceProfileSelector
LogPluginManager: Mounting plugin LinuxDeviceProfileSelector
LogPluginManager: Mounting plugin LocationServicesBPLibrary
LogPluginManager: Mounting plugin MobilePatchingUtils
LogPluginManager: Mounting plugin OculusVR
LogPluginManager: Mounting plugin PhysXVehicles
LogPluginManager: Mounting plugin PostSplashScreen
LogPluginManager: Mounting plugin ProceduralMeshComponent
LogPluginManager: Mounting plugin RuntimePhysXCooking
LogPluginManager: Mounting plugin SignificanceManager
LogPluginManager: Mounting plugin SoundFields
LogPluginManager: Mounting plugin SteamVR
LogPluginManager: Mounting plugin Synthesis
LogPluginManager: Mounting plugin WebMMoviePlayer
LogPluginManager: Mounting plugin WindowsMoviePlayer
LogPluginManager: Mounting plugin ScreenshotTools
LogInit: Using libcurl 7.55.1-DEV
LogInit:  - built for x86_64-pc-win32
LogInit:  - supports SSL with OpenSSL/1.1.1
LogInit:  - supports HTTP deflate (compression) using libz 1.2.8
LogInit:  - other features:
LogInit:      CURL_VERSION_SSL
LogInit:      CURL_VERSION_LIBZ
LogInit:      CURL_VERSION_IPV6
LogInit:      CURL_VERSION_ASYNCHDNS
LogInit:      CURL_VERSION_LARGEFILE
LogInit:      CURL_VERSION_IDN
LogInit:  CurlRequestOptions (configurable via config and command line):
LogInit:  - bVerifyPeer = true  - Libcurl will verify peer certificate
LogInit:  - bUseHttpProxy = false  - Libcurl will NOT use HTTP proxy
LogInit:  - bDontReuseConnections = false  - Libcurl will reuse connections
LogInit:  - MaxHostConnections = 16  - Libcurl will limit the number of connections to a host
LogInit:  - LocalHostAddr = Default
LogInit:  - BufferSize = 65536
LogOnline: OSS: Creating online subsystem instance for: NULL
LogInit: WinSock: version 1.1 (2.2), MaxSocks=32767, MaxUdp=65467
LogOnline: OSS: TryLoadSubsystemAndSetDefault: Loaded subsystem for module [NULL]
LogInit: Build: ++UE4+Release-4.25-CL-13594126
LogInit: Engine Version: 4.25.1-13594126+++UE4+Release-4.25
LogInit: Compatible Engine Version: 4.25.0-13144385+++UE4+Release-4.25
LogInit: Net CL: 13144385
LogInit: OS: Windows 8.1 (), CPU: Intel(R) Core(TM) i7-4702MQ CPU @ 2.20GHz, GPU: Intel(R) HD Graphics 4600
LogInit: Compiled (64-bit): Jun  2 2020 02:10:36
LogInit: Compiled with Visual C++: 19.24.28315.00
LogInit: Build Configuration: Development
LogInit: Branch Name: ++UE4+Release-4.25
LogInit: Command Line: 
LogInit: Base Directory: D:/Program Files/Epic Games/UE_4.25/Engine/Binaries/Win64/
LogInit: Allocator: TBB
LogInit: Installed Engine Build: 1
LogDevObjectVersion: Number of dev versions registered: 26
LogDevObjectVersion:   Dev-Blueprints (B0D832E4-1F89-4F0D-ACCF-7EB736FD4AA2): 10
LogDevObjectVersion:   Dev-Build (E1C64328-A22C-4D53-A36C-8E866417BD8C): 0
LogDevObjectVersion:   Dev-Core (375EC13C-06E4-48FB-B500-84F0262A717E): 4
LogDevObjectVersion:   Dev-Editor (E4B068ED-F494-42E9-A231-DA0B2E46BB41): 38
LogDevObjectVersion:   Dev-Framework (CFFC743F-43B0-4480-9391-14DF171D2073): 37
LogDevObjectVersion:   Dev-Mobile (B02B49B5-BB20-44E9-A304-32B752E40360): 2
LogDevObjectVersion:   Dev-Networking (A4E4105C-59A1-49B5-A7C5-40C4547EDFEE): 0
LogDevObjectVersion:   Dev-Online (39C831C9-5AE6-47DC-9A44-9C173E1C8E7C): 0
LogDevObjectVersion:   Dev-Physics (78F01B33-EBEA-4F98-B9B4-84EACCB95AA2): 4
LogDevObjectVersion:   Dev-Platform (6631380F-2D4D-43E0-8009-CF276956A95A): 0
LogDevObjectVersion:   Dev-Rendering (12F88B9F-8875-4AFC-A67C-D90C383ABD29): 43
LogDevObjectVersion:   Dev-Sequencer (7B5AE74C-D270-4C10-A958-57980B212A5A): 12
LogDevObjectVersion:   Dev-VR (D7296918-1DD6-4BDD-9DE2-64A83CC13884): 3
LogDevObjectVersion:   Dev-LoadTimes (C2A15278-BFE7-4AFE-6C17-90FF531DF755): 1
LogDevObjectVersion:   Private-Geometry (6EACA3D4-40EC-4CC1-B786-8BED09428FC5): 3
LogDevObjectVersion:   Dev-AnimPhys (29E575DD-E0A3-4627-9D10-D276232CDCEA): 17
LogDevObjectVersion:   Dev-Anim (AF43A65D-7FD3-4947-9873-3E8ED9C1BB05): 7
LogDevObjectVersion:   Dev-ReflectionCapture (6B266CEC-1EC7-4B8F-A30B-E4D90942FC07): 1
LogDevObjectVersion:   Dev-Automation (0DF73D61-A23F-47EA-B727-89E90C41499A): 1
LogDevObjectVersion:   FortniteMain (601D1886-AC64-4F84-AA16-D3DE0DEAC7D6): 31
LogDevObjectVersion:   Dev-Enterprise (9DFFBCD6-494F-0158-E221-12823C92A888): 10
LogDevObjectVersion:   Dev-Niagara (F2AED0AC-9AFE-416F-8664-AA7FFA26D6FC): 1
LogDevObjectVersion:   Dev-Destruction (174F1F0B-B4C6-45A5-B13F-2EE8D0FB917D): 10
LogDevObjectVersion:   Dev-Physics-Ext (35F94A83-E258-406C-A318-09F59610247C): 37
LogDevObjectVersion:   Dev-PhysicsMaterial-Chaos (B68FC16E-8B1B-42E2-B453-215C058844FE): 1
LogDevObjectVersion:   Dev-CineCamera (B2E18506-4273-CFC2-A54E-F4BB758BBA07): 1
LogInit: Presizing for max 25165824 objects, including 0 objects not considered by GC, pre-allocating 0 bytes for permanent pool.
LogConfig: Applying CVar settings from Section [/Script/Engine.StreamingSettings] File [D:/Documentos/Unreal Projects/PT1 - copia/Saved/Config/Windows/Engine.ini]
LogConfig: Setting CVar [[s.MinBulkDataSizeForAsyncLoading:131072]]
LogConfig: Setting CVar [[s.AsyncLoadingThreadEnabled:0]]
LogConfig: Setting CVar [[s.EventDrivenLoaderEnabled:1]]
LogConfig: Setting CVar [[s.WarnIfTimeLimitExceeded:0]]
LogConfig: Setting CVar [[s.TimeLimitExceededMultiplier:1.5]]
LogConfig: Setting CVar [[s.TimeLimitExceededMinTime:0.005]]
LogConfig: Setting CVar [[s.UseBackgroundLevelStreaming:1]]
LogConfig: Setting CVar [[s.PriorityAsyncLoadingExtraTime:15.0]]
LogConfig: Setting CVar [[s.LevelStreamingActorsUpdateTimeLimit:5.0]]
LogConfig: Setting CVar [[s.PriorityLevelStreamingActorsUpdateExtraTime:5.0]]
LogConfig: Setting CVar [[s.LevelStreamingComponentsRegistrationGranularity:10]]
LogConfig: Setting CVar [[s.UnregisterComponentsTimeLimit:1.0]]
LogConfig: Setting CVar [[s.LevelStreamingComponentsUnregistrationGranularity:5]]
LogConfig: Setting CVar [[s.FlushStreamingOnExit:1]]
LogInit: Object subsystem initialized
LogConfig: Setting CVar [[con.DebugEarlyDefault:1]]
LogConfig: Setting CVar [[r.setres:1280x720]]
[2020.10.13-05.56.49:741][  0]LogConfig: Setting CVar [[r.VSync:0]]
[2020.10.13-05.56.49:741][  0]LogConfig: Setting CVar [[r.RHICmdBypass:0]]
[2020.10.13-05.56.49:741][  0]LogConfig: Applying CVar settings from Section [/Script/Engine.RendererSettings] File [D:/Documentos/Unreal Projects/PT1 - copia/Saved/Config/Windows/Engine.ini]
[2020.10.13-05.56.49:741][  0]LogConfig: Setting CVar [[r.GPUCrashDebugging:0]]
[2020.10.13-05.56.49:741][  0]LogConfig: Setting CVar [[r.MobileHDR:1]]
[2020.10.13-05.56.49:741][  0]LogConfig: Setting CVar [[r.Mobile.DisableVertexFog:1]]
[2020.10.13-05.56.49:741][  0]LogConfig: Setting CVar [[r.Shadow.CSM.MaxMobileCascades:2]]
[2020.10.13-05.56.49:741][  0]LogConfig: Setting CVar [[r.MobileMSAA:1]]
[2020.10.13-05.56.49:741][  0]LogConfig: Setting CVar [[r.Mobile.UseLegacyShadingModel:0]]
[2020.10.13-05.56.49:741][  0]LogConfig: Setting CVar [[r.Mobile.UseHWsRGBEncoding:0]]
[2020.10.13-05.56.49:741][  0]LogConfig: Setting CVar [[r.Mobile.AllowDitheredLODTransition:0]]
[2020.10.13-05.56.49:741][  0]LogConfig: Setting CVar [[r.Mobile.AllowSoftwareOcclusion:0]]
[2020.10.13-05.56.49:741][  0]LogConfig: Setting CVar [[r.DiscardUnusedQuality:0]]
[2020.10.13-05.56.49:741][  0]LogConfig: Setting CVar [[r.AllowOcclusionQueries:1]]
[2020.10.13-05.56.49:741][  0]LogConfig: Setting CVar [[r.MinScreenRadiusForLights:0.030000]]
[2020.10.13-05.56.49:741][  0]LogConfig: Setting CVar [[r.MinScreenRadiusForDepthPrepass:0.030000]]
[2020.10.13-05.56.49:741][  0]LogConfig: Setting CVar [[r.MinScreenRadiusForCSMDepth:0.010000]]
[2020.10.13-05.56.49:741][  0]LogConfig: Setting CVar [[r.PrecomputedVisibilityWarning:0]]
[2020.10.13-05.56.49:741][  0]LogConfig: Setting CVar [[r.TextureStreaming:1]]
[2020.10.13-05.56.49:741][  0]LogConfig: Setting CVar [[Compat.UseDXT5NormalMaps:0]]
[2020.10.13-05.56.49:741][  0]LogConfig: Setting CVar [[r.VirtualTextures:0]]
[2020.10.13-05.56.49:741][  0]LogConfig: Setting CVar [[r.VirtualTexturedLightmaps:0]]
[2020.10.13-05.56.49:741][  0]LogConfig: Setting CVar [[r.VT.TileSize:128]]
[2020.10.13-05.56.49:741][  0]LogConfig: Setting CVar [[r.VT.TileBorderSize:4]]
[2020.10.13-05.56.49:741][  0]LogConfig: Setting CVar [[r.vt.FeedbackFactor:16]]
[2020.10.13-05.56.49:741][  0]LogConfig: Setting CVar [[r.VT.EnableCompressZlib:1]]
[2020.10.13-05.56.49:741][  0]LogConfig: Setting CVar [[r.VT.EnableCompressCrunch:0]]
[2020.10.13-05.56.49:741][  0]LogConfig: Setting CVar [[r.ClearCoatNormal:0]]
[2020.10.13-05.56.49:741][  0]LogConfig: Setting CVar [[r.ReflectionCaptureResolution:128]]
[2020.10.13-05.56.49:741][  0]LogConfig: Setting CVar [[r.ReflectionEnvironmentLightmapMixBasedOnRoughness:1]]
[2020.10.13-05.56.49:741][  0]LogConfig: Setting CVar [[r.ForwardShading:0]]
[2020.10.13-05.56.49:741][  0]LogConfig: Setting CVar [[r.VertexFoggingForOpaque:1]]
[2020.10.13-05.56.49:741][  0]LogConfig: Setting CVar [[r.AllowStaticLighting:1]]
[2020.10.13-05.56.49:741][  0]LogConfig: Setting CVar [[r.NormalMapsForStaticLighting:0]]
[2020.10.13-05.56.49:741][  0]LogConfig: Setting CVar [[r.GenerateMeshDistanceFields:0]]
[2020.10.13-05.56.49:741][  0]LogConfig: Setting CVar [[r.DistanceFieldBuild.EightBit:0]]
[2020.10.13-05.56.49:741][  0]LogConfig: Setting CVar [[r.GenerateLandscapeGIData:0]]
[2020.10.13-05.56.49:741][  0]LogConfig: Setting CVar [[r.DistanceFieldBuild.Compress:0]]
[2020.10.13-05.56.49:741][  0]LogConfig: Setting CVar [[r.TessellationAdaptivePixelsPerTriangle:48.000000]]
[2020.10.13-05.56.49:741][  0]LogConfig: Setting CVar [[r.SeparateTranslucency:1]]
[2020.10.13-05.56.49:741][  0]LogConfig: Setting CVar [[r.TranslucentSortPolicy:0]]
[2020.10.13-05.56.49:741][  0]LogConfig: Setting CVar [[r.CustomDepth:1]]
[2020.10.13-05.56.49:741][  0]LogConfig: Setting CVar [[r.CustomDepthTemporalAAJitter:1]]
[2020.10.13-05.56.49:741][  0]LogConfig: Setting CVar [[r.PostProcessing.PropagateAlpha:0]]
[2020.10.13-05.56.49:741][  0]LogConfig: Setting CVar [[r.DefaultFeature.Bloom:1]]
[2020.10.13-05.56.49:741][  0]LogConfig: Setting CVar [[r.DefaultFeature.AmbientOcclusion:1]]
[2020.10.13-05.56.49:741][  0]LogConfig: Setting CVar [[r.DefaultFeature.AmbientOcclusionStaticFraction:1]]
[2020.10.13-05.56.49:741][  0]LogConfig: Setting CVar [[r.DefaultFeature.AutoExposure:0]]
[2020.10.13-05.56.49:741][  0]LogConfig: Setting CVar [[r.DefaultFeature.AutoExposure.Method:0]]
[2020.10.13-05.56.49:741][  0]LogConfig: Setting CVar [[r.DefaultFeature.AutoExposure.ExtendDefaultLuminanceRange:0]]
[2020.10.13-05.56.49:742][  0]LogConfig: Setting CVar [[r.UsePreExposure:1]]
[2020.10.13-05.56.49:742][  0]LogConfig: Setting CVar [[r.EyeAdaptation.EditorOnly:1]]
[2020.10.13-05.56.49:742][  0]LogConfig: Setting CVar [[r.DefaultFeature.MotionBlur:0]]
[2020.10.13-05.56.49:742][  0]LogConfig: Setting CVar [[r.DefaultFeature.LensFlare:0]]
[2020.10.13-05.56.49:742][  0]LogConfig: Setting CVar [[r.TemporalAA.Upsampling:0]]
[2020.10.13-05.56.49:742][  0]LogConfig: Setting CVar [[r.SSGI.Enable:0]]
[2020.10.13-05.56.49:742][  0]LogConfig: Setting CVar [[r.DefaultFeature.AntiAliasing:0]]
[2020.10.13-05.56.49:742][  0]LogConfig: Setting CVar [[r.DefaultFeature.LightUnits:1]]
[2020.10.13-05.56.49:742][  0]LogConfig: Setting CVar [[r.DefaultBackBufferPixelFormat:4]]
[2020.10.13-05.56.49:742][  0]LogConfig: Setting CVar [[r.Shadow.UnbuiltPreviewInGame:1]]
[2020.10.13-05.56.49:742][  0]LogConfig: Setting CVar [[r.StencilForLODDither:0]]
[2020.10.13-05.56.49:742][  0]LogConfig: Setting CVar [[r.EarlyZPass:3]]
[2020.10.13-05.56.49:742][  0]LogConfig: Setting CVar [[r.EarlyZPassOnlyMaterialMasking:0]]
[2020.10.13-05.56.49:742][  0]LogConfig: Setting CVar [[r.DBuffer:1]]
[2020.10.13-05.56.49:742][  0]LogConfig: Setting CVar [[r.ClearSceneMethod:1]]
[2020.10.13-05.56.49:742][  0]LogConfig: Setting CVar [[r.BasePassOutputsVelocity:0]]
[2020.10.13-05.56.49:742][  0]LogConfig: Setting CVar [[r.SelectiveBasePassOutputs:0]]
[2020.10.13-05.56.49:742][  0]LogConfig: Setting CVar [[fx.GPUSimulationTextureSizeX:1024]]
[2020.10.13-05.56.49:742][  0]LogConfig: Setting CVar [[fx.GPUSimulationTextureSizeY:1024]]
[2020.10.13-05.56.49:742][  0]LogConfig: Setting CVar [[r.AllowGlobalClipPlane:0]]
[2020.10.13-05.56.49:742][  0]LogConfig: Setting CVar [[r.GBufferFormat:1]]
[2020.10.13-05.56.49:742][  0]LogConfig: Setting CVar [[r.MorphTarget.Mode:1]]
[2020.10.13-05.56.49:742][  0]LogConfig: Setting CVar [[vr.InstancedStereo:0]]
[2020.10.13-05.56.49:742][  0]LogConfig: Setting CVar [[vr.MobileMultiView:0]]
[2020.10.13-05.56.49:742][  0]LogConfig: Setting CVar [[vr.RoundRobinOcclusion:0]]
[2020.10.13-05.56.49:742][  0]LogConfig: Setting CVar [[vr.ODSCapture:0]]
[2020.10.13-05.56.49:742][  0]LogConfig: Setting CVar [[r.WireframeCullThreshold:5.000000]]
[2020.10.13-05.56.49:742][  0]LogConfig: Setting CVar [[r.RayTracing:0]]
[2020.10.13-05.56.49:742][  0]LogConfig: Setting CVar [[r.RayTracing.UseTextureLod:0]]
[2020.10.13-05.56.49:742][  0]LogConfig: Setting CVar [[r.SupportStationarySkylight:1]]
[2020.10.13-05.56.49:742][  0]LogConfig: Setting CVar [[r.SupportLowQualityLightmaps:1]]
[2020.10.13-05.56.49:742][  0]LogConfig: Setting CVar [[r.SupportPointLightWholeSceneShadows:1]]
[2020.10.13-05.56.49:742][  0]LogConfig: Setting CVar [[r.SupportAtmosphericFog:1]]
[2020.10.13-05.56.49:742][  0]LogConfig: Setting CVar [[r.SupportSkyAtmosphere:1]]
[2020.10.13-05.56.49:742][  0]LogConfig: Setting CVar [[r.SupportSkyAtmosphereAffectsHeightFog:0]]
[2020.10.13-05.56.49:742][  0]LogConfig: Setting CVar [[r.SkinCache.CompileShaders:0]]
[2020.10.13-05.56.49:742][  0]LogConfig: Setting CVar [[r.Mobile.EnableStaticAndCSMShadowReceivers:1]]
[2020.10.13-05.56.49:742][  0]LogConfig: Setting CVar [[r.Mobile.EnableMovableLightCSMShaderCulling:1]]
[2020.10.13-05.56.49:742][  0]LogConfig: Setting CVar [[r.Mobile.AllowDistanceFieldShadows:1]]
[2020.10.13-05.56.49:742][  0]LogConfig: Setting CVar [[r.Mobile.AllowMovableDirectionalLights:1]]
[2020.10.13-05.56.49:742][  0]LogConfig: Setting CVar [[r.MobileNumDynamicPointLights:4]]
[2020.10.13-05.56.49:742][  0]LogConfig: Setting CVar [[r.MobileDynamicPointLightsUseStaticBranch:1]]
[2020.10.13-05.56.49:742][  0]LogConfig: Setting CVar [[r.Mobile.EnableMovableSpotlights:0]]
[2020.10.13-05.56.49:742][  0]LogConfig: Setting CVar [[r.SkinCache.SceneMemoryLimitInMB:128.000000]]
[2020.10.13-05.56.49:742][  0]LogConfig: Setting CVar [[r.GPUSkin.Limit2BoneInfluences:0]]
[2020.10.13-05.56.49:742][  0]LogConfig: Setting CVar [[r.SupportDepthOnlyIndexBuffers:1]]
[2020.10.13-05.56.49:742][  0]LogConfig: Setting CVar [[r.SupportReversedIndexBuffers:1]]
[2020.10.13-05.56.49:742][  0]LogConfig: Setting CVar [[r.SupportMaterialLayers:0]]
[2020.10.13-05.56.49:742][  0]LogConfig: Setting CVar [[r.LightPropagationVolume:0]]
[2020.10.13-05.56.49:742][  0]LogConfig: Applying CVar settings from Section [/Script/Engine.RendererOverrideSettings] File [D:/Documentos/Unreal Projects/PT1 - copia/Saved/Config/Windows/Engine.ini]
[2020.10.13-05.56.49:742][  0]LogConfig: Applying CVar settings from Section [/Script/Engine.StreamingSettings] File [D:/Documentos/Unreal Projects/PT1 - copia/Saved/Config/Windows/Engine.ini]
[2020.10.13-05.56.49:742][  0]LogConfig: Setting CVar [[s.MinBulkDataSizeForAsyncLoading:131072]]
[2020.10.13-05.56.49:742][  0]LogConfig: Setting CVar [[s.AsyncLoadingThreadEnabled:0]]
[2020.10.13-05.56.49:742][  0]LogConfig: Setting CVar [[s.EventDrivenLoaderEnabled:1]]
[2020.10.13-05.56.49:742][  0]LogConfig: Setting CVar [[s.WarnIfTimeLimitExceeded:0]]
[2020.10.13-05.56.49:742][  0]LogConfig: Setting CVar [[s.TimeLimitExceededMultiplier:1.5]]
[2020.10.13-05.56.49:742][  0]LogConfig: Setting CVar [[s.TimeLimitExceededMinTime:0.005]]
[2020.10.13-05.56.49:742][  0]LogConfig: Setting CVar [[s.UseBackgroundLevelStreaming:1]]
[2020.10.13-05.56.49:742][  0]LogConfig: Setting CVar [[s.PriorityAsyncLoadingExtraTime:15.0]]
[2020.10.13-05.56.49:742][  0]LogConfig: Setting CVar [[s.LevelStreamingActorsUpdateTimeLimit:5.0]]
[2020.10.13-05.56.49:742][  0]LogConfig: Setting CVar [[s.PriorityLevelStreamingActorsUpdateExtraTime:5.0]]
[2020.10.13-05.56.49:742][  0]LogConfig: Setting CVar [[s.LevelStreamingComponentsRegistrationGranularity:10]]
[2020.10.13-05.56.49:742][  0]LogConfig: Setting CVar [[s.UnregisterComponentsTimeLimit:1.0]]
[2020.10.13-05.56.49:742][  0]LogConfig: Setting CVar [[s.LevelStreamingComponentsUnregistrationGranularity:5]]
[2020.10.13-05.56.49:742][  0]LogConfig: Setting CVar [[s.FlushStreamingOnExit:1]]
[2020.10.13-05.56.49:742][  0]LogConfig: Applying CVar settings from Section [/Script/Engine.GarbageCollectionSettings] File [D:/Documentos/Unreal Projects/PT1 - copia/Saved/Config/Windows/Engine.ini]
[2020.10.13-05.56.49:742][  0]LogConfig: Setting CVar [[gc.MaxObjectsNotConsideredByGC:1]]
[2020.10.13-05.56.49:743][  0]LogConfig: Setting CVar [[gc.SizeOfPermanentObjectPool:0]]
[2020.10.13-05.56.49:743][  0]LogConfig: Setting CVar [[gc.FlushStreamingOnGC:0]]
[2020.10.13-05.56.49:743][  0]LogConfig: Setting CVar [[gc.NumRetriesBeforeForcingGC:10]]
[2020.10.13-05.56.49:743][  0]LogConfig: Setting CVar [[gc.AllowParallelGC:1]]
[2020.10.13-05.56.49:743][  0]LogConfig: Setting CVar [[gc.TimeBetweenPurgingPendingKillObjects:61.1]]
[2020.10.13-05.56.49:743][  0]LogConfig: Setting CVar [[gc.MaxObjectsInEditor:25165824]]
[2020.10.13-05.56.49:743][  0]LogConfig: Setting CVar [[gc.IncrementalBeginDestroyEnabled:1]]
[2020.10.13-05.56.49:743][  0]LogConfig: Setting CVar [[gc.CreateGCClusters:1]]
[2020.10.13-05.56.49:743][  0]LogConfig: Setting CVar [[gc.MinGCClusterSize:5]]
[2020.10.13-05.56.49:743][  0]LogConfig: Setting CVar [[gc.ActorClusteringEnabled:0]]
[2020.10.13-05.56.49:743][  0]LogConfig: Setting CVar [[gc.BlueprintClusteringEnabled:0]]
[2020.10.13-05.56.49:743][  0]LogConfig: Setting CVar [[gc.UseDisregardForGCOnDedicatedServers:0]]
[2020.10.13-05.56.49:743][  0]LogConfig: Applying CVar settings from Section [/Script/Engine.NetworkSettings] File [D:/Documentos/Unreal Projects/PT1 - copia/Saved/Config/Windows/Engine.ini]
[2020.10.13-05.56.49:743][  0]LogConfig: Applying CVar settings from Section [/Script/UnrealEd.CookerSettings] File [D:/Documentos/Unreal Projects/PT1 - copia/Saved/Config/Windows/Engine.ini]
[2020.10.13-05.56.49:744][  0]LogConfig: Applying CVar settings from Section [ViewDistanceQuality@3] File [D:/Documentos/Unreal Projects/PT1 - copia/Saved/Config/Windows/Scalability.ini]
[2020.10.13-05.56.49:744][  0]LogConfig: Setting CVar [[r.SkeletalMeshLODBias:0]]
[2020.10.13-05.56.49:744][  0]LogConfig: Setting CVar [[r.ViewDistanceScale:1.0]]
[2020.10.13-05.56.49:744][  0]LogConfig: Applying CVar settings from Section [AntiAliasingQuality@3] File [D:/Documentos/Unreal Projects/PT1 - copia/Saved/Config/Windows/Scalability.ini]
[2020.10.13-05.56.49:744][  0]LogConfig: Setting CVar [[r.PostProcessAAQuality:4]]
[2020.10.13-05.56.49:744][  0]LogConfig: Applying CVar settings from Section [ShadowQuality@3] File [D:/Documentos/Unreal Projects/PT1 - copia/Saved/Config/Windows/Scalability.ini]
[2020.10.13-05.56.49:744][  0]LogConfig: Setting CVar [[r.LightFunctionQuality:1]]
[2020.10.13-05.56.49:745][  0]LogConfig: Setting CVar [[r.ShadowQuality:5]]
[2020.10.13-05.56.49:745][  0]LogConfig: Setting CVar [[r.Shadow.CSM.MaxCascades:10]]
[2020.10.13-05.56.49:745][  0]LogConfig: Setting CVar [[r.Shadow.MaxResolution:2048]]
[2020.10.13-05.56.49:745][  0]LogConfig: Setting CVar [[r.Shadow.MaxCSMResolution:2048]]
[2020.10.13-05.56.49:745][  0]LogConfig: Setting CVar [[r.Shadow.RadiusThreshold:0.01]]
[2020.10.13-05.56.49:745][  0]LogConfig: Setting CVar [[r.Shadow.DistanceScale:1.0]]
[2020.10.13-05.56.49:745][  0]LogConfig: Setting CVar [[r.Shadow.CSM.TransitionScale:1.0]]
[2020.10.13-05.56.49:745][  0]LogConfig: Setting CVar [[r.Shadow.PreShadowResolutionFactor:1.0]]
[2020.10.13-05.56.49:745][  0]LogConfig: Setting CVar [[r.DistanceFieldShadowing:1]]
[2020.10.13-05.56.49:745][  0]LogConfig: Setting CVar [[r.DistanceFieldAO:1]]
[2020.10.13-05.56.49:745][  0]LogConfig: Setting CVar [[r.AOQuality:2]]
[2020.10.13-05.56.49:745][  0]LogConfig: Setting CVar [[r.VolumetricFog:1]]
[2020.10.13-05.56.49:745][  0]LogConfig: Setting CVar [[r.VolumetricFog.GridPixelSize:8]]
[2020.10.13-05.56.49:745][  0]LogConfig: Setting CVar [[r.VolumetricFog.GridSizeZ:128]]
[2020.10.13-05.56.49:745][  0]LogConfig: Setting CVar [[r.VolumetricFog.HistoryMissSupersampleCount:4]]
[2020.10.13-05.56.49:745][  0]LogConfig: Setting CVar [[r.LightMaxDrawDistanceScale:1]]
[2020.10.13-05.56.49:745][  0]LogConfig: Setting CVar [[r.CapsuleShadows:1]]
[2020.10.13-05.56.49:745][  0]LogConfig: Applying CVar settings from Section [PostProcessQuality@3] File [D:/Documentos/Unreal Projects/PT1 - copia/Saved/Config/Windows/Scalability.ini]
[2020.10.13-05.56.49:745][  0]LogConfig: Setting CVar [[r.MotionBlurQuality:4]]
[2020.10.13-05.56.49:745][  0]LogConfig: Setting CVar [[r.AmbientOcclusionMipLevelFactor:0.4]]
[2020.10.13-05.56.49:745][  0]LogConfig: Setting CVar [[r.AmbientOcclusionMaxQuality:100]]
[2020.10.13-05.56.49:745][  0]LogConfig: Setting CVar [[r.AmbientOcclusionLevels:-1]]
[2020.10.13-05.56.49:745][  0]LogConfig: Setting CVar [[r.AmbientOcclusionRadiusScale:1.0]]
[2020.10.13-05.56.49:745][  0]LogConfig: Setting CVar [[r.DepthOfFieldQuality:2]]
[2020.10.13-05.56.49:745][  0]LogConfig: Setting CVar [[r.RenderTargetPoolMin:400]]
[2020.10.13-05.56.49:745][  0]LogConfig: Setting CVar [[r.LensFlareQuality:2]]
[2020.10.13-05.56.49:745][  0]LogConfig: Setting CVar [[r.SceneColorFringeQuality:1]]
[2020.10.13-05.56.49:745][  0]LogConfig: Setting CVar [[r.EyeAdaptationQuality:2]]
[2020.10.13-05.56.49:745][  0]LogConfig: Setting CVar [[r.BloomQuality:5]]
[2020.10.13-05.56.49:745][  0]LogConfig: Setting CVar [[r.FastBlurThreshold:100]]
[2020.10.13-05.56.49:745][  0]LogConfig: Setting CVar [[r.Upscale.Quality:3]]
[2020.10.13-05.56.49:745][  0]LogConfig: Setting CVar [[r.Tonemapper.GrainQuantization:1]]
[2020.10.13-05.56.49:745][  0]LogConfig: Setting CVar [[r.LightShaftQuality:1]]
[2020.10.13-05.56.49:745][  0]LogConfig: Setting CVar [[r.Filter.SizeScale:1]]
[2020.10.13-05.56.49:745][  0]LogConfig: Setting CVar [[r.Tonemapper.Quality:5]]
[2020.10.13-05.56.49:745][  0]LogConfig: Setting CVar [[r.DOF.Gather.AccumulatorQuality:1        ; higher gathering accumulator quality]]
[2020.10.13-05.56.49:745][  0]LogConfig: Setting CVar [[r.DOF.Gather.PostfilterMethod:1          ; Median3x3 postfilering method]]
[2020.10.13-05.56.49:745][  0]LogConfig: Setting CVar [[r.DOF.Gather.EnableBokehSettings:0       ; no bokeh simulation when gathering]]
[2020.10.13-05.56.49:745][  0]LogConfig: Setting CVar [[r.DOF.Gather.RingCount:4                 ; medium number of samples when gathering]]
[2020.10.13-05.56.49:745][  0]LogConfig: Setting CVar [[r.DOF.Scatter.ForegroundCompositing:1    ; additive foreground scattering]]
[2020.10.13-05.56.49:745][  0]LogConfig: Setting CVar [[r.DOF.Scatter.BackgroundCompositing:2    ; additive background scattering]]
[2020.10.13-05.56.49:745][  0]LogConfig: Setting CVar [[r.DOF.Scatter.EnableBokehSettings:1      ; bokeh simulation when scattering]]
[2020.10.13-05.56.49:745][  0]LogConfig: Setting CVar [[r.DOF.Scatter.MaxSpriteRatio:0.1         ; only a maximum of 10% of scattered bokeh]]
[2020.10.13-05.56.49:745][  0]LogConfig: Setting CVar [[r.DOF.Recombine.Quality:1                ; cheap slight out of focus]]
[2020.10.13-05.56.49:745][  0]LogConfig: Setting CVar [[r.DOF.Recombine.EnableBokehSettings:0    ; no bokeh simulation on slight out of focus]]
[2020.10.13-05.56.49:745][  0]LogConfig: Setting CVar [[r.DOF.TemporalAAQuality:1                ; more stable temporal accumulation]]
[2020.10.13-05.56.49:745][  0]LogConfig: Setting CVar [[r.DOF.Kernel.MaxForegroundRadius:0.025]]
[2020.10.13-05.56.49:745][  0]LogConfig: Setting CVar [[r.DOF.Kernel.MaxBackgroundRadius:0.025]]
[2020.10.13-05.56.49:745][  0]LogConfig: Applying CVar settings from Section [TextureQuality@3] File [D:/Documentos/Unreal Projects/PT1 - copia/Saved/Config/Windows/Scalability.ini]
[2020.10.13-05.56.49:745][  0]LogConfig: Setting CVar [[r.Streaming.MipBias:0]]
[2020.10.13-05.56.49:745][  0]LogConfig: Setting CVar [[r.Streaming.AmortizeCPUToGPUCopy:0]]
[2020.10.13-05.56.49:745][  0]LogConfig: Setting CVar [[r.Streaming.MaxNumTexturesToStreamPerFrame:0]]
[2020.10.13-05.56.49:745][  0]LogConfig: Setting CVar [[r.Streaming.Boost:1]]
[2020.10.13-05.56.49:745][  0]LogConfig: Setting CVar [[r.MaxAnisotropy:8]]
[2020.10.13-05.56.49:745][  0]LogConfig: Setting CVar [[r.VT.MaxAnisotropy:8]]
[2020.10.13-05.56.49:745][  0]LogConfig: Setting CVar [[r.Streaming.LimitPoolSizeToVRAM:0]]
[2020.10.13-05.56.49:745][  0]LogConfig: Setting CVar [[r.Streaming.PoolSize:1000]]
[2020.10.13-05.56.49:745][  0]LogConfig: Setting CVar [[r.Streaming.MaxEffectiveScreenSize:0]]
[2020.10.13-05.56.49:745][  0]LogConfig: Applying CVar settings from Section [EffectsQuality@3] File [D:/Documentos/Unreal Projects/PT1 - copia/Saved/Config/Windows/Scalability.ini]
[2020.10.13-05.56.49:745][  0]LogConfig: Setting CVar [[r.TranslucencyLightingVolumeDim:64]]
[2020.10.13-05.56.49:745][  0]LogConfig: Setting CVar [[r.RefractionQuality:2]]
[2020.10.13-05.56.49:745][  0]LogConfig: Setting CVar [[r.SSR.Quality:3]]
[2020.10.13-05.56.49:745][  0]LogConfig: Setting CVar [[r.SSR.HalfResSceneColor:0]]
[2020.10.13-05.56.49:745][  0]LogConfig: Setting CVar [[r.SceneColorFormat:4]]
[2020.10.13-05.56.49:745][  0]LogConfig: Setting CVar [[r.DetailMode:2]]
[2020.10.13-05.56.49:745][  0]LogConfig: Setting CVar [[r.TranslucencyVolumeBlur:1]]
[2020.10.13-05.56.49:745][  0]LogConfig: Setting CVar [[r.MaterialQualityLevel:1 ; High quality]]
[2020.10.13-05.56.49:746][  0]LogConfig: Setting CVar [[r.SSS.Scale:1]]
[2020.10.13-05.56.49:746][  0]LogConfig: Setting CVar [[r.SSS.SampleSet:2]]
[2020.10.13-05.56.49:746][  0]LogConfig: Setting CVar [[r.SSS.Quality:1]]
[2020.10.13-05.56.49:746][  0]LogConfig: Setting CVar [[r.SSS.HalfRes:0]]
[2020.10.13-05.56.49:746][  0]LogConfig: Setting CVar [[r.SSGI.Quality:3]]
[2020.10.13-05.56.49:746][  0]LogConfig: Setting CVar [[r.EmitterSpawnRateScale:1.0]]
[2020.10.13-05.56.49:746][  0]LogConfig: Setting CVar [[r.ParticleLightQuality:2]]
[2020.10.13-05.56.49:746][  0]LogConfig: Setting CVar [[r.SkyAtmosphere.AerialPerspectiveLUT.FastApplyOnOpaque:1 ; Always have FastSkyLUT 1 in this case to avoid wrong sky]]
[2020.10.13-05.56.49:746][  0]LogConfig: Setting CVar [[r.SkyAtmosphere.AerialPerspectiveLUT.SampleCountPerSlice:1]]
[2020.10.13-05.56.49:746][  0]LogConfig: Setting CVar [[r.SkyAtmosphere.AerialPerspectiveLUT.DepthResolution:16.0]]
[2020.10.13-05.56.49:746][  0]LogConfig: Setting CVar [[r.SkyAtmosphere.FastSkyLUT:1]]
[2020.10.13-05.56.49:746][  0]LogConfig: Setting CVar [[r.SkyAtmosphere.FastSkyLUT.SampleCountMin:4.0]]
[2020.10.13-05.56.49:746][  0]LogConfig: Setting CVar [[r.SkyAtmosphere.FastSkyLUT.SampleCountMax:32.0]]
[2020.10.13-05.56.49:746][  0]LogConfig: Setting CVar [[r.SkyAtmosphere.SampleCountMin:4.0]]
[2020.10.13-05.56.49:746][  0]LogConfig: Setting CVar [[r.SkyAtmosphere.SampleCountMax:32.0]]
[2020.10.13-05.56.49:746][  0]LogConfig: Setting CVar [[r.SkyAtmosphere.TransmittanceLUT.UseSmallFormat:0]]
[2020.10.13-05.56.49:746][  0]LogConfig: Setting CVar [[r.SkyAtmosphere.TransmittanceLUT.SampleCount:10.0]]
[2020.10.13-05.56.49:746][  0]LogConfig: Setting CVar [[r.SkyAtmosphere.MultiScatteringLUT.SampleCount:15.0]]
[2020.10.13-05.56.49:746][  0]LogConfig: Applying CVar settings from Section [FoliageQuality@3] File [D:/Documentos/Unreal Projects/PT1 - copia/Saved/Config/Windows/Scalability.ini]
[2020.10.13-05.56.49:746][  0]LogConfig: Setting CVar [[foliage.DensityScale:1.0]]
[2020.10.13-05.56.49:746][  0]LogConfig: Setting CVar [[grass.DensityScale:1.0]]
[2020.10.13-05.56.49:746][  0]LogConfig: Applying CVar settings from Section [ShadingQuality@3] File [D:/Documentos/Unreal Projects/PT1 - copia/Saved/Config/Windows/Scalability.ini]
[2020.10.13-05.56.49:746][  0]LogConfig: Setting CVar [[r.HairStrands.SkyLighting.SampleCount:16]]
[2020.10.13-05.56.49:746][  0]LogConfig: Setting CVar [[r.HairStrands.SkyLighting.JitterIntegration:0]]
[2020.10.13-05.56.49:746][  0]LogConfig: Setting CVar [[r.HairStrands.SkyAO.SampleCount:16]]
[2020.10.13-05.56.49:746][  0]LogConfig: Setting CVar [[r.HairStrands.DeepShadow.SuperSampling:0]]
[2020.10.13-05.56.49:746][  0]LogConfig: Setting CVar [[r.HairStrands.VisibilityPPLL:0]]
[2020.10.13-05.56.49:746][  0]LogConfig: Setting CVar [[r.HairStrands.RasterizationScale:0.5]]
[2020.10.13-05.56.49:746][  0]LogConfig: Setting CVar [[r.HairStrands.VelocityRasterizationScale:1]]
[2020.10.13-05.56.49:746][  0]LogInit: Selected Device Profile: [Windows]
[2020.10.13-05.56.49:746][  0]LogInit: Applying CVar settings loaded from the selected device profile: [Windows]
[2020.10.13-05.56.49:746][  0]LogHAL: Display: Platform has ~ 16 GB [17112870912 / 17179869184 / 16], which maps to Larger [LargestMinGB=32, LargerMinGB=12, DefaultMinGB=8, SmallerMinGB=6, SmallestMinGB=0)
[2020.10.13-05.56.49:746][  0]LogInit: Going up to parent DeviceProfile []
[2020.10.13-05.56.49:746][  0]LogConfig: Applying CVar settings from Section [ViewDistanceQuality@0] File [D:/Documentos/Unreal Projects/PT1 - copia/Saved/Config/Windows/Scalability.ini]
[2020.10.13-05.56.49:746][  0]LogConfig: Setting CVar [[r.SkeletalMeshLODBias:2]]
[2020.10.13-05.56.49:746][  0]LogConfig: Setting CVar [[r.ViewDistanceScale:0.4]]
[2020.10.13-05.56.49:746][  0]LogConfig: Applying CVar settings from Section [AntiAliasingQuality@0] File [D:/Documentos/Unreal Projects/PT1 - copia/Saved/Config/Windows/Scalability.ini]
[2020.10.13-05.56.49:746][  0]LogConfig: Setting CVar [[r.PostProcessAAQuality:0]]
[2020.10.13-05.56.49:746][  0]LogConfig: Applying CVar settings from Section [ShadowQuality@0] File [D:/Documentos/Unreal Projects/PT1 - copia/Saved/Config/Windows/Scalability.ini]
[2020.10.13-05.56.49:746][  0]LogConfig: Setting CVar [[r.LightFunctionQuality:0]]
[2020.10.13-05.56.49:746][  0]LogConfig: Setting CVar [[r.ShadowQuality:0]]
[2020.10.13-05.56.49:746][  0]LogConfig: Setting CVar [[r.Shadow.CSM.MaxCascades:1]]
[2020.10.13-05.56.49:746][  0]LogConfig: Setting CVar [[r.Shadow.MaxResolution:512]]
[2020.10.13-05.56.49:746][  0]LogConfig: Setting CVar [[r.Shadow.MaxCSMResolution:512]]
[2020.10.13-05.56.49:746][  0]LogConfig: Setting CVar [[r.Shadow.RadiusThreshold:0.06]]
[2020.10.13-05.56.49:746][  0]LogConfig: Setting CVar [[r.Shadow.DistanceScale:0.6]]
[2020.10.13-05.56.49:746][  0]LogConfig: Setting CVar [[r.Shadow.CSM.TransitionScale:0]]
[2020.10.13-05.56.49:746][  0]LogConfig: Setting CVar [[r.Shadow.PreShadowResolutionFactor:0.5]]
[2020.10.13-05.56.49:746][  0]LogConfig: Setting CVar [[r.DistanceFieldShadowing:0]]
[2020.10.13-05.56.49:746][  0]LogConfig: Setting CVar [[r.DistanceFieldAO:0]]
[2020.10.13-05.56.49:746][  0]LogConfig: Setting CVar [[r.VolumetricFog:0]]
[2020.10.13-05.56.49:746][  0]LogConfig: Setting CVar [[r.LightMaxDrawDistanceScale:0]]
[2020.10.13-05.56.49:746][  0]LogConfig: Setting CVar [[r.CapsuleShadows:0]]
[2020.10.13-05.56.49:746][  0]LogConfig: Applying CVar settings from Section [PostProcessQuality@0] File [D:/Documentos/Unreal Projects/PT1 - copia/Saved/Config/Windows/Scalability.ini]
[2020.10.13-05.56.49:746][  0]LogConfig: Setting CVar [[r.MotionBlurQuality:0]]
[2020.10.13-05.56.49:746][  0]LogConfig: Setting CVar [[r.AmbientOcclusionMipLevelFactor:1.0]]
[2020.10.13-05.56.49:746][  0]LogConfig: Setting CVar [[r.AmbientOcclusionMaxQuality:0]]
[2020.10.13-05.56.49:747][  0]LogConfig: Setting CVar [[r.AmbientOcclusionLevels:0]]
[2020.10.13-05.56.49:747][  0]LogConfig: Setting CVar [[r.AmbientOcclusionRadiusScale:1.2]]
[2020.10.13-05.56.49:747][  0]LogConfig: Setting CVar [[r.DepthOfFieldQuality:0]]
[2020.10.13-05.56.49:747][  0]LogConfig: Setting CVar [[r.RenderTargetPoolMin:300]]
[2020.10.13-05.56.49:747][  0]LogConfig: Setting CVar [[r.LensFlareQuality:0]]
[2020.10.13-05.56.49:747][  0]LogConfig: Setting CVar [[r.SceneColorFringeQuality:0]]
[2020.10.13-05.56.49:747][  0]LogConfig: Setting CVar [[r.EyeAdaptationQuality:0]]
[2020.10.13-05.56.49:747][  0]LogConfig: Setting CVar [[r.BloomQuality:4]]
[2020.10.13-05.56.49:747][  0]LogConfig: Setting CVar [[r.FastBlurThreshold:0]]
[2020.10.13-05.56.49:747][  0]LogConfig: Setting CVar [[r.Upscale.Quality:1]]
[2020.10.13-05.56.49:747][  0]LogConfig: Setting CVar [[r.Tonemapper.GrainQuantization:0]]
[2020.10.13-05.56.49:747][  0]LogConfig: Setting CVar [[r.LightShaftQuality:0]]
[2020.10.13-05.56.49:747][  0]LogConfig: Setting CVar [[r.Filter.SizeScale:0.6]]
[2020.10.13-05.56.49:747][  0]LogConfig: Setting CVar [[r.Tonemapper.Quality:0]]
[2020.10.13-05.56.49:747][  0]LogConfig: Applying CVar settings from Section [TextureQuality@0] File [D:/Documentos/Unreal Projects/PT1 - copia/Saved/Config/Windows/Scalability.ini]
[2020.10.13-05.56.49:747][  0]LogConfig: Setting CVar [[r.Streaming.MipBias:16]]
[2020.10.13-05.56.49:747][  0]LogConfig: Setting CVar [[r.Streaming.AmortizeCPUToGPUCopy:1]]
[2020.10.13-05.56.49:747][  0]LogConfig: Setting CVar [[r.Streaming.MaxNumTexturesToStreamPerFrame:1]]
[2020.10.13-05.56.49:747][  0]LogConfig: Setting CVar [[r.Streaming.Boost:0.3]]
[2020.10.13-05.56.49:747][  0]LogConfig: Setting CVar [[r.MaxAnisotropy:0]]
[2020.10.13-05.56.49:747][  0]LogConfig: Setting CVar [[r.VT.MaxAnisotropy:4]]
[2020.10.13-05.56.49:747][  0]LogConfig: Setting CVar [[r.Streaming.LimitPoolSizeToVRAM:1]]
[2020.10.13-05.56.49:747][  0]LogConfig: Setting CVar [[r.Streaming.PoolSize:400]]
[2020.10.13-05.56.49:747][  0]LogConfig: Setting CVar [[r.Streaming.MaxEffectiveScreenSize:0]]
[2020.10.13-05.56.49:747][  0]LogConfig: Applying CVar settings from Section [EffectsQuality@0] File [D:/Documentos/Unreal Projects/PT1 - copia/Saved/Config/Windows/Scalability.ini]
[2020.10.13-05.56.49:747][  0]LogConfig: Setting CVar [[r.TranslucencyLightingVolumeDim:24]]
[2020.10.13-05.56.49:747][  0]LogConfig: Setting CVar [[r.RefractionQuality:0]]
[2020.10.13-05.56.49:747][  0]LogConfig: Setting CVar [[r.SSR.Quality:0]]
[2020.10.13-05.56.49:747][  0]LogConfig: Setting CVar [[r.SSR.HalfResSceneColor:1]]
[2020.10.13-05.56.49:747][  0]LogConfig: Setting CVar [[r.SceneColorFormat:3]]
[2020.10.13-05.56.49:747][  0]LogConfig: Setting CVar [[r.DetailMode:0]]
[2020.10.13-05.56.49:747][  0]LogConfig: Setting CVar [[r.TranslucencyVolumeBlur:0]]
[2020.10.13-05.56.49:747][  0]LogConfig: Setting CVar [[r.MaterialQualityLevel:0 ; Low quality]]
[2020.10.13-05.56.49:747][  0]LogConfig: Setting CVar [[r.SSS.Scale:0]]
[2020.10.13-05.56.49:747][  0]LogConfig: Setting CVar [[r.SSS.SampleSet:0]]
[2020.10.13-05.56.49:747][  0]LogConfig: Setting CVar [[r.SSS.Quality:0]]
[2020.10.13-05.56.49:747][  0]LogConfig: Setting CVar [[r.SSS.HalfRes:1]]
[2020.10.13-05.56.49:747][  0]LogConfig: Setting CVar [[r.SSGI.Quality:0]]
[2020.10.13-05.56.49:747][  0]LogConfig: Setting CVar [[r.EmitterSpawnRateScale:0.125]]
[2020.10.13-05.56.49:747][  0]LogConfig: Setting CVar [[r.ParticleLightQuality:0]]
[2020.10.13-05.56.49:747][  0]LogConfig: Setting CVar [[r.SkyAtmosphere.AerialPerspectiveLUT.FastApplyOnOpaque:1 ; Always have FastSkyLUT 1 in this case to avoid wrong sky]]
[2020.10.13-05.56.49:747][  0]LogConfig: Setting CVar [[r.SkyAtmosphere.AerialPerspectiveLUT.SampleCountPerSlice:1]]
[2020.10.13-05.56.49:747][  0]LogConfig: Setting CVar [[r.SkyAtmosphere.AerialPerspectiveLUT.DepthResolution:8.0]]
[2020.10.13-05.56.49:747][  0]LogConfig: Setting CVar [[r.SkyAtmosphere.FastSkyLUT:1]]
[2020.10.13-05.56.49:747][  0]LogConfig: Setting CVar [[r.SkyAtmosphere.FastSkyLUT.SampleCountMin:2.0]]
[2020.10.13-05.56.49:747][  0]LogConfig: Setting CVar [[r.SkyAtmosphere.FastSkyLUT.SampleCountMax:16.0]]
[2020.10.13-05.56.49:747][  0]LogConfig: Setting CVar [[r.SkyAtmosphere.SampleCountMin:2.0]]
[2020.10.13-05.56.49:747][  0]LogConfig: Setting CVar [[r.SkyAtmosphere.SampleCountMax:16.0]]
[2020.10.13-05.56.49:747][  0]LogConfig: Setting CVar [[r.SkyAtmosphere.TransmittanceLUT.UseSmallFormat:1]]
[2020.10.13-05.56.49:747][  0]LogConfig: Setting CVar [[r.SkyAtmosphere.TransmittanceLUT.SampleCount:10.0]]
[2020.10.13-05.56.49:747][  0]LogConfig: Setting CVar [[r.SkyAtmosphere.MultiScatteringLUT.SampleCount:15.0]]
[2020.10.13-05.56.49:747][  0]LogConfig: Applying CVar settings from Section [FoliageQuality@0] File [D:/Documentos/Unreal Projects/PT1 - copia/Saved/Config/Windows/Scalability.ini]
[2020.10.13-05.56.49:747][  0]LogConfig: Setting CVar [[foliage.DensityScale:0]]
[2020.10.13-05.56.49:747][  0]LogConfig: Setting CVar [[grass.DensityScale:0]]
[2020.10.13-05.56.49:747][  0]LogConfig: Applying CVar settings from Section [ShadingQuality@0] File [D:/Documentos/Unreal Projects/PT1 - copia/Saved/Config/Windows/Scalability.ini]
[2020.10.13-05.56.49:747][  0]LogConfig: Setting CVar [[r.HairStrands.SkyLighting.SampleCount:8]]
[2020.10.13-05.56.49:747][  0]LogConfig: Setting CVar [[r.HairStrands.SkyLighting.JitterIntegration:0]]
[2020.10.13-05.56.49:747][  0]LogConfig: Setting CVar [[r.HairStrands.SkyAO.SampleCount:8]]
[2020.10.13-05.56.49:747][  0]LogConfig: Setting CVar [[r.HairStrands.DeepShadow.SuperSampling:0]]
[2020.10.13-05.56.49:747][  0]LogConfig: Setting CVar [[r.HairStrands.VisibilityPPLL:0]]
[2020.10.13-05.56.49:747][  0]LogConfig: Setting CVar [[r.HairStrands.RasterizationScale:0.5]]
[2020.10.13-05.56.49:747][  0]LogConfig: Setting CVar [[r.HairStrands.VelocityRasterizationScale:1]]
[2020.10.13-05.56.49:747][  0]LogConfig: Applying CVar settings from Section [Startup] File [../../../Engine/Config/ConsoleVariables.ini]
[2020.10.13-05.56.49:748][  0]LogConfig: Setting CVar [[net.UseAdaptiveNetUpdateFrequency:0]]
[2020.10.13-05.56.49:748][  0]LogConfig: Setting CVar [[p.chaos.AllowCreatePhysxBodies:1]]
[2020.10.13-05.56.49:748][  0]LogConfig: Setting CVar [[fx.SkipVectorVMBackendOptimizations:1]]
[2020.10.13-05.56.49:748][  0]LogConfig: Applying CVar settings from Section [ConsoleVariables] File [D:/Documentos/Unreal Projects/PT1 - copia/Saved/Config/Windows/Engine.ini]
[2020.10.13-05.56.49:748][  0]LogInit: Computer: HP
[2020.10.13-05.56.49:748][  0]LogInit: User: PJimenez
[2020.10.13-05.56.49:748][  0]LogInit: CPU Page size=4096, Cores=4
[2020.10.13-05.56.49:748][  0]LogInit: High frequency timer resolution =2.143480 MHz
[2020.10.13-05.56.49:748][  0]LogMemory: Memory total: Physical=15.9GB (16GB approx)
[2020.10.13-05.56.49:748][  0]LogMemory: Platform Memory Stats for Windows
[2020.10.13-05.56.49:748][  0]LogMemory: Process Physical Memory: 112.54 MB used, 112.54 MB peak
[2020.10.13-05.56.49:748][  0]LogMemory: Process Virtual Memory: 114.58 MB used, 114.58 MB peak
[2020.10.13-05.56.49:748][  0]LogMemory: Physical Memory: 5417.67 MB used,  10902.44 MB free, 16320.11 MB total
[2020.10.13-05.56.49:748][  0]LogMemory: Virtual Memory: 1013.25 MB used,  134216712.00 MB free, 134217728.00 MB total
[2020.10.13-05.56.49:764][  0]LogWindows: WindowsPlatformFeatures enabled
[2020.10.13-05.56.49:832][  0]LogInit: Physics initialised using underlying interface: PhysX
[2020.10.13-05.56.49:834][  0]LogInit: Overriding language with editor language configuration option (en).
[2020.10.13-05.56.49:834][  0]LogInit: Overriding locale with editor locale configuration option (en).
[2020.10.13-05.56.50:176][  0]LogInit: Setting process to per monitor DPI aware
[2020.10.13-05.56.50:211][  0]LogSlate: New Slate User Created.  User Index 0, Is Virtual User: 0
[2020.10.13-05.56.50:211][  0]LogSlate: Slate User Registered.  User Index 0, Is Virtual User: 0
[2020.10.13-05.56.50:480][  0]LogHMD: Failed to initialize OpenVR with code 110
[2020.10.13-05.56.50:480][  0]LogD3D11RHI: D3D11 min allowed feature level: 11_0
[2020.10.13-05.56.50:480][  0]LogD3D11RHI: D3D11 max allowed feature level: 11_0
[2020.10.13-05.56.50:480][  0]LogD3D11RHI: D3D11 adapters:
[2020.10.13-05.56.50:495][  0]LogD3D11RHI:    0. 'Intel(R) HD Graphics 4600' (Feature Level 11_0)
[2020.10.13-05.56.50:495][  0]LogD3D11RHI:       0/0/1792 MB DedicatedVideo/DedicatedSystem/SharedSystem, Outputs:1, VendorId:0x8086
[2020.10.13-05.56.50:498][  0]LogD3D11RHI:    1. 'Microsoft Basic Render Driver' (Feature Level 11_0)
[2020.10.13-05.56.50:498][  0]LogD3D11RHI:       0/0/256 MB DedicatedVideo/DedicatedSystem/SharedSystem, Outputs:0, VendorId:0x1414
[2020.10.13-05.56.50:498][  0]LogD3D11RHI: Chosen D3D11 Adapter: 0
[2020.10.13-05.56.50:518][  0]LogD3D11RHI: Creating new Direct3DDevice
[2020.10.13-05.56.50:518][  0]LogD3D11RHI:     GPU DeviceId: 0x416 (for the marketing name, search the web for "GPU Device Id")
[2020.10.13-05.56.50:518][  0]LogWindows: EnumDisplayDevices:
[2020.10.13-05.56.50:518][  0]LogWindows:    0. 'Intel(R) HD Graphics 4600' (P:1 D:1)
[2020.10.13-05.56.50:519][  0]LogWindows:    1. 'Intel(R) HD Graphics 4600' (P:0 D:0)
[2020.10.13-05.56.50:519][  0]LogWindows:    2. 'Intel(R) HD Graphics 4600' (P:0 D:0)
[2020.10.13-05.56.50:520][  0]LogWindows: DebugString: FoundDriverCount:3 
[2020.10.13-05.56.50:520][  0]LogD3D11RHI:     Adapter Name: Intel(R) HD Graphics 4600
[2020.10.13-05.56.50:520][  0]LogD3D11RHI:   Driver Version: 10.18.10.3304 (internal:10.18.10.3304, unified:10.18.10.3304)
[2020.10.13-05.56.50:520][  0]LogD3D11RHI:      Driver Date: 9-9-2013
[2020.10.13-05.56.50:520][  0]LogRHI: Texture pool is 627 MB (70% of 896 MB)
[2020.10.13-05.56.50:533][  0]LogD3D11RHI: RHI does not have support for 64 bit atomics
[2020.10.13-05.56.50:533][  0]LogD3D11RHI: Async texture creation enabled
[2020.10.13-05.56.50:551][  0]LogD3D11RHI: GPU Timing Frequency: 12.500000 (Debug: 2 0)
[2020.10.13-05.56.51:089][  0]LogTargetPlatformManager: Display: Loaded TargetPlatform 'AllDesktop'
[2020.10.13-05.56.51:135][  0]LogTargetPlatformManager: Display: Loaded TargetPlatform 'Android'
[2020.10.13-05.56.51:135][  0]LogTargetPlatformManager: Display: Loaded TargetPlatform 'Android_ASTC'
[2020.10.13-05.56.51:135][  0]LogTargetPlatformManager: Display: Loaded TargetPlatform 'Android_DXT'
[2020.10.13-05.56.51:136][  0]LogTargetPlatformManager: Display: Loaded TargetPlatform 'Android_ETC2'
[2020.10.13-05.56.51:136][  0]LogTargetPlatformManager: Display: Loaded TargetPlatform 'AndroidClient'
[2020.10.13-05.56.51:136][  0]LogTargetPlatformManager: Display: Loaded TargetPlatform 'Android_ASTCClient'
[2020.10.13-05.56.51:136][  0]LogTargetPlatformManager: Display: Loaded TargetPlatform 'Android_DXTClient'
[2020.10.13-05.56.51:136][  0]LogTargetPlatformManager: Display: Loaded TargetPlatform 'Android_ETC2Client'
[2020.10.13-05.56.51:136][  0]LogTargetPlatformManager: Display: Loaded TargetPlatform 'Android_Multi'
[2020.10.13-05.56.51:136][  0]LogTargetPlatformManager: Display: Loaded TargetPlatform 'Android_MultiClient'
[2020.10.13-05.56.51:176][  0]LogTargetPlatformManager: Display: Loaded TargetPlatform 'IOSClient'
[2020.10.13-05.56.51:176][  0]LogTargetPlatformManager: Display: Loaded TargetPlatform 'IOS'
[2020.10.13-05.56.51:201][  0]LogTargetPlatformManager: Display: Loaded TargetPlatform 'Linux'
[2020.10.13-05.56.51:219][  0]LogTargetPlatformManager: Display: Loaded TargetPlatform 'LinuxNoEditor'
[2020.10.13-05.56.51:235][  0]LogTargetPlatformManager: Display: Loaded TargetPlatform 'LinuxClient'
[2020.10.13-05.56.51:251][  0]LogTargetPlatformManager: Display: Loaded TargetPlatform 'LinuxServer'
[2020.10.13-05.56.51:266][  0]LogTargetPlatformManager: Display: Loaded TargetPlatform 'LinuxAArch64NoEditor'
[2020.10.13-05.56.51:280][  0]LogTargetPlatformManager: Display: Loaded TargetPlatform 'LinuxAArch64Client'
[2020.10.13-05.56.51:292][  0]LogTargetPlatformManager: Display: Loaded TargetPlatform 'LinuxAArch64Server'
[2020.10.13-05.56.51:334][  0]LogTargetPlatformManager: Display: Loaded TargetPlatform 'Lumin'
[2020.10.13-05.56.51:334][  0]LogTargetPlatformManager: Display: Loaded TargetPlatform 'LuminClient'
[2020.10.13-05.56.51:360][  0]LogTargetPlatformManager: Display: Loaded TargetPlatform 'TVOSClient'
[2020.10.13-05.56.51:360][  0]LogTargetPlatformManager: Display: Loaded TargetPlatform 'TVOS'
[2020.10.13-05.56.51:376][  0]LogTargetPlatformManager: Display: Loaded TargetPlatform 'WindowsNoEditor'
[2020.10.13-05.56.51:392][  0]LogTargetPlatformManager: Display: Loaded TargetPlatform 'Windows'
[2020.10.13-05.56.51:409][  0]LogTargetPlatformManager: Display: Loaded TargetPlatform 'WindowsClient'
[2020.10.13-05.56.51:434][  0]LogTargetPlatformManager: Display: Loaded TargetPlatform 'WindowsServer'
[2020.10.13-05.56.51:434][  0]LogTargetPlatformManager: Display: Building Assets For Windows
[2020.10.13-05.56.51:445][  0]LogAudioDebug: Display: Lib vorbis DLL was dynamically loaded.
[2020.10.13-05.56.51:553][  0]LogShaderCompilers: Guid format shader working directory is -8 characters bigger than the processId version (../../../../../../Documentos/Unreal Projects/PT1 - copia/Intermediate/Shaders/WorkingDirectory/57404/).
[2020.10.13-05.56.51:553][  0]LogShaderCompilers: Cleaned the shader compiler working directory 'C:/Users/PJimenez/AppData/Local/Temp/UnrealShaderWorkingDir/60611BA942F4DA20000A148001D4438F/'.
[2020.10.13-05.56.51:554][  0]LogXGEController: Cannot use XGE Controller as Incredibuild is not installed on this machine.
[2020.10.13-05.56.51:554][  0]LogShaderCompilers: Cannot use XGE Shader Compiler as Incredibuild is not installed on this machine.
[2020.10.13-05.56.51:554][  0]LogShaderCompilers: Display: Using Local Shader Compiler.
[2020.10.13-05.56.53:469][  0]LogDerivedDataCache: Display: Max Cache Size: 512 MB
[2020.10.13-05.56.53:623][  0]LogDerivedDataCache: Loaded boot cache 0.15s 76MB C:/Users/PJimenez/AppData/Local/UnrealEngine/4.25/DerivedDataCache/Boot.ddc.
[2020.10.13-05.56.53:623][  0]LogDerivedDataCache: Display: Loaded Boot cache: C:/Users/PJimenez/AppData/Local/UnrealEngine/4.25/DerivedDataCache/Boot.ddc
[2020.10.13-05.56.53:624][  0]LogDerivedDataCache: FDerivedDataBackendGraph:  Pak pak cache file ../../../../../../Documentos/Unreal Projects/PT1 - copia/DerivedDataCache/DDC.ddp not found, will not use a pak cache.
[2020.10.13-05.56.53:624][  0]LogDerivedDataCache: Unable to find inner node Pak for hierarchical cache Hierarchy.
[2020.10.13-05.56.53:624][  0]LogDerivedDataCache: FDerivedDataBackendGraph:  CompressedPak pak cache file ../../../../../../Documentos/Unreal Projects/PT1 - copia/DerivedDataCache/Compressed.ddp not found, will not use a pak cache.
[2020.10.13-05.56.53:624][  0]LogDerivedDataCache: Unable to find inner node CompressedPak for hierarchical cache Hierarchy.
[2020.10.13-05.56.53:644][  0]LogDerivedDataCache: Display: Pak cache opened for reading ../../../Engine/DerivedDataCache/Compressed.ddp.
[2020.10.13-05.56.53:644][  0]LogDerivedDataCache: FDerivedDataBackendGraph:  EnterprisePak pak cache file ../../../Enterprise/DerivedDataCache/Compressed.ddp not found, will not use a pak cache.
[2020.10.13-05.56.53:644][  0]LogDerivedDataCache: Unable to find inner node EnterprisePak for hierarchical cache Hierarchy.
[2020.10.13-05.56.53:646][  0]LogDerivedDataCache: Using Local data cache path C:/Users/PJimenez/AppData/Local/UnrealEngine/Common/DerivedDataCache: Writable
[2020.10.13-05.56.53:646][  0]LogDerivedDataCache: Shared data cache path not found in *engine.ini, will not use an Shared cache.
[2020.10.13-05.56.53:646][  0]LogDerivedDataCache: Unable to find inner node Shared for hierarchical cache Hierarchy.
[2020.10.13-05.56.53:780][  0]LogSlate: Using FreeType 2.10.0
[2020.10.13-05.56.53:781][  0]LogSlate: SlateFontServices - WITH_FREETYPE: 1, WITH_HARFBUZZ: 1
[2020.10.13-05.56.53:833][  0]LogAssetRegistry: FAssetRegistry took 0.0067 seconds to start up
[2020.10.13-05.56.54:497][  0]LogInit: Selected Device Profile: [Windows]
[2020.10.13-05.56.54:793][  0]LogMeshReduction: Using QuadricMeshReduction for automatic static mesh reduction
[2020.10.13-05.56.54:793][  0]LogMeshReduction: Using SimplygonMeshReduction for automatic skeletal mesh reduction
[2020.10.13-05.56.54:793][  0]LogMeshReduction: Using ProxyLODMeshReduction for automatic mesh merging
[2020.10.13-05.56.54:793][  0]LogMeshReduction: No distributed automatic mesh merging module available
[2020.10.13-05.56.54:793][  0]LogMeshMerging: No distributed automatic mesh merging module available
[2020.10.13-05.56.54:826][  0]LogNetVersion: Titulo1_Try1 1.0.0, NetCL: 13144385, EngineNetVer: 14, GameNetVer: 0 (Checksum: 3254603742)
[2020.10.13-05.56.56:094][  0]LogAISub: UAISubsystem::UAISubsystem AISubsystem (000000C2D77EE940), frame # 0
[2020.10.13-05.56.56:095][  0]LogAISub: UAISubsystem::UAISubsystem AIPerceptionSystem (000000C2D768EAC0), frame # 0
[2020.10.13-05.56.56:097][  0]LogAISub: UAISubsystem::UAISubsystem EnvQueryManager (000000C2D7697200), frame # 0
[2020.10.13-05.56.56:193][  0]LogPackageLocalizationCache: Processed 19 localized package path(s) for 1 prioritized culture(s) in 0.079497 seconds
[2020.10.13-05.56.56:203][  0]LogUObjectArray: 15917 objects as part of root set at end of initial load.
[2020.10.13-05.56.56:203][  0]LogUObjectAllocator: 3965568 out of 0 bytes used by permanent object pool.
[2020.10.13-05.56.56:203][  0]LogUObjectArray: CloseDisregardForGC: 0/0 objects in disregard for GC pool
[2020.10.13-05.56.56:812][  0]LogTcpMessaging: Initializing TcpMessaging bridge
[2020.10.13-05.56.56:817][  0]LogUdpMessaging: Initializing bridge on interface 0.0.0.0:0 to multicast group 230.0.0.1:6666.
[2020.10.13-05.56.56:931][  0]SourceControl: Source control is disabled
[2020.10.13-05.56.56:931][  0]SourceControl: Source control is disabled
[2020.10.13-05.56.56:942][  0]SourceControl: Source control is disabled
[2020.10.13-05.56.56:946][  0]SourceControl: Source control is disabled
[2020.10.13-05.56.57:037][  0]SourceControl: Source control is disabled
[2020.10.13-05.56.57:410][  0]LogAndroidPermission: UAndroidPermissionCallbackProxy::GetInstance
[2020.10.13-05.56.57:439][  0]LogAudioCaptureCore: Display: No Audio Capture implementations found. Audio input will be silent.
[2020.10.13-05.56.57:439][  0]LogAudioCaptureCore: Display: No Audio Capture implementations found. Audio input will be silent.
[2020.10.13-05.56.57:511][  0]LogOcInput: OculusInput pre-init called
[2020.10.13-05.56.57:529][  0]LogWindows: Failed to load 'OVRPlugin.dll' (GetLastError=126)
[2020.10.13-05.56.57:529][  0]LogWindows: File 'OVRPlugin.dll' does not exist
[2020.10.13-05.56.57:616][  0]LogEngine: Initializing Engine...
[2020.10.13-05.56.57:619][  0]LogHMD: Failed to initialize OpenVR with code 110
[2020.10.13-05.56.57:620][  0]LogMagicLeap: Warning: VR disabled because ZI is not enabled.  To enable, in the editor, Edit -> Project Settings -> Plugins -> Magic Leap Plugin -> Enable Zero Iteration
[2020.10.13-05.56.57:621][  0]LogStats: UGameplayTagsManager::InitializeManager -  0.000 s
[2020.10.13-05.56.57:956][  0]LogInit: Initializing FReadOnlyCVARCache
[2020.10.13-05.56.58:032][  0]LogAIModule: Creating AISystem for world Untitled
[2020.10.13-05.56.58:032][  0]LogAISub: UAISubsystem::UAISubsystem EnvQueryManager (000000C2DD6A1200), frame # 0
[2020.10.13-05.56.58:032][  0]LogAISub: UAISubsystem::UAISubsystem AIPerceptionSystem (000000C2DD6B2C00), frame # 0
[2020.10.13-05.56.58:185][  0]LogAudioMixer: Display: Audio Mixer Platform Settings:
[2020.10.13-05.56.58:185][  0]LogAudioMixer: Display: 	Sample Rate:						  48000
[2020.10.13-05.56.58:185][  0]LogAudioMixer: Display: 	Callback Buffer Frame Size Requested: 1024
[2020.10.13-05.56.58:185][  0]LogAudioMixer: Display: 	Callback Buffer Frame Size To Use:	  1024
[2020.10.13-05.56.58:185][  0]LogAudioMixer: Display: 	Number of buffers to queue:			  2
[2020.10.13-05.56.58:185][  0]LogAudioMixer: Display: 	Max Channels (voices):				  32
[2020.10.13-05.56.58:185][  0]LogAudioMixer: Display: 	Number of Async Source Workers:		  0
[2020.10.13-05.56.58:185][  0]LogAudio: Display: AudioDevice MaxSources: 32
[2020.10.13-05.56.58:186][  0]LogAudio: Display: Using built-in audio occlusion.
[2020.10.13-05.56.58:186][  0]LogAudioMixer: Display: Initializing audio mixer.
[2020.10.13-05.56.58:195][  0]LogAudioMixer: Display: 0: FrontLeft
[2020.10.13-05.56.58:195][  0]LogAudioMixer: Display: 1: FrontRight
[2020.10.13-05.56.58:237][  0]LogAudioMixer: Display: Using Audio Device Altavoces / Auriculares (IDT High Definition Audio CODEC)
[2020.10.13-05.56.58:246][  0]LogAudioMixer: Display: Initializing Sound Submixes...
[2020.10.13-05.56.58:252][  0]LogAudioMixer: Display: Creating Master Submix 'MasterSubmixDefault'
[2020.10.13-05.56.58:252][  0]LogAudioMixer: Display: Creating Master Submix 'MasterReverbSubmixDefault'
[2020.10.13-05.56.58:255][  0]LogAudioMixer: Display: Creating Master Submix 'MasterEQSubmixDefault'
[2020.10.13-05.56.58:257][  0]LogInit: FAudioDevice initialized.
[2020.10.13-05.56.58:257][  0]LogNetVersion: Set ProjectVersion to 1.0.0.0. Version Checksum will be recalculated on next use.
[2020.10.13-05.56.58:498][  0]LogDerivedDataCache: Saved boot cache 0.24s 76MB C:/Users/PJimenez/AppData/Local/UnrealEngine/4.25/DerivedDataCache/Boot.ddc.
[2020.10.13-05.56.58:500][  0]LogInit: Texture streaming: Enabled
[2020.10.13-05.56.58:520][  0]LogEngineSessionManager: EngineSessionManager initialized
[2020.10.13-05.56.58:520][  0]LogEditorSessionSummary: Verbose: Initializing EditorSessionSummaryWriter for editor session tracking
[2020.10.13-05.56.58:522][  0]LogEditorSessionSummary: EditorSessionSummaryWriter initialized
[2020.10.13-05.56.58:599][  0]LogInit: Transaction tracking system initialized
[2020.10.13-05.56.58:630][  0]BlueprintLog: New page: Editor Load
[2020.10.13-05.56.58:732][  0]LocalizationService: Localization service is disabled
[2020.10.13-05.56.59:418][  0]LogCook: Display: Max memory allowance for cook 16384mb min free memory 0mb
[2020.10.13-05.56.59:419][  0]LogCook: Display: Mobile HDR setting 1
[2020.10.13-05.56.59:669][  0]LogFileCache: Scanning file cache for directory 'D:/Documentos/Unreal Projects/PT1 - copia/Content/' took 0.01s
[2020.10.13-05.57.00:222][  0]SourceControl: Source control is disabled
[2020.10.13-05.57.00:222][  0]LogUnrealEdMisc: Loading editor; pre map load, took 13.520
[2020.10.13-05.57.00:223][  0]Cmd: MAP LOAD FILE="../../../../../../Documentos/Unreal Projects/PT1 - copia/Content/Densidad_de_Objetos.umap" TEMPLATE=0 SHOWPROGRESS=1 FEATURELEVEL=3
[2020.10.13-05.57.00:223][  0]LightingResults: New page: Lighting Build
[2020.10.13-05.57.00:225][  0]LogWorld: UWorld::CleanupWorld for Untitled, bSessionEnded=true, bCleanupResources=true
[2020.10.13-05.57.00:225][  0]LogSlate: InvalidateAllWidgets triggered.  All widgets were invalidated
[2020.10.13-05.57.00:225][  0]MapCheck: New page: Map Check
[2020.10.13-05.57.00:225][  0]LightingResults: New page: Lighting Build
[2020.10.13-05.57.00:242][  0]LogAISub: UAISubsystem::~UAISubsystem EnvQueryManager (000000C2DD6A1200), frame # 0
[2020.10.13-05.57.00:242][  0]LogAISub: UAISubsystem::~UAISubsystem AIPerceptionSystem (000000C2DD6B2C00), frame # 0
[2020.10.13-05.57.00:243][  0]LogUObjectHash: Compacting FUObjectHashTables data took   1.36ms
[2020.10.13-05.57.01:263][  0]LogAIModule: Creating AISystem for world Densidad_de_Objetos
[2020.10.13-05.57.01:263][  0]LogAISub: UAISubsystem::UAISubsystem EnvQueryManager (000000C2CD0AE400), frame # 0
[2020.10.13-05.57.01:263][  0]LogAISub: UAISubsystem::UAISubsystem AIPerceptionSystem (000000C2CCAC4680), frame # 0
[2020.10.13-05.57.01:312][  0]LogEditorServer: Finished looking for orphan Actors (0.000 secs)
[2020.10.13-05.57.01:370][  0]LogUObjectHash: Compacting FUObjectHashTables data took   6.41ms
[2020.10.13-05.57.01:374][  0]Cmd: MAP CHECKDEP NOCLEARLOG
[2020.10.13-05.57.01:375][  0]MapCheck: Map check complete: 0 Error(s), 0 Warning(s), took 0.732ms to complete.
[2020.10.13-05.57.01:375][  0]LogFileHelpers: Loading map 'Densidad_de_Objetos' took 1.153
[2020.10.13-05.57.01:382][  0]LogUnrealEdMisc: Total Editor Startup Time, took 14.679
[2020.10.13-05.57.01:531][  0]LogSlate: Updating window title bar state: overlay mode, drag disabled, window buttons hidden, title bar hidden
[2020.10.13-05.57.01:545][  0]LogSlate: Updating window title bar state: overlay mode, drag disabled, window buttons hidden, title bar hidden
[2020.10.13-05.57.01:557][  0]LogSlate: Updating window title bar state: overlay mode, drag disabled, window buttons hidden, title bar hidden
[2020.10.13-05.57.01:569][  0]LogSlate: Updating window title bar state: overlay mode, drag disabled, window buttons hidden, title bar hidden
[2020.10.13-05.57.01:578][  0]LogCollectionManager: Loaded 0 collections in 0.002026 seconds
[2020.10.13-05.57.01:599][  0]LogFileCache: Scanning file cache for directory 'D:/Documentos/Unreal Projects/PT1 - copia/Saved/Collections/' took 0.00s
[2020.10.13-05.57.01:599][  0]LogFileCache: Scanning file cache for directory 'D:/Documentos/Unreal Projects/PT1 - copia/Content/Developers/PJimenez/Collections/' took 0.00s
[2020.10.13-05.57.01:599][  0]LogFileCache: Scanning file cache for directory 'D:/Documentos/Unreal Projects/PT1 - copia/Content/Collections/' took 0.00s
[2020.10.13-05.57.01:599][  0]LogContentBrowser: Native class hierarchy populated in 0.0141 seconds. Added 3427 classes and 821 folders.
[2020.10.13-05.57.01:606][  0]LogContentBrowser: Native class hierarchy updated for 'WidgetCarousel' in 0.0004 seconds. Added 0 classes and 0 folders.
[2020.10.13-05.57.01:653][  0]LogContentBrowser: Native class hierarchy updated for 'AddContentDialog' in 0.0004 seconds. Added 0 classes and 0 folders.
[2020.10.13-05.57.01:654][  0]LogContentBrowser: Native class hierarchy updated for 'SceneOutliner' in 0.0003 seconds. Added 2 classes and 0 folders.
[2020.10.13-05.57.01:695][  0]LogContentBrowser: Native class hierarchy updated for 'HierarchicalLODOutliner' in 0.0008 seconds. Added 0 classes and 0 folders.
[2020.10.13-05.57.01:695][  0]LogLoad: (Engine Initialization) Total time: 14.99 seconds
[2020.10.13-05.57.01:695][  0]LogLoad: (Engine Initialization) Total Blueprint compile time: 0.00 seconds
[2020.10.13-05.57.01:795][  0]LogContentStreaming: Texture pool size now 400 MB
[2020.10.13-05.57.01:796][  0]LogSlate: Took 0.000174 seconds to synchronously load lazily loaded font '../../../Engine/Content/Slate/Fonts/Roboto-Regular.ttf' (155K)
[2020.10.13-05.57.01:799][  0]LogSlate: Took 0.000160 seconds to synchronously load lazily loaded font '../../../Engine/Content/Slate/Fonts/Roboto-Bold.ttf' (160K)
[2020.10.13-05.57.01:808][  0]LogSlate: Took 0.000213 seconds to synchronously load lazily loaded font '../../../Engine/Content/Editor/Slate/Fonts/FontAwesome.ttf' (139K)
[2020.10.13-05.57.02:291][  0]LogSlate: Took 0.000188 seconds to synchronously load lazily loaded font '../../../Engine/Content/Slate/Fonts/Roboto-Light.ttf' (167K)
[2020.10.13-05.57.02:339][  0]LogSlate: Took 0.000115 seconds to synchronously load lazily loaded font '../../../Engine/Content/Slate/Fonts/Roboto-Light.ttf' (167K)
[2020.10.13-05.57.02:524][  1]LogRenderer: Reallocating scene render targets to support 1000x444 Format 9 NumSamples 1 (Frame:1).
[2020.10.13-05.57.02:568][  1]LogAssetRegistry: Asset discovery search completed in 8.7367 seconds
[2020.10.13-05.57.02:577][  1]LogCollectionManager: Fixed up redirectors for 0 collections in 0.000003 seconds (updated 0 objects)
[2020.10.13-05.57.09:543][124]Cmd: OBJ SAVEPACKAGE PACKAGE="/Game/Densidad_de_Objetos" FILE="../../../../../../Documentos/Unreal Projects/PT1 - copia/Content/Densidad_de_Objetos.umap" SILENT=true AUTOSAVING=false KEEPDIRTY=false
[2020.10.13-05.57.09:575][124]LogUObjectHash: Compacting FUObjectHashTables data took   1.20ms
[2020.10.13-05.57.09:875][124]LogSavePackage: Moving '../../../../../../Documentos/Unreal Projects/PT1 - copia/Saved/Densidad_de_ObjetosA0F0C4C64D7DD8E74AAE1BB5871426ED.tmp' to '../../../../../../Documentos/Unreal Projects/PT1 - copia/Content/Densidad_de_Objetos.umap'
[2020.10.13-05.57.09:945][124]AssetCheck: New page: Asset Save: Densidad_de_Objetos
[2020.10.13-05.57.09:945][124]LogContentValidation: Display: Validating World /Game/Densidad_de_Objetos.Densidad_de_Objetos
[2020.10.13-05.57.15:832][480]LogPlayLevel: PlayLevel: No blueprints needed recompiling
[2020.10.13-05.57.15:833][480]PIE: New page: PIE session: Densidad_de_Objetos (Oct 12, 2020, 11:57:15 PM)
[2020.10.13-05.57.15:834][480]LogOnline: OSS: Creating online subsystem instance for: NULL
[2020.10.13-05.57.15:835][480]LogOnline: OSS: TryLoadSubsystemAndSetDefault: Loaded subsystem for module [NULL]
[2020.10.13-05.57.15:835][480]LogPlayLevel: Creating play world package: /Game/UEDPIE_0_Densidad_de_Objetos
[2020.10.13-05.57.15:862][480]LogPlayLevel: PIE: StaticDuplicateObject took: (0.026499s)
[2020.10.13-05.57.15:864][480]LogAIModule: Creating AISystem for world Densidad_de_Objetos
[2020.10.13-05.57.15:864][480]LogAISub: UAISubsystem::UAISubsystem EnvQueryManager (000000C2FF9BFE00), frame # 480
[2020.10.13-05.57.15:864][480]LogAISub: UAISubsystem::UAISubsystem AIPerceptionSystem (000000C2FF9E5A80), frame # 480
[2020.10.13-05.57.15:864][480]LogPlayLevel: PIE: World Init took: (0.002339s)
[2020.10.13-05.57.15:864][480]LogPlayLevel: PIE: Created PIE world by copying editor world from /Game/Densidad_de_Objetos.Densidad_de_Objetos to /Game/UEDPIE_0_Densidad_de_Objetos.Densidad_de_Objetos (0.029047s)
[2020.10.13-05.57.15:888][480]LogUObjectHash: Compacting FUObjectHashTables data took   2.09ms
[2020.10.13-05.57.15:891][480]LogAudioMixer: Display: Audio Mixer Platform Settings:
[2020.10.13-05.57.15:891][480]LogAudioMixer: Display: 	Sample Rate:						  48000
[2020.10.13-05.57.15:891][480]LogAudioMixer: Display: 	Callback Buffer Frame Size Requested: 1024
[2020.10.13-05.57.15:891][480]LogAudioMixer: Display: 	Callback Buffer Frame Size To Use:	  1024
[2020.10.13-05.57.15:891][480]LogAudioMixer: Display: 	Number of buffers to queue:			  2
[2020.10.13-05.57.15:891][480]LogAudioMixer: Display: 	Max Channels (voices):				  32
[2020.10.13-05.57.15:891][480]LogAudioMixer: Display: 	Number of Async Source Workers:		  0
[2020.10.13-05.57.15:891][480]LogAudio: Display: AudioDevice MaxSources: 32
[2020.10.13-05.57.15:892][480]LogAudio: Display: Using built-in audio occlusion.
[2020.10.13-05.57.15:892][480]LogAudioMixer: Display: Initializing audio mixer.
[2020.10.13-05.57.15:895][480]LogAudioMixer: Display: 0: FrontLeft
[2020.10.13-05.57.15:895][480]LogAudioMixer: Display: 1: FrontRight
[2020.10.13-05.57.15:926][480]LogAudioMixer: Display: Using Audio Device Altavoces / Auriculares (IDT High Definition Audio CODEC)
[2020.10.13-05.57.15:926][480]LogAudioMixer: Display: Initializing Sound Submixes...
[2020.10.13-05.57.15:926][480]LogAudioMixer: Display: Creating Master Submix 'MasterSubmixDefault'
[2020.10.13-05.57.15:926][480]LogAudioMixer: Display: Creating Master Submix 'MasterReverbSubmixDefault'
[2020.10.13-05.57.15:927][480]LogAudioMixer: Display: Creating Master Submix 'MasterEQSubmixDefault'
[2020.10.13-05.57.15:950][480]LogInit: FAudioDevice initialized.
[2020.10.13-05.57.15:982][480]LogSlate: Updating window title bar state: overlay mode, drag disabled, window buttons hidden, title bar hidden
[2020.10.13-05.57.15:982][480]LogLoad: Game class is 'Multiplayer_Gamemode_C'
[2020.10.13-05.57.15:986][480]LogWorld: Bringing World /Game/UEDPIE_0_Densidad_de_Objetos.Densidad_de_Objetos up for play (max tick rate 0) at 2020.10.13-02.57.15
[2020.10.13-05.57.15:987][480]LogWorld: Bringing up level for play took: 0.004042
[2020.10.13-05.57.15:988][480]LogOnline: OSS: Creating online subsystem instance for: :Context_1
[2020.10.13-05.57.15:992][480]LogContentBrowser: Native class hierarchy updated for 'MovieSceneCapture' in 0.0007 seconds. Added 20 classes and 0 folders.
[2020.10.13-05.57.15:993][480]LogGameMode: Display: Match State Changed from EnteringMap to WaitingToStart
[2020.10.13-05.57.15:993][480]LogGameState: Match State Changed from EnteringMap to WaitingToStart
[2020.10.13-05.57.15:993][480]LogGameMode: Display: Match State Changed from WaitingToStart to InProgress
[2020.10.13-05.57.16:013][480]LogPlayerManagement: Error: Failed to Create Player: A local player already exists for controller ID 0,
[2020.10.13-05.57.16:019][480]LogGameState: Match State Changed from WaitingToStart to InProgress
[2020.10.13-05.57.16:023][480]PIE: Server logged in
[2020.10.13-05.57.16:025][480]PIE: Play in editor total start time 0.193 seconds.
[2020.10.13-05.57.16:050][480]LogSlate: New Slate User Created.  User Index 1, Is Virtual User: 0
[2020.10.13-05.57.16:051][480]LogSlate: Slate User Registered.  User Index 1, Is Virtual User: 0
[2020.10.13-05.57.27:871][ 70]LogSlate: Updating window title bar state: overlay mode, drag disabled, window buttons hidden, title bar hidden
[2020.10.13-05.57.27:871][ 70]LogWorld: BeginTearingDown for /Game/UEDPIE_0_Densidad_de_Objetos
[2020.10.13-05.57.27:872][ 70]LogSlate: Window 'Titulo1_Try1 Preview [NetMode: Standalone] (64-bit/Windows) ' being destroyed
[2020.10.13-05.57.27:877][ 70]LogWorld: UWorld::CleanupWorld for Densidad_de_Objetos, bSessionEnded=true, bCleanupResources=true
[2020.10.13-05.57.27:878][ 70]LogSlate: InvalidateAllWidgets triggered.  All widgets were invalidated
[2020.10.13-05.57.27:893][ 70]LogPlayLevel: Display: Shutting down PIE online subsystems
[2020.10.13-05.57.27:897][ 70]LogSlate: InvalidateAllWidgets triggered.  All widgets were invalidated
[2020.10.13-05.57.27:942][ 70]LogAISub: UAISubsystem::~UAISubsystem AIPerceptionSystem (000000C2FF9E5A80), frame # 1070
[2020.10.13-05.57.27:942][ 70]LogAISub: UAISubsystem::~UAISubsystem EnvQueryManager (000000C2FF9BFE00), frame # 1070
[2020.10.13-05.57.27:944][ 70]LogUObjectHash: Compacting FUObjectHashTables data took   1.25ms
[2020.10.13-05.57.28:002][ 71]LogPlayLevel: Display: Destroying online subsystem :Context_1
[2020.10.13-05.57.33:311][311]LogAssetEditorSubsystem: Opening Asset editor for Blueprint /Game/Blueprints/Multiplayer_Gamemode.Multiplayer_Gamemode
[2020.10.13-05.57.33:640][311]LogContentBrowser: Native class hierarchy updated for 'BlueprintGraph' in 0.0007 seconds. Added 125 classes and 0 folders.
[2020.10.13-05.57.35:018][311]LogSlate: Took 0.000418 seconds to synchronously load lazily loaded font '../../../Engine/Content/Slate/Fonts/Roboto-BoldCondensed.ttf' (158K)
[2020.10.13-05.57.35:281][312]LogSlate: Took 0.000161 seconds to synchronously load lazily loaded font '../../../Engine/Content/Slate/Fonts/Roboto-Italic.ttf' (157K)
[2020.10.13-05.58.13:492][758]LogAssetEditorSubsystem: Opening Asset editor for WidgetBlueprint /Game/Widgets/Puntuacion.Puntuacion
[2020.10.13-05.58.59:481][287]LogSlate: Window 'Color Picker' being destroyed
[2020.10.13-05.59.05:772][520]BlueprintLog: New page: Compile Puntuacion
[2020.10.13-05.59.05:913][520]LogUObjectHash: Compacting FUObjectHashTables data took   6.72ms
[2020.10.13-05.59.07:091][559]Cmd: OBJ SAVEPACKAGE PACKAGE="/Game/Widgets/Puntuacion" FILE="../../../../../../Documentos/Unreal Projects/PT1 - copia/Content/Widgets/Puntuacion.uasset" SILENT=true
[2020.10.13-05.59.07:163][559]LogSavePackage: Moving '../../../../../../Documentos/Unreal Projects/PT1 - copia/Saved/Puntuacion3351AB814D6819880B2CF7A755DCE1D1.tmp' to '../../../../../../Documentos/Unreal Projects/PT1 - copia/Content/Widgets/Puntuacion.uasset'
[2020.10.13-05.59.07:211][559]AssetCheck: New page: Asset Save: Puntuacion
[2020.10.13-05.59.07:211][559]LogContentValidation: Display: Validating WidgetBlueprint /Game/Widgets/Puntuacion.Puntuacion
[2020.10.13-06.01.04:740][646]LogSlate: Window 'Color Picker' being destroyed
[2020.10.13-06.01.33:535][583]LogSlate: Window 'Color Picker' being destroyed
[2020.10.13-06.01.45:884][ 13]LogSlate: Window 'Color Picker' being destroyed
[2020.10.13-06.01.57:820][416]BlueprintLog: New page: Compile Puntuacion
[2020.10.13-06.01.57:898][416]LogUObjectHash: Compacting FUObjectHashTables data took  13.53ms
[2020.10.13-06.01.58:859][441]Cmd: OBJ SAVEPACKAGE PACKAGE="/Game/Widgets/Puntuacion" FILE="../../../../../../Documentos/Unreal Projects/PT1 - copia/Content/Widgets/Puntuacion.uasset" SILENT=true
[2020.10.13-06.01.58:958][441]LogSavePackage: Moving '../../../../../../Documentos/Unreal Projects/PT1 - copia/Saved/Puntuacion11A4EDF949495E8A64B28CB76DBA8958.tmp' to '../../../../../../Documentos/Unreal Projects/PT1 - copia/Content/Widgets/Puntuacion.uasset'
[2020.10.13-06.01.58:971][441]AssetCheck: New page: Asset Save: Puntuacion
[2020.10.13-06.01.58:971][441]LogContentValidation: Display: Validating WidgetBlueprint /Game/Widgets/Puntuacion.Puntuacion
[2020.10.13-06.02.02:160][539]Cmd: OBJ SAVEPACKAGE PACKAGE="/Game/Widgets/Puntuacion" FILE="../../../../../../Documentos/Unreal Projects/PT1 - copia/Content/Widgets/Puntuacion.uasset" SILENT=true
[2020.10.13-06.02.02:290][539]LogSavePackage: Moving '../../../../../../Documentos/Unreal Projects/PT1 - copia/Saved/Puntuacion118C99934AF23596680A5FA72FEA2982.tmp' to '../../../../../../Documentos/Unreal Projects/PT1 - copia/Content/Widgets/Puntuacion.uasset'
[2020.10.13-06.02.02:318][539]AssetCheck: New page: Asset Save: Puntuacion
[2020.10.13-06.02.02:318][539]LogContentValidation: Display: Validating WidgetBlueprint /Game/Widgets/Puntuacion.Puntuacion
[2020.10.13-06.02.04:510][620]Cmd: OBJ SAVEPACKAGE PACKAGE="/Game/Densidad_de_Objetos" FILE="../../../../../../Documentos/Unreal Projects/PT1 - copia/Content/Densidad_de_Objetos.umap" SILENT=true AUTOSAVING=false KEEPDIRTY=false
[2020.10.13-06.02.04:564][620]LogUObjectHash: Compacting FUObjectHashTables data took   9.30ms
[2020.10.13-06.02.04:831][620]LogSavePackage: Moving '../../../../../../Documentos/Unreal Projects/PT1 - copia/Saved/Densidad_de_Objetos9D725CE2400CC786D45728B6B5255604.tmp' to '../../../../../../Documentos/Unreal Projects/PT1 - copia/Content/Densidad_de_Objetos.umap'
[2020.10.13-06.02.04:937][620]AssetCheck: New page: Asset Save: Densidad_de_Objetos
[2020.10.13-06.02.04:937][620]LogContentValidation: Display: Validating World /Game/Densidad_de_Objetos.Densidad_de_Objetos
[2020.10.13-06.02.05:374][643]LogTemp: Repeating last play command: New Editor Window (PIE)
[2020.10.13-06.02.05:406][643]LogPlayLevel: PlayLevel: No blueprints needed recompiling
[2020.10.13-06.02.05:406][643]PIE: New page: PIE session: Densidad_de_Objetos (Oct 13, 2020, 12:02:05 AM)
[2020.10.13-06.02.05:406][643]LogPlayLevel: Creating play world package: /Game/UEDPIE_0_Densidad_de_Objetos
[2020.10.13-06.02.05:428][643]LogPlayLevel: PIE: StaticDuplicateObject took: (0.021816s)
[2020.10.13-06.02.05:429][643]LogAIModule: Creating AISystem for world Densidad_de_Objetos
[2020.10.13-06.02.05:429][643]LogAISub: UAISubsystem::UAISubsystem EnvQueryManager (000000C31D554400), frame # 10643
[2020.10.13-06.02.05:429][643]LogAISub: UAISubsystem::UAISubsystem AIPerceptionSystem (000000C311597740), frame # 10643
[2020.10.13-06.02.05:429][643]LogPlayLevel: PIE: World Init took: (0.001392s)
[2020.10.13-06.02.05:429][643]LogPlayLevel: PIE: Created PIE world by copying editor world from /Game/Densidad_de_Objetos.Densidad_de_Objetos to /Game/UEDPIE_0_Densidad_de_Objetos.Densidad_de_Objetos (0.023348s)
[2020.10.13-06.02.05:465][643]LogUObjectHash: Compacting FUObjectHashTables data took   4.77ms
[2020.10.13-06.02.05:466][643]LogAudioMixer: Display: Audio Mixer Platform Settings:
[2020.10.13-06.02.05:466][643]LogAudioMixer: Display: 	Sample Rate:						  48000
[2020.10.13-06.02.05:466][643]LogAudioMixer: Display: 	Callback Buffer Frame Size Requested: 1024
[2020.10.13-06.02.05:466][643]LogAudioMixer: Display: 	Callback Buffer Frame Size To Use:	  1024
[2020.10.13-06.02.05:467][643]LogAudioMixer: Display: 	Number of buffers to queue:			  2
[2020.10.13-06.02.05:467][643]LogAudioMixer: Display: 	Max Channels (voices):				  32
[2020.10.13-06.02.05:467][643]LogAudioMixer: Display: 	Number of Async Source Workers:		  0
[2020.10.13-06.02.05:467][643]LogAudio: Display: AudioDevice MaxSources: 32
[2020.10.13-06.02.05:468][643]LogAudio: Display: Using built-in audio occlusion.
[2020.10.13-06.02.05:468][643]LogAudioMixer: Display: Initializing audio mixer.
[2020.10.13-06.02.05:470][643]LogAudioMixer: Display: 0: FrontLeft
[2020.10.13-06.02.05:470][643]LogAudioMixer: Display: 1: FrontRight
[2020.10.13-06.02.05:492][643]LogAudioMixer: Display: Using Audio Device Altavoces / Auriculares (IDT High Definition Audio CODEC)
[2020.10.13-06.02.05:492][643]LogAudioMixer: Display: Initializing Sound Submixes...
[2020.10.13-06.02.05:492][643]LogAudioMixer: Display: Creating Master Submix 'MasterSubmixDefault'
[2020.10.13-06.02.05:492][643]LogAudioMixer: Display: Creating Master Submix 'MasterReverbSubmixDefault'
[2020.10.13-06.02.05:493][643]LogAudioMixer: Display: Creating Master Submix 'MasterEQSubmixDefault'
[2020.10.13-06.02.05:510][643]LogInit: FAudioDevice initialized.
[2020.10.13-06.02.05:584][643]LogSlate: Updating window title bar state: overlay mode, drag disabled, window buttons hidden, title bar hidden
[2020.10.13-06.02.05:584][643]LogLoad: Game class is 'Multiplayer_Gamemode_C'
[2020.10.13-06.02.05:590][643]LogWorld: Bringing World /Game/UEDPIE_0_Densidad_de_Objetos.Densidad_de_Objetos up for play (max tick rate 0) at 2020.10.13-03.02.05
[2020.10.13-06.02.05:591][643]LogWorld: Bringing up level for play took: 0.004995
[2020.10.13-06.02.05:591][643]LogOnline: OSS: Creating online subsystem instance for: :Context_5
[2020.10.13-06.02.05:595][643]LogGameMode: Display: Match State Changed from EnteringMap to WaitingToStart
[2020.10.13-06.02.05:595][643]LogGameState: Match State Changed from EnteringMap to WaitingToStart
[2020.10.13-06.02.05:595][643]LogGameMode: Display: Match State Changed from WaitingToStart to InProgress
[2020.10.13-06.02.05:623][643]LogPlayerManagement: Error: Failed to Create Player: A local player already exists for controller ID 0,
[2020.10.13-06.02.05:631][643]LogGameState: Match State Changed from WaitingToStart to InProgress
[2020.10.13-06.02.05:634][643]PIE: Server logged in
[2020.10.13-06.02.05:637][643]PIE: Play in editor total start time 0.233 seconds.
[2020.10.13-06.02.21:903][339]LogSlate: Updating window title bar state: overlay mode, drag disabled, window buttons hidden, title bar hidden
[2020.10.13-06.02.21:903][339]LogWorld: BeginTearingDown for /Game/UEDPIE_0_Densidad_de_Objetos
[2020.10.13-06.02.21:903][339]LogSlate: Window 'Titulo1_Try1 Preview [NetMode: Standalone] (64-bit/Windows) ' being destroyed
[2020.10.13-06.02.21:913][339]LogWorld: UWorld::CleanupWorld for Densidad_de_Objetos, bSessionEnded=true, bCleanupResources=true
[2020.10.13-06.02.21:915][339]LogSlate: InvalidateAllWidgets triggered.  All widgets were invalidated
[2020.10.13-06.02.21:930][339]LogPlayLevel: Display: Shutting down PIE online subsystems
[2020.10.13-06.02.21:939][339]LogSlate: InvalidateAllWidgets triggered.  All widgets were invalidated
[2020.10.13-06.02.22:019][339]LogAISub: UAISubsystem::~UAISubsystem AIPerceptionSystem (000000C311597740), frame # 11339
[2020.10.13-06.02.22:019][339]LogAISub: UAISubsystem::~UAISubsystem EnvQueryManager (000000C31D554400), frame # 11339
[2020.10.13-06.02.22:024][339]LogUObjectHash: Compacting FUObjectHashTables data took   4.66ms
[2020.10.13-06.02.22:065][340]LogPlayLevel: Display: Destroying online subsystem :Context_5
[2020.10.13-06.02.33:990][869]LogSlate: Window 'Puntuacion' being destroyed
[2020.10.13-06.02.34:001][869]LogSlate: Window 'Puntuacion' being destroyed
[2020.10.13-06.02.34:002][869]LogWorld: UWorld::CleanupWorld for World_0, bSessionEnded=true, bCleanupResources=true
[2020.10.13-06.02.34:002][869]LogSlate: InvalidateAllWidgets triggered.  All widgets were invalidated
[2020.10.13-06.02.34:101][869]LogWorld: UWorld::CleanupWorld for World_2, bSessionEnded=true, bCleanupResources=true
[2020.10.13-06.02.34:101][869]LogSlate: InvalidateAllWidgets triggered.  All widgets were invalidated
[2020.10.13-06.02.34:130][869]LogWorld: UWorld::CleanupWorld for World_1, bSessionEnded=true, bCleanupResources=true
[2020.10.13-06.02.34:130][869]LogSlate: InvalidateAllWidgets triggered.  All widgets were invalidated
[2020.10.13-06.02.35:842][968]LogAssetEditorSubsystem: Opening Asset editor for LevelScriptBlueprint /Game/Densidad_de_Objetos.Densidad_de_Objetos:PersistentLevel.Densidad_de_Objetos
[2020.10.13-06.02.37:762][  7]LogSlate: Window 'Densidad_de_Objetos' being destroyed
[2020.10.13-06.02.37:777][  7]LogSlate: Window 'Densidad_de_Objetos' being destroyed
[2020.10.13-06.02.37:778][  7]LogWorld: UWorld::CleanupWorld for World_3, bSessionEnded=true, bCleanupResources=true
[2020.10.13-06.02.37:778][  7]LogSlate: InvalidateAllWidgets triggered.  All widgets were invalidated
[2020.10.13-06.02.40:341][109]LogAssetEditorSubsystem: Opening Asset editor for Blueprint /Game/Blueprints/Multiplayer_Gamemode.Multiplayer_Gamemode
[2020.10.13-06.04.04:889][884]LogAudioMixer: Display: Audio Buffer Underrun detected.
[2020.10.13-06.04.12:598][907]LogAudioMixer: Display: Audio Buffer Underrun detected.
[2020.10.13-06.04.45:754][  6]LogAudioMixer: Display: Audio Buffer Underrun detected.
[2020.10.13-06.05.14:228][ 91]LogAudioMixer: Display: Audio Buffer Underrun detected.
[2020.10.13-06.06.14:993][655]BlueprintLog: New page: Compile Multiplayer_Gamemode
[2020.10.13-06.06.15:207][655]LogUObjectHash: Compacting FUObjectHashTables data took   5.57ms
[2020.10.13-06.06.15:381][655]LogSlate: Took 0.000125 seconds to synchronously load lazily loaded font '../../../Engine/Content/Slate/Fonts/DroidSansMono.ttf' (77K)
[2020.10.13-06.06.15:645][666]Cmd: OBJ SAVEPACKAGE PACKAGE="/Game/Blueprints/Multiplayer_Gamemode" FILE="../../../../../../Documentos/Unreal Projects/PT1 - copia/Content/Blueprints/Multiplayer_Gamemode.uasset" SILENT=true
[2020.10.13-06.06.15:825][666]LogSavePackage: Moving '../../../../../../Documentos/Unreal Projects/PT1 - copia/Saved/Multiplayer_Gamemode615061004E020B8A99B906BA95BC73EF.tmp' to '../../../../../../Documentos/Unreal Projects/PT1 - copia/Content/Blueprints/Multiplayer_Gamemode.uasset'
[2020.10.13-06.06.15:845][666]AssetCheck: New page: Asset Save: Multiplayer_Gamemode
[2020.10.13-06.06.15:845][666]LogContentValidation: Display: Validating Blueprint /Game/Blueprints/Multiplayer_Gamemode.Multiplayer_Gamemode
[2020.10.13-06.08.10:959][165]LogAssetEditorSubsystem: Opening Asset editor for LevelScriptBlueprint /Game/Densidad_de_Objetos.Densidad_de_Objetos:PersistentLevel.Densidad_de_Objetos
[2020.10.13-06.15.41:451][234]BlueprintLog: New page: Compile Multiplayer_Gamemode
[2020.10.13-06.15.41:636][234]LogUObjectHash: Compacting FUObjectHashTables data took   4.93ms
[2020.10.13-06.15.42:276][253]Cmd: OBJ SAVEPACKAGE PACKAGE="/Game/Blueprints/Multiplayer_Gamemode" FILE="../../../../../../Documentos/Unreal Projects/PT1 - copia/Content/Blueprints/Multiplayer_Gamemode.uasset" SILENT=true
[2020.10.13-06.15.42:418][253]LogSavePackage: Moving '../../../../../../Documentos/Unreal Projects/PT1 - copia/Saved/Multiplayer_Gamemode80E9DEA141802A30EA093EB528E9F48E.tmp' to '../../../../../../Documentos/Unreal Projects/PT1 - copia/Content/Blueprints/Multiplayer_Gamemode.uasset'
[2020.10.13-06.15.42:431][253]AssetCheck: New page: Asset Save: Multiplayer_Gamemode
[2020.10.13-06.15.42:431][253]LogContentValidation: Display: Validating Blueprint /Game/Blueprints/Multiplayer_Gamemode.Multiplayer_Gamemode
[2020.10.13-06.15.44:509][339]Cmd: OBJ SAVEPACKAGE PACKAGE="/Game/Densidad_de_Objetos" FILE="../../../../../../Documentos/Unreal Projects/PT1 - copia/Content/Densidad_de_Objetos.umap" SILENT=true AUTOSAVING=false KEEPDIRTY=false
[2020.10.13-06.15.44:546][339]LogUObjectHash: Compacting FUObjectHashTables data took   4.75ms
[2020.10.13-06.15.44:767][339]LogSavePackage: Moving '../../../../../../Documentos/Unreal Projects/PT1 - copia/Saved/Densidad_de_ObjetosE5C0B6034879E8CCD250289540E845DD.tmp' to '../../../../../../Documentos/Unreal Projects/PT1 - copia/Content/Densidad_de_Objetos.umap'
[2020.10.13-06.15.44:822][339]AssetCheck: New page: Asset Save: Densidad_de_Objetos
[2020.10.13-06.15.44:822][339]LogContentValidation: Display: Validating World /Game/Densidad_de_Objetos.Densidad_de_Objetos
[2020.10.13-06.15.45:694][383]LogTemp: Repeating last play command: New Editor Window (PIE)
[2020.10.13-06.15.45:719][383]LogPlayLevel: PlayLevel: No blueprints needed recompiling
[2020.10.13-06.15.45:719][383]PIE: New page: PIE session: Densidad_de_Objetos (Oct 13, 2020, 12:15:45 AM)
[2020.10.13-06.15.45:719][383]LogPlayLevel: Creating play world package: /Game/UEDPIE_0_Densidad_de_Objetos
[2020.10.13-06.15.45:740][383]LogPlayLevel: PIE: StaticDuplicateObject took: (0.020899s)
[2020.10.13-06.15.45:741][383]LogAIModule: Creating AISystem for world Densidad_de_Objetos
[2020.10.13-06.15.45:741][383]LogAISub: UAISubsystem::UAISubsystem EnvQueryManager (000000C3113C8800), frame # 19383
[2020.10.13-06.15.45:741][383]LogAISub: UAISubsystem::UAISubsystem AIPerceptionSystem (000000C3115F74C0), frame # 19383
[2020.10.13-06.15.45:741][383]LogPlayLevel: PIE: World Init took: (0.001416s)
[2020.10.13-06.15.45:742][383]LogPlayLevel: PIE: Created PIE world by copying editor world from /Game/Densidad_de_Objetos.Densidad_de_Objetos to /Game/UEDPIE_0_Densidad_de_Objetos.Densidad_de_Objetos (0.022485s)
[2020.10.13-06.15.45:771][383]LogUObjectHash: Compacting FUObjectHashTables data took   2.84ms
[2020.10.13-06.15.45:773][383]LogAudioMixer: Display: Audio Mixer Platform Settings:
[2020.10.13-06.15.45:773][383]LogAudioMixer: Display: 	Sample Rate:						  48000
[2020.10.13-06.15.45:773][383]LogAudioMixer: Display: 	Callback Buffer Frame Size Requested: 1024
[2020.10.13-06.15.45:773][383]LogAudioMixer: Display: 	Callback Buffer Frame Size To Use:	  1024
[2020.10.13-06.15.45:773][383]LogAudioMixer: Display: 	Number of buffers to queue:			  2
[2020.10.13-06.15.45:773][383]LogAudioMixer: Display: 	Max Channels (voices):				  32
[2020.10.13-06.15.45:773][383]LogAudioMixer: Display: 	Number of Async Source Workers:		  0
[2020.10.13-06.15.45:773][383]LogAudio: Display: AudioDevice MaxSources: 32
[2020.10.13-06.15.45:774][383]LogAudio: Display: Using built-in audio occlusion.
[2020.10.13-06.15.45:774][383]LogAudioMixer: Display: Initializing audio mixer.
[2020.10.13-06.15.45:775][383]LogAudioMixer: Display: 0: FrontLeft
[2020.10.13-06.15.45:775][383]LogAudioMixer: Display: 1: FrontRight
[2020.10.13-06.15.45:794][383]LogAudioMixer: Display: Using Audio Device Altavoces / Auriculares (IDT High Definition Audio CODEC)
[2020.10.13-06.15.45:794][383]LogAudioMixer: Display: Initializing Sound Submixes...
[2020.10.13-06.15.45:794][383]LogAudioMixer: Display: Creating Master Submix 'MasterSubmixDefault'
[2020.10.13-06.15.45:794][383]LogAudioMixer: Display: Creating Master Submix 'MasterReverbSubmixDefault'
[2020.10.13-06.15.45:795][383]LogAudioMixer: Display: Creating Master Submix 'MasterEQSubmixDefault'
[2020.10.13-06.15.45:813][383]LogInit: FAudioDevice initialized.
[2020.10.13-06.15.45:863][383]LogSlate: Updating window title bar state: overlay mode, drag disabled, window buttons hidden, title bar hidden
[2020.10.13-06.15.45:863][383]LogLoad: Game class is 'Multiplayer_Gamemode_C'
[2020.10.13-06.15.45:866][383]LogWorld: Bringing World /Game/UEDPIE_0_Densidad_de_Objetos.Densidad_de_Objetos up for play (max tick rate 0) at 2020.10.13-03.15.45
[2020.10.13-06.15.45:866][383]LogWorld: Bringing up level for play took: 0.002224
[2020.10.13-06.15.45:866][383]LogOnline: OSS: Creating online subsystem instance for: :Context_9
[2020.10.13-06.15.45:868][383]LogGameMode: Display: Match State Changed from EnteringMap to WaitingToStart
[2020.10.13-06.15.45:868][383]LogGameState: Match State Changed from EnteringMap to WaitingToStart
[2020.10.13-06.15.45:868][383]LogGameMode: Display: Match State Changed from WaitingToStart to InProgress
[2020.10.13-06.15.45:886][383]LogPlayerManagement: Error: Failed to Create Player: A local player already exists for controller ID 0,
[2020.10.13-06.15.45:891][383]LogGameState: Match State Changed from WaitingToStart to InProgress
[2020.10.13-06.15.45:897][383]PIE: Server logged in
[2020.10.13-06.15.45:902][383]PIE: Play in editor total start time 0.184 seconds.
[2020.10.13-06.15.59:977][135]LogSlate: Updating window title bar state: overlay mode, drag disabled, window buttons hidden, title bar hidden
[2020.10.13-06.15.59:977][135]LogWorld: BeginTearingDown for /Game/UEDPIE_0_Densidad_de_Objetos
[2020.10.13-06.15.59:977][135]LogSlate: Window 'Titulo1_Try1 Preview [NetMode: Standalone] (64-bit/Windows) ' being destroyed
[2020.10.13-06.15.59:981][135]LogWorld: UWorld::CleanupWorld for Densidad_de_Objetos, bSessionEnded=true, bCleanupResources=true
[2020.10.13-06.15.59:982][135]LogSlate: InvalidateAllWidgets triggered.  All widgets were invalidated
[2020.10.13-06.15.59:993][135]LogPlayLevel: Display: Shutting down PIE online subsystems
[2020.10.13-06.15.59:998][135]LogSlate: InvalidateAllWidgets triggered.  All widgets were invalidated
[2020.10.13-06.16.00:061][135]LogAISub: UAISubsystem::~UAISubsystem AIPerceptionSystem (000000C3115F74C0), frame # 20135
[2020.10.13-06.16.00:061][135]LogAISub: UAISubsystem::~UAISubsystem EnvQueryManager (000000C3113C8800), frame # 20135
[2020.10.13-06.16.00:064][135]LogUObjectHash: Compacting FUObjectHashTables data took   3.20ms
[2020.10.13-06.16.00:127][136]LogPlayLevel: Display: Destroying online subsystem :Context_9
[2020.10.13-06.29.57:786][181]BlueprintLog: New page: Compile Multiplayer_Gamemode
[2020.10.13-06.29.57:948][181]LogUObjectHash: Compacting FUObjectHashTables data took   4.05ms
[2020.10.13-06.30.40:727][544]Cmd: OBJ SAVEPACKAGE PACKAGE="/Game/Blueprints/Multiplayer_Gamemode" FILE="../../../../../../Documentos/Unreal Projects/PT1 - copia/Content/Blueprints/Multiplayer_Gamemode.uasset" SILENT=true
[2020.10.13-06.30.40:846][544]LogSavePackage: Moving '../../../../../../Documentos/Unreal Projects/PT1 - copia/Saved/Multiplayer_Gamemode4DE726EB4217D4F8546E00A05371285B.tmp' to '../../../../../../Documentos/Unreal Projects/PT1 - copia/Content/Blueprints/Multiplayer_Gamemode.uasset'
[2020.10.13-06.30.40:859][544]AssetCheck: New page: Asset Save: Multiplayer_Gamemode
[2020.10.13-06.30.40:859][544]LogContentValidation: Display: Validating Blueprint /Game/Blueprints/Multiplayer_Gamemode.Multiplayer_Gamemode
[2020.10.13-06.30.43:078][641]Cmd: OBJ SAVEPACKAGE PACKAGE="/Game/Densidad_de_Objetos" FILE="../../../../../../Documentos/Unreal Projects/PT1 - copia/Content/Densidad_de_Objetos.umap" SILENT=true AUTOSAVING=false KEEPDIRTY=false
[2020.10.13-06.30.43:124][641]LogUObjectHash: Compacting FUObjectHashTables data took   4.78ms
[2020.10.13-06.30.43:337][641]LogSavePackage: Moving '../../../../../../Documentos/Unreal Projects/PT1 - copia/Saved/Densidad_de_Objetos7B8BB5E54D5412FEDBEF148883649588.tmp' to '../../../../../../Documentos/Unreal Projects/PT1 - copia/Content/Densidad_de_Objetos.umap'
[2020.10.13-06.30.43:395][641]AssetCheck: New page: Asset Save: Densidad_de_Objetos
[2020.10.13-06.30.43:395][641]LogContentValidation: Display: Validating World /Game/Densidad_de_Objetos.Densidad_de_Objetos
[2020.10.13-06.30.44:082][678]LogTemp: Repeating last play command: New Editor Window (PIE)
[2020.10.13-06.30.44:104][678]LogPlayLevel: PlayLevel: No blueprints needed recompiling
[2020.10.13-06.30.44:105][678]PIE: New page: PIE session: Densidad_de_Objetos (Oct 13, 2020, 12:30:44 AM)
[2020.10.13-06.30.44:105][678]LogPlayLevel: Creating play world package: /Game/UEDPIE_0_Densidad_de_Objetos
[2020.10.13-06.30.44:127][678]LogPlayLevel: PIE: StaticDuplicateObject took: (0.022025s)
[2020.10.13-06.30.44:128][678]LogAIModule: Creating AISystem for world Densidad_de_Objetos
[2020.10.13-06.30.44:128][678]LogAISub: UAISubsystem::UAISubsystem EnvQueryManager (000000C300AF1400), frame # 24678
[2020.10.13-06.30.44:129][678]LogAISub: UAISubsystem::UAISubsystem AIPerceptionSystem (000000C3119AB4C0), frame # 24678
[2020.10.13-06.30.44:129][678]LogPlayLevel: PIE: World Init took: (0.002118s)
[2020.10.13-06.30.44:129][678]LogPlayLevel: PIE: Created PIE world by copying editor world from /Game/Densidad_de_Objetos.Densidad_de_Objetos to /Game/UEDPIE_0_Densidad_de_Objetos.Densidad_de_Objetos (0.024328s)
[2020.10.13-06.30.44:170][678]LogUObjectHash: Compacting FUObjectHashTables data took   4.58ms
[2020.10.13-06.30.44:171][678]LogAudioMixer: Display: Audio Mixer Platform Settings:
[2020.10.13-06.30.44:171][678]LogAudioMixer: Display: 	Sample Rate:						  48000
[2020.10.13-06.30.44:172][678]LogAudioMixer: Display: 	Callback Buffer Frame Size Requested: 1024
[2020.10.13-06.30.44:172][678]LogAudioMixer: Display: 	Callback Buffer Frame Size To Use:	  1024
[2020.10.13-06.30.44:172][678]LogAudioMixer: Display: 	Number of buffers to queue:			  2
[2020.10.13-06.30.44:172][678]LogAudioMixer: Display: 	Max Channels (voices):				  32
[2020.10.13-06.30.44:172][678]LogAudioMixer: Display: 	Number of Async Source Workers:		  0
[2020.10.13-06.30.44:172][678]LogAudio: Display: AudioDevice MaxSources: 32
[2020.10.13-06.30.44:173][678]LogAudio: Display: Using built-in audio occlusion.
[2020.10.13-06.30.44:173][678]LogAudioMixer: Display: Initializing audio mixer.
[2020.10.13-06.30.44:175][678]LogAudioMixer: Display: 0: FrontLeft
[2020.10.13-06.30.44:175][678]LogAudioMixer: Display: 1: FrontRight
[2020.10.13-06.30.44:197][678]LogAudioMixer: Display: Using Audio Device Altavoces / Auriculares (IDT High Definition Audio CODEC)
[2020.10.13-06.30.44:197][678]LogAudioMixer: Display: Initializing Sound Submixes...
[2020.10.13-06.30.44:197][678]LogAudioMixer: Display: Creating Master Submix 'MasterSubmixDefault'
[2020.10.13-06.30.44:197][678]LogAudioMixer: Display: Creating Master Submix 'MasterReverbSubmixDefault'
[2020.10.13-06.30.44:197][678]LogAudioMixer: Display: Creating Master Submix 'MasterEQSubmixDefault'
[2020.10.13-06.30.44:214][678]LogInit: FAudioDevice initialized.
[2020.10.13-06.30.44:266][678]LogSlate: Updating window title bar state: overlay mode, drag disabled, window buttons hidden, title bar hidden
[2020.10.13-06.30.44:267][678]LogLoad: Game class is 'Multiplayer_Gamemode_C'
[2020.10.13-06.30.44:269][678]LogWorld: Bringing World /Game/UEDPIE_0_Densidad_de_Objetos.Densidad_de_Objetos up for play (max tick rate 0) at 2020.10.13-03.30.44
[2020.10.13-06.30.44:270][678]LogWorld: Bringing up level for play took: 0.002184
[2020.10.13-06.30.44:270][678]LogOnline: OSS: Creating online subsystem instance for: :Context_10
[2020.10.13-06.30.44:272][678]LogGameMode: Display: Match State Changed from EnteringMap to WaitingToStart
[2020.10.13-06.30.44:272][678]LogGameState: Match State Changed from EnteringMap to WaitingToStart
[2020.10.13-06.30.44:272][678]LogGameMode: Display: Match State Changed from WaitingToStart to InProgress
[2020.10.13-06.30.44:292][678]LogPlayerManagement: Error: Failed to Create Player: A local player already exists for controller ID 0,
[2020.10.13-06.30.44:297][678]LogGameState: Match State Changed from WaitingToStart to InProgress
[2020.10.13-06.30.44:303][678]PIE: Server logged in
[2020.10.13-06.30.44:309][678]PIE: Play in editor total start time 0.205 seconds.
[2020.10.13-06.31.00:795][600]LogSlate: Updating window title bar state: overlay mode, drag disabled, window buttons hidden, title bar hidden
[2020.10.13-06.31.00:795][600]LogWorld: BeginTearingDown for /Game/UEDPIE_0_Densidad_de_Objetos
[2020.10.13-06.31.00:796][600]LogSlate: Window 'Titulo1_Try1 Preview [NetMode: Standalone] (64-bit/Windows) ' being destroyed
[2020.10.13-06.31.00:802][600]LogWorld: UWorld::CleanupWorld for Densidad_de_Objetos, bSessionEnded=true, bCleanupResources=true
[2020.10.13-06.31.00:802][600]LogSlate: InvalidateAllWidgets triggered.  All widgets were invalidated
[2020.10.13-06.31.00:818][600]LogPlayLevel: Display: Shutting down PIE online subsystems
[2020.10.13-06.31.00:823][600]LogSlate: InvalidateAllWidgets triggered.  All widgets were invalidated
[2020.10.13-06.31.00:893][600]LogAISub: UAISubsystem::~UAISubsystem AIPerceptionSystem (000000C3119AB4C0), frame # 25600
[2020.10.13-06.31.00:893][600]LogAISub: UAISubsystem::~UAISubsystem EnvQueryManager (000000C300AF1400), frame # 25600
[2020.10.13-06.31.00:899][600]LogUObjectHash: Compacting FUObjectHashTables data took   4.10ms
[2020.10.13-06.31.00:968][601]LogPlayLevel: Display: Destroying online subsystem :Context_10
[2020.10.13-06.36.28:635][375]LogD3D11RHI: Error: Result failed 
 at D:/Build/++UE4+Licensee/Sync/Engine/Source/Runtime/Windows/D3D11RHI/Private/D3D11Query.cpp:348 
 with error DXGI_ERROR_DEVICE_REMOVED DXGI_ERROR_DEVICE_HUNG
[2020.10.13-06.36.28:635][375]LogD3D11RHI: [Aftermath] GDynamicRHI=000000C2B8FE80C0, GDX11NVAfterMathEnabled=0, Result=0xFFFFFFFF, bDeviceActive=0
[2020.10.13-06.36.28:635][375]LogWindows: Windows GetLastError: La operación se completó correctamente. (0)
[2020.10.13-06.36.30:061][375]LogWindows: FPlatformMisc::RequestExit(0)
[2020.10.13-06.36.30:061][375]LogCore: Engine exit requested (reason: Win RequestExit)
[2020.10.13-06.36.30:061][375]LogWindows: FPlatformMisc::RequestExit(1)
[2020.10.13-06.36.30:061][375]LogCore: Engine exit requested (reason: Win RequestExit; note: exit was already requested)
[2020.10.13-06.36.30:099][375]Log file closed, 10/13/20 03:36:30
