Log file open, 10/09/20 10:31:37
LogInit: Display: Running engine for game: Titulo1_Try1
LogPlatformFile: Not using cached read wrapper
LogTaskGraph: Started task graph with 5 named threads and 23 total threads with 3 sets of task threads.
LogStats: Stats thread started at 0.420371
LogD3D11RHI: Loaded GFSDK_Aftermath_Lib.x64.dll
LogICUInternationalization: ICU TimeZone Detection - Raw Offset: -3:00, Platform Override: ''
LogPluginManager: Mounting plugin Paper2D
LogPluginManager: Mounting plugin AISupport
LogPluginManager: Mounting plugin LightPropagationVolume
LogPluginManager: Mounting plugin CameraShakePreviewer
LogPluginManager: Mounting plugin ActorLayerUtilities
LogPluginManager: Mounting plugin AnimationSharing
LogPluginManager: Mounting plugin CLionSourceCodeAccess
LogPluginManager: Mounting plugin CodeLiteSourceCodeAccess
LogPluginManager: Mounting plugin GitSourceControl
LogPluginManager: Mounting plugin KDevelopSourceCodeAccess
LogPluginManager: Mounting plugin NullSourceCodeAccess
LogPluginManager: Mounting plugin PerforceSourceControl
LogPluginManager: Mounting plugin PlasticSourceControl
LogPluginManager: Mounting plugin RiderSourceCodeAccess
LogPluginManager: Mounting plugin SubversionSourceControl
LogPluginManager: Mounting plugin UObjectPlugin
LogPluginManager: Mounting plugin VisualStudioCodeSourceCodeAccess
LogPluginManager: Mounting plugin VisualStudioSourceCodeAccess
LogPluginManager: Mounting plugin XCodeSourceCodeAccess
LogPluginManager: Mounting plugin AssetManagerEditor
LogPluginManager: Mounting plugin CryptoKeys
LogPluginManager: Mounting plugin CurveEditorTools
LogPluginManager: Mounting plugin DataValidation
LogPluginManager: Mounting plugin EditorScriptingUtilities
LogPluginManager: Mounting plugin FacialAnimation
LogPluginManager: Mounting plugin GameplayTagsEditor
LogPluginManager: Mounting plugin GeometryMode
LogPluginManager: Mounting plugin MacGraphicsSwitching
LogPluginManager: Mounting plugin MaterialAnalyzer
LogPluginManager: Mounting plugin MobileLauncherProfileWizard
LogPluginManager: Mounting plugin PluginBrowser
LogPluginManager: Mounting plugin SpeedTreeImporter
LogPluginManager: Mounting plugin DatasmithContent
LogPluginManager: Mounting plugin VariantManagerContent
LogPluginManager: Mounting plugin AlembicImporter
LogPluginManager: Mounting plugin AutomationUtils
LogPluginManager: Mounting plugin BackChannel
LogPluginManager: Mounting plugin ChaosCloth
LogPluginManager: Mounting plugin ChaosClothEditor
LogPluginManager: Mounting plugin ChaosEditor
LogPluginManager: Mounting plugin ChaosNiagara
LogPluginManager: Mounting plugin ChaosSolverPlugin
LogPluginManager: Mounting plugin CharacterAI
LogPluginManager: Mounting plugin GeometryCache
LogPluginManager: Mounting plugin GeometryCollectionPlugin
LogPluginManager: Mounting plugin GeometryProcessing
LogPluginManager: Mounting plugin PlanarCut
LogPluginManager: Mounting plugin PlatformCrypto
LogPluginManager: Mounting plugin ProxyLODPlugin
LogPluginManager: Mounting plugin SkeletalReduction
LogPluginManager: Mounting plugin Niagara
LogPluginManager: Mounting plugin MagicLeap
LogPluginManager: Mounting plugin MagicLeapLightEstimation
LogPluginManager: Mounting plugin MagicLeapMedia
LogPluginManager: Mounting plugin MagicLeapPassableWorld
LogPluginManager: Mounting plugin MLSDK
LogPluginManager: Mounting plugin AndroidMedia
LogPluginManager: Mounting plugin AvfMedia
LogPluginManager: Mounting plugin ImgMedia
LogPluginManager: Mounting plugin MediaCompositing
LogPluginManager: Mounting plugin MediaPlayerEditor
LogPluginManager: Mounting plugin WebMMedia
LogPluginManager: Mounting plugin WmfMedia
LogPluginManager: Mounting plugin MeshPainting
LogPluginManager: Mounting plugin TcpMessaging
LogPluginManager: Mounting plugin UdpMessaging
LogPluginManager: Mounting plugin ActorSequence
LogPluginManager: Mounting plugin LevelSequenceEditor
LogPluginManager: Mounting plugin MatineeToLevelSequence
LogPluginManager: Mounting plugin MovieRenderPipeline
LogPluginManager: Mounting plugin TemplateSequence
LogPluginManager: Mounting plugin NetcodeUnitTest
LogPluginManager: Mounting plugin NUTUnrealEngine4
LogPluginManager: Mounting plugin OnlineSubsystemGooglePlay
LogPluginManager: Mounting plugin OnlineSubsystemIOS
LogPluginManager: Mounting plugin OnlineSubsystem
LogPluginManager: Mounting plugin OnlineSubsystemNull
LogPluginManager: Mounting plugin OnlineSubsystemUtils
LogPluginManager: Mounting plugin LauncherChunkInstaller
LogPluginManager: Mounting plugin AndroidDeviceProfileSelector
LogPluginManager: Mounting plugin AndroidMoviePlayer
LogPluginManager: Mounting plugin AndroidPermission
LogPluginManager: Mounting plugin AppleImageUtils
LogPluginManager: Mounting plugin AppleMoviePlayer
LogPluginManager: Mounting plugin ArchVisCharacter
LogPluginManager: Mounting plugin AssetTags
LogPluginManager: Mounting plugin AudioCapture
LogPluginManager: Mounting plugin CableComponent
LogPluginManager: Mounting plugin CustomMeshComponent
LogPluginManager: Mounting plugin EditableMesh
LogPluginManager: Mounting plugin ExampleDeviceProfileSelector
LogPluginManager: Mounting plugin GoogleCloudMessaging
LogPluginManager: Mounting plugin GooglePAD
LogPluginManager: Mounting plugin IOSDeviceProfileSelector
LogPluginManager: Mounting plugin LinuxDeviceProfileSelector
LogPluginManager: Mounting plugin LocationServicesBPLibrary
LogPluginManager: Mounting plugin MobilePatchingUtils
LogPluginManager: Mounting plugin OculusVR
LogPluginManager: Mounting plugin PhysXVehicles
LogPluginManager: Mounting plugin PostSplashScreen
LogPluginManager: Mounting plugin ProceduralMeshComponent
LogPluginManager: Mounting plugin RuntimePhysXCooking
LogPluginManager: Mounting plugin SignificanceManager
LogPluginManager: Mounting plugin SoundFields
LogPluginManager: Mounting plugin SteamVR
LogPluginManager: Mounting plugin Synthesis
LogPluginManager: Mounting plugin WebMMoviePlayer
LogPluginManager: Mounting plugin WindowsMoviePlayer
LogPluginManager: Mounting plugin ScreenshotTools
LogInit: Using libcurl 7.55.1-DEV
LogInit:  - built for x86_64-pc-win32
LogInit:  - supports SSL with OpenSSL/1.1.1
LogInit:  - supports HTTP deflate (compression) using libz 1.2.8
LogInit:  - other features:
LogInit:      CURL_VERSION_SSL
LogInit:      CURL_VERSION_LIBZ
LogInit:      CURL_VERSION_IPV6
LogInit:      CURL_VERSION_ASYNCHDNS
LogInit:      CURL_VERSION_LARGEFILE
LogInit:      CURL_VERSION_IDN
LogInit:  CurlRequestOptions (configurable via config and command line):
LogInit:  - bVerifyPeer = true  - Libcurl will verify peer certificate
LogInit:  - bUseHttpProxy = false  - Libcurl will NOT use HTTP proxy
LogInit:  - bDontReuseConnections = false  - Libcurl will reuse connections
LogInit:  - MaxHostConnections = 16  - Libcurl will limit the number of connections to a host
LogInit:  - LocalHostAddr = Default
LogInit:  - BufferSize = 65536
LogOnline: OSS: Creating online subsystem instance for: NULL
LogInit: WinSock: version 1.1 (2.2), MaxSocks=32767, MaxUdp=65467
LogOnline: OSS: TryLoadSubsystemAndSetDefault: Loaded subsystem for module [NULL]
LogInit: Build: ++UE4+Release-4.25-CL-13594126
LogInit: Engine Version: 4.25.1-13594126+++UE4+Release-4.25
LogInit: Compatible Engine Version: 4.25.0-13144385+++UE4+Release-4.25
LogInit: Net CL: 13144385
LogInit: OS: Windows 8.1 (), CPU: Intel(R) Core(TM) i7-4702MQ CPU @ 2.20GHz, GPU: Intel(R) HD Graphics 4600
LogInit: Compiled (64-bit): Jun  2 2020 02:10:36
LogInit: Compiled with Visual C++: 19.24.28315.00
LogInit: Build Configuration: Development
LogInit: Branch Name: ++UE4+Release-4.25
LogInit: Command Line: 
LogInit: Base Directory: D:/Program Files/Epic Games/UE_4.25/Engine/Binaries/Win64/
LogInit: Allocator: TBB
LogInit: Installed Engine Build: 1
LogDevObjectVersion: Number of dev versions registered: 26
LogDevObjectVersion:   Dev-Blueprints (B0D832E4-1F89-4F0D-ACCF-7EB736FD4AA2): 10
LogDevObjectVersion:   Dev-Build (E1C64328-A22C-4D53-A36C-8E866417BD8C): 0
LogDevObjectVersion:   Dev-Core (375EC13C-06E4-48FB-B500-84F0262A717E): 4
LogDevObjectVersion:   Dev-Editor (E4B068ED-F494-42E9-A231-DA0B2E46BB41): 38
LogDevObjectVersion:   Dev-Framework (CFFC743F-43B0-4480-9391-14DF171D2073): 37
LogDevObjectVersion:   Dev-Mobile (B02B49B5-BB20-44E9-A304-32B752E40360): 2
LogDevObjectVersion:   Dev-Networking (A4E4105C-59A1-49B5-A7C5-40C4547EDFEE): 0
LogDevObjectVersion:   Dev-Online (39C831C9-5AE6-47DC-9A44-9C173E1C8E7C): 0
LogDevObjectVersion:   Dev-Physics (78F01B33-EBEA-4F98-B9B4-84EACCB95AA2): 4
LogDevObjectVersion:   Dev-Platform (6631380F-2D4D-43E0-8009-CF276956A95A): 0
LogDevObjectVersion:   Dev-Rendering (12F88B9F-8875-4AFC-A67C-D90C383ABD29): 43
LogDevObjectVersion:   Dev-Sequencer (7B5AE74C-D270-4C10-A958-57980B212A5A): 12
LogDevObjectVersion:   Dev-VR (D7296918-1DD6-4BDD-9DE2-64A83CC13884): 3
LogDevObjectVersion:   Dev-LoadTimes (C2A15278-BFE7-4AFE-6C17-90FF531DF755): 1
LogDevObjectVersion:   Private-Geometry (6EACA3D4-40EC-4CC1-B786-8BED09428FC5): 3
LogDevObjectVersion:   Dev-AnimPhys (29E575DD-E0A3-4627-9D10-D276232CDCEA): 17
LogDevObjectVersion:   Dev-Anim (AF43A65D-7FD3-4947-9873-3E8ED9C1BB05): 7
LogDevObjectVersion:   Dev-ReflectionCapture (6B266CEC-1EC7-4B8F-A30B-E4D90942FC07): 1
LogDevObjectVersion:   Dev-Automation (0DF73D61-A23F-47EA-B727-89E90C41499A): 1
LogDevObjectVersion:   FortniteMain (601D1886-AC64-4F84-AA16-D3DE0DEAC7D6): 31
LogDevObjectVersion:   Dev-Enterprise (9DFFBCD6-494F-0158-E221-12823C92A888): 10
LogDevObjectVersion:   Dev-Niagara (F2AED0AC-9AFE-416F-8664-AA7FFA26D6FC): 1
LogDevObjectVersion:   Dev-Destruction (174F1F0B-B4C6-45A5-B13F-2EE8D0FB917D): 10
LogDevObjectVersion:   Dev-Physics-Ext (35F94A83-E258-406C-A318-09F59610247C): 37
LogDevObjectVersion:   Dev-PhysicsMaterial-Chaos (B68FC16E-8B1B-42E2-B453-215C058844FE): 1
LogDevObjectVersion:   Dev-CineCamera (B2E18506-4273-CFC2-A54E-F4BB758BBA07): 1
LogInit: Presizing for max 25165824 objects, including 0 objects not considered by GC, pre-allocating 0 bytes for permanent pool.
LogConfig: Applying CVar settings from Section [/Script/Engine.StreamingSettings] File [D:/Documentos/Unreal Projects/PT1 - copia/Saved/Config/Windows/Engine.ini]
LogConfig: Setting CVar [[s.MinBulkDataSizeForAsyncLoading:131072]]
LogConfig: Setting CVar [[s.AsyncLoadingThreadEnabled:0]]
LogConfig: Setting CVar [[s.EventDrivenLoaderEnabled:1]]
LogConfig: Setting CVar [[s.WarnIfTimeLimitExceeded:0]]
LogConfig: Setting CVar [[s.TimeLimitExceededMultiplier:1.5]]
LogConfig: Setting CVar [[s.TimeLimitExceededMinTime:0.005]]
LogConfig: Setting CVar [[s.UseBackgroundLevelStreaming:1]]
LogConfig: Setting CVar [[s.PriorityAsyncLoadingExtraTime:15.0]]
LogConfig: Setting CVar [[s.LevelStreamingActorsUpdateTimeLimit:5.0]]
LogConfig: Setting CVar [[s.PriorityLevelStreamingActorsUpdateExtraTime:5.0]]
LogConfig: Setting CVar [[s.LevelStreamingComponentsRegistrationGranularity:10]]
LogConfig: Setting CVar [[s.UnregisterComponentsTimeLimit:1.0]]
LogConfig: Setting CVar [[s.LevelStreamingComponentsUnregistrationGranularity:5]]
LogConfig: Setting CVar [[s.FlushStreamingOnExit:1]]
LogInit: Object subsystem initialized
LogConfig: Setting CVar [[con.DebugEarlyDefault:1]]
LogConfig: Setting CVar [[r.setres:1280x720]]
[2020.10.09-13.31.37:400][  0]LogConfig: Setting CVar [[r.VSync:0]]
[2020.10.09-13.31.37:400][  0]LogConfig: Setting CVar [[r.RHICmdBypass:0]]
[2020.10.09-13.31.37:400][  0]LogConfig: Applying CVar settings from Section [/Script/Engine.RendererSettings] File [D:/Documentos/Unreal Projects/PT1 - copia/Saved/Config/Windows/Engine.ini]
[2020.10.09-13.31.37:400][  0]LogConfig: Setting CVar [[r.GPUCrashDebugging:0]]
[2020.10.09-13.31.37:400][  0]LogConfig: Setting CVar [[r.MobileHDR:1]]
[2020.10.09-13.31.37:400][  0]LogConfig: Setting CVar [[r.Mobile.DisableVertexFog:1]]
[2020.10.09-13.31.37:401][  0]LogConfig: Setting CVar [[r.Shadow.CSM.MaxMobileCascades:2]]
[2020.10.09-13.31.37:401][  0]LogConfig: Setting CVar [[r.MobileMSAA:1]]
[2020.10.09-13.31.37:401][  0]LogConfig: Setting CVar [[r.Mobile.UseLegacyShadingModel:0]]
[2020.10.09-13.31.37:401][  0]LogConfig: Setting CVar [[r.Mobile.UseHWsRGBEncoding:0]]
[2020.10.09-13.31.37:401][  0]LogConfig: Setting CVar [[r.Mobile.AllowDitheredLODTransition:0]]
[2020.10.09-13.31.37:401][  0]LogConfig: Setting CVar [[r.Mobile.AllowSoftwareOcclusion:0]]
[2020.10.09-13.31.37:401][  0]LogConfig: Setting CVar [[r.DiscardUnusedQuality:0]]
[2020.10.09-13.31.37:401][  0]LogConfig: Setting CVar [[r.AllowOcclusionQueries:1]]
[2020.10.09-13.31.37:401][  0]LogConfig: Setting CVar [[r.MinScreenRadiusForLights:0.030000]]
[2020.10.09-13.31.37:401][  0]LogConfig: Setting CVar [[r.MinScreenRadiusForDepthPrepass:0.030000]]
[2020.10.09-13.31.37:401][  0]LogConfig: Setting CVar [[r.MinScreenRadiusForCSMDepth:0.010000]]
[2020.10.09-13.31.37:401][  0]LogConfig: Setting CVar [[r.PrecomputedVisibilityWarning:0]]
[2020.10.09-13.31.37:401][  0]LogConfig: Setting CVar [[r.TextureStreaming:1]]
[2020.10.09-13.31.37:401][  0]LogConfig: Setting CVar [[Compat.UseDXT5NormalMaps:0]]
[2020.10.09-13.31.37:401][  0]LogConfig: Setting CVar [[r.VirtualTextures:0]]
[2020.10.09-13.31.37:401][  0]LogConfig: Setting CVar [[r.VirtualTexturedLightmaps:0]]
[2020.10.09-13.31.37:401][  0]LogConfig: Setting CVar [[r.VT.TileSize:128]]
[2020.10.09-13.31.37:401][  0]LogConfig: Setting CVar [[r.VT.TileBorderSize:4]]
[2020.10.09-13.31.37:401][  0]LogConfig: Setting CVar [[r.vt.FeedbackFactor:16]]
[2020.10.09-13.31.37:401][  0]LogConfig: Setting CVar [[r.VT.EnableCompressZlib:1]]
[2020.10.09-13.31.37:401][  0]LogConfig: Setting CVar [[r.VT.EnableCompressCrunch:0]]
[2020.10.09-13.31.37:401][  0]LogConfig: Setting CVar [[r.ClearCoatNormal:0]]
[2020.10.09-13.31.37:401][  0]LogConfig: Setting CVar [[r.ReflectionCaptureResolution:128]]
[2020.10.09-13.31.37:401][  0]LogConfig: Setting CVar [[r.ReflectionEnvironmentLightmapMixBasedOnRoughness:1]]
[2020.10.09-13.31.37:401][  0]LogConfig: Setting CVar [[r.ForwardShading:0]]
[2020.10.09-13.31.37:401][  0]LogConfig: Setting CVar [[r.VertexFoggingForOpaque:1]]
[2020.10.09-13.31.37:401][  0]LogConfig: Setting CVar [[r.AllowStaticLighting:1]]
[2020.10.09-13.31.37:401][  0]LogConfig: Setting CVar [[r.NormalMapsForStaticLighting:0]]
[2020.10.09-13.31.37:401][  0]LogConfig: Setting CVar [[r.GenerateMeshDistanceFields:0]]
[2020.10.09-13.31.37:401][  0]LogConfig: Setting CVar [[r.DistanceFieldBuild.EightBit:0]]
[2020.10.09-13.31.37:401][  0]LogConfig: Setting CVar [[r.GenerateLandscapeGIData:0]]
[2020.10.09-13.31.37:401][  0]LogConfig: Setting CVar [[r.DistanceFieldBuild.Compress:0]]
[2020.10.09-13.31.37:401][  0]LogConfig: Setting CVar [[r.TessellationAdaptivePixelsPerTriangle:48.000000]]
[2020.10.09-13.31.37:401][  0]LogConfig: Setting CVar [[r.SeparateTranslucency:1]]
[2020.10.09-13.31.37:401][  0]LogConfig: Setting CVar [[r.TranslucentSortPolicy:0]]
[2020.10.09-13.31.37:401][  0]LogConfig: Setting CVar [[r.CustomDepth:1]]
[2020.10.09-13.31.37:401][  0]LogConfig: Setting CVar [[r.CustomDepthTemporalAAJitter:1]]
[2020.10.09-13.31.37:401][  0]LogConfig: Setting CVar [[r.PostProcessing.PropagateAlpha:0]]
[2020.10.09-13.31.37:401][  0]LogConfig: Setting CVar [[r.DefaultFeature.Bloom:1]]
[2020.10.09-13.31.37:401][  0]LogConfig: Setting CVar [[r.DefaultFeature.AmbientOcclusion:1]]
[2020.10.09-13.31.37:401][  0]LogConfig: Setting CVar [[r.DefaultFeature.AmbientOcclusionStaticFraction:1]]
[2020.10.09-13.31.37:401][  0]LogConfig: Setting CVar [[r.DefaultFeature.AutoExposure:0]]
[2020.10.09-13.31.37:401][  0]LogConfig: Setting CVar [[r.DefaultFeature.AutoExposure.Method:0]]
[2020.10.09-13.31.37:401][  0]LogConfig: Setting CVar [[r.DefaultFeature.AutoExposure.ExtendDefaultLuminanceRange:0]]
[2020.10.09-13.31.37:401][  0]LogConfig: Setting CVar [[r.UsePreExposure:1]]
[2020.10.09-13.31.37:401][  0]LogConfig: Setting CVar [[r.EyeAdaptation.EditorOnly:1]]
[2020.10.09-13.31.37:401][  0]LogConfig: Setting CVar [[r.DefaultFeature.MotionBlur:0]]
[2020.10.09-13.31.37:401][  0]LogConfig: Setting CVar [[r.DefaultFeature.LensFlare:0]]
[2020.10.09-13.31.37:401][  0]LogConfig: Setting CVar [[r.TemporalAA.Upsampling:0]]
[2020.10.09-13.31.37:401][  0]LogConfig: Setting CVar [[r.SSGI.Enable:0]]
[2020.10.09-13.31.37:401][  0]LogConfig: Setting CVar [[r.DefaultFeature.AntiAliasing:0]]
[2020.10.09-13.31.37:401][  0]LogConfig: Setting CVar [[r.DefaultFeature.LightUnits:1]]
[2020.10.09-13.31.37:401][  0]LogConfig: Setting CVar [[r.DefaultBackBufferPixelFormat:4]]
[2020.10.09-13.31.37:401][  0]LogConfig: Setting CVar [[r.Shadow.UnbuiltPreviewInGame:1]]
[2020.10.09-13.31.37:401][  0]LogConfig: Setting CVar [[r.StencilForLODDither:0]]
[2020.10.09-13.31.37:401][  0]LogConfig: Setting CVar [[r.EarlyZPass:3]]
[2020.10.09-13.31.37:401][  0]LogConfig: Setting CVar [[r.EarlyZPassOnlyMaterialMasking:0]]
[2020.10.09-13.31.37:401][  0]LogConfig: Setting CVar [[r.DBuffer:1]]
[2020.10.09-13.31.37:401][  0]LogConfig: Setting CVar [[r.ClearSceneMethod:1]]
[2020.10.09-13.31.37:401][  0]LogConfig: Setting CVar [[r.BasePassOutputsVelocity:0]]
[2020.10.09-13.31.37:401][  0]LogConfig: Setting CVar [[r.SelectiveBasePassOutputs:0]]
[2020.10.09-13.31.37:401][  0]LogConfig: Setting CVar [[fx.GPUSimulationTextureSizeX:1024]]
[2020.10.09-13.31.37:401][  0]LogConfig: Setting CVar [[fx.GPUSimulationTextureSizeY:1024]]
[2020.10.09-13.31.37:401][  0]LogConfig: Setting CVar [[r.AllowGlobalClipPlane:0]]
[2020.10.09-13.31.37:401][  0]LogConfig: Setting CVar [[r.GBufferFormat:1]]
[2020.10.09-13.31.37:401][  0]LogConfig: Setting CVar [[r.MorphTarget.Mode:1]]
[2020.10.09-13.31.37:401][  0]LogConfig: Setting CVar [[vr.InstancedStereo:0]]
[2020.10.09-13.31.37:401][  0]LogConfig: Setting CVar [[vr.MobileMultiView:0]]
[2020.10.09-13.31.37:401][  0]LogConfig: Setting CVar [[vr.RoundRobinOcclusion:0]]
[2020.10.09-13.31.37:401][  0]LogConfig: Setting CVar [[vr.ODSCapture:0]]
[2020.10.09-13.31.37:401][  0]LogConfig: Setting CVar [[r.WireframeCullThreshold:5.000000]]
[2020.10.09-13.31.37:401][  0]LogConfig: Setting CVar [[r.RayTracing:0]]
[2020.10.09-13.31.37:401][  0]LogConfig: Setting CVar [[r.RayTracing.UseTextureLod:0]]
[2020.10.09-13.31.37:401][  0]LogConfig: Setting CVar [[r.SupportStationarySkylight:1]]
[2020.10.09-13.31.37:401][  0]LogConfig: Setting CVar [[r.SupportLowQualityLightmaps:1]]
[2020.10.09-13.31.37:401][  0]LogConfig: Setting CVar [[r.SupportPointLightWholeSceneShadows:1]]
[2020.10.09-13.31.37:401][  0]LogConfig: Setting CVar [[r.SupportAtmosphericFog:1]]
[2020.10.09-13.31.37:401][  0]LogConfig: Setting CVar [[r.SupportSkyAtmosphere:1]]
[2020.10.09-13.31.37:402][  0]LogConfig: Setting CVar [[r.SupportSkyAtmosphereAffectsHeightFog:0]]
[2020.10.09-13.31.37:402][  0]LogConfig: Setting CVar [[r.SkinCache.CompileShaders:0]]
[2020.10.09-13.31.37:402][  0]LogConfig: Setting CVar [[r.Mobile.EnableStaticAndCSMShadowReceivers:1]]
[2020.10.09-13.31.37:402][  0]LogConfig: Setting CVar [[r.Mobile.EnableMovableLightCSMShaderCulling:1]]
[2020.10.09-13.31.37:402][  0]LogConfig: Setting CVar [[r.Mobile.AllowDistanceFieldShadows:1]]
[2020.10.09-13.31.37:402][  0]LogConfig: Setting CVar [[r.Mobile.AllowMovableDirectionalLights:1]]
[2020.10.09-13.31.37:402][  0]LogConfig: Setting CVar [[r.MobileNumDynamicPointLights:4]]
[2020.10.09-13.31.37:402][  0]LogConfig: Setting CVar [[r.MobileDynamicPointLightsUseStaticBranch:1]]
[2020.10.09-13.31.37:402][  0]LogConfig: Setting CVar [[r.Mobile.EnableMovableSpotlights:0]]
[2020.10.09-13.31.37:402][  0]LogConfig: Setting CVar [[r.SkinCache.SceneMemoryLimitInMB:128.000000]]
[2020.10.09-13.31.37:402][  0]LogConfig: Setting CVar [[r.GPUSkin.Limit2BoneInfluences:0]]
[2020.10.09-13.31.37:402][  0]LogConfig: Setting CVar [[r.SupportDepthOnlyIndexBuffers:1]]
[2020.10.09-13.31.37:402][  0]LogConfig: Setting CVar [[r.SupportReversedIndexBuffers:1]]
[2020.10.09-13.31.37:402][  0]LogConfig: Setting CVar [[r.SupportMaterialLayers:0]]
[2020.10.09-13.31.37:402][  0]LogConfig: Setting CVar [[r.LightPropagationVolume:0]]
[2020.10.09-13.31.37:402][  0]LogConfig: Applying CVar settings from Section [/Script/Engine.RendererOverrideSettings] File [D:/Documentos/Unreal Projects/PT1 - copia/Saved/Config/Windows/Engine.ini]
[2020.10.09-13.31.37:402][  0]LogConfig: Applying CVar settings from Section [/Script/Engine.StreamingSettings] File [D:/Documentos/Unreal Projects/PT1 - copia/Saved/Config/Windows/Engine.ini]
[2020.10.09-13.31.37:402][  0]LogConfig: Setting CVar [[s.MinBulkDataSizeForAsyncLoading:131072]]
[2020.10.09-13.31.37:402][  0]LogConfig: Setting CVar [[s.AsyncLoadingThreadEnabled:0]]
[2020.10.09-13.31.37:402][  0]LogConfig: Setting CVar [[s.EventDrivenLoaderEnabled:1]]
[2020.10.09-13.31.37:402][  0]LogConfig: Setting CVar [[s.WarnIfTimeLimitExceeded:0]]
[2020.10.09-13.31.37:402][  0]LogConfig: Setting CVar [[s.TimeLimitExceededMultiplier:1.5]]
[2020.10.09-13.31.37:402][  0]LogConfig: Setting CVar [[s.TimeLimitExceededMinTime:0.005]]
[2020.10.09-13.31.37:402][  0]LogConfig: Setting CVar [[s.UseBackgroundLevelStreaming:1]]
[2020.10.09-13.31.37:402][  0]LogConfig: Setting CVar [[s.PriorityAsyncLoadingExtraTime:15.0]]
[2020.10.09-13.31.37:402][  0]LogConfig: Setting CVar [[s.LevelStreamingActorsUpdateTimeLimit:5.0]]
[2020.10.09-13.31.37:402][  0]LogConfig: Setting CVar [[s.PriorityLevelStreamingActorsUpdateExtraTime:5.0]]
[2020.10.09-13.31.37:402][  0]LogConfig: Setting CVar [[s.LevelStreamingComponentsRegistrationGranularity:10]]
[2020.10.09-13.31.37:402][  0]LogConfig: Setting CVar [[s.UnregisterComponentsTimeLimit:1.0]]
[2020.10.09-13.31.37:402][  0]LogConfig: Setting CVar [[s.LevelStreamingComponentsUnregistrationGranularity:5]]
[2020.10.09-13.31.37:402][  0]LogConfig: Setting CVar [[s.FlushStreamingOnExit:1]]
[2020.10.09-13.31.37:402][  0]LogConfig: Applying CVar settings from Section [/Script/Engine.GarbageCollectionSettings] File [D:/Documentos/Unreal Projects/PT1 - copia/Saved/Config/Windows/Engine.ini]
[2020.10.09-13.31.37:402][  0]LogConfig: Setting CVar [[gc.MaxObjectsNotConsideredByGC:1]]
[2020.10.09-13.31.37:402][  0]LogConfig: Setting CVar [[gc.SizeOfPermanentObjectPool:0]]
[2020.10.09-13.31.37:402][  0]LogConfig: Setting CVar [[gc.FlushStreamingOnGC:0]]
[2020.10.09-13.31.37:402][  0]LogConfig: Setting CVar [[gc.NumRetriesBeforeForcingGC:10]]
[2020.10.09-13.31.37:402][  0]LogConfig: Setting CVar [[gc.AllowParallelGC:1]]
[2020.10.09-13.31.37:402][  0]LogConfig: Setting CVar [[gc.TimeBetweenPurgingPendingKillObjects:61.1]]
[2020.10.09-13.31.37:402][  0]LogConfig: Setting CVar [[gc.MaxObjectsInEditor:25165824]]
[2020.10.09-13.31.37:402][  0]LogConfig: Setting CVar [[gc.IncrementalBeginDestroyEnabled:1]]
[2020.10.09-13.31.37:402][  0]LogConfig: Setting CVar [[gc.CreateGCClusters:1]]
[2020.10.09-13.31.37:402][  0]LogConfig: Setting CVar [[gc.MinGCClusterSize:5]]
[2020.10.09-13.31.37:402][  0]LogConfig: Setting CVar [[gc.ActorClusteringEnabled:0]]
[2020.10.09-13.31.37:402][  0]LogConfig: Setting CVar [[gc.BlueprintClusteringEnabled:0]]
[2020.10.09-13.31.37:402][  0]LogConfig: Setting CVar [[gc.UseDisregardForGCOnDedicatedServers:0]]
[2020.10.09-13.31.37:402][  0]LogConfig: Applying CVar settings from Section [/Script/Engine.NetworkSettings] File [D:/Documentos/Unreal Projects/PT1 - copia/Saved/Config/Windows/Engine.ini]
[2020.10.09-13.31.37:402][  0]LogConfig: Applying CVar settings from Section [/Script/UnrealEd.CookerSettings] File [D:/Documentos/Unreal Projects/PT1 - copia/Saved/Config/Windows/Engine.ini]
[2020.10.09-13.31.37:404][  0]LogConfig: Applying CVar settings from Section [ViewDistanceQuality@3] File [D:/Documentos/Unreal Projects/PT1 - copia/Saved/Config/Windows/Scalability.ini]
[2020.10.09-13.31.37:404][  0]LogConfig: Setting CVar [[r.SkeletalMeshLODBias:0]]
[2020.10.09-13.31.37:404][  0]LogConfig: Setting CVar [[r.ViewDistanceScale:1.0]]
[2020.10.09-13.31.37:404][  0]LogConfig: Applying CVar settings from Section [AntiAliasingQuality@3] File [D:/Documentos/Unreal Projects/PT1 - copia/Saved/Config/Windows/Scalability.ini]
[2020.10.09-13.31.37:404][  0]LogConfig: Setting CVar [[r.PostProcessAAQuality:4]]
[2020.10.09-13.31.37:404][  0]LogConfig: Applying CVar settings from Section [ShadowQuality@3] File [D:/Documentos/Unreal Projects/PT1 - copia/Saved/Config/Windows/Scalability.ini]
[2020.10.09-13.31.37:404][  0]LogConfig: Setting CVar [[r.LightFunctionQuality:1]]
[2020.10.09-13.31.37:404][  0]LogConfig: Setting CVar [[r.ShadowQuality:5]]
[2020.10.09-13.31.37:404][  0]LogConfig: Setting CVar [[r.Shadow.CSM.MaxCascades:10]]
[2020.10.09-13.31.37:404][  0]LogConfig: Setting CVar [[r.Shadow.MaxResolution:2048]]
[2020.10.09-13.31.37:404][  0]LogConfig: Setting CVar [[r.Shadow.MaxCSMResolution:2048]]
[2020.10.09-13.31.37:404][  0]LogConfig: Setting CVar [[r.Shadow.RadiusThreshold:0.01]]
[2020.10.09-13.31.37:404][  0]LogConfig: Setting CVar [[r.Shadow.DistanceScale:1.0]]
[2020.10.09-13.31.37:404][  0]LogConfig: Setting CVar [[r.Shadow.CSM.TransitionScale:1.0]]
[2020.10.09-13.31.37:404][  0]LogConfig: Setting CVar [[r.Shadow.PreShadowResolutionFactor:1.0]]
[2020.10.09-13.31.37:404][  0]LogConfig: Setting CVar [[r.DistanceFieldShadowing:1]]
[2020.10.09-13.31.37:404][  0]LogConfig: Setting CVar [[r.DistanceFieldAO:1]]
[2020.10.09-13.31.37:404][  0]LogConfig: Setting CVar [[r.AOQuality:2]]
[2020.10.09-13.31.37:404][  0]LogConfig: Setting CVar [[r.VolumetricFog:1]]
[2020.10.09-13.31.37:404][  0]LogConfig: Setting CVar [[r.VolumetricFog.GridPixelSize:8]]
[2020.10.09-13.31.37:404][  0]LogConfig: Setting CVar [[r.VolumetricFog.GridSizeZ:128]]
[2020.10.09-13.31.37:404][  0]LogConfig: Setting CVar [[r.VolumetricFog.HistoryMissSupersampleCount:4]]
[2020.10.09-13.31.37:404][  0]LogConfig: Setting CVar [[r.LightMaxDrawDistanceScale:1]]
[2020.10.09-13.31.37:404][  0]LogConfig: Setting CVar [[r.CapsuleShadows:1]]
[2020.10.09-13.31.37:404][  0]LogConfig: Applying CVar settings from Section [PostProcessQuality@3] File [D:/Documentos/Unreal Projects/PT1 - copia/Saved/Config/Windows/Scalability.ini]
[2020.10.09-13.31.37:404][  0]LogConfig: Setting CVar [[r.MotionBlurQuality:4]]
[2020.10.09-13.31.37:404][  0]LogConfig: Setting CVar [[r.AmbientOcclusionMipLevelFactor:0.4]]
[2020.10.09-13.31.37:404][  0]LogConfig: Setting CVar [[r.AmbientOcclusionMaxQuality:100]]
[2020.10.09-13.31.37:404][  0]LogConfig: Setting CVar [[r.AmbientOcclusionLevels:-1]]
[2020.10.09-13.31.37:404][  0]LogConfig: Setting CVar [[r.AmbientOcclusionRadiusScale:1.0]]
[2020.10.09-13.31.37:404][  0]LogConfig: Setting CVar [[r.DepthOfFieldQuality:2]]
[2020.10.09-13.31.37:404][  0]LogConfig: Setting CVar [[r.RenderTargetPoolMin:400]]
[2020.10.09-13.31.37:404][  0]LogConfig: Setting CVar [[r.LensFlareQuality:2]]
[2020.10.09-13.31.37:404][  0]LogConfig: Setting CVar [[r.SceneColorFringeQuality:1]]
[2020.10.09-13.31.37:404][  0]LogConfig: Setting CVar [[r.EyeAdaptationQuality:2]]
[2020.10.09-13.31.37:404][  0]LogConfig: Setting CVar [[r.BloomQuality:5]]
[2020.10.09-13.31.37:404][  0]LogConfig: Setting CVar [[r.FastBlurThreshold:100]]
[2020.10.09-13.31.37:404][  0]LogConfig: Setting CVar [[r.Upscale.Quality:3]]
[2020.10.09-13.31.37:404][  0]LogConfig: Setting CVar [[r.Tonemapper.GrainQuantization:1]]
[2020.10.09-13.31.37:404][  0]LogConfig: Setting CVar [[r.LightShaftQuality:1]]
[2020.10.09-13.31.37:404][  0]LogConfig: Setting CVar [[r.Filter.SizeScale:1]]
[2020.10.09-13.31.37:404][  0]LogConfig: Setting CVar [[r.Tonemapper.Quality:5]]
[2020.10.09-13.31.37:404][  0]LogConfig: Setting CVar [[r.DOF.Gather.AccumulatorQuality:1        ; higher gathering accumulator quality]]
[2020.10.09-13.31.37:404][  0]LogConfig: Setting CVar [[r.DOF.Gather.PostfilterMethod:1          ; Median3x3 postfilering method]]
[2020.10.09-13.31.37:404][  0]LogConfig: Setting CVar [[r.DOF.Gather.EnableBokehSettings:0       ; no bokeh simulation when gathering]]
[2020.10.09-13.31.37:404][  0]LogConfig: Setting CVar [[r.DOF.Gather.RingCount:4                 ; medium number of samples when gathering]]
[2020.10.09-13.31.37:404][  0]LogConfig: Setting CVar [[r.DOF.Scatter.ForegroundCompositing:1    ; additive foreground scattering]]
[2020.10.09-13.31.37:404][  0]LogConfig: Setting CVar [[r.DOF.Scatter.BackgroundCompositing:2    ; additive background scattering]]
[2020.10.09-13.31.37:404][  0]LogConfig: Setting CVar [[r.DOF.Scatter.EnableBokehSettings:1      ; bokeh simulation when scattering]]
[2020.10.09-13.31.37:404][  0]LogConfig: Setting CVar [[r.DOF.Scatter.MaxSpriteRatio:0.1         ; only a maximum of 10% of scattered bokeh]]
[2020.10.09-13.31.37:404][  0]LogConfig: Setting CVar [[r.DOF.Recombine.Quality:1                ; cheap slight out of focus]]
[2020.10.09-13.31.37:404][  0]LogConfig: Setting CVar [[r.DOF.Recombine.EnableBokehSettings:0    ; no bokeh simulation on slight out of focus]]
[2020.10.09-13.31.37:404][  0]LogConfig: Setting CVar [[r.DOF.TemporalAAQuality:1                ; more stable temporal accumulation]]
[2020.10.09-13.31.37:404][  0]LogConfig: Setting CVar [[r.DOF.Kernel.MaxForegroundRadius:0.025]]
[2020.10.09-13.31.37:404][  0]LogConfig: Setting CVar [[r.DOF.Kernel.MaxBackgroundRadius:0.025]]
[2020.10.09-13.31.37:404][  0]LogConfig: Applying CVar settings from Section [TextureQuality@3] File [D:/Documentos/Unreal Projects/PT1 - copia/Saved/Config/Windows/Scalability.ini]
[2020.10.09-13.31.37:404][  0]LogConfig: Setting CVar [[r.Streaming.MipBias:0]]
[2020.10.09-13.31.37:405][  0]LogConfig: Setting CVar [[r.Streaming.AmortizeCPUToGPUCopy:0]]
[2020.10.09-13.31.37:405][  0]LogConfig: Setting CVar [[r.Streaming.MaxNumTexturesToStreamPerFrame:0]]
[2020.10.09-13.31.37:405][  0]LogConfig: Setting CVar [[r.Streaming.Boost:1]]
[2020.10.09-13.31.37:405][  0]LogConfig: Setting CVar [[r.MaxAnisotropy:8]]
[2020.10.09-13.31.37:405][  0]LogConfig: Setting CVar [[r.VT.MaxAnisotropy:8]]
[2020.10.09-13.31.37:405][  0]LogConfig: Setting CVar [[r.Streaming.LimitPoolSizeToVRAM:0]]
[2020.10.09-13.31.37:405][  0]LogConfig: Setting CVar [[r.Streaming.PoolSize:1000]]
[2020.10.09-13.31.37:405][  0]LogConfig: Setting CVar [[r.Streaming.MaxEffectiveScreenSize:0]]
[2020.10.09-13.31.37:405][  0]LogConfig: Applying CVar settings from Section [EffectsQuality@3] File [D:/Documentos/Unreal Projects/PT1 - copia/Saved/Config/Windows/Scalability.ini]
[2020.10.09-13.31.37:405][  0]LogConfig: Setting CVar [[r.TranslucencyLightingVolumeDim:64]]
[2020.10.09-13.31.37:405][  0]LogConfig: Setting CVar [[r.RefractionQuality:2]]
[2020.10.09-13.31.37:405][  0]LogConfig: Setting CVar [[r.SSR.Quality:3]]
[2020.10.09-13.31.37:405][  0]LogConfig: Setting CVar [[r.SSR.HalfResSceneColor:0]]
[2020.10.09-13.31.37:405][  0]LogConfig: Setting CVar [[r.SceneColorFormat:4]]
[2020.10.09-13.31.37:405][  0]LogConfig: Setting CVar [[r.DetailMode:2]]
[2020.10.09-13.31.37:405][  0]LogConfig: Setting CVar [[r.TranslucencyVolumeBlur:1]]
[2020.10.09-13.31.37:405][  0]LogConfig: Setting CVar [[r.MaterialQualityLevel:1 ; High quality]]
[2020.10.09-13.31.37:405][  0]LogConfig: Setting CVar [[r.SSS.Scale:1]]
[2020.10.09-13.31.37:405][  0]LogConfig: Setting CVar [[r.SSS.SampleSet:2]]
[2020.10.09-13.31.37:405][  0]LogConfig: Setting CVar [[r.SSS.Quality:1]]
[2020.10.09-13.31.37:405][  0]LogConfig: Setting CVar [[r.SSS.HalfRes:0]]
[2020.10.09-13.31.37:405][  0]LogConfig: Setting CVar [[r.SSGI.Quality:3]]
[2020.10.09-13.31.37:405][  0]LogConfig: Setting CVar [[r.EmitterSpawnRateScale:1.0]]
[2020.10.09-13.31.37:405][  0]LogConfig: Setting CVar [[r.ParticleLightQuality:2]]
[2020.10.09-13.31.37:405][  0]LogConfig: Setting CVar [[r.SkyAtmosphere.AerialPerspectiveLUT.FastApplyOnOpaque:1 ; Always have FastSkyLUT 1 in this case to avoid wrong sky]]
[2020.10.09-13.31.37:405][  0]LogConfig: Setting CVar [[r.SkyAtmosphere.AerialPerspectiveLUT.SampleCountPerSlice:1]]
[2020.10.09-13.31.37:405][  0]LogConfig: Setting CVar [[r.SkyAtmosphere.AerialPerspectiveLUT.DepthResolution:16.0]]
[2020.10.09-13.31.37:405][  0]LogConfig: Setting CVar [[r.SkyAtmosphere.FastSkyLUT:1]]
[2020.10.09-13.31.37:405][  0]LogConfig: Setting CVar [[r.SkyAtmosphere.FastSkyLUT.SampleCountMin:4.0]]
[2020.10.09-13.31.37:405][  0]LogConfig: Setting CVar [[r.SkyAtmosphere.FastSkyLUT.SampleCountMax:32.0]]
[2020.10.09-13.31.37:405][  0]LogConfig: Setting CVar [[r.SkyAtmosphere.SampleCountMin:4.0]]
[2020.10.09-13.31.37:405][  0]LogConfig: Setting CVar [[r.SkyAtmosphere.SampleCountMax:32.0]]
[2020.10.09-13.31.37:405][  0]LogConfig: Setting CVar [[r.SkyAtmosphere.TransmittanceLUT.UseSmallFormat:0]]
[2020.10.09-13.31.37:405][  0]LogConfig: Setting CVar [[r.SkyAtmosphere.TransmittanceLUT.SampleCount:10.0]]
[2020.10.09-13.31.37:405][  0]LogConfig: Setting CVar [[r.SkyAtmosphere.MultiScatteringLUT.SampleCount:15.0]]
[2020.10.09-13.31.37:405][  0]LogConfig: Applying CVar settings from Section [FoliageQuality@3] File [D:/Documentos/Unreal Projects/PT1 - copia/Saved/Config/Windows/Scalability.ini]
[2020.10.09-13.31.37:405][  0]LogConfig: Setting CVar [[foliage.DensityScale:1.0]]
[2020.10.09-13.31.37:405][  0]LogConfig: Setting CVar [[grass.DensityScale:1.0]]
[2020.10.09-13.31.37:405][  0]LogConfig: Applying CVar settings from Section [ShadingQuality@3] File [D:/Documentos/Unreal Projects/PT1 - copia/Saved/Config/Windows/Scalability.ini]
[2020.10.09-13.31.37:405][  0]LogConfig: Setting CVar [[r.HairStrands.SkyLighting.SampleCount:16]]
[2020.10.09-13.31.37:405][  0]LogConfig: Setting CVar [[r.HairStrands.SkyLighting.JitterIntegration:0]]
[2020.10.09-13.31.37:405][  0]LogConfig: Setting CVar [[r.HairStrands.SkyAO.SampleCount:16]]
[2020.10.09-13.31.37:405][  0]LogConfig: Setting CVar [[r.HairStrands.DeepShadow.SuperSampling:0]]
[2020.10.09-13.31.37:405][  0]LogConfig: Setting CVar [[r.HairStrands.VisibilityPPLL:0]]
[2020.10.09-13.31.37:405][  0]LogConfig: Setting CVar [[r.HairStrands.RasterizationScale:0.5]]
[2020.10.09-13.31.37:405][  0]LogConfig: Setting CVar [[r.HairStrands.VelocityRasterizationScale:1]]
[2020.10.09-13.31.37:405][  0]LogInit: Selected Device Profile: [Windows]
[2020.10.09-13.31.37:405][  0]LogInit: Applying CVar settings loaded from the selected device profile: [Windows]
[2020.10.09-13.31.37:405][  0]LogHAL: Display: Platform has ~ 16 GB [17112870912 / 17179869184 / 16], which maps to Larger [LargestMinGB=32, LargerMinGB=12, DefaultMinGB=8, SmallerMinGB=6, SmallestMinGB=0)
[2020.10.09-13.31.37:405][  0]LogInit: Going up to parent DeviceProfile []
[2020.10.09-13.31.37:405][  0]LogConfig: Applying CVar settings from Section [ViewDistanceQuality@0] File [D:/Documentos/Unreal Projects/PT1 - copia/Saved/Config/Windows/Scalability.ini]
[2020.10.09-13.31.37:405][  0]LogConfig: Setting CVar [[r.SkeletalMeshLODBias:2]]
[2020.10.09-13.31.37:405][  0]LogConfig: Setting CVar [[r.ViewDistanceScale:0.4]]
[2020.10.09-13.31.37:405][  0]LogConfig: Applying CVar settings from Section [AntiAliasingQuality@0] File [D:/Documentos/Unreal Projects/PT1 - copia/Saved/Config/Windows/Scalability.ini]
[2020.10.09-13.31.37:405][  0]LogConfig: Setting CVar [[r.PostProcessAAQuality:0]]
[2020.10.09-13.31.37:405][  0]LogConfig: Applying CVar settings from Section [ShadowQuality@0] File [D:/Documentos/Unreal Projects/PT1 - copia/Saved/Config/Windows/Scalability.ini]
[2020.10.09-13.31.37:405][  0]LogConfig: Setting CVar [[r.LightFunctionQuality:0]]
[2020.10.09-13.31.37:405][  0]LogConfig: Setting CVar [[r.ShadowQuality:0]]
[2020.10.09-13.31.37:405][  0]LogConfig: Setting CVar [[r.Shadow.CSM.MaxCascades:1]]
[2020.10.09-13.31.37:405][  0]LogConfig: Setting CVar [[r.Shadow.MaxResolution:512]]
[2020.10.09-13.31.37:405][  0]LogConfig: Setting CVar [[r.Shadow.MaxCSMResolution:512]]
[2020.10.09-13.31.37:405][  0]LogConfig: Setting CVar [[r.Shadow.RadiusThreshold:0.06]]
[2020.10.09-13.31.37:405][  0]LogConfig: Setting CVar [[r.Shadow.DistanceScale:0.6]]
[2020.10.09-13.31.37:405][  0]LogConfig: Setting CVar [[r.Shadow.CSM.TransitionScale:0]]
[2020.10.09-13.31.37:405][  0]LogConfig: Setting CVar [[r.Shadow.PreShadowResolutionFactor:0.5]]
[2020.10.09-13.31.37:405][  0]LogConfig: Setting CVar [[r.DistanceFieldShadowing:0]]
[2020.10.09-13.31.37:405][  0]LogConfig: Setting CVar [[r.DistanceFieldAO:0]]
[2020.10.09-13.31.37:405][  0]LogConfig: Setting CVar [[r.VolumetricFog:0]]
[2020.10.09-13.31.37:405][  0]LogConfig: Setting CVar [[r.LightMaxDrawDistanceScale:0]]
[2020.10.09-13.31.37:405][  0]LogConfig: Setting CVar [[r.CapsuleShadows:0]]
[2020.10.09-13.31.37:405][  0]LogConfig: Applying CVar settings from Section [PostProcessQuality@0] File [D:/Documentos/Unreal Projects/PT1 - copia/Saved/Config/Windows/Scalability.ini]
[2020.10.09-13.31.37:405][  0]LogConfig: Setting CVar [[r.MotionBlurQuality:0]]
[2020.10.09-13.31.37:405][  0]LogConfig: Setting CVar [[r.AmbientOcclusionMipLevelFactor:1.0]]
[2020.10.09-13.31.37:406][  0]LogConfig: Setting CVar [[r.AmbientOcclusionMaxQuality:0]]
[2020.10.09-13.31.37:406][  0]LogConfig: Setting CVar [[r.AmbientOcclusionLevels:0]]
[2020.10.09-13.31.37:406][  0]LogConfig: Setting CVar [[r.AmbientOcclusionRadiusScale:1.2]]
[2020.10.09-13.31.37:406][  0]LogConfig: Setting CVar [[r.DepthOfFieldQuality:0]]
[2020.10.09-13.31.37:406][  0]LogConfig: Setting CVar [[r.RenderTargetPoolMin:300]]
[2020.10.09-13.31.37:406][  0]LogConfig: Setting CVar [[r.LensFlareQuality:0]]
[2020.10.09-13.31.37:406][  0]LogConfig: Setting CVar [[r.SceneColorFringeQuality:0]]
[2020.10.09-13.31.37:406][  0]LogConfig: Setting CVar [[r.EyeAdaptationQuality:0]]
[2020.10.09-13.31.37:406][  0]LogConfig: Setting CVar [[r.BloomQuality:4]]
[2020.10.09-13.31.37:406][  0]LogConfig: Setting CVar [[r.FastBlurThreshold:0]]
[2020.10.09-13.31.37:406][  0]LogConfig: Setting CVar [[r.Upscale.Quality:1]]
[2020.10.09-13.31.37:406][  0]LogConfig: Setting CVar [[r.Tonemapper.GrainQuantization:0]]
[2020.10.09-13.31.37:406][  0]LogConfig: Setting CVar [[r.LightShaftQuality:0]]
[2020.10.09-13.31.37:406][  0]LogConfig: Setting CVar [[r.Filter.SizeScale:0.6]]
[2020.10.09-13.31.37:406][  0]LogConfig: Setting CVar [[r.Tonemapper.Quality:0]]
[2020.10.09-13.31.37:406][  0]LogConfig: Applying CVar settings from Section [TextureQuality@0] File [D:/Documentos/Unreal Projects/PT1 - copia/Saved/Config/Windows/Scalability.ini]
[2020.10.09-13.31.37:406][  0]LogConfig: Setting CVar [[r.Streaming.MipBias:16]]
[2020.10.09-13.31.37:406][  0]LogConfig: Setting CVar [[r.Streaming.AmortizeCPUToGPUCopy:1]]
[2020.10.09-13.31.37:406][  0]LogConfig: Setting CVar [[r.Streaming.MaxNumTexturesToStreamPerFrame:1]]
[2020.10.09-13.31.37:406][  0]LogConfig: Setting CVar [[r.Streaming.Boost:0.3]]
[2020.10.09-13.31.37:406][  0]LogConfig: Setting CVar [[r.MaxAnisotropy:0]]
[2020.10.09-13.31.37:406][  0]LogConfig: Setting CVar [[r.VT.MaxAnisotropy:4]]
[2020.10.09-13.31.37:406][  0]LogConfig: Setting CVar [[r.Streaming.LimitPoolSizeToVRAM:1]]
[2020.10.09-13.31.37:406][  0]LogConfig: Setting CVar [[r.Streaming.PoolSize:400]]
[2020.10.09-13.31.37:406][  0]LogConfig: Setting CVar [[r.Streaming.MaxEffectiveScreenSize:0]]
[2020.10.09-13.31.37:406][  0]LogConfig: Applying CVar settings from Section [EffectsQuality@0] File [D:/Documentos/Unreal Projects/PT1 - copia/Saved/Config/Windows/Scalability.ini]
[2020.10.09-13.31.37:406][  0]LogConfig: Setting CVar [[r.TranslucencyLightingVolumeDim:24]]
[2020.10.09-13.31.37:406][  0]LogConfig: Setting CVar [[r.RefractionQuality:0]]
[2020.10.09-13.31.37:406][  0]LogConfig: Setting CVar [[r.SSR.Quality:0]]
[2020.10.09-13.31.37:406][  0]LogConfig: Setting CVar [[r.SSR.HalfResSceneColor:1]]
[2020.10.09-13.31.37:406][  0]LogConfig: Setting CVar [[r.SceneColorFormat:3]]
[2020.10.09-13.31.37:406][  0]LogConfig: Setting CVar [[r.DetailMode:0]]
[2020.10.09-13.31.37:406][  0]LogConfig: Setting CVar [[r.TranslucencyVolumeBlur:0]]
[2020.10.09-13.31.37:406][  0]LogConfig: Setting CVar [[r.MaterialQualityLevel:0 ; Low quality]]
[2020.10.09-13.31.37:406][  0]LogConfig: Setting CVar [[r.SSS.Scale:0]]
[2020.10.09-13.31.37:406][  0]LogConfig: Setting CVar [[r.SSS.SampleSet:0]]
[2020.10.09-13.31.37:406][  0]LogConfig: Setting CVar [[r.SSS.Quality:0]]
[2020.10.09-13.31.37:406][  0]LogConfig: Setting CVar [[r.SSS.HalfRes:1]]
[2020.10.09-13.31.37:406][  0]LogConfig: Setting CVar [[r.SSGI.Quality:0]]
[2020.10.09-13.31.37:406][  0]LogConfig: Setting CVar [[r.EmitterSpawnRateScale:0.125]]
[2020.10.09-13.31.37:406][  0]LogConfig: Setting CVar [[r.ParticleLightQuality:0]]
[2020.10.09-13.31.37:406][  0]LogConfig: Setting CVar [[r.SkyAtmosphere.AerialPerspectiveLUT.FastApplyOnOpaque:1 ; Always have FastSkyLUT 1 in this case to avoid wrong sky]]
[2020.10.09-13.31.37:406][  0]LogConfig: Setting CVar [[r.SkyAtmosphere.AerialPerspectiveLUT.SampleCountPerSlice:1]]
[2020.10.09-13.31.37:406][  0]LogConfig: Setting CVar [[r.SkyAtmosphere.AerialPerspectiveLUT.DepthResolution:8.0]]
[2020.10.09-13.31.37:406][  0]LogConfig: Setting CVar [[r.SkyAtmosphere.FastSkyLUT:1]]
[2020.10.09-13.31.37:406][  0]LogConfig: Setting CVar [[r.SkyAtmosphere.FastSkyLUT.SampleCountMin:2.0]]
[2020.10.09-13.31.37:406][  0]LogConfig: Setting CVar [[r.SkyAtmosphere.FastSkyLUT.SampleCountMax:16.0]]
[2020.10.09-13.31.37:406][  0]LogConfig: Setting CVar [[r.SkyAtmosphere.SampleCountMin:2.0]]
[2020.10.09-13.31.37:406][  0]LogConfig: Setting CVar [[r.SkyAtmosphere.SampleCountMax:16.0]]
[2020.10.09-13.31.37:406][  0]LogConfig: Setting CVar [[r.SkyAtmosphere.TransmittanceLUT.UseSmallFormat:1]]
[2020.10.09-13.31.37:406][  0]LogConfig: Setting CVar [[r.SkyAtmosphere.TransmittanceLUT.SampleCount:10.0]]
[2020.10.09-13.31.37:406][  0]LogConfig: Setting CVar [[r.SkyAtmosphere.MultiScatteringLUT.SampleCount:15.0]]
[2020.10.09-13.31.37:406][  0]LogConfig: Applying CVar settings from Section [FoliageQuality@0] File [D:/Documentos/Unreal Projects/PT1 - copia/Saved/Config/Windows/Scalability.ini]
[2020.10.09-13.31.37:406][  0]LogConfig: Setting CVar [[foliage.DensityScale:0]]
[2020.10.09-13.31.37:406][  0]LogConfig: Setting CVar [[grass.DensityScale:0]]
[2020.10.09-13.31.37:406][  0]LogConfig: Applying CVar settings from Section [ShadingQuality@0] File [D:/Documentos/Unreal Projects/PT1 - copia/Saved/Config/Windows/Scalability.ini]
[2020.10.09-13.31.37:406][  0]LogConfig: Setting CVar [[r.HairStrands.SkyLighting.SampleCount:8]]
[2020.10.09-13.31.37:406][  0]LogConfig: Setting CVar [[r.HairStrands.SkyLighting.JitterIntegration:0]]
[2020.10.09-13.31.37:406][  0]LogConfig: Setting CVar [[r.HairStrands.SkyAO.SampleCount:8]]
[2020.10.09-13.31.37:406][  0]LogConfig: Setting CVar [[r.HairStrands.DeepShadow.SuperSampling:0]]
[2020.10.09-13.31.37:406][  0]LogConfig: Setting CVar [[r.HairStrands.VisibilityPPLL:0]]
[2020.10.09-13.31.37:406][  0]LogConfig: Setting CVar [[r.HairStrands.RasterizationScale:0.5]]
[2020.10.09-13.31.37:406][  0]LogConfig: Setting CVar [[r.HairStrands.VelocityRasterizationScale:1]]
[2020.10.09-13.31.37:406][  0]LogConfig: Applying CVar settings from Section [Startup] File [../../../Engine/Config/ConsoleVariables.ini]
[2020.10.09-13.31.37:407][  0]LogConfig: Setting CVar [[net.UseAdaptiveNetUpdateFrequency:0]]
[2020.10.09-13.31.37:407][  0]LogConfig: Setting CVar [[p.chaos.AllowCreatePhysxBodies:1]]
[2020.10.09-13.31.37:407][  0]LogConfig: Setting CVar [[fx.SkipVectorVMBackendOptimizations:1]]
[2020.10.09-13.31.37:407][  0]LogConfig: Applying CVar settings from Section [ConsoleVariables] File [D:/Documentos/Unreal Projects/PT1 - copia/Saved/Config/Windows/Engine.ini]
[2020.10.09-13.31.37:407][  0]LogInit: Computer: HP
[2020.10.09-13.31.37:407][  0]LogInit: User: PJimenez
[2020.10.09-13.31.37:407][  0]LogInit: CPU Page size=4096, Cores=4
[2020.10.09-13.31.37:407][  0]LogInit: High frequency timer resolution =2.143480 MHz
[2020.10.09-13.31.37:407][  0]LogMemory: Memory total: Physical=15.9GB (16GB approx)
[2020.10.09-13.31.37:407][  0]LogMemory: Platform Memory Stats for Windows
[2020.10.09-13.31.37:407][  0]LogMemory: Process Physical Memory: 112.33 MB used, 112.33 MB peak
[2020.10.09-13.31.37:407][  0]LogMemory: Process Virtual Memory: 112.42 MB used, 112.42 MB peak
[2020.10.09-13.31.37:407][  0]LogMemory: Physical Memory: 3375.94 MB used,  12944.16 MB free, 16320.11 MB total
[2020.10.09-13.31.37:407][  0]LogMemory: Virtual Memory: 1011.31 MB used,  134216720.00 MB free, 134217728.00 MB total
[2020.10.09-13.31.37:417][  0]LogWindows: WindowsPlatformFeatures enabled
[2020.10.09-13.31.37:445][  0]LogInit: Physics initialised using underlying interface: PhysX
[2020.10.09-13.31.37:447][  0]LogInit: Overriding language with editor language configuration option (en).
[2020.10.09-13.31.37:447][  0]LogInit: Overriding locale with editor locale configuration option (en).
[2020.10.09-13.31.37:674][  0]LogInit: Setting process to per monitor DPI aware
[2020.10.09-13.31.37:705][  0]LogSlate: New Slate User Created.  User Index 0, Is Virtual User: 0
[2020.10.09-13.31.37:705][  0]LogSlate: Slate User Registered.  User Index 0, Is Virtual User: 0
[2020.10.09-13.31.37:845][  0]LogHMD: Failed to initialize OpenVR with code 110
[2020.10.09-13.31.37:845][  0]LogD3D11RHI: D3D11 min allowed feature level: 11_0
[2020.10.09-13.31.37:845][  0]LogD3D11RHI: D3D11 max allowed feature level: 11_0
[2020.10.09-13.31.37:845][  0]LogD3D11RHI: D3D11 adapters:
[2020.10.09-13.31.37:852][  0]LogD3D11RHI:    0. 'Intel(R) HD Graphics 4600' (Feature Level 11_0)
[2020.10.09-13.31.37:852][  0]LogD3D11RHI:       0/0/1792 MB DedicatedVideo/DedicatedSystem/SharedSystem, Outputs:1, VendorId:0x8086
[2020.10.09-13.31.37:853][  0]LogD3D11RHI:    1. 'Microsoft Basic Render Driver' (Feature Level 11_0)
[2020.10.09-13.31.37:853][  0]LogD3D11RHI:       0/0/256 MB DedicatedVideo/DedicatedSystem/SharedSystem, Outputs:0, VendorId:0x1414
[2020.10.09-13.31.37:853][  0]LogD3D11RHI: Chosen D3D11 Adapter: 0
[2020.10.09-13.31.37:859][  0]LogD3D11RHI: Creating new Direct3DDevice
[2020.10.09-13.31.37:859][  0]LogD3D11RHI:     GPU DeviceId: 0x416 (for the marketing name, search the web for "GPU Device Id")
[2020.10.09-13.31.37:859][  0]LogWindows: EnumDisplayDevices:
[2020.10.09-13.31.37:859][  0]LogWindows:    0. 'Intel(R) HD Graphics 4600' (P:1 D:1)
[2020.10.09-13.31.37:859][  0]LogWindows:    1. 'Intel(R) HD Graphics 4600' (P:0 D:0)
[2020.10.09-13.31.37:860][  0]LogWindows:    2. 'Intel(R) HD Graphics 4600' (P:0 D:0)
[2020.10.09-13.31.37:860][  0]LogWindows: DebugString: FoundDriverCount:3 
[2020.10.09-13.31.37:860][  0]LogD3D11RHI:     Adapter Name: Intel(R) HD Graphics 4600
[2020.10.09-13.31.37:860][  0]LogD3D11RHI:   Driver Version: 10.18.10.3304 (internal:10.18.10.3304, unified:10.18.10.3304)
[2020.10.09-13.31.37:860][  0]LogD3D11RHI:      Driver Date: 9-9-2013
[2020.10.09-13.31.37:860][  0]LogRHI: Texture pool is 627 MB (70% of 896 MB)
[2020.10.09-13.31.37:866][  0]LogD3D11RHI: RHI does not have support for 64 bit atomics
[2020.10.09-13.31.37:866][  0]LogD3D11RHI: Async texture creation enabled
[2020.10.09-13.31.37:875][  0]LogD3D11RHI: GPU Timing Frequency: 12.500000 (Debug: 2 0)
[2020.10.09-13.31.38:169][  0]LogTargetPlatformManager: Display: Loaded TargetPlatform 'AllDesktop'
[2020.10.09-13.31.38:196][  0]LogTargetPlatformManager: Display: Loaded TargetPlatform 'Android'
[2020.10.09-13.31.38:196][  0]LogTargetPlatformManager: Display: Loaded TargetPlatform 'Android_ASTC'
[2020.10.09-13.31.38:196][  0]LogTargetPlatformManager: Display: Loaded TargetPlatform 'Android_DXT'
[2020.10.09-13.31.38:196][  0]LogTargetPlatformManager: Display: Loaded TargetPlatform 'Android_ETC2'
[2020.10.09-13.31.38:196][  0]LogTargetPlatformManager: Display: Loaded TargetPlatform 'AndroidClient'
[2020.10.09-13.31.38:196][  0]LogTargetPlatformManager: Display: Loaded TargetPlatform 'Android_ASTCClient'
[2020.10.09-13.31.38:196][  0]LogTargetPlatformManager: Display: Loaded TargetPlatform 'Android_DXTClient'
[2020.10.09-13.31.38:196][  0]LogTargetPlatformManager: Display: Loaded TargetPlatform 'Android_ETC2Client'
[2020.10.09-13.31.38:196][  0]LogTargetPlatformManager: Display: Loaded TargetPlatform 'Android_Multi'
[2020.10.09-13.31.38:196][  0]LogTargetPlatformManager: Display: Loaded TargetPlatform 'Android_MultiClient'
[2020.10.09-13.31.38:223][  0]LogTargetPlatformManager: Display: Loaded TargetPlatform 'IOSClient'
[2020.10.09-13.31.38:223][  0]LogTargetPlatformManager: Display: Loaded TargetPlatform 'IOS'
[2020.10.09-13.31.38:235][  0]LogTargetPlatformManager: Display: Loaded TargetPlatform 'Linux'
[2020.10.09-13.31.38:246][  0]LogTargetPlatformManager: Display: Loaded TargetPlatform 'LinuxNoEditor'
[2020.10.09-13.31.38:257][  0]LogTargetPlatformManager: Display: Loaded TargetPlatform 'LinuxClient'
[2020.10.09-13.31.38:268][  0]LogTargetPlatformManager: Display: Loaded TargetPlatform 'LinuxServer'
[2020.10.09-13.31.38:279][  0]LogTargetPlatformManager: Display: Loaded TargetPlatform 'LinuxAArch64NoEditor'
[2020.10.09-13.31.38:290][  0]LogTargetPlatformManager: Display: Loaded TargetPlatform 'LinuxAArch64Client'
[2020.10.09-13.31.38:301][  0]LogTargetPlatformManager: Display: Loaded TargetPlatform 'LinuxAArch64Server'
[2020.10.09-13.31.38:334][  0]LogTargetPlatformManager: Display: Loaded TargetPlatform 'Lumin'
[2020.10.09-13.31.38:334][  0]LogTargetPlatformManager: Display: Loaded TargetPlatform 'LuminClient'
[2020.10.09-13.31.38:354][  0]LogTargetPlatformManager: Display: Loaded TargetPlatform 'TVOSClient'
[2020.10.09-13.31.38:354][  0]LogTargetPlatformManager: Display: Loaded TargetPlatform 'TVOS'
[2020.10.09-13.31.38:365][  0]LogTargetPlatformManager: Display: Loaded TargetPlatform 'WindowsNoEditor'
[2020.10.09-13.31.38:376][  0]LogTargetPlatformManager: Display: Loaded TargetPlatform 'Windows'
[2020.10.09-13.31.38:387][  0]LogTargetPlatformManager: Display: Loaded TargetPlatform 'WindowsClient'
[2020.10.09-13.31.38:398][  0]LogTargetPlatformManager: Display: Loaded TargetPlatform 'WindowsServer'
[2020.10.09-13.31.38:398][  0]LogTargetPlatformManager: Display: Building Assets For Windows
[2020.10.09-13.31.38:405][  0]LogAudioDebug: Display: Lib vorbis DLL was dynamically loaded.
[2020.10.09-13.31.38:477][  0]LogShaderCompilers: Guid format shader working directory is -8 characters bigger than the processId version (../../../../../../Documentos/Unreal Projects/PT1 - copia/Intermediate/Shaders/WorkingDirectory/39852/).
[2020.10.09-13.31.38:477][  0]LogShaderCompilers: Cleaned the shader compiler working directory 'C:/Users/PJimenez/AppData/Local/Temp/UnrealShaderWorkingDir/BAC1CC8D4F5A0798906AF090F0512277/'.
[2020.10.09-13.31.38:477][  0]LogXGEController: Cannot use XGE Controller as Incredibuild is not installed on this machine.
[2020.10.09-13.31.38:478][  0]LogShaderCompilers: Cannot use XGE Shader Compiler as Incredibuild is not installed on this machine.
[2020.10.09-13.31.38:478][  0]LogShaderCompilers: Display: Using Local Shader Compiler.
[2020.10.09-13.31.39:468][  0]LogDerivedDataCache: Display: Max Cache Size: 512 MB
[2020.10.09-13.31.39:555][  0]LogDerivedDataCache: Loaded boot cache 0.09s 76MB C:/Users/PJimenez/AppData/Local/UnrealEngine/4.25/DerivedDataCache/Boot.ddc.
[2020.10.09-13.31.39:555][  0]LogDerivedDataCache: Display: Loaded Boot cache: C:/Users/PJimenez/AppData/Local/UnrealEngine/4.25/DerivedDataCache/Boot.ddc
[2020.10.09-13.31.39:556][  0]LogDerivedDataCache: FDerivedDataBackendGraph:  Pak pak cache file ../../../../../../Documentos/Unreal Projects/PT1 - copia/DerivedDataCache/DDC.ddp not found, will not use a pak cache.
[2020.10.09-13.31.39:556][  0]LogDerivedDataCache: Unable to find inner node Pak for hierarchical cache Hierarchy.
[2020.10.09-13.31.39:556][  0]LogDerivedDataCache: FDerivedDataBackendGraph:  CompressedPak pak cache file ../../../../../../Documentos/Unreal Projects/PT1 - copia/DerivedDataCache/Compressed.ddp not found, will not use a pak cache.
[2020.10.09-13.31.39:556][  0]LogDerivedDataCache: Unable to find inner node CompressedPak for hierarchical cache Hierarchy.
[2020.10.09-13.31.39:569][  0]LogDerivedDataCache: Display: Pak cache opened for reading ../../../Engine/DerivedDataCache/Compressed.ddp.
[2020.10.09-13.31.39:569][  0]LogDerivedDataCache: FDerivedDataBackendGraph:  EnterprisePak pak cache file ../../../Enterprise/DerivedDataCache/Compressed.ddp not found, will not use a pak cache.
[2020.10.09-13.31.39:569][  0]LogDerivedDataCache: Unable to find inner node EnterprisePak for hierarchical cache Hierarchy.
[2020.10.09-13.31.39:570][  0]LogDerivedDataCache: Using Local data cache path C:/Users/PJimenez/AppData/Local/UnrealEngine/Common/DerivedDataCache: Writable
[2020.10.09-13.31.39:570][  0]LogDerivedDataCache: Shared data cache path not found in *engine.ini, will not use an Shared cache.
[2020.10.09-13.31.39:570][  0]LogDerivedDataCache: Unable to find inner node Shared for hierarchical cache Hierarchy.
[2020.10.09-13.31.39:636][  0]LogSlate: Using FreeType 2.10.0
[2020.10.09-13.31.39:637][  0]LogSlate: SlateFontServices - WITH_FREETYPE: 1, WITH_HARFBUZZ: 1
[2020.10.09-13.31.39:675][  0]LogAssetRegistry: FAssetRegistry took 0.0030 seconds to start up
[2020.10.09-13.31.39:978][  0]LogInit: Selected Device Profile: [Windows]
[2020.10.09-13.31.40:120][  0]LogMeshReduction: Using QuadricMeshReduction for automatic static mesh reduction
[2020.10.09-13.31.40:120][  0]LogMeshReduction: Using SimplygonMeshReduction for automatic skeletal mesh reduction
[2020.10.09-13.31.40:120][  0]LogMeshReduction: Using ProxyLODMeshReduction for automatic mesh merging
[2020.10.09-13.31.40:120][  0]LogMeshReduction: No distributed automatic mesh merging module available
[2020.10.09-13.31.40:120][  0]LogMeshMerging: No distributed automatic mesh merging module available
[2020.10.09-13.31.40:136][  0]LogNetVersion: Titulo1_Try1 1.0.0, NetCL: 13144385, EngineNetVer: 14, GameNetVer: 0 (Checksum: 3254603742)
[2020.10.09-13.31.40:854][  0]LogAISub: UAISubsystem::UAISubsystem AISubsystem (000000F95F8D8100), frame # 0
[2020.10.09-13.31.40:854][  0]LogAISub: UAISubsystem::UAISubsystem AIPerceptionSystem (000000F95F820CC0), frame # 0
[2020.10.09-13.31.40:856][  0]LogAISub: UAISubsystem::UAISubsystem EnvQueryManager (000000F95F817200), frame # 0
[2020.10.09-13.31.40:904][  0]LogPackageLocalizationCache: Processed 19 localized package path(s) for 1 prioritized culture(s) in 0.039728 seconds
[2020.10.09-13.31.40:910][  0]LogUObjectArray: 15917 objects as part of root set at end of initial load.
[2020.10.09-13.31.40:910][  0]LogUObjectAllocator: 3965568 out of 0 bytes used by permanent object pool.
[2020.10.09-13.31.40:910][  0]LogUObjectArray: CloseDisregardForGC: 0/0 objects in disregard for GC pool
[2020.10.09-13.31.41:275][  0]LogTcpMessaging: Initializing TcpMessaging bridge
[2020.10.09-13.31.41:280][  0]LogUdpMessaging: Initializing bridge on interface 0.0.0.0:0 to multicast group 230.0.0.1:6666.
[2020.10.09-13.31.41:359][  0]SourceControl: Source control is disabled
[2020.10.09-13.31.41:359][  0]SourceControl: Source control is disabled
[2020.10.09-13.31.41:367][  0]SourceControl: Source control is disabled
[2020.10.09-13.31.41:370][  0]SourceControl: Source control is disabled
[2020.10.09-13.31.41:426][  0]SourceControl: Source control is disabled
[2020.10.09-13.31.41:671][  0]LogAndroidPermission: UAndroidPermissionCallbackProxy::GetInstance
[2020.10.09-13.31.41:691][  0]LogAudioCaptureCore: Display: No Audio Capture implementations found. Audio input will be silent.
[2020.10.09-13.31.41:691][  0]LogAudioCaptureCore: Display: No Audio Capture implementations found. Audio input will be silent.
[2020.10.09-13.31.41:745][  0]LogOcInput: OculusInput pre-init called
[2020.10.09-13.31.41:757][  0]LogWindows: Failed to load 'OVRPlugin.dll' (GetLastError=126)
[2020.10.09-13.31.41:758][  0]LogWindows: File 'OVRPlugin.dll' does not exist
[2020.10.09-13.31.41:825][  0]LogEngine: Initializing Engine...
[2020.10.09-13.31.41:827][  0]LogHMD: Failed to initialize OpenVR with code 110
[2020.10.09-13.31.41:827][  0]LogMagicLeap: Warning: VR disabled because ZI is not enabled.  To enable, in the editor, Edit -> Project Settings -> Plugins -> Magic Leap Plugin -> Enable Zero Iteration
[2020.10.09-13.31.41:828][  0]LogStats: UGameplayTagsManager::InitializeManager -  0.000 s
[2020.10.09-13.31.41:993][  0]LogInit: Initializing FReadOnlyCVARCache
[2020.10.09-13.31.42:081][  0]LogAIModule: Creating AISystem for world Untitled
[2020.10.09-13.31.42:081][  0]LogAISub: UAISubsystem::UAISubsystem EnvQueryManager (000000F9658A9200), frame # 0
[2020.10.09-13.31.42:083][  0]LogAISub: UAISubsystem::UAISubsystem AIPerceptionSystem (000000F9658CC900), frame # 0
[2020.10.09-13.31.42:158][  0]LogAudioMixer: Display: Audio Mixer Platform Settings:
[2020.10.09-13.31.42:158][  0]LogAudioMixer: Display: 	Sample Rate:						  48000
[2020.10.09-13.31.42:158][  0]LogAudioMixer: Display: 	Callback Buffer Frame Size Requested: 1024
[2020.10.09-13.31.42:158][  0]LogAudioMixer: Display: 	Callback Buffer Frame Size To Use:	  1024
[2020.10.09-13.31.42:158][  0]LogAudioMixer: Display: 	Number of buffers to queue:			  2
[2020.10.09-13.31.42:158][  0]LogAudioMixer: Display: 	Max Channels (voices):				  32
[2020.10.09-13.31.42:158][  0]LogAudioMixer: Display: 	Number of Async Source Workers:		  0
[2020.10.09-13.31.42:158][  0]LogAudio: Display: AudioDevice MaxSources: 32
[2020.10.09-13.31.42:158][  0]LogAudio: Display: Using built-in audio occlusion.
[2020.10.09-13.31.42:158][  0]LogAudioMixer: Display: Initializing audio mixer.
[2020.10.09-13.31.42:164][  0]LogAudioMixer: Display: 0: FrontLeft
[2020.10.09-13.31.42:164][  0]LogAudioMixer: Display: 1: FrontRight
[2020.10.09-13.31.42:195][  0]LogAudioMixer: Display: Using Audio Device Altavoces / Auriculares (IDT High Definition Audio CODEC)
[2020.10.09-13.31.42:201][  0]LogAudioMixer: Display: Initializing Sound Submixes...
[2020.10.09-13.31.42:204][  0]LogAudioMixer: Display: Creating Master Submix 'MasterSubmixDefault'
[2020.10.09-13.31.42:204][  0]LogAudioMixer: Display: Creating Master Submix 'MasterReverbSubmixDefault'
[2020.10.09-13.31.42:206][  0]LogAudioMixer: Display: Creating Master Submix 'MasterEQSubmixDefault'
[2020.10.09-13.31.42:207][  0]LogInit: FAudioDevice initialized.
[2020.10.09-13.31.42:207][  0]LogNetVersion: Set ProjectVersion to 1.0.0.0. Version Checksum will be recalculated on next use.
[2020.10.09-13.31.42:366][  0]LogDerivedDataCache: Saved boot cache 0.16s 76MB C:/Users/PJimenez/AppData/Local/UnrealEngine/4.25/DerivedDataCache/Boot.ddc.
[2020.10.09-13.31.42:368][  0]LogInit: Texture streaming: Enabled
[2020.10.09-13.31.42:385][  0]LogEngineSessionManager: EngineSessionManager initialized
[2020.10.09-13.31.42:385][  0]LogEngineSessionManager: EngineSessionManager sent abnormal shutdown report. Type=AbnormalShutdown, SessionId={2E6AD024-4DB8-B09D-7E9E-7BAFCACBD285}
[2020.10.09-13.31.42:385][  0]LogEditorSessionSummary: Verbose: Initializing EditorSessionSummaryWriter for editor session tracking
[2020.10.09-13.31.42:387][  0]LogEditorSessionSummary: EditorSessionSummaryWriter initialized
[2020.10.09-13.31.42:441][  0]LogInit: Transaction tracking system initialized
[2020.10.09-13.31.42:462][  0]BlueprintLog: New page: Editor Load
[2020.10.09-13.31.42:531][  0]LocalizationService: Localization service is disabled
[2020.10.09-13.31.42:929][  0]LogCook: Display: Max memory allowance for cook 16384mb min free memory 0mb
[2020.10.09-13.31.42:929][  0]LogCook: Display: Mobile HDR setting 1
[2020.10.09-13.31.43:086][  0]LogFileCache: Scanning file cache for directory 'D:/Documentos/Unreal Projects/PT1 - copia/Content/' took 0.00s
[2020.10.09-13.31.43:348][  0]SourceControl: Source control is disabled
[2020.10.09-13.31.43:348][  0]LogUnrealEdMisc: Loading editor; pre map load, took 7.570
[2020.10.09-13.31.43:349][  0]Cmd: MAP LOAD FILE="../../../../../../Documentos/Unreal Projects/PT1 - copia/Content/Velocidad_y_fuerza.umap" TEMPLATE=0 SHOWPROGRESS=1 FEATURELEVEL=3
[2020.10.09-13.31.43:349][  0]LightingResults: New page: Lighting Build
[2020.10.09-13.31.43:350][  0]LogWorld: UWorld::CleanupWorld for Untitled, bSessionEnded=true, bCleanupResources=true
[2020.10.09-13.31.43:350][  0]LogSlate: InvalidateAllWidgets triggered.  All widgets were invalidated
[2020.10.09-13.31.43:350][  0]MapCheck: New page: Map Check
[2020.10.09-13.31.43:350][  0]LightingResults: New page: Lighting Build
[2020.10.09-13.31.43:362][  0]LogAISub: UAISubsystem::~UAISubsystem EnvQueryManager (000000F9658A9200), frame # 0
[2020.10.09-13.31.43:362][  0]LogAISub: UAISubsystem::~UAISubsystem AIPerceptionSystem (000000F9658CC900), frame # 0
[2020.10.09-13.31.43:363][  0]LogUObjectHash: Compacting FUObjectHashTables data took   0.89ms
[2020.10.09-13.31.43:704][  0]LogBlueprint: Warning: [Compiler PJ] Input Axis Event references unknown Axis 'Arriba&abajo' for  InputAxis Arriba&abajo
[2020.10.09-13.31.43:704][  0]LogBlueprint: Warning: [Compiler PJ] Input Axis Event references unknown Axis 'Izquierda&derecha' for  InputAxis Izquierda&derecha
[2020.10.09-13.31.43:834][  0]LogAIModule: Creating AISystem for world Velocidad_y_fuerza
[2020.10.09-13.31.43:834][  0]LogAISub: UAISubsystem::UAISubsystem EnvQueryManager (000000F96A6F6600), frame # 0
[2020.10.09-13.31.43:834][  0]LogAISub: UAISubsystem::UAISubsystem AIPerceptionSystem (000000F96A84E700), frame # 0
[2020.10.09-13.31.43:857][  0]LogEditorServer: Finished looking for orphan Actors (0.000 secs)
[2020.10.09-13.31.43:881][  0]LogUObjectHash: Compacting FUObjectHashTables data took   1.71ms
[2020.10.09-13.31.43:881][  0]Cmd: MAP CHECKDEP NOCLEARLOG
[2020.10.09-13.31.43:882][  0]MapCheck: Map check complete: 0 Error(s), 0 Warning(s), took 0.271ms to complete.
[2020.10.09-13.31.43:882][  0]LogFileHelpers: Loading map 'Velocidad_y_fuerza' took 0.534
[2020.10.09-13.31.43:884][  0]LogUnrealEdMisc: Total Editor Startup Time, took 8.106
[2020.10.09-13.31.44:059][  0]LogSlate: Updating window title bar state: overlay mode, drag disabled, window buttons hidden, title bar hidden
[2020.10.09-13.31.44:070][  0]LogSlate: Updating window title bar state: overlay mode, drag disabled, window buttons hidden, title bar hidden
[2020.10.09-13.31.44:081][  0]LogSlate: Updating window title bar state: overlay mode, drag disabled, window buttons hidden, title bar hidden
[2020.10.09-13.31.44:093][  0]LogSlate: Updating window title bar state: overlay mode, drag disabled, window buttons hidden, title bar hidden
[2020.10.09-13.31.44:103][  0]LogCollectionManager: Loaded 0 collections in 0.002012 seconds
[2020.10.09-13.31.44:123][  0]LogFileCache: Scanning file cache for directory 'D:/Documentos/Unreal Projects/PT1 - copia/Saved/Collections/' took 0.00s
[2020.10.09-13.31.44:123][  0]LogFileCache: Scanning file cache for directory 'D:/Documentos/Unreal Projects/PT1 - copia/Content/Developers/PJimenez/Collections/' took 0.00s
[2020.10.09-13.31.44:123][  0]LogFileCache: Scanning file cache for directory 'D:/Documentos/Unreal Projects/PT1 - copia/Content/Collections/' took 0.00s
[2020.10.09-13.31.44:123][  0]LogContentBrowser: Native class hierarchy populated in 0.0130 seconds. Added 3427 classes and 821 folders.
[2020.10.09-13.31.44:128][  0]LogContentBrowser: Native class hierarchy updated for 'WidgetCarousel' in 0.0003 seconds. Added 0 classes and 0 folders.
[2020.10.09-13.31.44:173][  0]LogContentBrowser: Native class hierarchy updated for 'AddContentDialog' in 0.0003 seconds. Added 0 classes and 0 folders.
[2020.10.09-13.31.44:174][  0]LogContentBrowser: Native class hierarchy updated for 'SceneOutliner' in 0.0002 seconds. Added 2 classes and 0 folders.
[2020.10.09-13.31.44:199][  0]LogContentBrowser: Native class hierarchy updated for 'HierarchicalLODOutliner' in 0.0005 seconds. Added 0 classes and 0 folders.
[2020.10.09-13.31.44:199][  0]LogLoad: (Engine Initialization) Total time: 8.42 seconds
[2020.10.09-13.31.44:200][  0]LogLoad: (Engine Initialization) Total Blueprint compile time: 0.00 seconds
[2020.10.09-13.31.44:254][  0]LogAssetRegistry: Asset discovery search completed in 4.5802 seconds
[2020.10.09-13.31.44:259][  0]LogCollectionManager: Fixed up redirectors for 0 collections in 0.000002 seconds (updated 0 objects)
[2020.10.09-13.31.44:260][  0]LogContentStreaming: Texture pool size now 400 MB
[2020.10.09-13.31.44:269][  0]LogSlate: Took 0.000153 seconds to synchronously load lazily loaded font '../../../Engine/Content/Slate/Fonts/Roboto-Regular.ttf' (155K)
[2020.10.09-13.31.44:272][  0]LogSlate: Took 0.000166 seconds to synchronously load lazily loaded font '../../../Engine/Content/Slate/Fonts/Roboto-Bold.ttf' (160K)
[2020.10.09-13.31.44:277][  0]LogSlate: Took 0.000185 seconds to synchronously load lazily loaded font '../../../Engine/Content/Editor/Slate/Fonts/FontAwesome.ttf' (139K)
[2020.10.09-13.31.44:701][  0]LogSlate: Took 0.000194 seconds to synchronously load lazily loaded font '../../../Engine/Content/Slate/Fonts/Roboto-Light.ttf' (167K)
[2020.10.09-13.31.44:739][  0]LogSlate: Took 0.000254 seconds to synchronously load lazily loaded font '../../../Engine/Content/Slate/Fonts/Roboto-Light.ttf' (167K)
[2020.10.09-13.31.44:881][  1]LogRenderer: Reallocating scene render targets to support 1000x444 Format 9 NumSamples 1 (Frame:1).
[2020.10.09-13.32.27:540][198]LogAssetEditorSubsystem: Opening Asset editor for Blueprint /Game/Blueprints/Roca.Roca
[2020.10.09-13.32.27:889][198]LogContentBrowser: Native class hierarchy updated for 'BlueprintGraph' in 0.0009 seconds. Added 125 classes and 0 folders.
[2020.10.09-13.32.28:982][198]LogAssetEditorSubsystem: Opening Asset editor for Blueprint /Game/Blueprints/Multiplayer_Gamemode.Multiplayer_Gamemode
[2020.10.09-13.32.29:436][198]LogSlate: Took 0.000161 seconds to synchronously load lazily loaded font '../../../Engine/Content/Slate/Fonts/Roboto-BoldCondensed.ttf' (158K)
[2020.10.09-13.32.29:546][199]LogSlate: Took 0.000157 seconds to synchronously load lazily loaded font '../../../Engine/Content/Slate/Fonts/Roboto-Italic.ttf' (157K)
[2020.10.09-13.32.35:883][514]LogAssetEditorSubsystem: Opening Asset editor for WidgetBlueprint /Game/Widgets/Densidad.Densidad
[2020.10.09-13.32.43:452][822]Cmd: OBJ SAVEPACKAGE PACKAGE="/Game/Widgets/Densidad" FILE="../../../../../../Documentos/Unreal Projects/PT1 - copia/Content/Widgets/Densidad.uasset" SILENT=true
[2020.10.09-13.32.43:570][822]LogSavePackage: Moving '../../../../../../Documentos/Unreal Projects/PT1 - copia/Saved/Densidad4D6BE4E54C2DCFC6C33812B2A1304DCC.tmp' to '../../../../../../Documentos/Unreal Projects/PT1 - copia/Content/Widgets/Densidad.uasset'
[2020.10.09-13.32.43:607][822]AssetCheck: New page: Asset Save: Densidad
[2020.10.09-13.32.43:607][822]LogContentValidation: Display: Validating WidgetBlueprint /Game/Widgets/Densidad.Densidad
[2020.10.09-13.32.55:581][431]LogAssetEditorSubsystem: Opening Asset editor for World /Game/Densidad_de_Objetos.Densidad_de_Objetos
[2020.10.09-13.32.55:652][431]LogUObjectHash: Compacting FUObjectHashTables data took   5.28ms
[2020.10.09-13.32.55:654][431]Cmd: MAP LOAD FILE="../../../../../../Documentos/Unreal Projects/PT1 - copia/Content/Densidad_de_Objetos.umap" TEMPLATE=0 SHOWPROGRESS=1 FEATURELEVEL=3
[2020.10.09-13.32.55:654][431]LightingResults: New page: Lighting Build
[2020.10.09-13.32.55:654][431]LoadErrors: New page: Loading map: Densidad_de_Objetos.umap
[2020.10.09-13.32.55:656][431]LogWorld: UWorld::CleanupWorld for Velocidad_y_fuerza, bSessionEnded=true, bCleanupResources=true
[2020.10.09-13.32.55:656][431]LogSlate: InvalidateAllWidgets triggered.  All widgets were invalidated
[2020.10.09-13.32.55:656][431]MapCheck: New page: Map Check
[2020.10.09-13.32.55:656][431]LightingResults: New page: Lighting Build
[2020.10.09-13.32.55:696][431]LogAISub: UAISubsystem::~UAISubsystem EnvQueryManager (000000F96A6F6600), frame # 1431
[2020.10.09-13.32.55:696][431]LogAISub: UAISubsystem::~UAISubsystem AIPerceptionSystem (000000F96A84E700), frame # 1431
[2020.10.09-13.32.55:704][431]LogUObjectHash: Compacting FUObjectHashTables data took   7.20ms
[2020.10.09-13.32.55:727][431]LogEditorServer: Finished looking for orphan Actors (0.000 secs)
[2020.10.09-13.32.55:727][431]LogAIModule: Creating AISystem for world Densidad_de_Objetos
[2020.10.09-13.32.55:728][431]LogAISub: UAISubsystem::UAISubsystem EnvQueryManager (000000F96A6F7C00), frame # 1431
[2020.10.09-13.32.55:728][431]LogAISub: UAISubsystem::UAISubsystem AIPerceptionSystem (000000F96E058F40), frame # 1431
[2020.10.09-13.32.55:803][431]LogUObjectHash: Compacting FUObjectHashTables data took   5.97ms
[2020.10.09-13.32.55:848][431]Cmd: MAP CHECKDEP NOCLEARLOG
[2020.10.09-13.32.55:848][431]MapCheck: Map check complete: 0 Error(s), 0 Warning(s), took 0.164ms to complete.
[2020.10.09-13.32.55:848][431]LogFileHelpers: Loading map 'Densidad_de_Objetos' took 0.194
[2020.10.09-13.32.57:667][529]Cmd: OBJ SAVEPACKAGE PACKAGE="/Game/Densidad_de_Objetos" FILE="../../../../../../Documentos/Unreal Projects/PT1 - copia/Content/Densidad_de_Objetos.umap" SILENT=true AUTOSAVING=false KEEPDIRTY=false
[2020.10.09-13.32.57:704][529]LogUObjectHash: Compacting FUObjectHashTables data took   2.70ms
[2020.10.09-13.32.57:881][529]LogSavePackage: Moving '../../../../../../Documentos/Unreal Projects/PT1 - copia/Saved/Densidad_de_Objetos377E97FC487A232F41C23FAFA559644E.tmp' to '../../../../../../Documentos/Unreal Projects/PT1 - copia/Content/Densidad_de_Objetos.umap'
[2020.10.09-13.32.57:927][529]AssetCheck: New page: Asset Save: Densidad_de_Objetos
[2020.10.09-13.32.57:927][529]LogContentValidation: Display: Validating World /Game/Densidad_de_Objetos.Densidad_de_Objetos
[2020.10.09-13.33.04:267][205]LogAssetEditorSubsystem: Opening Asset editor for LevelScriptBlueprint /Game/Densidad_de_Objetos.Densidad_de_Objetos:PersistentLevel.Densidad_de_Objetos
[2020.10.09-13.35.20:289][134]BlueprintLog: New page: Compile Densidad
[2020.10.09-13.35.20:354][134]LogUObjectHash: Compacting FUObjectHashTables data took   4.56ms
[2020.10.09-13.35.21:002][156]Cmd: OBJ SAVEPACKAGE PACKAGE="/Game/Widgets/Densidad" FILE="../../../../../../Documentos/Unreal Projects/PT1 - copia/Content/Widgets/Densidad.uasset" SILENT=true
[2020.10.09-13.35.21:115][156]LogSavePackage: Moving '../../../../../../Documentos/Unreal Projects/PT1 - copia/Saved/Densidad4615859D4CD9980BC7726DAE843ACE1E.tmp' to '../../../../../../Documentos/Unreal Projects/PT1 - copia/Content/Widgets/Densidad.uasset'
[2020.10.09-13.35.21:127][156]AssetCheck: New page: Asset Save: Densidad
[2020.10.09-13.35.21:127][156]LogContentValidation: Display: Validating WidgetBlueprint /Game/Widgets/Densidad.Densidad
[2020.10.09-13.35.25:264][305]LogRenderer: Reallocating scene render targets to support 1000x592 Format 9 NumSamples 1 (Frame:1).
[2020.10.09-13.40.19:600][976]Cmd: OBJ SAVEPACKAGE PACKAGE="/Game/Widgets/Densidad" FILE="../../../../../../Documentos/Unreal Projects/PT1 - copia/Content/Widgets/Densidad.uasset" SILENT=true
[2020.10.09-13.40.19:682][976]LogSavePackage: Moving '../../../../../../Documentos/Unreal Projects/PT1 - copia/Saved/DensidadF85635A4433D83EF414B348AAC32BFDF.tmp' to '../../../../../../Documentos/Unreal Projects/PT1 - copia/Content/Widgets/Densidad.uasset'
[2020.10.09-13.40.19:695][976]AssetCheck: New page: Asset Save: Densidad
[2020.10.09-13.40.19:695][976]LogContentValidation: Display: Validating WidgetBlueprint /Game/Widgets/Densidad.Densidad
[2020.10.09-13.40.40:585][905]LogSlate: Took 0.000135 seconds to synchronously load lazily loaded font '../../../Engine/Content/Slate/Fonts/DroidSansMono.ttf' (77K)
[2020.10.09-13.41.16:864][574]BlueprintLog: New page: Compile Densidad_de_Objetos
[2020.10.09-13.41.17:007][574]LogUObjectHash: Compacting FUObjectHashTables data took   6.33ms
[2020.10.09-13.41.18:234][627]Cmd: OBJ SAVEPACKAGE PACKAGE="/Game/Densidad_de_Objetos" FILE="../../../../../../Documentos/Unreal Projects/PT1 - copia/Content/Densidad_de_Objetos.umap" SILENT=true AUTOSAVING=false KEEPDIRTY=false
[2020.10.09-13.41.18:278][627]LogUObjectHash: Compacting FUObjectHashTables data took   4.20ms
[2020.10.09-13.41.18:498][627]LogSavePackage: Moving '../../../../../../Documentos/Unreal Projects/PT1 - copia/Saved/Densidad_de_ObjetosD975950F453B8C989FCCBBB6732C6100.tmp' to '../../../../../../Documentos/Unreal Projects/PT1 - copia/Content/Densidad_de_Objetos.umap'
[2020.10.09-13.41.18:536][627]LogFileHelpers: Saving map 'Densidad_de_Objetos' took 0.303
[2020.10.09-13.41.18:547][627]AssetCheck: New page: Asset Save: Densidad_de_Objetos
[2020.10.09-13.41.18:547][627]LogContentValidation: Display: Validating World /Game/Densidad_de_Objetos.Densidad_de_Objetos
[2020.10.09-13.41.45:834][  0]BlueprintLog: New page: Compile Densidad_de_Objetos
[2020.10.09-13.41.45:978][  0]LogUObjectHash: Compacting FUObjectHashTables data took   7.35ms
[2020.10.09-13.41.46:618][ 23]Cmd: OBJ SAVEPACKAGE PACKAGE="/Game/Densidad_de_Objetos" FILE="../../../../../../Documentos/Unreal Projects/PT1 - copia/Content/Densidad_de_Objetos.umap" SILENT=true AUTOSAVING=false KEEPDIRTY=false
[2020.10.09-13.41.46:660][ 23]LogUObjectHash: Compacting FUObjectHashTables data took   4.07ms
[2020.10.09-13.41.46:860][ 23]LogSavePackage: Moving '../../../../../../Documentos/Unreal Projects/PT1 - copia/Saved/Densidad_de_Objetos656C8FC941E3874840364884D2AAAB3F.tmp' to '../../../../../../Documentos/Unreal Projects/PT1 - copia/Content/Densidad_de_Objetos.umap'
[2020.10.09-13.41.46:902][ 23]LogFileHelpers: Saving map 'Densidad_de_Objetos' took 0.285
[2020.10.09-13.41.46:915][ 23]AssetCheck: New page: Asset Save: Densidad_de_Objetos
[2020.10.09-13.41.46:915][ 23]LogContentValidation: Display: Validating World /Game/Densidad_de_Objetos.Densidad_de_Objetos
[2020.10.09-13.41.48:784][125]LogTemp: Repeating last play command: Selected Viewport
[2020.10.09-13.41.48:807][125]LogPlayLevel: PlayLevel: No blueprints needed recompiling
[2020.10.09-13.41.48:807][125]PIE: New page: PIE session: Densidad_de_Objetos (Oct 9, 2020, 7:41:48 AM)
[2020.10.09-13.41.48:809][125]LogOnline: OSS: Creating online subsystem instance for: NULL
[2020.10.09-13.41.48:810][125]LogOnline: OSS: TryLoadSubsystemAndSetDefault: Loaded subsystem for module [NULL]
[2020.10.09-13.41.48:810][125]LogPlayLevel: Creating play world package: /Game/UEDPIE_0_Densidad_de_Objetos
[2020.10.09-13.41.48:826][125]LogPlayLevel: PIE: StaticDuplicateObject took: (0.016574s)
[2020.10.09-13.41.48:828][125]LogAIModule: Creating AISystem for world Densidad_de_Objetos
[2020.10.09-13.41.48:828][125]LogAISub: UAISubsystem::UAISubsystem EnvQueryManager (000000F9A0C84C00), frame # 14125
[2020.10.09-13.41.48:828][125]LogAISub: UAISubsystem::UAISubsystem AIPerceptionSystem (000000F9A2D06D40), frame # 14125
[2020.10.09-13.41.48:828][125]LogPlayLevel: PIE: World Init took: (0.001666s)
[2020.10.09-13.41.48:828][125]LogPlayLevel: PIE: Created PIE world by copying editor world from /Game/Densidad_de_Objetos.Densidad_de_Objetos to /Game/UEDPIE_0_Densidad_de_Objetos.Densidad_de_Objetos (0.018397s)
[2020.10.09-13.41.48:870][125]LogUObjectHash: Compacting FUObjectHashTables data took   3.86ms
[2020.10.09-13.41.48:873][125]LogAudioMixer: Display: Audio Mixer Platform Settings:
[2020.10.09-13.41.48:873][125]LogAudioMixer: Display: 	Sample Rate:						  48000
[2020.10.09-13.41.48:873][125]LogAudioMixer: Display: 	Callback Buffer Frame Size Requested: 1024
[2020.10.09-13.41.48:873][125]LogAudioMixer: Display: 	Callback Buffer Frame Size To Use:	  1024
[2020.10.09-13.41.48:873][125]LogAudioMixer: Display: 	Number of buffers to queue:			  2
[2020.10.09-13.41.48:873][125]LogAudioMixer: Display: 	Max Channels (voices):				  32
[2020.10.09-13.41.48:873][125]LogAudioMixer: Display: 	Number of Async Source Workers:		  0
[2020.10.09-13.41.48:873][125]LogAudio: Display: AudioDevice MaxSources: 32
[2020.10.09-13.41.48:874][125]LogAudio: Display: Using built-in audio occlusion.
[2020.10.09-13.41.48:874][125]LogAudioMixer: Display: Initializing audio mixer.
[2020.10.09-13.41.48:876][125]LogAudioMixer: Display: 0: FrontLeft
[2020.10.09-13.41.48:876][125]LogAudioMixer: Display: 1: FrontRight
[2020.10.09-13.41.48:894][125]LogAudioMixer: Display: Using Audio Device Altavoces / Auriculares (IDT High Definition Audio CODEC)
[2020.10.09-13.41.48:894][125]LogAudioMixer: Display: Initializing Sound Submixes...
[2020.10.09-13.41.48:894][125]LogAudioMixer: Display: Creating Master Submix 'MasterSubmixDefault'
[2020.10.09-13.41.48:894][125]LogAudioMixer: Display: Creating Master Submix 'MasterReverbSubmixDefault'
[2020.10.09-13.41.48:895][125]LogAudioMixer: Display: Creating Master Submix 'MasterEQSubmixDefault'
[2020.10.09-13.41.48:912][125]LogInit: FAudioDevice initialized.
[2020.10.09-13.41.48:935][125]LogLoad: Game class is 'Multiplayer_Gamemode_C'
[2020.10.09-13.41.48:938][125]LogWorld: Bringing World /Game/UEDPIE_0_Densidad_de_Objetos.Densidad_de_Objetos up for play (max tick rate 0) at 2020.10.09-10.41.48
[2020.10.09-13.41.48:940][125]LogWorld: Bringing up level for play took: 0.004127
[2020.10.09-13.41.48:940][125]LogOnline: OSS: Creating online subsystem instance for: :Context_6
[2020.10.09-13.41.48:961][125]LogContentBrowser: Native class hierarchy updated for 'MovieSceneCapture' in 0.0004 seconds. Added 20 classes and 0 folders.
[2020.10.09-13.41.48:961][125]LogGameMode: Display: Match State Changed from EnteringMap to WaitingToStart
[2020.10.09-13.41.48:961][125]LogGameState: Match State Changed from EnteringMap to WaitingToStart
[2020.10.09-13.41.48:961][125]LogGameMode: Display: Match State Changed from WaitingToStart to InProgress
[2020.10.09-13.41.48:972][125]LogPlayerManagement: Error: Failed to Create Player: A local player already exists for controller ID 0,
[2020.10.09-13.41.48:977][125]LogGameState: Match State Changed from WaitingToStart to InProgress
[2020.10.09-13.41.48:977][125]PIE: Server logged in
[2020.10.09-13.41.48:979][125]PIE: Play in editor total start time 0.172 seconds.
[2020.10.09-13.41.48:982][125]LogBlueprintUserMessages: [Densidad_de_Objetos_C_1] 8.0
[2020.10.09-13.41.48:997][125]LogSlate: New Slate User Created.  User Index 1, Is Virtual User: 0
[2020.10.09-13.41.48:999][125]LogSlate: Slate User Registered.  User Index 1, Is Virtual User: 0
[2020.10.09-13.41.49:629][126]LogBlueprintUserMessages: [Densidad_de_Objetos_C_1] 8.0
[2020.10.09-13.41.49:654][127]LogBlueprintUserMessages: [Densidad_de_Objetos_C_1] 8.0
[2020.10.09-13.41.49:663][128]LogBlueprintUserMessages: [Densidad_de_Objetos_C_1] 8.0
[2020.10.09-13.41.49:694][129]LogBlueprintUserMessages: [Densidad_de_Objetos_C_1] 8.0
[2020.10.09-13.41.49:706][130]LogBlueprintUserMessages: [Densidad_de_Objetos_C_1] 8.0
[2020.10.09-13.41.49:728][131]LogBlueprintUserMessages: [Densidad_de_Objetos_C_1] 8.0
[2020.10.09-13.41.49:742][132]LogBlueprintUserMessages: [Densidad_de_Objetos_C_1] 8.0
[2020.10.09-13.41.49:755][133]LogBlueprintUserMessages: [Densidad_de_Objetos_C_1] 8.0
[2020.10.09-13.41.49:770][134]LogBlueprintUserMessages: [Densidad_de_Objetos_C_1] 8.0
[2020.10.09-13.41.49:782][135]LogBlueprintUserMessages: [Densidad_de_Objetos_C_1] 8.0
[2020.10.09-13.41.49:793][136]LogBlueprintUserMessages: [Densidad_de_Objetos_C_1] 8.0
[2020.10.09-13.41.49:804][137]LogBlueprintUserMessages: [Densidad_de_Objetos_C_1] 8.0
[2020.10.09-13.41.49:814][138]LogBlueprintUserMessages: [Densidad_de_Objetos_C_1] 8.0
[2020.10.09-13.41.49:825][139]LogBlueprintUserMessages: [Densidad_de_Objetos_C_1] 8.0
[2020.10.09-13.41.49:837][140]LogBlueprintUserMessages: [Densidad_de_Objetos_C_1] 8.0
[2020.10.09-13.41.49:848][141]LogBlueprintUserMessages: [Densidad_de_Objetos_C_1] 8.0
[2020.10.09-13.41.49:863][142]LogBlueprintUserMessages: [Densidad_de_Objetos_C_1] 8.0
[2020.10.09-13.41.49:878][143]LogBlueprintUserMessages: [Densidad_de_Objetos_C_1] 8.0
[2020.10.09-13.41.49:893][144]LogBlueprintUserMessages: [Densidad_de_Objetos_C_1] 8.0
[2020.10.09-13.41.49:907][145]LogBlueprintUserMessages: [Densidad_de_Objetos_C_1] 8.0
[2020.10.09-13.41.49:921][146]LogBlueprintUserMessages: [Densidad_de_Objetos_C_1] 8.0
[2020.10.09-13.41.49:932][147]LogBlueprintUserMessages: [Densidad_de_Objetos_C_1] 8.0
[2020.10.09-13.41.49:944][148]LogBlueprintUserMessages: [Densidad_de_Objetos_C_1] 8.0
[2020.10.09-13.41.49:956][149]LogBlueprintUserMessages: [Densidad_de_Objetos_C_1] 8.0
[2020.10.09-13.41.49:970][150]LogBlueprintUserMessages: [Densidad_de_Objetos_C_1] 8.0
[2020.10.09-13.41.49:981][151]LogBlueprintUserMessages: [Densidad_de_Objetos_C_1] 8.0
[2020.10.09-13.41.49:996][152]LogBlueprintUserMessages: [Densidad_de_Objetos_C_1] 8.0
[2020.10.09-13.41.50:010][153]LogBlueprintUserMessages: [Densidad_de_Objetos_C_1] 8.0
[2020.10.09-13.41.50:027][154]LogBlueprintUserMessages: [Densidad_de_Objetos_C_1] 8.0
[2020.10.09-13.41.50:042][155]LogBlueprintUserMessages: [Densidad_de_Objetos_C_1] 8.0
[2020.10.09-13.41.50:054][156]LogBlueprintUserMessages: [Densidad_de_Objetos_C_1] 8.0
[2020.10.09-13.41.50:066][157]LogBlueprintUserMessages: [Densidad_de_Objetos_C_1] 8.0
[2020.10.09-13.41.50:085][158]LogBlueprintUserMessages: [Densidad_de_Objetos_C_1] 8.0
[2020.10.09-13.41.50:099][159]LogBlueprintUserMessages: [Densidad_de_Objetos_C_1] 8.0
[2020.10.09-13.41.50:110][160]LogBlueprintUserMessages: [Densidad_de_Objetos_C_1] 8.0
[2020.10.09-13.41.50:122][161]LogBlueprintUserMessages: [Densidad_de_Objetos_C_1] 8.0
[2020.10.09-13.41.50:133][162]LogBlueprintUserMessages: [Densidad_de_Objetos_C_1] 8.0
[2020.10.09-13.41.50:146][163]LogBlueprintUserMessages: [Densidad_de_Objetos_C_1] 8.0
[2020.10.09-13.41.50:158][164]LogBlueprintUserMessages: [Densidad_de_Objetos_C_1] 8.0
[2020.10.09-13.41.50:172][165]LogBlueprintUserMessages: [Densidad_de_Objetos_C_1] 8.0
[2020.10.09-13.41.50:184][166]LogBlueprintUserMessages: [Densidad_de_Objetos_C_1] 8.0
[2020.10.09-13.41.50:198][167]LogBlueprintUserMessages: [Densidad_de_Objetos_C_1] 8.0
[2020.10.09-13.41.50:211][168]LogBlueprintUserMessages: [Densidad_de_Objetos_C_1] 8.0
[2020.10.09-13.41.50:223][169]LogBlueprintUserMessages: [Densidad_de_Objetos_C_1] 8.0
[2020.10.09-13.41.50:236][170]LogBlueprintUserMessages: [Densidad_de_Objetos_C_1] 8.0
[2020.10.09-13.41.50:248][171]LogBlueprintUserMessages: [Densidad_de_Objetos_C_1] 8.0
[2020.10.09-13.41.50:259][172]LogBlueprintUserMessages: [Densidad_de_Objetos_C_1] 8.0
[2020.10.09-13.41.50:270][173]LogBlueprintUserMessages: [Densidad_de_Objetos_C_1] 8.0
[2020.10.09-13.41.50:281][174]LogBlueprintUserMessages: [Densidad_de_Objetos_C_1] 8.0
[2020.10.09-13.41.50:293][175]LogBlueprintUserMessages: [Densidad_de_Objetos_C_1] 8.0
[2020.10.09-13.41.50:304][176]LogBlueprintUserMessages: [Densidad_de_Objetos_C_1] 8.0
[2020.10.09-13.41.50:314][177]LogBlueprintUserMessages: [Densidad_de_Objetos_C_1] 8.0
[2020.10.09-13.41.50:325][178]LogBlueprintUserMessages: [Densidad_de_Objetos_C_1] 8.0
[2020.10.09-13.41.50:336][179]LogBlueprintUserMessages: [Densidad_de_Objetos_C_1] 8.0
[2020.10.09-13.41.50:347][180]LogBlueprintUserMessages: [Densidad_de_Objetos_C_1] 8.0
[2020.10.09-13.41.50:360][181]LogBlueprintUserMessages: [Densidad_de_Objetos_C_1] 8.0
[2020.10.09-13.41.50:370][182]LogBlueprintUserMessages: [Densidad_de_Objetos_C_1] 8.0
[2020.10.09-13.41.50:381][183]LogBlueprintUserMessages: [Densidad_de_Objetos_C_1] 8.0
[2020.10.09-13.41.50:393][184]LogBlueprintUserMessages: [Densidad_de_Objetos_C_1] 8.0
[2020.10.09-13.41.50:404][185]LogBlueprintUserMessages: [Densidad_de_Objetos_C_1] 8.0
[2020.10.09-13.41.50:414][186]LogBlueprintUserMessages: [Densidad_de_Objetos_C_1] 8.0
[2020.10.09-13.41.50:425][187]LogBlueprintUserMessages: [Densidad_de_Objetos_C_1] 8.0
[2020.10.09-13.41.50:436][188]LogBlueprintUserMessages: [Densidad_de_Objetos_C_1] 8.0
[2020.10.09-13.41.50:451][189]LogBlueprintUserMessages: [Densidad_de_Objetos_C_1] 8.0
[2020.10.09-13.41.50:463][190]LogBlueprintUserMessages: [Densidad_de_Objetos_C_1] 8.0
[2020.10.09-13.41.50:475][191]LogBlueprintUserMessages: [Densidad_de_Objetos_C_1] 8.0
[2020.10.09-13.41.50:486][192]LogBlueprintUserMessages: [Densidad_de_Objetos_C_1] 8.0
[2020.10.09-13.41.50:498][193]LogBlueprintUserMessages: [Densidad_de_Objetos_C_1] 8.0
[2020.10.09-13.41.50:512][194]LogBlueprintUserMessages: [Densidad_de_Objetos_C_1] 8.0
[2020.10.09-13.41.50:525][195]LogBlueprintUserMessages: [Densidad_de_Objetos_C_1] 8.0
[2020.10.09-13.41.50:536][196]LogBlueprintUserMessages: [Densidad_de_Objetos_C_1] 8.0
[2020.10.09-13.41.50:548][197]LogBlueprintUserMessages: [Densidad_de_Objetos_C_1] 8.0
[2020.10.09-13.41.50:558][198]LogBlueprintUserMessages: [Densidad_de_Objetos_C_1] 8.0
[2020.10.09-13.41.50:572][199]LogBlueprintUserMessages: [Densidad_de_Objetos_C_1] 8.0
[2020.10.09-13.41.50:584][200]LogBlueprintUserMessages: [Densidad_de_Objetos_C_1] 8.0
[2020.10.09-13.41.50:595][201]LogBlueprintUserMessages: [Densidad_de_Objetos_C_1] 8.0
[2020.10.09-13.41.50:606][202]LogBlueprintUserMessages: [Densidad_de_Objetos_C_1] 8.0
[2020.10.09-13.41.50:617][203]LogBlueprintUserMessages: [Densidad_de_Objetos_C_1] 8.0
[2020.10.09-13.41.50:628][204]LogBlueprintUserMessages: [Densidad_de_Objetos_C_1] 8.0
[2020.10.09-13.41.50:640][205]LogBlueprintUserMessages: [Densidad_de_Objetos_C_1] 8.0
[2020.10.09-13.41.50:652][206]LogBlueprintUserMessages: [Densidad_de_Objetos_C_1] 8.0
[2020.10.09-13.41.50:689][206]LogSlate: Updating window title bar state: overlay mode, drag disabled, window buttons hidden, title bar hidden
[2020.10.09-13.41.50:689][206]LogWorld: BeginTearingDown for /Game/UEDPIE_0_Densidad_de_Objetos
[2020.10.09-13.41.50:690][206]LogWorld: UWorld::CleanupWorld for Densidad_de_Objetos, bSessionEnded=true, bCleanupResources=true
[2020.10.09-13.41.50:690][206]LogSlate: InvalidateAllWidgets triggered.  All widgets were invalidated
[2020.10.09-13.41.50:696][206]LogPlayLevel: Display: Shutting down PIE online subsystems
[2020.10.09-13.41.50:703][206]LogSlate: InvalidateAllWidgets triggered.  All widgets were invalidated
[2020.10.09-13.41.50:776][206]LogSlate: Updating window title bar state: overlay mode, drag disabled, window buttons hidden, title bar hidden
[2020.10.09-13.41.50:782][206]LogAISub: UAISubsystem::~UAISubsystem AIPerceptionSystem (000000F9A2D06D40), frame # 14206
[2020.10.09-13.41.50:782][206]LogAISub: UAISubsystem::~UAISubsystem EnvQueryManager (000000F9A0C84C00), frame # 14206
[2020.10.09-13.41.50:813][206]LogUObjectHash: Compacting FUObjectHashTables data took   6.90ms
[2020.10.09-13.41.50:855][207]LogPlayLevel: Display: Destroying online subsystem :Context_6
[2020.10.09-13.42.21:589][509]BlueprintLog: New page: Compile Densidad
[2020.10.09-13.42.21:675][509]LogUObjectHash: Compacting FUObjectHashTables data took  10.59ms
[2020.10.09-13.42.22:284][532]Cmd: OBJ SAVEPACKAGE PACKAGE="/Game/Widgets/Densidad" FILE="../../../../../../Documentos/Unreal Projects/PT1 - copia/Content/Widgets/Densidad.uasset" SILENT=true
[2020.10.09-13.42.22:365][532]LogSavePackage: Moving '../../../../../../Documentos/Unreal Projects/PT1 - copia/Saved/DensidadA1A8C7454BCE32F5E11D41A919FD934B.tmp' to '../../../../../../Documentos/Unreal Projects/PT1 - copia/Content/Widgets/Densidad.uasset'
[2020.10.09-13.42.22:380][532]AssetCheck: New page: Asset Save: Densidad
[2020.10.09-13.42.22:380][532]LogContentValidation: Display: Validating WidgetBlueprint /Game/Widgets/Densidad.Densidad
[2020.10.09-13.43.05:385][313]Cmd: OBJ SAVEPACKAGE PACKAGE="/Game/Widgets/Densidad" FILE="../../../../../../Documentos/Unreal Projects/PT1 - copia/Content/Widgets/Densidad.uasset" SILENT=true
[2020.10.09-13.43.05:472][313]LogSavePackage: Moving '../../../../../../Documentos/Unreal Projects/PT1 - copia/Saved/Densidad66150B7A4C648CA92CC0D993179FB2BA.tmp' to '../../../../../../Documentos/Unreal Projects/PT1 - copia/Content/Widgets/Densidad.uasset'
[2020.10.09-13.43.05:485][313]AssetCheck: New page: Asset Save: Densidad
[2020.10.09-13.43.05:485][313]LogContentValidation: Display: Validating WidgetBlueprint /Game/Widgets/Densidad.Densidad
[2020.10.09-13.43.46:743][982]LogEditorViewport: Clicking on Actor (LMB): Lvl-Densidad-tilemap_Blueprint_C (Lvl-Densidad-tilemap_Blueprint)
[2020.10.09-13.46.11:871][ 42]LogSlate: Window 'Pick Parent Class' being destroyed
[2020.10.09-13.46.14:334][147]LogAssetEditorSubsystem: Opening Asset editor for Blueprint /Game/Blueprints/NewBlueprint.NewBlueprint
[2020.10.09-13.46.27:978][656]LogUObjectHash: Compacting FUObjectHashTables data took   9.47ms
[2020.10.09-13.46.29:345][656]LogSlate: Window 'Delete Assets' being destroyed
[2020.10.09-13.46.30:569][656]LogWorld: UWorld::CleanupWorld for World_6, bSessionEnded=true, bCleanupResources=true
[2020.10.09-13.46.30:569][656]LogSlate: InvalidateAllWidgets triggered.  All widgets were invalidated
[2020.10.09-13.46.30:624][656]LogUObjectGlobals: Force Deleting 1 Package(s):
	Asset Name: /Game/Blueprints/NewBlueprint.NewBlueprint
[2020.10.09-13.46.32:458][656]LogUObjectHash: Compacting FUObjectHashTables data took   4.41ms
[2020.10.09-13.46.54:948][636]LogOutputDevice: Warning: 

Script Stack (0 frames):

[2020.10.09-13.46.54:948][636]LogWindows: Windows GetLastError: La operación se completó correctamente. (0)
