Log file open, 10/29/20 18:07:24
LogInit: Display: Running engine for game: Titulo1_Try1
LogPlatformFile: Not using cached read wrapper
LogTaskGraph: Started task graph with 5 named threads and 23 total threads with 3 sets of task threads.
LogStats: Stats thread started at 0.417135
LogD3D11RHI: Loaded GFSDK_Aftermath_Lib.x64.dll
LogICUInternationalization: ICU TimeZone Detection - Raw Offset: -3:00, Platform Override: ''
LogPluginManager: Mounting plugin Paper2D
LogPluginManager: Mounting plugin AISupport
LogPluginManager: Mounting plugin LightPropagationVolume
LogPluginManager: Mounting plugin CameraShakePreviewer
LogPluginManager: Mounting plugin ActorLayerUtilities
LogPluginManager: Mounting plugin AnimationSharing
LogPluginManager: Mounting plugin CLionSourceCodeAccess
LogPluginManager: Mounting plugin CodeLiteSourceCodeAccess
LogPluginManager: Mounting plugin GitSourceControl
LogPluginManager: Mounting plugin KDevelopSourceCodeAccess
LogPluginManager: Mounting plugin NullSourceCodeAccess
LogPluginManager: Mounting plugin PerforceSourceControl
LogPluginManager: Mounting plugin PlasticSourceControl
LogPluginManager: Mounting plugin RiderSourceCodeAccess
LogPluginManager: Mounting plugin SubversionSourceControl
LogPluginManager: Mounting plugin UObjectPlugin
LogPluginManager: Mounting plugin VisualStudioCodeSourceCodeAccess
LogPluginManager: Mounting plugin VisualStudioSourceCodeAccess
LogPluginManager: Mounting plugin XCodeSourceCodeAccess
LogPluginManager: Mounting plugin AssetManagerEditor
LogPluginManager: Mounting plugin CryptoKeys
LogPluginManager: Mounting plugin CurveEditorTools
LogPluginManager: Mounting plugin DataValidation
LogPluginManager: Mounting plugin EditorScriptingUtilities
LogPluginManager: Mounting plugin FacialAnimation
LogPluginManager: Mounting plugin GameplayTagsEditor
LogPluginManager: Mounting plugin GeometryMode
LogPluginManager: Mounting plugin MacGraphicsSwitching
LogPluginManager: Mounting plugin MaterialAnalyzer
LogPluginManager: Mounting plugin MobileLauncherProfileWizard
LogPluginManager: Mounting plugin PluginBrowser
LogPluginManager: Mounting plugin SpeedTreeImporter
LogPluginManager: Mounting plugin DatasmithContent
LogPluginManager: Mounting plugin VariantManagerContent
LogPluginManager: Mounting plugin AlembicImporter
LogPluginManager: Mounting plugin AutomationUtils
LogPluginManager: Mounting plugin BackChannel
LogPluginManager: Mounting plugin ChaosCloth
LogPluginManager: Mounting plugin ChaosClothEditor
LogPluginManager: Mounting plugin ChaosEditor
LogPluginManager: Mounting plugin ChaosNiagara
LogPluginManager: Mounting plugin ChaosSolverPlugin
LogPluginManager: Mounting plugin CharacterAI
LogPluginManager: Mounting plugin GeometryCache
LogPluginManager: Mounting plugin GeometryCollectionPlugin
LogPluginManager: Mounting plugin GeometryProcessing
LogPluginManager: Mounting plugin PlanarCut
LogPluginManager: Mounting plugin PlatformCrypto
LogPluginManager: Mounting plugin ProxyLODPlugin
LogPluginManager: Mounting plugin SkeletalReduction
LogPluginManager: Mounting plugin Niagara
LogPluginManager: Mounting plugin MagicLeap
LogPluginManager: Mounting plugin MagicLeapLightEstimation
LogPluginManager: Mounting plugin MagicLeapMedia
LogPluginManager: Mounting plugin MagicLeapPassableWorld
LogPluginManager: Mounting plugin MLSDK
LogPluginManager: Mounting plugin AndroidMedia
LogPluginManager: Mounting plugin AvfMedia
LogPluginManager: Mounting plugin ImgMedia
LogPluginManager: Mounting plugin MediaCompositing
LogPluginManager: Mounting plugin MediaPlayerEditor
LogPluginManager: Mounting plugin WebMMedia
LogPluginManager: Mounting plugin WmfMedia
LogPluginManager: Mounting plugin MeshPainting
LogPluginManager: Mounting plugin TcpMessaging
LogPluginManager: Mounting plugin UdpMessaging
LogPluginManager: Mounting plugin ActorSequence
LogPluginManager: Mounting plugin LevelSequenceEditor
LogPluginManager: Mounting plugin MatineeToLevelSequence
LogPluginManager: Mounting plugin MovieRenderPipeline
LogPluginManager: Mounting plugin TemplateSequence
LogPluginManager: Mounting plugin NetcodeUnitTest
LogPluginManager: Mounting plugin NUTUnrealEngine4
LogPluginManager: Mounting plugin OnlineSubsystemGooglePlay
LogPluginManager: Mounting plugin OnlineSubsystemIOS
LogPluginManager: Mounting plugin OnlineSubsystem
LogPluginManager: Mounting plugin OnlineSubsystemNull
LogPluginManager: Mounting plugin OnlineSubsystemUtils
LogPluginManager: Mounting plugin LauncherChunkInstaller
LogPluginManager: Mounting plugin AndroidDeviceProfileSelector
LogPluginManager: Mounting plugin AndroidMoviePlayer
LogPluginManager: Mounting plugin AndroidPermission
LogPluginManager: Mounting plugin ApexDestruction
LogPluginManager: Mounting plugin AppleImageUtils
LogPluginManager: Mounting plugin AppleMoviePlayer
LogPluginManager: Mounting plugin ArchVisCharacter
LogPluginManager: Mounting plugin AssetTags
LogPluginManager: Mounting plugin AudioCapture
LogPluginManager: Mounting plugin CableComponent
LogPluginManager: Mounting plugin CustomMeshComponent
LogPluginManager: Mounting plugin EditableMesh
LogPluginManager: Mounting plugin ExampleDeviceProfileSelector
LogPluginManager: Mounting plugin GoogleCloudMessaging
LogPluginManager: Mounting plugin GooglePAD
LogPluginManager: Mounting plugin IOSDeviceProfileSelector
LogPluginManager: Mounting plugin LinuxDeviceProfileSelector
LogPluginManager: Mounting plugin LocationServicesBPLibrary
LogPluginManager: Mounting plugin MobilePatchingUtils
LogPluginManager: Mounting plugin OculusVR
LogPluginManager: Mounting plugin PhysXVehicles
LogPluginManager: Mounting plugin PostSplashScreen
LogPluginManager: Mounting plugin ProceduralMeshComponent
LogPluginManager: Mounting plugin RuntimePhysXCooking
LogPluginManager: Mounting plugin SignificanceManager
LogPluginManager: Mounting plugin SoundFields
LogPluginManager: Mounting plugin SteamVR
LogPluginManager: Mounting plugin Synthesis
LogPluginManager: Mounting plugin WebMMoviePlayer
LogPluginManager: Mounting plugin WindowsMoviePlayer
LogPluginManager: Mounting plugin ScreenshotTools
LogPluginManager: Mounting plugin VictoryBPLibrary
LogInit: Using libcurl 7.55.1-DEV
LogInit:  - built for x86_64-pc-win32
LogInit:  - supports SSL with OpenSSL/1.1.1
LogInit:  - supports HTTP deflate (compression) using libz 1.2.8
LogInit:  - other features:
LogInit:      CURL_VERSION_SSL
LogInit:      CURL_VERSION_LIBZ
LogInit:      CURL_VERSION_IPV6
LogInit:      CURL_VERSION_ASYNCHDNS
LogInit:      CURL_VERSION_LARGEFILE
LogInit:      CURL_VERSION_IDN
LogInit:  CurlRequestOptions (configurable via config and command line):
LogInit:  - bVerifyPeer = true  - Libcurl will verify peer certificate
LogInit:  - bUseHttpProxy = false  - Libcurl will NOT use HTTP proxy
LogInit:  - bDontReuseConnections = false  - Libcurl will reuse connections
LogInit:  - MaxHostConnections = 16  - Libcurl will limit the number of connections to a host
LogInit:  - LocalHostAddr = Default
LogInit:  - BufferSize = 65536
LogOnline: OSS: Creating online subsystem instance for: NULL
LogInit: WinSock: version 1.1 (2.2), MaxSocks=32767, MaxUdp=65467
LogOnline: OSS: TryLoadSubsystemAndSetDefault: Loaded subsystem for module [NULL]
LogInit: Build: ++UE4+Release-4.25-CL-13594126
LogInit: Engine Version: 4.25.1-13594126+++UE4+Release-4.25
LogInit: Compatible Engine Version: 4.25.0-13144385+++UE4+Release-4.25
LogInit: Net CL: 13144385
LogInit: OS: Windows 8.1 (), CPU: Intel(R) Core(TM) i7-4702MQ CPU @ 2.20GHz, GPU: Intel(R) HD Graphics 4600
LogInit: Compiled (64-bit): Jun  2 2020 02:10:36
LogInit: Compiled with Visual C++: 19.24.28315.00
LogInit: Build Configuration: Development
LogInit: Branch Name: ++UE4+Release-4.25
LogInit: Command Line: 
LogInit: Base Directory: D:/Program Files/Epic Games/UE_4.25/Engine/Binaries/Win64/
LogInit: Allocator: TBB
LogInit: Installed Engine Build: 1
LogDevObjectVersion: Number of dev versions registered: 26
LogDevObjectVersion:   Dev-Blueprints (B0D832E4-1F89-4F0D-ACCF-7EB736FD4AA2): 10
LogDevObjectVersion:   Dev-Build (E1C64328-A22C-4D53-A36C-8E866417BD8C): 0
LogDevObjectVersion:   Dev-Core (375EC13C-06E4-48FB-B500-84F0262A717E): 4
LogDevObjectVersion:   Dev-Editor (E4B068ED-F494-42E9-A231-DA0B2E46BB41): 38
LogDevObjectVersion:   Dev-Framework (CFFC743F-43B0-4480-9391-14DF171D2073): 37
LogDevObjectVersion:   Dev-Mobile (B02B49B5-BB20-44E9-A304-32B752E40360): 2
LogDevObjectVersion:   Dev-Networking (A4E4105C-59A1-49B5-A7C5-40C4547EDFEE): 0
LogDevObjectVersion:   Dev-Online (39C831C9-5AE6-47DC-9A44-9C173E1C8E7C): 0
LogDevObjectVersion:   Dev-Physics (78F01B33-EBEA-4F98-B9B4-84EACCB95AA2): 4
LogDevObjectVersion:   Dev-Platform (6631380F-2D4D-43E0-8009-CF276956A95A): 0
LogDevObjectVersion:   Dev-Rendering (12F88B9F-8875-4AFC-A67C-D90C383ABD29): 43
LogDevObjectVersion:   Dev-Sequencer (7B5AE74C-D270-4C10-A958-57980B212A5A): 12
LogDevObjectVersion:   Dev-VR (D7296918-1DD6-4BDD-9DE2-64A83CC13884): 3
LogDevObjectVersion:   Dev-LoadTimes (C2A15278-BFE7-4AFE-6C17-90FF531DF755): 1
LogDevObjectVersion:   Private-Geometry (6EACA3D4-40EC-4CC1-B786-8BED09428FC5): 3
LogDevObjectVersion:   Dev-AnimPhys (29E575DD-E0A3-4627-9D10-D276232CDCEA): 17
LogDevObjectVersion:   Dev-Anim (AF43A65D-7FD3-4947-9873-3E8ED9C1BB05): 7
LogDevObjectVersion:   Dev-ReflectionCapture (6B266CEC-1EC7-4B8F-A30B-E4D90942FC07): 1
LogDevObjectVersion:   Dev-Automation (0DF73D61-A23F-47EA-B727-89E90C41499A): 1
LogDevObjectVersion:   FortniteMain (601D1886-AC64-4F84-AA16-D3DE0DEAC7D6): 31
LogDevObjectVersion:   Dev-Enterprise (9DFFBCD6-494F-0158-E221-12823C92A888): 10
LogDevObjectVersion:   Dev-Niagara (F2AED0AC-9AFE-416F-8664-AA7FFA26D6FC): 1
LogDevObjectVersion:   Dev-Destruction (174F1F0B-B4C6-45A5-B13F-2EE8D0FB917D): 10
LogDevObjectVersion:   Dev-Physics-Ext (35F94A83-E258-406C-A318-09F59610247C): 37
LogDevObjectVersion:   Dev-PhysicsMaterial-Chaos (B68FC16E-8B1B-42E2-B453-215C058844FE): 1
LogDevObjectVersion:   Dev-CineCamera (B2E18506-4273-CFC2-A54E-F4BB758BBA07): 1
LogInit: Presizing for max 25165824 objects, including 0 objects not considered by GC, pre-allocating 0 bytes for permanent pool.
LogConfig: Applying CVar settings from Section [/Script/Engine.StreamingSettings] File [D:/Documentos/Unreal Projects/PT1 - copia/Saved/Config/Windows/Engine.ini]
LogConfig: Setting CVar [[s.MinBulkDataSizeForAsyncLoading:131072]]
LogConfig: Setting CVar [[s.AsyncLoadingThreadEnabled:0]]
LogConfig: Setting CVar [[s.EventDrivenLoaderEnabled:1]]
LogConfig: Setting CVar [[s.WarnIfTimeLimitExceeded:0]]
LogConfig: Setting CVar [[s.TimeLimitExceededMultiplier:1.5]]
LogConfig: Setting CVar [[s.TimeLimitExceededMinTime:0.005]]
LogConfig: Setting CVar [[s.UseBackgroundLevelStreaming:1]]
LogConfig: Setting CVar [[s.PriorityAsyncLoadingExtraTime:15.0]]
LogConfig: Setting CVar [[s.LevelStreamingActorsUpdateTimeLimit:5.0]]
LogConfig: Setting CVar [[s.PriorityLevelStreamingActorsUpdateExtraTime:5.0]]
LogConfig: Setting CVar [[s.LevelStreamingComponentsRegistrationGranularity:10]]
LogConfig: Setting CVar [[s.UnregisterComponentsTimeLimit:1.0]]
LogConfig: Setting CVar [[s.LevelStreamingComponentsUnregistrationGranularity:5]]
LogConfig: Setting CVar [[s.FlushStreamingOnExit:1]]
LogInit: Object subsystem initialized
LogConfig: Setting CVar [[con.DebugEarlyDefault:1]]
LogConfig: Setting CVar [[r.setres:1280x720]]
[2020.10.29-21.07.25:031][  0]LogConfig: Setting CVar [[r.VSync:0]]
[2020.10.29-21.07.25:031][  0]LogConfig: Setting CVar [[r.RHICmdBypass:0]]
[2020.10.29-21.07.25:031][  0]LogConfig: Applying CVar settings from Section [/Script/Engine.RendererSettings] File [D:/Documentos/Unreal Projects/PT1 - copia/Saved/Config/Windows/Engine.ini]
[2020.10.29-21.07.25:031][  0]LogConfig: Setting CVar [[r.GPUCrashDebugging:0]]
[2020.10.29-21.07.25:031][  0]LogConfig: Setting CVar [[r.MobileHDR:1]]
[2020.10.29-21.07.25:031][  0]LogConfig: Setting CVar [[r.Mobile.DisableVertexFog:1]]
[2020.10.29-21.07.25:031][  0]LogConfig: Setting CVar [[r.Shadow.CSM.MaxMobileCascades:2]]
[2020.10.29-21.07.25:031][  0]LogConfig: Setting CVar [[r.MobileMSAA:1]]
[2020.10.29-21.07.25:031][  0]LogConfig: Setting CVar [[r.Mobile.UseLegacyShadingModel:0]]
[2020.10.29-21.07.25:031][  0]LogConfig: Setting CVar [[r.Mobile.UseHWsRGBEncoding:0]]
[2020.10.29-21.07.25:031][  0]LogConfig: Setting CVar [[r.Mobile.AllowDitheredLODTransition:0]]
[2020.10.29-21.07.25:031][  0]LogConfig: Setting CVar [[r.Mobile.AllowSoftwareOcclusion:0]]
[2020.10.29-21.07.25:031][  0]LogConfig: Setting CVar [[r.DiscardUnusedQuality:0]]
[2020.10.29-21.07.25:031][  0]LogConfig: Setting CVar [[r.AllowOcclusionQueries:1]]
[2020.10.29-21.07.25:031][  0]LogConfig: Setting CVar [[r.MinScreenRadiusForLights:0.030000]]
[2020.10.29-21.07.25:031][  0]LogConfig: Setting CVar [[r.MinScreenRadiusForDepthPrepass:0.030000]]
[2020.10.29-21.07.25:031][  0]LogConfig: Setting CVar [[r.MinScreenRadiusForCSMDepth:0.010000]]
[2020.10.29-21.07.25:031][  0]LogConfig: Setting CVar [[r.PrecomputedVisibilityWarning:0]]
[2020.10.29-21.07.25:031][  0]LogConfig: Setting CVar [[r.TextureStreaming:1]]
[2020.10.29-21.07.25:031][  0]LogConfig: Setting CVar [[Compat.UseDXT5NormalMaps:0]]
[2020.10.29-21.07.25:031][  0]LogConfig: Setting CVar [[r.VirtualTextures:0]]
[2020.10.29-21.07.25:031][  0]LogConfig: Setting CVar [[r.VirtualTexturedLightmaps:0]]
[2020.10.29-21.07.25:031][  0]LogConfig: Setting CVar [[r.VT.TileSize:128]]
[2020.10.29-21.07.25:031][  0]LogConfig: Setting CVar [[r.VT.TileBorderSize:4]]
[2020.10.29-21.07.25:031][  0]LogConfig: Setting CVar [[r.vt.FeedbackFactor:16]]
[2020.10.29-21.07.25:031][  0]LogConfig: Setting CVar [[r.VT.EnableCompressZlib:1]]
[2020.10.29-21.07.25:031][  0]LogConfig: Setting CVar [[r.VT.EnableCompressCrunch:0]]
[2020.10.29-21.07.25:031][  0]LogConfig: Setting CVar [[r.ClearCoatNormal:0]]
[2020.10.29-21.07.25:031][  0]LogConfig: Setting CVar [[r.ReflectionCaptureResolution:128]]
[2020.10.29-21.07.25:032][  0]LogConfig: Setting CVar [[r.ReflectionEnvironmentLightmapMixBasedOnRoughness:1]]
[2020.10.29-21.07.25:032][  0]LogConfig: Setting CVar [[r.ForwardShading:0]]
[2020.10.29-21.07.25:032][  0]LogConfig: Setting CVar [[r.VertexFoggingForOpaque:1]]
[2020.10.29-21.07.25:032][  0]LogConfig: Setting CVar [[r.AllowStaticLighting:1]]
[2020.10.29-21.07.25:032][  0]LogConfig: Setting CVar [[r.NormalMapsForStaticLighting:0]]
[2020.10.29-21.07.25:032][  0]LogConfig: Setting CVar [[r.GenerateMeshDistanceFields:0]]
[2020.10.29-21.07.25:032][  0]LogConfig: Setting CVar [[r.DistanceFieldBuild.EightBit:0]]
[2020.10.29-21.07.25:032][  0]LogConfig: Setting CVar [[r.GenerateLandscapeGIData:0]]
[2020.10.29-21.07.25:032][  0]LogConfig: Setting CVar [[r.DistanceFieldBuild.Compress:0]]
[2020.10.29-21.07.25:032][  0]LogConfig: Setting CVar [[r.TessellationAdaptivePixelsPerTriangle:48.000000]]
[2020.10.29-21.07.25:032][  0]LogConfig: Setting CVar [[r.SeparateTranslucency:1]]
[2020.10.29-21.07.25:032][  0]LogConfig: Setting CVar [[r.TranslucentSortPolicy:0]]
[2020.10.29-21.07.25:032][  0]LogConfig: Setting CVar [[r.CustomDepth:1]]
[2020.10.29-21.07.25:032][  0]LogConfig: Setting CVar [[r.CustomDepthTemporalAAJitter:1]]
[2020.10.29-21.07.25:032][  0]LogConfig: Setting CVar [[r.PostProcessing.PropagateAlpha:0]]
[2020.10.29-21.07.25:032][  0]LogConfig: Setting CVar [[r.DefaultFeature.Bloom:1]]
[2020.10.29-21.07.25:032][  0]LogConfig: Setting CVar [[r.DefaultFeature.AmbientOcclusion:1]]
[2020.10.29-21.07.25:032][  0]LogConfig: Setting CVar [[r.DefaultFeature.AmbientOcclusionStaticFraction:1]]
[2020.10.29-21.07.25:032][  0]LogConfig: Setting CVar [[r.DefaultFeature.AutoExposure:0]]
[2020.10.29-21.07.25:032][  0]LogConfig: Setting CVar [[r.DefaultFeature.AutoExposure.Method:0]]
[2020.10.29-21.07.25:032][  0]LogConfig: Setting CVar [[r.DefaultFeature.AutoExposure.ExtendDefaultLuminanceRange:0]]
[2020.10.29-21.07.25:032][  0]LogConfig: Setting CVar [[r.UsePreExposure:1]]
[2020.10.29-21.07.25:032][  0]LogConfig: Setting CVar [[r.EyeAdaptation.EditorOnly:1]]
[2020.10.29-21.07.25:032][  0]LogConfig: Setting CVar [[r.DefaultFeature.MotionBlur:0]]
[2020.10.29-21.07.25:032][  0]LogConfig: Setting CVar [[r.DefaultFeature.LensFlare:0]]
[2020.10.29-21.07.25:032][  0]LogConfig: Setting CVar [[r.TemporalAA.Upsampling:0]]
[2020.10.29-21.07.25:032][  0]LogConfig: Setting CVar [[r.SSGI.Enable:0]]
[2020.10.29-21.07.25:032][  0]LogConfig: Setting CVar [[r.DefaultFeature.AntiAliasing:0]]
[2020.10.29-21.07.25:032][  0]LogConfig: Setting CVar [[r.DefaultFeature.LightUnits:1]]
[2020.10.29-21.07.25:032][  0]LogConfig: Setting CVar [[r.DefaultBackBufferPixelFormat:4]]
[2020.10.29-21.07.25:032][  0]LogConfig: Setting CVar [[r.Shadow.UnbuiltPreviewInGame:1]]
[2020.10.29-21.07.25:032][  0]LogConfig: Setting CVar [[r.StencilForLODDither:0]]
[2020.10.29-21.07.25:032][  0]LogConfig: Setting CVar [[r.EarlyZPass:3]]
[2020.10.29-21.07.25:032][  0]LogConfig: Setting CVar [[r.EarlyZPassOnlyMaterialMasking:0]]
[2020.10.29-21.07.25:032][  0]LogConfig: Setting CVar [[r.DBuffer:1]]
[2020.10.29-21.07.25:032][  0]LogConfig: Setting CVar [[r.ClearSceneMethod:1]]
[2020.10.29-21.07.25:032][  0]LogConfig: Setting CVar [[r.BasePassOutputsVelocity:0]]
[2020.10.29-21.07.25:032][  0]LogConfig: Setting CVar [[r.SelectiveBasePassOutputs:0]]
[2020.10.29-21.07.25:032][  0]LogConfig: Setting CVar [[fx.GPUSimulationTextureSizeX:1024]]
[2020.10.29-21.07.25:032][  0]LogConfig: Setting CVar [[fx.GPUSimulationTextureSizeY:1024]]
[2020.10.29-21.07.25:032][  0]LogConfig: Setting CVar [[r.AllowGlobalClipPlane:0]]
[2020.10.29-21.07.25:032][  0]LogConfig: Setting CVar [[r.GBufferFormat:1]]
[2020.10.29-21.07.25:032][  0]LogConfig: Setting CVar [[r.MorphTarget.Mode:1]]
[2020.10.29-21.07.25:032][  0]LogConfig: Setting CVar [[vr.InstancedStereo:0]]
[2020.10.29-21.07.25:032][  0]LogConfig: Setting CVar [[vr.MobileMultiView:0]]
[2020.10.29-21.07.25:032][  0]LogConfig: Setting CVar [[vr.RoundRobinOcclusion:0]]
[2020.10.29-21.07.25:032][  0]LogConfig: Setting CVar [[vr.ODSCapture:0]]
[2020.10.29-21.07.25:032][  0]LogConfig: Setting CVar [[r.WireframeCullThreshold:5.000000]]
[2020.10.29-21.07.25:032][  0]LogConfig: Setting CVar [[r.RayTracing:0]]
[2020.10.29-21.07.25:032][  0]LogConfig: Setting CVar [[r.RayTracing.UseTextureLod:0]]
[2020.10.29-21.07.25:032][  0]LogConfig: Setting CVar [[r.SupportStationarySkylight:1]]
[2020.10.29-21.07.25:032][  0]LogConfig: Setting CVar [[r.SupportLowQualityLightmaps:1]]
[2020.10.29-21.07.25:032][  0]LogConfig: Setting CVar [[r.SupportPointLightWholeSceneShadows:1]]
[2020.10.29-21.07.25:032][  0]LogConfig: Setting CVar [[r.SupportAtmosphericFog:1]]
[2020.10.29-21.07.25:032][  0]LogConfig: Setting CVar [[r.SupportSkyAtmosphere:1]]
[2020.10.29-21.07.25:032][  0]LogConfig: Setting CVar [[r.SupportSkyAtmosphereAffectsHeightFog:0]]
[2020.10.29-21.07.25:032][  0]LogConfig: Setting CVar [[r.SkinCache.CompileShaders:0]]
[2020.10.29-21.07.25:032][  0]LogConfig: Setting CVar [[r.Mobile.EnableStaticAndCSMShadowReceivers:1]]
[2020.10.29-21.07.25:032][  0]LogConfig: Setting CVar [[r.Mobile.EnableMovableLightCSMShaderCulling:1]]
[2020.10.29-21.07.25:032][  0]LogConfig: Setting CVar [[r.Mobile.AllowDistanceFieldShadows:1]]
[2020.10.29-21.07.25:032][  0]LogConfig: Setting CVar [[r.Mobile.AllowMovableDirectionalLights:1]]
[2020.10.29-21.07.25:032][  0]LogConfig: Setting CVar [[r.MobileNumDynamicPointLights:4]]
[2020.10.29-21.07.25:032][  0]LogConfig: Setting CVar [[r.MobileDynamicPointLightsUseStaticBranch:1]]
[2020.10.29-21.07.25:032][  0]LogConfig: Setting CVar [[r.Mobile.EnableMovableSpotlights:0]]
[2020.10.29-21.07.25:033][  0]LogConfig: Setting CVar [[r.SkinCache.SceneMemoryLimitInMB:128.000000]]
[2020.10.29-21.07.25:033][  0]LogConfig: Setting CVar [[r.GPUSkin.Limit2BoneInfluences:0]]
[2020.10.29-21.07.25:033][  0]LogConfig: Setting CVar [[r.SupportDepthOnlyIndexBuffers:1]]
[2020.10.29-21.07.25:033][  0]LogConfig: Setting CVar [[r.SupportReversedIndexBuffers:1]]
[2020.10.29-21.07.25:033][  0]LogConfig: Setting CVar [[r.SupportMaterialLayers:0]]
[2020.10.29-21.07.25:033][  0]LogConfig: Setting CVar [[r.LightPropagationVolume:0]]
[2020.10.29-21.07.25:033][  0]LogConfig: Applying CVar settings from Section [/Script/Engine.RendererOverrideSettings] File [D:/Documentos/Unreal Projects/PT1 - copia/Saved/Config/Windows/Engine.ini]
[2020.10.29-21.07.25:033][  0]LogConfig: Applying CVar settings from Section [/Script/Engine.StreamingSettings] File [D:/Documentos/Unreal Projects/PT1 - copia/Saved/Config/Windows/Engine.ini]
[2020.10.29-21.07.25:033][  0]LogConfig: Setting CVar [[s.MinBulkDataSizeForAsyncLoading:131072]]
[2020.10.29-21.07.25:033][  0]LogConfig: Setting CVar [[s.AsyncLoadingThreadEnabled:0]]
[2020.10.29-21.07.25:033][  0]LogConfig: Setting CVar [[s.EventDrivenLoaderEnabled:1]]
[2020.10.29-21.07.25:033][  0]LogConfig: Setting CVar [[s.WarnIfTimeLimitExceeded:0]]
[2020.10.29-21.07.25:033][  0]LogConfig: Setting CVar [[s.TimeLimitExceededMultiplier:1.5]]
[2020.10.29-21.07.25:033][  0]LogConfig: Setting CVar [[s.TimeLimitExceededMinTime:0.005]]
[2020.10.29-21.07.25:033][  0]LogConfig: Setting CVar [[s.UseBackgroundLevelStreaming:1]]
[2020.10.29-21.07.25:033][  0]LogConfig: Setting CVar [[s.PriorityAsyncLoadingExtraTime:15.0]]
[2020.10.29-21.07.25:033][  0]LogConfig: Setting CVar [[s.LevelStreamingActorsUpdateTimeLimit:5.0]]
[2020.10.29-21.07.25:033][  0]LogConfig: Setting CVar [[s.PriorityLevelStreamingActorsUpdateExtraTime:5.0]]
[2020.10.29-21.07.25:033][  0]LogConfig: Setting CVar [[s.LevelStreamingComponentsRegistrationGranularity:10]]
[2020.10.29-21.07.25:033][  0]LogConfig: Setting CVar [[s.UnregisterComponentsTimeLimit:1.0]]
[2020.10.29-21.07.25:033][  0]LogConfig: Setting CVar [[s.LevelStreamingComponentsUnregistrationGranularity:5]]
[2020.10.29-21.07.25:033][  0]LogConfig: Setting CVar [[s.FlushStreamingOnExit:1]]
[2020.10.29-21.07.25:033][  0]LogConfig: Applying CVar settings from Section [/Script/Engine.GarbageCollectionSettings] File [D:/Documentos/Unreal Projects/PT1 - copia/Saved/Config/Windows/Engine.ini]
[2020.10.29-21.07.25:033][  0]LogConfig: Setting CVar [[gc.MaxObjectsNotConsideredByGC:1]]
[2020.10.29-21.07.25:033][  0]LogConfig: Setting CVar [[gc.SizeOfPermanentObjectPool:0]]
[2020.10.29-21.07.25:033][  0]LogConfig: Setting CVar [[gc.FlushStreamingOnGC:0]]
[2020.10.29-21.07.25:033][  0]LogConfig: Setting CVar [[gc.NumRetriesBeforeForcingGC:10]]
[2020.10.29-21.07.25:033][  0]LogConfig: Setting CVar [[gc.AllowParallelGC:1]]
[2020.10.29-21.07.25:033][  0]LogConfig: Setting CVar [[gc.TimeBetweenPurgingPendingKillObjects:61.1]]
[2020.10.29-21.07.25:033][  0]LogConfig: Setting CVar [[gc.MaxObjectsInEditor:25165824]]
[2020.10.29-21.07.25:033][  0]LogConfig: Setting CVar [[gc.IncrementalBeginDestroyEnabled:1]]
[2020.10.29-21.07.25:033][  0]LogConfig: Setting CVar [[gc.CreateGCClusters:1]]
[2020.10.29-21.07.25:033][  0]LogConfig: Setting CVar [[gc.MinGCClusterSize:5]]
[2020.10.29-21.07.25:033][  0]LogConfig: Setting CVar [[gc.ActorClusteringEnabled:0]]
[2020.10.29-21.07.25:033][  0]LogConfig: Setting CVar [[gc.BlueprintClusteringEnabled:0]]
[2020.10.29-21.07.25:033][  0]LogConfig: Setting CVar [[gc.UseDisregardForGCOnDedicatedServers:0]]
[2020.10.29-21.07.25:033][  0]LogConfig: Applying CVar settings from Section [/Script/Engine.NetworkSettings] File [D:/Documentos/Unreal Projects/PT1 - copia/Saved/Config/Windows/Engine.ini]
[2020.10.29-21.07.25:033][  0]LogConfig: Applying CVar settings from Section [/Script/UnrealEd.CookerSettings] File [D:/Documentos/Unreal Projects/PT1 - copia/Saved/Config/Windows/Engine.ini]
[2020.10.29-21.07.25:034][  0]LogConfig: Applying CVar settings from Section [ViewDistanceQuality@3] File [D:/Documentos/Unreal Projects/PT1 - copia/Saved/Config/Windows/Scalability.ini]
[2020.10.29-21.07.25:034][  0]LogConfig: Setting CVar [[r.SkeletalMeshLODBias:0]]
[2020.10.29-21.07.25:034][  0]LogConfig: Setting CVar [[r.ViewDistanceScale:1.0]]
[2020.10.29-21.07.25:034][  0]LogConfig: Applying CVar settings from Section [AntiAliasingQuality@3] File [D:/Documentos/Unreal Projects/PT1 - copia/Saved/Config/Windows/Scalability.ini]
[2020.10.29-21.07.25:034][  0]LogConfig: Setting CVar [[r.PostProcessAAQuality:4]]
[2020.10.29-21.07.25:034][  0]LogConfig: Applying CVar settings from Section [ShadowQuality@3] File [D:/Documentos/Unreal Projects/PT1 - copia/Saved/Config/Windows/Scalability.ini]
[2020.10.29-21.07.25:034][  0]LogConfig: Setting CVar [[r.LightFunctionQuality:1]]
[2020.10.29-21.07.25:034][  0]LogConfig: Setting CVar [[r.ShadowQuality:5]]
[2020.10.29-21.07.25:034][  0]LogConfig: Setting CVar [[r.Shadow.CSM.MaxCascades:10]]
[2020.10.29-21.07.25:034][  0]LogConfig: Setting CVar [[r.Shadow.MaxResolution:2048]]
[2020.10.29-21.07.25:034][  0]LogConfig: Setting CVar [[r.Shadow.MaxCSMResolution:2048]]
[2020.10.29-21.07.25:034][  0]LogConfig: Setting CVar [[r.Shadow.RadiusThreshold:0.01]]
[2020.10.29-21.07.25:035][  0]LogConfig: Setting CVar [[r.Shadow.DistanceScale:1.0]]
[2020.10.29-21.07.25:035][  0]LogConfig: Setting CVar [[r.Shadow.CSM.TransitionScale:1.0]]
[2020.10.29-21.07.25:035][  0]LogConfig: Setting CVar [[r.Shadow.PreShadowResolutionFactor:1.0]]
[2020.10.29-21.07.25:035][  0]LogConfig: Setting CVar [[r.DistanceFieldShadowing:1]]
[2020.10.29-21.07.25:035][  0]LogConfig: Setting CVar [[r.DistanceFieldAO:1]]
[2020.10.29-21.07.25:035][  0]LogConfig: Setting CVar [[r.AOQuality:2]]
[2020.10.29-21.07.25:035][  0]LogConfig: Setting CVar [[r.VolumetricFog:1]]
[2020.10.29-21.07.25:035][  0]LogConfig: Setting CVar [[r.VolumetricFog.GridPixelSize:8]]
[2020.10.29-21.07.25:035][  0]LogConfig: Setting CVar [[r.VolumetricFog.GridSizeZ:128]]
[2020.10.29-21.07.25:035][  0]LogConfig: Setting CVar [[r.VolumetricFog.HistoryMissSupersampleCount:4]]
[2020.10.29-21.07.25:035][  0]LogConfig: Setting CVar [[r.LightMaxDrawDistanceScale:1]]
[2020.10.29-21.07.25:035][  0]LogConfig: Setting CVar [[r.CapsuleShadows:1]]
[2020.10.29-21.07.25:035][  0]LogConfig: Applying CVar settings from Section [PostProcessQuality@3] File [D:/Documentos/Unreal Projects/PT1 - copia/Saved/Config/Windows/Scalability.ini]
[2020.10.29-21.07.25:035][  0]LogConfig: Setting CVar [[r.MotionBlurQuality:4]]
[2020.10.29-21.07.25:035][  0]LogConfig: Setting CVar [[r.AmbientOcclusionMipLevelFactor:0.4]]
[2020.10.29-21.07.25:035][  0]LogConfig: Setting CVar [[r.AmbientOcclusionMaxQuality:100]]
[2020.10.29-21.07.25:035][  0]LogConfig: Setting CVar [[r.AmbientOcclusionLevels:-1]]
[2020.10.29-21.07.25:035][  0]LogConfig: Setting CVar [[r.AmbientOcclusionRadiusScale:1.0]]
[2020.10.29-21.07.25:035][  0]LogConfig: Setting CVar [[r.DepthOfFieldQuality:2]]
[2020.10.29-21.07.25:035][  0]LogConfig: Setting CVar [[r.RenderTargetPoolMin:400]]
[2020.10.29-21.07.25:035][  0]LogConfig: Setting CVar [[r.LensFlareQuality:2]]
[2020.10.29-21.07.25:035][  0]LogConfig: Setting CVar [[r.SceneColorFringeQuality:1]]
[2020.10.29-21.07.25:035][  0]LogConfig: Setting CVar [[r.EyeAdaptationQuality:2]]
[2020.10.29-21.07.25:035][  0]LogConfig: Setting CVar [[r.BloomQuality:5]]
[2020.10.29-21.07.25:035][  0]LogConfig: Setting CVar [[r.FastBlurThreshold:100]]
[2020.10.29-21.07.25:035][  0]LogConfig: Setting CVar [[r.Upscale.Quality:3]]
[2020.10.29-21.07.25:035][  0]LogConfig: Setting CVar [[r.Tonemapper.GrainQuantization:1]]
[2020.10.29-21.07.25:035][  0]LogConfig: Setting CVar [[r.LightShaftQuality:1]]
[2020.10.29-21.07.25:035][  0]LogConfig: Setting CVar [[r.Filter.SizeScale:1]]
[2020.10.29-21.07.25:035][  0]LogConfig: Setting CVar [[r.Tonemapper.Quality:5]]
[2020.10.29-21.07.25:035][  0]LogConfig: Setting CVar [[r.DOF.Gather.AccumulatorQuality:1        ; higher gathering accumulator quality]]
[2020.10.29-21.07.25:035][  0]LogConfig: Setting CVar [[r.DOF.Gather.PostfilterMethod:1          ; Median3x3 postfilering method]]
[2020.10.29-21.07.25:035][  0]LogConfig: Setting CVar [[r.DOF.Gather.EnableBokehSettings:0       ; no bokeh simulation when gathering]]
[2020.10.29-21.07.25:035][  0]LogConfig: Setting CVar [[r.DOF.Gather.RingCount:4                 ; medium number of samples when gathering]]
[2020.10.29-21.07.25:035][  0]LogConfig: Setting CVar [[r.DOF.Scatter.ForegroundCompositing:1    ; additive foreground scattering]]
[2020.10.29-21.07.25:035][  0]LogConfig: Setting CVar [[r.DOF.Scatter.BackgroundCompositing:2    ; additive background scattering]]
[2020.10.29-21.07.25:035][  0]LogConfig: Setting CVar [[r.DOF.Scatter.EnableBokehSettings:1      ; bokeh simulation when scattering]]
[2020.10.29-21.07.25:035][  0]LogConfig: Setting CVar [[r.DOF.Scatter.MaxSpriteRatio:0.1         ; only a maximum of 10% of scattered bokeh]]
[2020.10.29-21.07.25:035][  0]LogConfig: Setting CVar [[r.DOF.Recombine.Quality:1                ; cheap slight out of focus]]
[2020.10.29-21.07.25:035][  0]LogConfig: Setting CVar [[r.DOF.Recombine.EnableBokehSettings:0    ; no bokeh simulation on slight out of focus]]
[2020.10.29-21.07.25:035][  0]LogConfig: Setting CVar [[r.DOF.TemporalAAQuality:1                ; more stable temporal accumulation]]
[2020.10.29-21.07.25:035][  0]LogConfig: Setting CVar [[r.DOF.Kernel.MaxForegroundRadius:0.025]]
[2020.10.29-21.07.25:035][  0]LogConfig: Setting CVar [[r.DOF.Kernel.MaxBackgroundRadius:0.025]]
[2020.10.29-21.07.25:035][  0]LogConfig: Applying CVar settings from Section [TextureQuality@3] File [D:/Documentos/Unreal Projects/PT1 - copia/Saved/Config/Windows/Scalability.ini]
[2020.10.29-21.07.25:035][  0]LogConfig: Setting CVar [[r.Streaming.MipBias:0]]
[2020.10.29-21.07.25:035][  0]LogConfig: Setting CVar [[r.Streaming.AmortizeCPUToGPUCopy:0]]
[2020.10.29-21.07.25:035][  0]LogConfig: Setting CVar [[r.Streaming.MaxNumTexturesToStreamPerFrame:0]]
[2020.10.29-21.07.25:035][  0]LogConfig: Setting CVar [[r.Streaming.Boost:1]]
[2020.10.29-21.07.25:035][  0]LogConfig: Setting CVar [[r.MaxAnisotropy:8]]
[2020.10.29-21.07.25:035][  0]LogConfig: Setting CVar [[r.VT.MaxAnisotropy:8]]
[2020.10.29-21.07.25:035][  0]LogConfig: Setting CVar [[r.Streaming.LimitPoolSizeToVRAM:0]]
[2020.10.29-21.07.25:035][  0]LogConfig: Setting CVar [[r.Streaming.PoolSize:1000]]
[2020.10.29-21.07.25:035][  0]LogConfig: Setting CVar [[r.Streaming.MaxEffectiveScreenSize:0]]
[2020.10.29-21.07.25:035][  0]LogConfig: Applying CVar settings from Section [EffectsQuality@3] File [D:/Documentos/Unreal Projects/PT1 - copia/Saved/Config/Windows/Scalability.ini]
[2020.10.29-21.07.25:035][  0]LogConfig: Setting CVar [[r.TranslucencyLightingVolumeDim:64]]
[2020.10.29-21.07.25:035][  0]LogConfig: Setting CVar [[r.RefractionQuality:2]]
[2020.10.29-21.07.25:035][  0]LogConfig: Setting CVar [[r.SSR.Quality:3]]
[2020.10.29-21.07.25:035][  0]LogConfig: Setting CVar [[r.SSR.HalfResSceneColor:0]]
[2020.10.29-21.07.25:035][  0]LogConfig: Setting CVar [[r.SceneColorFormat:4]]
[2020.10.29-21.07.25:035][  0]LogConfig: Setting CVar [[r.DetailMode:2]]
[2020.10.29-21.07.25:035][  0]LogConfig: Setting CVar [[r.TranslucencyVolumeBlur:1]]
[2020.10.29-21.07.25:035][  0]LogConfig: Setting CVar [[r.MaterialQualityLevel:1 ; High quality]]
[2020.10.29-21.07.25:035][  0]LogConfig: Setting CVar [[r.SSS.Scale:1]]
[2020.10.29-21.07.25:035][  0]LogConfig: Setting CVar [[r.SSS.SampleSet:2]]
[2020.10.29-21.07.25:035][  0]LogConfig: Setting CVar [[r.SSS.Quality:1]]
[2020.10.29-21.07.25:035][  0]LogConfig: Setting CVar [[r.SSS.HalfRes:0]]
[2020.10.29-21.07.25:035][  0]LogConfig: Setting CVar [[r.SSGI.Quality:3]]
[2020.10.29-21.07.25:035][  0]LogConfig: Setting CVar [[r.EmitterSpawnRateScale:1.0]]
[2020.10.29-21.07.25:035][  0]LogConfig: Setting CVar [[r.ParticleLightQuality:2]]
[2020.10.29-21.07.25:035][  0]LogConfig: Setting CVar [[r.SkyAtmosphere.AerialPerspectiveLUT.FastApplyOnOpaque:1 ; Always have FastSkyLUT 1 in this case to avoid wrong sky]]
[2020.10.29-21.07.25:035][  0]LogConfig: Setting CVar [[r.SkyAtmosphere.AerialPerspectiveLUT.SampleCountPerSlice:1]]
[2020.10.29-21.07.25:035][  0]LogConfig: Setting CVar [[r.SkyAtmosphere.AerialPerspectiveLUT.DepthResolution:16.0]]
[2020.10.29-21.07.25:035][  0]LogConfig: Setting CVar [[r.SkyAtmosphere.FastSkyLUT:1]]
[2020.10.29-21.07.25:035][  0]LogConfig: Setting CVar [[r.SkyAtmosphere.FastSkyLUT.SampleCountMin:4.0]]
[2020.10.29-21.07.25:035][  0]LogConfig: Setting CVar [[r.SkyAtmosphere.FastSkyLUT.SampleCountMax:32.0]]
[2020.10.29-21.07.25:035][  0]LogConfig: Setting CVar [[r.SkyAtmosphere.SampleCountMin:4.0]]
[2020.10.29-21.07.25:035][  0]LogConfig: Setting CVar [[r.SkyAtmosphere.SampleCountMax:32.0]]
[2020.10.29-21.07.25:035][  0]LogConfig: Setting CVar [[r.SkyAtmosphere.TransmittanceLUT.UseSmallFormat:0]]
[2020.10.29-21.07.25:035][  0]LogConfig: Setting CVar [[r.SkyAtmosphere.TransmittanceLUT.SampleCount:10.0]]
[2020.10.29-21.07.25:035][  0]LogConfig: Setting CVar [[r.SkyAtmosphere.MultiScatteringLUT.SampleCount:15.0]]
[2020.10.29-21.07.25:035][  0]LogConfig: Applying CVar settings from Section [FoliageQuality@3] File [D:/Documentos/Unreal Projects/PT1 - copia/Saved/Config/Windows/Scalability.ini]
[2020.10.29-21.07.25:035][  0]LogConfig: Setting CVar [[foliage.DensityScale:1.0]]
[2020.10.29-21.07.25:035][  0]LogConfig: Setting CVar [[grass.DensityScale:1.0]]
[2020.10.29-21.07.25:035][  0]LogConfig: Applying CVar settings from Section [ShadingQuality@3] File [D:/Documentos/Unreal Projects/PT1 - copia/Saved/Config/Windows/Scalability.ini]
[2020.10.29-21.07.25:036][  0]LogConfig: Setting CVar [[r.HairStrands.SkyLighting.SampleCount:16]]
[2020.10.29-21.07.25:036][  0]LogConfig: Setting CVar [[r.HairStrands.SkyLighting.JitterIntegration:0]]
[2020.10.29-21.07.25:036][  0]LogConfig: Setting CVar [[r.HairStrands.SkyAO.SampleCount:16]]
[2020.10.29-21.07.25:036][  0]LogConfig: Setting CVar [[r.HairStrands.DeepShadow.SuperSampling:0]]
[2020.10.29-21.07.25:036][  0]LogConfig: Setting CVar [[r.HairStrands.VisibilityPPLL:0]]
[2020.10.29-21.07.25:036][  0]LogConfig: Setting CVar [[r.HairStrands.RasterizationScale:0.5]]
[2020.10.29-21.07.25:036][  0]LogConfig: Setting CVar [[r.HairStrands.VelocityRasterizationScale:1]]
[2020.10.29-21.07.25:036][  0]LogInit: Selected Device Profile: [Windows]
[2020.10.29-21.07.25:036][  0]LogInit: Applying CVar settings loaded from the selected device profile: [Windows]
[2020.10.29-21.07.25:036][  0]LogHAL: Display: Platform has ~ 16 GB [17112870912 / 17179869184 / 16], which maps to Larger [LargestMinGB=32, LargerMinGB=12, DefaultMinGB=8, SmallerMinGB=6, SmallestMinGB=0)
[2020.10.29-21.07.25:036][  0]LogInit: Going up to parent DeviceProfile []
[2020.10.29-21.07.25:036][  0]LogConfig: Applying CVar settings from Section [ViewDistanceQuality@0] File [D:/Documentos/Unreal Projects/PT1 - copia/Saved/Config/Windows/Scalability.ini]
[2020.10.29-21.07.25:036][  0]LogConfig: Setting CVar [[r.SkeletalMeshLODBias:2]]
[2020.10.29-21.07.25:036][  0]LogConfig: Setting CVar [[r.ViewDistanceScale:0.4]]
[2020.10.29-21.07.25:036][  0]LogConfig: Applying CVar settings from Section [AntiAliasingQuality@0] File [D:/Documentos/Unreal Projects/PT1 - copia/Saved/Config/Windows/Scalability.ini]
[2020.10.29-21.07.25:036][  0]LogConfig: Setting CVar [[r.PostProcessAAQuality:0]]
[2020.10.29-21.07.25:036][  0]LogConfig: Applying CVar settings from Section [ShadowQuality@0] File [D:/Documentos/Unreal Projects/PT1 - copia/Saved/Config/Windows/Scalability.ini]
[2020.10.29-21.07.25:036][  0]LogConfig: Setting CVar [[r.LightFunctionQuality:0]]
[2020.10.29-21.07.25:036][  0]LogConfig: Setting CVar [[r.ShadowQuality:0]]
[2020.10.29-21.07.25:036][  0]LogConfig: Setting CVar [[r.Shadow.CSM.MaxCascades:1]]
[2020.10.29-21.07.25:036][  0]LogConfig: Setting CVar [[r.Shadow.MaxResolution:512]]
[2020.10.29-21.07.25:036][  0]LogConfig: Setting CVar [[r.Shadow.MaxCSMResolution:512]]
[2020.10.29-21.07.25:036][  0]LogConfig: Setting CVar [[r.Shadow.RadiusThreshold:0.06]]
[2020.10.29-21.07.25:036][  0]LogConfig: Setting CVar [[r.Shadow.DistanceScale:0.6]]
[2020.10.29-21.07.25:036][  0]LogConfig: Setting CVar [[r.Shadow.CSM.TransitionScale:0]]
[2020.10.29-21.07.25:036][  0]LogConfig: Setting CVar [[r.Shadow.PreShadowResolutionFactor:0.5]]
[2020.10.29-21.07.25:036][  0]LogConfig: Setting CVar [[r.DistanceFieldShadowing:0]]
[2020.10.29-21.07.25:036][  0]LogConfig: Setting CVar [[r.DistanceFieldAO:0]]
[2020.10.29-21.07.25:036][  0]LogConfig: Setting CVar [[r.VolumetricFog:0]]
[2020.10.29-21.07.25:036][  0]LogConfig: Setting CVar [[r.LightMaxDrawDistanceScale:0]]
[2020.10.29-21.07.25:036][  0]LogConfig: Setting CVar [[r.CapsuleShadows:0]]
[2020.10.29-21.07.25:036][  0]LogConfig: Applying CVar settings from Section [PostProcessQuality@0] File [D:/Documentos/Unreal Projects/PT1 - copia/Saved/Config/Windows/Scalability.ini]
[2020.10.29-21.07.25:036][  0]LogConfig: Setting CVar [[r.MotionBlurQuality:0]]
[2020.10.29-21.07.25:036][  0]LogConfig: Setting CVar [[r.AmbientOcclusionMipLevelFactor:1.0]]
[2020.10.29-21.07.25:036][  0]LogConfig: Setting CVar [[r.AmbientOcclusionMaxQuality:0]]
[2020.10.29-21.07.25:036][  0]LogConfig: Setting CVar [[r.AmbientOcclusionLevels:0]]
[2020.10.29-21.07.25:036][  0]LogConfig: Setting CVar [[r.AmbientOcclusionRadiusScale:1.2]]
[2020.10.29-21.07.25:036][  0]LogConfig: Setting CVar [[r.DepthOfFieldQuality:0]]
[2020.10.29-21.07.25:036][  0]LogConfig: Setting CVar [[r.RenderTargetPoolMin:300]]
[2020.10.29-21.07.25:036][  0]LogConfig: Setting CVar [[r.LensFlareQuality:0]]
[2020.10.29-21.07.25:036][  0]LogConfig: Setting CVar [[r.SceneColorFringeQuality:0]]
[2020.10.29-21.07.25:036][  0]LogConfig: Setting CVar [[r.EyeAdaptationQuality:0]]
[2020.10.29-21.07.25:036][  0]LogConfig: Setting CVar [[r.BloomQuality:4]]
[2020.10.29-21.07.25:036][  0]LogConfig: Setting CVar [[r.FastBlurThreshold:0]]
[2020.10.29-21.07.25:036][  0]LogConfig: Setting CVar [[r.Upscale.Quality:1]]
[2020.10.29-21.07.25:036][  0]LogConfig: Setting CVar [[r.Tonemapper.GrainQuantization:0]]
[2020.10.29-21.07.25:036][  0]LogConfig: Setting CVar [[r.LightShaftQuality:0]]
[2020.10.29-21.07.25:036][  0]LogConfig: Setting CVar [[r.Filter.SizeScale:0.6]]
[2020.10.29-21.07.25:036][  0]LogConfig: Setting CVar [[r.Tonemapper.Quality:0]]
[2020.10.29-21.07.25:036][  0]LogConfig: Applying CVar settings from Section [TextureQuality@0] File [D:/Documentos/Unreal Projects/PT1 - copia/Saved/Config/Windows/Scalability.ini]
[2020.10.29-21.07.25:036][  0]LogConfig: Setting CVar [[r.Streaming.MipBias:16]]
[2020.10.29-21.07.25:036][  0]LogConfig: Setting CVar [[r.Streaming.AmortizeCPUToGPUCopy:1]]
[2020.10.29-21.07.25:036][  0]LogConfig: Setting CVar [[r.Streaming.MaxNumTexturesToStreamPerFrame:1]]
[2020.10.29-21.07.25:036][  0]LogConfig: Setting CVar [[r.Streaming.Boost:0.3]]
[2020.10.29-21.07.25:036][  0]LogConfig: Setting CVar [[r.MaxAnisotropy:0]]
[2020.10.29-21.07.25:036][  0]LogConfig: Setting CVar [[r.VT.MaxAnisotropy:4]]
[2020.10.29-21.07.25:036][  0]LogConfig: Setting CVar [[r.Streaming.LimitPoolSizeToVRAM:1]]
[2020.10.29-21.07.25:036][  0]LogConfig: Setting CVar [[r.Streaming.PoolSize:400]]
[2020.10.29-21.07.25:036][  0]LogConfig: Setting CVar [[r.Streaming.MaxEffectiveScreenSize:0]]
[2020.10.29-21.07.25:036][  0]LogConfig: Applying CVar settings from Section [EffectsQuality@0] File [D:/Documentos/Unreal Projects/PT1 - copia/Saved/Config/Windows/Scalability.ini]
[2020.10.29-21.07.25:036][  0]LogConfig: Setting CVar [[r.TranslucencyLightingVolumeDim:24]]
[2020.10.29-21.07.25:036][  0]LogConfig: Setting CVar [[r.RefractionQuality:0]]
[2020.10.29-21.07.25:036][  0]LogConfig: Setting CVar [[r.SSR.Quality:0]]
[2020.10.29-21.07.25:036][  0]LogConfig: Setting CVar [[r.SSR.HalfResSceneColor:1]]
[2020.10.29-21.07.25:036][  0]LogConfig: Setting CVar [[r.SceneColorFormat:3]]
[2020.10.29-21.07.25:036][  0]LogConfig: Setting CVar [[r.DetailMode:0]]
[2020.10.29-21.07.25:036][  0]LogConfig: Setting CVar [[r.TranslucencyVolumeBlur:0]]
[2020.10.29-21.07.25:036][  0]LogConfig: Setting CVar [[r.MaterialQualityLevel:0 ; Low quality]]
[2020.10.29-21.07.25:036][  0]LogConfig: Setting CVar [[r.SSS.Scale:0]]
[2020.10.29-21.07.25:036][  0]LogConfig: Setting CVar [[r.SSS.SampleSet:0]]
[2020.10.29-21.07.25:036][  0]LogConfig: Setting CVar [[r.SSS.Quality:0]]
[2020.10.29-21.07.25:036][  0]LogConfig: Setting CVar [[r.SSS.HalfRes:1]]
[2020.10.29-21.07.25:036][  0]LogConfig: Setting CVar [[r.SSGI.Quality:0]]
[2020.10.29-21.07.25:036][  0]LogConfig: Setting CVar [[r.EmitterSpawnRateScale:0.125]]
[2020.10.29-21.07.25:036][  0]LogConfig: Setting CVar [[r.ParticleLightQuality:0]]
[2020.10.29-21.07.25:036][  0]LogConfig: Setting CVar [[r.SkyAtmosphere.AerialPerspectiveLUT.FastApplyOnOpaque:1 ; Always have FastSkyLUT 1 in this case to avoid wrong sky]]
[2020.10.29-21.07.25:036][  0]LogConfig: Setting CVar [[r.SkyAtmosphere.AerialPerspectiveLUT.SampleCountPerSlice:1]]
[2020.10.29-21.07.25:036][  0]LogConfig: Setting CVar [[r.SkyAtmosphere.AerialPerspectiveLUT.DepthResolution:8.0]]
[2020.10.29-21.07.25:036][  0]LogConfig: Setting CVar [[r.SkyAtmosphere.FastSkyLUT:1]]
[2020.10.29-21.07.25:037][  0]LogConfig: Setting CVar [[r.SkyAtmosphere.FastSkyLUT.SampleCountMin:2.0]]
[2020.10.29-21.07.25:037][  0]LogConfig: Setting CVar [[r.SkyAtmosphere.FastSkyLUT.SampleCountMax:16.0]]
[2020.10.29-21.07.25:037][  0]LogConfig: Setting CVar [[r.SkyAtmosphere.SampleCountMin:2.0]]
[2020.10.29-21.07.25:037][  0]LogConfig: Setting CVar [[r.SkyAtmosphere.SampleCountMax:16.0]]
[2020.10.29-21.07.25:037][  0]LogConfig: Setting CVar [[r.SkyAtmosphere.TransmittanceLUT.UseSmallFormat:1]]
[2020.10.29-21.07.25:037][  0]LogConfig: Setting CVar [[r.SkyAtmosphere.TransmittanceLUT.SampleCount:10.0]]
[2020.10.29-21.07.25:037][  0]LogConfig: Setting CVar [[r.SkyAtmosphere.MultiScatteringLUT.SampleCount:15.0]]
[2020.10.29-21.07.25:037][  0]LogConfig: Applying CVar settings from Section [FoliageQuality@0] File [D:/Documentos/Unreal Projects/PT1 - copia/Saved/Config/Windows/Scalability.ini]
[2020.10.29-21.07.25:037][  0]LogConfig: Setting CVar [[foliage.DensityScale:0]]
[2020.10.29-21.07.25:037][  0]LogConfig: Setting CVar [[grass.DensityScale:0]]
[2020.10.29-21.07.25:037][  0]LogConfig: Applying CVar settings from Section [ShadingQuality@0] File [D:/Documentos/Unreal Projects/PT1 - copia/Saved/Config/Windows/Scalability.ini]
[2020.10.29-21.07.25:037][  0]LogConfig: Setting CVar [[r.HairStrands.SkyLighting.SampleCount:8]]
[2020.10.29-21.07.25:037][  0]LogConfig: Setting CVar [[r.HairStrands.SkyLighting.JitterIntegration:0]]
[2020.10.29-21.07.25:037][  0]LogConfig: Setting CVar [[r.HairStrands.SkyAO.SampleCount:8]]
[2020.10.29-21.07.25:037][  0]LogConfig: Setting CVar [[r.HairStrands.DeepShadow.SuperSampling:0]]
[2020.10.29-21.07.25:037][  0]LogConfig: Setting CVar [[r.HairStrands.VisibilityPPLL:0]]
[2020.10.29-21.07.25:037][  0]LogConfig: Setting CVar [[r.HairStrands.RasterizationScale:0.5]]
[2020.10.29-21.07.25:037][  0]LogConfig: Setting CVar [[r.HairStrands.VelocityRasterizationScale:1]]
[2020.10.29-21.07.25:037][  0]LogConfig: Applying CVar settings from Section [Startup] File [../../../Engine/Config/ConsoleVariables.ini]
[2020.10.29-21.07.25:037][  0]LogConfig: Setting CVar [[net.UseAdaptiveNetUpdateFrequency:0]]
[2020.10.29-21.07.25:037][  0]LogConfig: Setting CVar [[p.chaos.AllowCreatePhysxBodies:1]]
[2020.10.29-21.07.25:037][  0]LogConfig: Setting CVar [[fx.SkipVectorVMBackendOptimizations:1]]
[2020.10.29-21.07.25:037][  0]LogConfig: Applying CVar settings from Section [ConsoleVariables] File [D:/Documentos/Unreal Projects/PT1 - copia/Saved/Config/Windows/Engine.ini]
[2020.10.29-21.07.25:037][  0]LogInit: Computer: HP
[2020.10.29-21.07.25:037][  0]LogInit: User: PJimenez
[2020.10.29-21.07.25:037][  0]LogInit: CPU Page size=4096, Cores=4
[2020.10.29-21.07.25:037][  0]LogInit: High frequency timer resolution =2.143480 MHz
[2020.10.29-21.07.25:037][  0]LogMemory: Memory total: Physical=15.9GB (16GB approx)
[2020.10.29-21.07.25:037][  0]LogMemory: Platform Memory Stats for Windows
[2020.10.29-21.07.25:037][  0]LogMemory: Process Physical Memory: 112.58 MB used, 112.58 MB peak
[2020.10.29-21.07.25:037][  0]LogMemory: Process Virtual Memory: 100.94 MB used, 100.94 MB peak
[2020.10.29-21.07.25:037][  0]LogMemory: Physical Memory: 5031.97 MB used,  11288.13 MB free, 16320.11 MB total
[2020.10.29-21.07.25:037][  0]LogMemory: Virtual Memory: 1000.06 MB used,  134216728.00 MB free, 134217728.00 MB total
[2020.10.29-21.07.25:047][  0]LogWindows: WindowsPlatformFeatures enabled
[2020.10.29-21.07.25:073][  0]LogInit: Physics initialised using underlying interface: PhysX
[2020.10.29-21.07.25:074][  0]LogInit: Overriding language with editor language configuration option (en).
[2020.10.29-21.07.25:074][  0]LogInit: Overriding locale with editor locale configuration option (en).
[2020.10.29-21.07.25:288][  0]LogInit: Setting process to per monitor DPI aware
[2020.10.29-21.07.25:314][  0]LogSlate: New Slate User Created.  User Index 0, Is Virtual User: 0
[2020.10.29-21.07.25:314][  0]LogSlate: Slate User Registered.  User Index 0, Is Virtual User: 0
[2020.10.29-21.07.25:442][  0]LogHMD: Failed to initialize OpenVR with code 110
[2020.10.29-21.07.25:442][  0]LogD3D11RHI: D3D11 min allowed feature level: 11_0
[2020.10.29-21.07.25:442][  0]LogD3D11RHI: D3D11 max allowed feature level: 11_0
[2020.10.29-21.07.25:443][  0]LogD3D11RHI: D3D11 adapters:
[2020.10.29-21.07.25:449][  0]LogD3D11RHI:    0. 'Intel(R) HD Graphics 4600' (Feature Level 11_0)
[2020.10.29-21.07.25:449][  0]LogD3D11RHI:       0/0/1792 MB DedicatedVideo/DedicatedSystem/SharedSystem, Outputs:1, VendorId:0x8086
[2020.10.29-21.07.25:451][  0]LogD3D11RHI:    1. 'Microsoft Basic Render Driver' (Feature Level 11_0)
[2020.10.29-21.07.25:451][  0]LogD3D11RHI:       0/0/256 MB DedicatedVideo/DedicatedSystem/SharedSystem, Outputs:0, VendorId:0x1414
[2020.10.29-21.07.25:451][  0]LogD3D11RHI: Chosen D3D11 Adapter: 0
[2020.10.29-21.07.25:460][  0]LogD3D11RHI: Creating new Direct3DDevice
[2020.10.29-21.07.25:460][  0]LogD3D11RHI:     GPU DeviceId: 0x416 (for the marketing name, search the web for "GPU Device Id")
[2020.10.29-21.07.25:460][  0]LogWindows: EnumDisplayDevices:
[2020.10.29-21.07.25:461][  0]LogWindows:    0. 'Intel(R) HD Graphics 4600' (P:1 D:1)
[2020.10.29-21.07.25:461][  0]LogWindows:    1. 'Intel(R) HD Graphics 4600' (P:0 D:0)
[2020.10.29-21.07.25:461][  0]LogWindows:    2. 'Intel(R) HD Graphics 4600' (P:0 D:0)
[2020.10.29-21.07.25:461][  0]LogWindows: DebugString: FoundDriverCount:3 
[2020.10.29-21.07.25:461][  0]LogD3D11RHI:     Adapter Name: Intel(R) HD Graphics 4600
[2020.10.29-21.07.25:461][  0]LogD3D11RHI:   Driver Version: 10.18.10.3304 (internal:10.18.10.3304, unified:10.18.10.3304)
[2020.10.29-21.07.25:461][  0]LogD3D11RHI:      Driver Date: 9-9-2013
[2020.10.29-21.07.25:461][  0]LogRHI: Texture pool is 627 MB (70% of 896 MB)
[2020.10.29-21.07.25:468][  0]LogD3D11RHI: RHI does not have support for 64 bit atomics
[2020.10.29-21.07.25:468][  0]LogD3D11RHI: Async texture creation enabled
[2020.10.29-21.07.25:481][  0]LogD3D11RHI: GPU Timing Frequency: 12.500000 (Debug: 2 0)
[2020.10.29-21.07.25:757][  0]LogTargetPlatformManager: Display: Loaded TargetPlatform 'AllDesktop'
[2020.10.29-21.07.25:788][  0]LogTargetPlatformManager: Display: Loaded TargetPlatform 'Android'
[2020.10.29-21.07.25:788][  0]LogTargetPlatformManager: Display: Loaded TargetPlatform 'Android_ASTC'
[2020.10.29-21.07.25:788][  0]LogTargetPlatformManager: Display: Loaded TargetPlatform 'Android_DXT'
[2020.10.29-21.07.25:788][  0]LogTargetPlatformManager: Display: Loaded TargetPlatform 'Android_ETC2'
[2020.10.29-21.07.25:788][  0]LogTargetPlatformManager: Display: Loaded TargetPlatform 'AndroidClient'
[2020.10.29-21.07.25:788][  0]LogTargetPlatformManager: Display: Loaded TargetPlatform 'Android_ASTCClient'
[2020.10.29-21.07.25:788][  0]LogTargetPlatformManager: Display: Loaded TargetPlatform 'Android_DXTClient'
[2020.10.29-21.07.25:788][  0]LogTargetPlatformManager: Display: Loaded TargetPlatform 'Android_ETC2Client'
[2020.10.29-21.07.25:788][  0]LogTargetPlatformManager: Display: Loaded TargetPlatform 'Android_Multi'
[2020.10.29-21.07.25:788][  0]LogTargetPlatformManager: Display: Loaded TargetPlatform 'Android_MultiClient'
[2020.10.29-21.07.25:814][  0]LogTargetPlatformManager: Display: Loaded TargetPlatform 'IOSClient'
[2020.10.29-21.07.25:814][  0]LogTargetPlatformManager: Display: Loaded TargetPlatform 'IOS'
[2020.10.29-21.07.25:826][  0]LogTargetPlatformManager: Display: Loaded TargetPlatform 'Linux'
[2020.10.29-21.07.25:836][  0]LogTargetPlatformManager: Display: Loaded TargetPlatform 'LinuxNoEditor'
[2020.10.29-21.07.25:847][  0]LogTargetPlatformManager: Display: Loaded TargetPlatform 'LinuxClient'
[2020.10.29-21.07.25:858][  0]LogTargetPlatformManager: Display: Loaded TargetPlatform 'LinuxServer'
[2020.10.29-21.07.25:869][  0]LogTargetPlatformManager: Display: Loaded TargetPlatform 'LinuxAArch64NoEditor'
[2020.10.29-21.07.25:880][  0]LogTargetPlatformManager: Display: Loaded TargetPlatform 'LinuxAArch64Client'
[2020.10.29-21.07.25:892][  0]LogTargetPlatformManager: Display: Loaded TargetPlatform 'LinuxAArch64Server'
[2020.10.29-21.07.25:929][  0]LogTargetPlatformManager: Display: Loaded TargetPlatform 'Lumin'
[2020.10.29-21.07.25:929][  0]LogTargetPlatformManager: Display: Loaded TargetPlatform 'LuminClient'
[2020.10.29-21.07.25:948][  0]LogTargetPlatformManager: Display: Loaded TargetPlatform 'TVOSClient'
[2020.10.29-21.07.25:948][  0]LogTargetPlatformManager: Display: Loaded TargetPlatform 'TVOS'
[2020.10.29-21.07.25:958][  0]LogTargetPlatformManager: Display: Loaded TargetPlatform 'WindowsNoEditor'
[2020.10.29-21.07.25:969][  0]LogTargetPlatformManager: Display: Loaded TargetPlatform 'Windows'
[2020.10.29-21.07.25:979][  0]LogTargetPlatformManager: Display: Loaded TargetPlatform 'WindowsClient'
[2020.10.29-21.07.25:991][  0]LogTargetPlatformManager: Display: Loaded TargetPlatform 'WindowsServer'
[2020.10.29-21.07.25:991][  0]LogTargetPlatformManager: Display: Building Assets For Windows
[2020.10.29-21.07.25:997][  0]LogAudioDebug: Display: Lib vorbis DLL was dynamically loaded.
[2020.10.29-21.07.26:060][  0]LogShaderCompilers: Guid format shader working directory is -7 characters bigger than the processId version (../../../../../../Documentos/Unreal Projects/PT1 - copia/Intermediate/Shaders/WorkingDirectory/6984/).
[2020.10.29-21.07.26:060][  0]LogShaderCompilers: Cleaned the shader compiler working directory 'C:/Users/PJimenez/AppData/Local/Temp/UnrealShaderWorkingDir/66CD33F64F7EDF00831B03957C394AB4/'.
[2020.10.29-21.07.26:061][  0]LogXGEController: Cannot use XGE Controller as Incredibuild is not installed on this machine.
[2020.10.29-21.07.26:061][  0]LogShaderCompilers: Cannot use XGE Shader Compiler as Incredibuild is not installed on this machine.
[2020.10.29-21.07.26:061][  0]LogShaderCompilers: Display: Using Local Shader Compiler.
[2020.10.29-21.07.27:026][  0]LogDerivedDataCache: Display: Max Cache Size: 512 MB
[2020.10.29-21.07.27:111][  0]LogDerivedDataCache: Loaded boot cache 0.08s 76MB C:/Users/PJimenez/AppData/Local/UnrealEngine/4.25/DerivedDataCache/Boot.ddc.
[2020.10.29-21.07.27:111][  0]LogDerivedDataCache: Display: Loaded Boot cache: C:/Users/PJimenez/AppData/Local/UnrealEngine/4.25/DerivedDataCache/Boot.ddc
[2020.10.29-21.07.27:111][  0]LogDerivedDataCache: FDerivedDataBackendGraph:  Pak pak cache file ../../../../../../Documentos/Unreal Projects/PT1 - copia/DerivedDataCache/DDC.ddp not found, will not use a pak cache.
[2020.10.29-21.07.27:111][  0]LogDerivedDataCache: Unable to find inner node Pak for hierarchical cache Hierarchy.
[2020.10.29-21.07.27:111][  0]LogDerivedDataCache: FDerivedDataBackendGraph:  CompressedPak pak cache file ../../../../../../Documentos/Unreal Projects/PT1 - copia/DerivedDataCache/Compressed.ddp not found, will not use a pak cache.
[2020.10.29-21.07.27:111][  0]LogDerivedDataCache: Unable to find inner node CompressedPak for hierarchical cache Hierarchy.
[2020.10.29-21.07.27:125][  0]LogDerivedDataCache: Display: Pak cache opened for reading ../../../Engine/DerivedDataCache/Compressed.ddp.
[2020.10.29-21.07.27:125][  0]LogDerivedDataCache: FDerivedDataBackendGraph:  EnterprisePak pak cache file ../../../Enterprise/DerivedDataCache/Compressed.ddp not found, will not use a pak cache.
[2020.10.29-21.07.27:125][  0]LogDerivedDataCache: Unable to find inner node EnterprisePak for hierarchical cache Hierarchy.
[2020.10.29-21.07.27:126][  0]LogDerivedDataCache: Using Local data cache path C:/Users/PJimenez/AppData/Local/UnrealEngine/Common/DerivedDataCache: Writable
[2020.10.29-21.07.27:126][  0]LogDerivedDataCache: Shared data cache path not found in *engine.ini, will not use an Shared cache.
[2020.10.29-21.07.27:126][  0]LogDerivedDataCache: Unable to find inner node Shared for hierarchical cache Hierarchy.
[2020.10.29-21.07.27:193][  0]LogSlate: Using FreeType 2.10.0
[2020.10.29-21.07.27:193][  0]LogSlate: SlateFontServices - WITH_FREETYPE: 1, WITH_HARFBUZZ: 1
[2020.10.29-21.07.27:228][  0]LogAssetRegistry: FAssetRegistry took 0.0028 seconds to start up
[2020.10.29-21.07.27:520][  0]LogInit: Selected Device Profile: [Windows]
[2020.10.29-21.07.27:656][  0]LogMeshReduction: Using QuadricMeshReduction for automatic static mesh reduction
[2020.10.29-21.07.27:656][  0]LogMeshReduction: Using SimplygonMeshReduction for automatic skeletal mesh reduction
[2020.10.29-21.07.27:656][  0]LogMeshReduction: Using ProxyLODMeshReduction for automatic mesh merging
[2020.10.29-21.07.27:656][  0]LogMeshReduction: No distributed automatic mesh merging module available
[2020.10.29-21.07.27:656][  0]LogMeshMerging: No distributed automatic mesh merging module available
[2020.10.29-21.07.27:672][  0]LogNetVersion: Titulo1_Try1 1.0.0, NetCL: 13144385, EngineNetVer: 14, GameNetVer: 0 (Checksum: 3254603742)
[2020.10.29-21.07.28:328][  0]LogAISub: UAISubsystem::UAISubsystem AISubsystem (000000FB1C318100), frame # 0
[2020.10.29-21.07.28:328][  0]LogAISub: UAISubsystem::UAISubsystem AIPerceptionSystem (000000FB1C284400), frame # 0
[2020.10.29-21.07.28:330][  0]LogAISub: UAISubsystem::UAISubsystem EnvQueryManager (000000FB1C2A5E00), frame # 0
[2020.10.29-21.07.28:373][  0]LogPackageLocalizationCache: Processed 19 localized package path(s) for 1 prioritized culture(s) in 0.036025 seconds
[2020.10.29-21.07.28:378][  0]LogUObjectArray: 15917 objects as part of root set at end of initial load.
[2020.10.29-21.07.28:378][  0]LogUObjectAllocator: 3965568 out of 0 bytes used by permanent object pool.
[2020.10.29-21.07.28:378][  0]LogUObjectArray: CloseDisregardForGC: 0/0 objects in disregard for GC pool
[2020.10.29-21.07.28:730][  0]LogTcpMessaging: Initializing TcpMessaging bridge
[2020.10.29-21.07.28:735][  0]LogUdpMessaging: Initializing bridge on interface 0.0.0.0:0 to multicast group 230.0.0.1:6666.
[2020.10.29-21.07.28:838][  0]SourceControl: Source control is disabled
[2020.10.29-21.07.28:838][  0]SourceControl: Source control is disabled
[2020.10.29-21.07.28:845][  0]SourceControl: Source control is disabled
[2020.10.29-21.07.28:848][  0]SourceControl: Source control is disabled
[2020.10.29-21.07.28:903][  0]SourceControl: Source control is disabled
[2020.10.29-21.07.29:146][  0]LogAndroidPermission: UAndroidPermissionCallbackProxy::GetInstance
[2020.10.29-21.07.29:166][  0]LogAudioCaptureCore: Display: No Audio Capture implementations found. Audio input will be silent.
[2020.10.29-21.07.29:166][  0]LogAudioCaptureCore: Display: No Audio Capture implementations found. Audio input will be silent.
[2020.10.29-21.07.29:219][  0]LogOcInput: OculusInput pre-init called
[2020.10.29-21.07.29:232][  0]LogWindows: Failed to load 'OVRPlugin.dll' (GetLastError=126)
[2020.10.29-21.07.29:232][  0]LogWindows: File 'OVRPlugin.dll' does not exist
[2020.10.29-21.07.29:298][  0]LogClass: Warning: FLevelStreamInstanceInfo::Location is not initialized properly
[2020.10.29-21.07.29:298][  0]LogClass: Warning: FLevelStreamInstanceInfo::Rotation is not initialized properly
[2020.10.29-21.07.29:298][  0]LogClass: Warning: BoolProperty FLevelStreamInstanceInfo::bShouldBeLoaded is not initialized properly
[2020.10.29-21.07.29:298][  0]LogClass: Warning: BoolProperty FLevelStreamInstanceInfo::bShouldBeVisible is not initialized properly
[2020.10.29-21.07.29:298][  0]LogClass: Warning: BoolProperty FLevelStreamInstanceInfo::bShouldBlockOnLoad is not initialized properly
[2020.10.29-21.07.29:298][  0]LogClass: Warning: FLevelStreamInstanceInfo::LODIndex is not initialized properly
[2020.10.29-21.07.29:298][  0]LogClass: Warning: BoolProperty FVictoryInput::bShift is not initialized properly
[2020.10.29-21.07.29:298][  0]LogClass: Warning: BoolProperty FVictoryInput::bCtrl is not initialized properly
[2020.10.29-21.07.29:298][  0]LogClass: Warning: BoolProperty FVictoryInput::bAlt is not initialized properly
[2020.10.29-21.07.29:298][  0]LogClass: Warning: BoolProperty FVictoryInput::bCmd is not initialized properly
[2020.10.29-21.07.29:299][  0]LogClass: Display: 10 Uninitialized script stuct members found
[2020.10.29-21.07.29:299][  0]LogAutomationTest: Warning: FLevelStreamInstanceInfo::Location is not initialized properly
[2020.10.29-21.07.29:299][  0]LogAutomationTest: Warning: FLevelStreamInstanceInfo::Rotation is not initialized properly
[2020.10.29-21.07.29:299][  0]LogAutomationTest: Warning: BoolProperty FLevelStreamInstanceInfo::bShouldBeLoaded is not initialized properly
[2020.10.29-21.07.29:299][  0]LogAutomationTest: Warning: BoolProperty FLevelStreamInstanceInfo::bShouldBeVisible is not initialized properly
[2020.10.29-21.07.29:299][  0]LogAutomationTest: Warning: BoolProperty FLevelStreamInstanceInfo::bShouldBlockOnLoad is not initialized properly
[2020.10.29-21.07.29:299][  0]LogAutomationTest: Warning: FLevelStreamInstanceInfo::LODIndex is not initialized properly
[2020.10.29-21.07.29:299][  0]LogAutomationTest: Warning: BoolProperty FVictoryInput::bShift is not initialized properly
[2020.10.29-21.07.29:299][  0]LogAutomationTest: Warning: BoolProperty FVictoryInput::bCtrl is not initialized properly
[2020.10.29-21.07.29:299][  0]LogAutomationTest: Warning: BoolProperty FVictoryInput::bAlt is not initialized properly
[2020.10.29-21.07.29:299][  0]LogAutomationTest: Warning: BoolProperty FVictoryInput::bCmd is not initialized properly
[2020.10.29-21.07.29:300][  0]LogEngine: Initializing Engine...
[2020.10.29-21.07.29:302][  0]LogHMD: Failed to initialize OpenVR with code 110
[2020.10.29-21.07.29:302][  0]LogMagicLeap: Warning: VR disabled because ZI is not enabled.  To enable, in the editor, Edit -> Project Settings -> Plugins -> Magic Leap Plugin -> Enable Zero Iteration
[2020.10.29-21.07.29:303][  0]LogStats: UGameplayTagsManager::InitializeManager -  0.000 s
[2020.10.29-21.07.29:463][  0]LogInit: Initializing FReadOnlyCVARCache
[2020.10.29-21.07.29:522][  0]LogAIModule: Creating AISystem for world Untitled
[2020.10.29-21.07.29:523][  0]LogAISub: UAISubsystem::UAISubsystem EnvQueryManager (000000FB21E2FC00), frame # 0
[2020.10.29-21.07.29:523][  0]LogAISub: UAISubsystem::UAISubsystem AIPerceptionSystem (000000FB21E5ED40), frame # 0
[2020.10.29-21.07.29:646][  0]LogAudioMixer: Display: Audio Mixer Platform Settings:
[2020.10.29-21.07.29:646][  0]LogAudioMixer: Display: 	Sample Rate:						  48000
[2020.10.29-21.07.29:646][  0]LogAudioMixer: Display: 	Callback Buffer Frame Size Requested: 1024
[2020.10.29-21.07.29:646][  0]LogAudioMixer: Display: 	Callback Buffer Frame Size To Use:	  1024
[2020.10.29-21.07.29:646][  0]LogAudioMixer: Display: 	Number of buffers to queue:			  2
[2020.10.29-21.07.29:646][  0]LogAudioMixer: Display: 	Max Channels (voices):				  32
[2020.10.29-21.07.29:646][  0]LogAudioMixer: Display: 	Number of Async Source Workers:		  0
[2020.10.29-21.07.29:646][  0]LogAudio: Display: AudioDevice MaxSources: 32
[2020.10.29-21.07.29:646][  0]LogAudio: Display: Using built-in audio occlusion.
[2020.10.29-21.07.29:646][  0]LogAudioMixer: Display: Initializing audio mixer.
[2020.10.29-21.07.29:652][  0]LogAudioMixer: Display: 0: FrontLeft
[2020.10.29-21.07.29:652][  0]LogAudioMixer: Display: 1: FrontRight
[2020.10.29-21.07.29:682][  0]LogAudioMixer: Display: Using Audio Device Altavoces / Auriculares (IDT High Definition Audio CODEC)
[2020.10.29-21.07.29:688][  0]LogAudioMixer: Display: Initializing Sound Submixes...
[2020.10.29-21.07.29:691][  0]LogAudioMixer: Display: Creating Master Submix 'MasterSubmixDefault'
[2020.10.29-21.07.29:691][  0]LogAudioMixer: Display: Creating Master Submix 'MasterReverbSubmixDefault'
[2020.10.29-21.07.29:692][  0]LogAudioMixer: Display: Creating Master Submix 'MasterEQSubmixDefault'
[2020.10.29-21.07.29:693][  0]LogInit: FAudioDevice initialized.
[2020.10.29-21.07.29:693][  0]LogNetVersion: Set ProjectVersion to 1.0.0.0. Version Checksum will be recalculated on next use.
[2020.10.29-21.07.29:851][  0]LogDerivedDataCache: Saved boot cache 0.16s 76MB C:/Users/PJimenez/AppData/Local/UnrealEngine/4.25/DerivedDataCache/Boot.ddc.
[2020.10.29-21.07.29:852][  0]LogInit: Texture streaming: Enabled
[2020.10.29-21.07.29:867][  0]LogEngineSessionManager: EngineSessionManager initialized
[2020.10.29-21.07.29:867][  0]LogEditorSessionSummary: Verbose: Initializing EditorSessionSummaryWriter for editor session tracking
[2020.10.29-21.07.29:869][  0]LogEditorSessionSummary: EditorSessionSummaryWriter initialized
[2020.10.29-21.07.29:930][  0]LogInit: Transaction tracking system initialized
[2020.10.29-21.07.29:951][  0]BlueprintLog: New page: Editor Load
[2020.10.29-21.07.30:016][  0]LocalizationService: Localization service is disabled
[2020.10.29-21.07.30:423][  0]LogCook: Display: Max memory allowance for cook 16384mb min free memory 0mb
[2020.10.29-21.07.30:423][  0]LogCook: Display: Mobile HDR setting 1
[2020.10.29-21.07.30:559][  0]LogFileCache: Scanning file cache for directory 'D:/Documentos/Unreal Projects/PT1 - copia/Content/' took 0.00s
[2020.10.29-21.07.30:799][  0]SourceControl: Source control is disabled
[2020.10.29-21.07.30:799][  0]LogUnrealEdMisc: Loading editor; pre map load, took 7.316
[2020.10.29-21.07.30:800][  0]Cmd: MAP LOAD FILE="../../../../../../Documentos/Unreal Projects/PT1 - copia/Content/Velocidad_y_fuerza.umap" TEMPLATE=0 SHOWPROGRESS=1 FEATURELEVEL=3
[2020.10.29-21.07.30:800][  0]LightingResults: New page: Lighting Build
[2020.10.29-21.07.30:801][  0]LogWorld: UWorld::CleanupWorld for Untitled, bSessionEnded=true, bCleanupResources=true
[2020.10.29-21.07.30:801][  0]LogSlate: InvalidateAllWidgets triggered.  All widgets were invalidated
[2020.10.29-21.07.30:801][  0]MapCheck: New page: Map Check
[2020.10.29-21.07.30:801][  0]LightingResults: New page: Lighting Build
[2020.10.29-21.07.30:812][  0]LogAISub: UAISubsystem::~UAISubsystem EnvQueryManager (000000FB21E2FC00), frame # 0
[2020.10.29-21.07.30:812][  0]LogAISub: UAISubsystem::~UAISubsystem AIPerceptionSystem (000000FB21E5ED40), frame # 0
[2020.10.29-21.07.30:813][  0]LogUObjectHash: Compacting FUObjectHashTables data took   0.88ms
[2020.10.29-21.07.31:705][  0]LogAIModule: Creating AISystem for world Velocidad_y_fuerza
[2020.10.29-21.07.31:705][  0]LogAISub: UAISubsystem::UAISubsystem EnvQueryManager (000000FB11DF7E00), frame # 0
[2020.10.29-21.07.31:705][  0]LogAISub: UAISubsystem::UAISubsystem AIPerceptionSystem (000000FB11AEA480), frame # 0
[2020.10.29-21.07.31:730][  0]LogEditorServer: Finished looking for orphan Actors (0.000 secs)
[2020.10.29-21.07.31:757][  0]LogUObjectHash: Compacting FUObjectHashTables data took   1.45ms
[2020.10.29-21.07.31:759][  0]Cmd: MAP CHECKDEP NOCLEARLOG
[2020.10.29-21.07.31:760][  0]MapCheck: Map check complete: 0 Error(s), 0 Warning(s), took 0.361ms to complete.
[2020.10.29-21.07.31:760][  0]LogFileHelpers: Loading map 'Velocidad_y_fuerza' took 0.960
[2020.10.29-21.07.31:762][  0]LogUnrealEdMisc: Total Editor Startup Time, took 8.278
[2020.10.29-21.07.31:836][  0]LogWindowsTextInputMethodSystem: Display: IME system now deactivated.
[2020.10.29-21.07.31:931][  0]LogSlate: Updating window title bar state: overlay mode, drag disabled, window buttons hidden, title bar hidden
[2020.10.29-21.07.31:944][  0]LogSlate: Updating window title bar state: overlay mode, drag disabled, window buttons hidden, title bar hidden
[2020.10.29-21.07.31:958][  0]LogSlate: Updating window title bar state: overlay mode, drag disabled, window buttons hidden, title bar hidden
[2020.10.29-21.07.31:969][  0]LogSlate: Updating window title bar state: overlay mode, drag disabled, window buttons hidden, title bar hidden
[2020.10.29-21.07.31:975][  0]LogCollectionManager: Loaded 0 collections in 0.001455 seconds
[2020.10.29-21.07.31:993][  0]LogFileCache: Scanning file cache for directory 'D:/Documentos/Unreal Projects/PT1 - copia/Saved/Collections/' took 0.00s
[2020.10.29-21.07.31:994][  0]LogFileCache: Scanning file cache for directory 'D:/Documentos/Unreal Projects/PT1 - copia/Content/Developers/PJimenez/Collections/' took 0.00s
[2020.10.29-21.07.31:994][  0]LogFileCache: Scanning file cache for directory 'D:/Documentos/Unreal Projects/PT1 - copia/Content/Collections/' took 0.00s
[2020.10.29-21.07.31:994][  0]LogContentBrowser: Native class hierarchy populated in 0.0114 seconds. Added 3442 classes and 829 folders.
[2020.10.29-21.07.32:000][  0]LogContentBrowser: Native class hierarchy updated for 'WidgetCarousel' in 0.0005 seconds. Added 0 classes and 0 folders.
[2020.10.29-21.07.32:041][  0]LogContentBrowser: Native class hierarchy updated for 'AddContentDialog' in 0.0004 seconds. Added 0 classes and 0 folders.
[2020.10.29-21.07.32:042][  0]LogContentBrowser: Native class hierarchy updated for 'SceneOutliner' in 0.0003 seconds. Added 2 classes and 0 folders.
[2020.10.29-21.07.32:166][  0]LogSlate: Took 0.000168 seconds to synchronously load lazily loaded font '../../../Engine/Content/Slate/Fonts/Roboto-Regular.ttf' (155K)
[2020.10.29-21.07.32:169][  0]LogSlate: Took 0.000272 seconds to synchronously load lazily loaded font '../../../Engine/Content/Slate/Fonts/Roboto-Bold.ttf' (160K)
[2020.10.29-21.07.32:175][  0]LogSlate: Took 0.000135 seconds to synchronously load lazily loaded font '../../../Engine/Content/Editor/Slate/Fonts/FontAwesome.ttf' (139K)
[2020.10.29-21.07.32:257][  0]LogRenderer: Reallocating scene render targets to support 924x416 Format 9 NumSamples 1 (Frame:1).
[2020.10.29-21.07.32:408][  0]LogSlate: Took 0.000154 seconds to synchronously load lazily loaded font '../../../Engine/Content/Slate/Fonts/Roboto-Light.ttf' (167K)
[2020.10.29-21.07.32:438][  0]LogSlate: Took 0.000094 seconds to synchronously load lazily loaded font '../../../Engine/Content/Slate/Fonts/Roboto-Light.ttf' (167K)
[2020.10.29-21.07.32:536][  0]LogContentBrowser: Native class hierarchy updated for 'HierarchicalLODOutliner' in 0.0004 seconds. Added 0 classes and 0 folders.
[2020.10.29-21.07.32:536][  0]LogLoad: (Engine Initialization) Total time: 9.05 seconds
[2020.10.29-21.07.32:537][  0]LogLoad: (Engine Initialization) Total Blueprint compile time: 0.00 seconds
[2020.10.29-21.07.32:583][  0]LogAssetRegistry: Asset discovery search completed in 5.3569 seconds
[2020.10.29-21.07.32:589][  0]LogCollectionManager: Fixed up redirectors for 0 collections in 0.000002 seconds (updated 0 objects)
[2020.10.29-21.07.32:590][  0]LogContentStreaming: Texture pool size now 400 MB
[2020.10.29-21.07.33:062][  1]LogRenderer: Reallocating scene render targets to support 924x436 Format 9 NumSamples 1 (Frame:3).
[2020.10.29-21.10.19:371][491]LogAssetEditorSubsystem: Opening Asset editor for World /Game/Densidad_de_Objetos.Densidad_de_Objetos
[2020.10.29-21.10.19:419][491]LogUObjectHash: Compacting FUObjectHashTables data took   2.38ms
[2020.10.29-21.10.19:421][491]Cmd: MAP LOAD FILE="../../../../../../Documentos/Unreal Projects/PT1 - copia/Content/Densidad_de_Objetos.umap" TEMPLATE=0 SHOWPROGRESS=1 FEATURELEVEL=3
[2020.10.29-21.10.19:421][491]LightingResults: New page: Lighting Build
[2020.10.29-21.10.19:422][491]LoadErrors: New page: Loading map: Densidad_de_Objetos.umap
[2020.10.29-21.10.19:424][491]LogWorld: UWorld::CleanupWorld for Velocidad_y_fuerza, bSessionEnded=true, bCleanupResources=true
[2020.10.29-21.10.19:424][491]LogSlate: InvalidateAllWidgets triggered.  All widgets were invalidated
[2020.10.29-21.10.19:424][491]MapCheck: New page: Map Check
[2020.10.29-21.10.19:424][491]LightingResults: New page: Lighting Build
[2020.10.29-21.10.19:441][491]LogAISub: UAISubsystem::~UAISubsystem EnvQueryManager (000000FB11DF7E00), frame # 7491
[2020.10.29-21.10.19:441][491]LogAISub: UAISubsystem::~UAISubsystem AIPerceptionSystem (000000FB11AEA480), frame # 7491
[2020.10.29-21.10.19:443][491]LogUObjectHash: Compacting FUObjectHashTables data took   1.83ms
[2020.10.29-21.10.19:626][491]LogEditorServer: Finished looking for orphan Actors (0.000 secs)
[2020.10.29-21.10.19:626][491]LogAIModule: Creating AISystem for world Densidad_de_Objetos
[2020.10.29-21.10.19:626][491]LogAISub: UAISubsystem::UAISubsystem EnvQueryManager (000000FB2A872E00), frame # 7491
[2020.10.29-21.10.19:626][491]LogAISub: UAISubsystem::UAISubsystem AIPerceptionSystem (000000FB26A3FD80), frame # 7491
[2020.10.29-21.10.19:675][491]LogUObjectHash: Compacting FUObjectHashTables data took   1.06ms
[2020.10.29-21.10.19:752][491]Cmd: MAP CHECKDEP NOCLEARLOG
[2020.10.29-21.10.19:753][491]MapCheck: Map check complete: 0 Error(s), 0 Warning(s), took 0.282ms to complete.
[2020.10.29-21.10.19:753][491]LogFileHelpers: Loading map 'Densidad_de_Objetos' took 0.332
[2020.10.29-21.10.21:638][572]LogAssetEditorSubsystem: Opening Asset editor for World /Game/Menu.Menu
[2020.10.29-21.10.21:653][572]LogUObjectHash: Compacting FUObjectHashTables data took   1.49ms
[2020.10.29-21.10.21:655][572]Cmd: MAP LOAD FILE="../../../../../../Documentos/Unreal Projects/PT1 - copia/Content/Menu.umap" TEMPLATE=0 SHOWPROGRESS=1 FEATURELEVEL=3
[2020.10.29-21.10.21:655][572]LightingResults: New page: Lighting Build
[2020.10.29-21.10.21:655][572]LoadErrors: New page: Loading map: Menu.umap
[2020.10.29-21.10.21:658][572]LogWorld: UWorld::CleanupWorld for Densidad_de_Objetos, bSessionEnded=true, bCleanupResources=true
[2020.10.29-21.10.21:658][572]LogSlate: InvalidateAllWidgets triggered.  All widgets were invalidated
[2020.10.29-21.10.21:658][572]MapCheck: New page: Map Check
[2020.10.29-21.10.21:658][572]LightingResults: New page: Lighting Build
[2020.10.29-21.10.21:676][572]LogAISub: UAISubsystem::~UAISubsystem AIPerceptionSystem (000000FB26A3FD80), frame # 7572
[2020.10.29-21.10.21:676][572]LogAISub: UAISubsystem::~UAISubsystem EnvQueryManager (000000FB2A872E00), frame # 7572
[2020.10.29-21.10.21:678][572]LogUObjectHash: Compacting FUObjectHashTables data took   1.51ms
[2020.10.29-21.10.21:814][572]LogEditorServer: Finished looking for orphan Actors (0.000 secs)
[2020.10.29-21.10.21:814][572]LogAIModule: Creating AISystem for world Menu
[2020.10.29-21.10.21:814][572]LogAISub: UAISubsystem::UAISubsystem EnvQueryManager (000000FB4D103C00), frame # 7572
[2020.10.29-21.10.21:814][572]LogAISub: UAISubsystem::UAISubsystem AIPerceptionSystem (000000FB26B34180), frame # 7572
[2020.10.29-21.10.21:837][572]LogUObjectHash: Compacting FUObjectHashTables data took   1.01ms
[2020.10.29-21.10.21:891][572]Cmd: MAP CHECKDEP NOCLEARLOG
[2020.10.29-21.10.21:891][572]MapCheck: Map check complete: 0 Error(s), 0 Warning(s), took 0.179ms to complete.
[2020.10.29-21.10.21:891][572]LogFileHelpers: Loading map 'Menu' took 0.237
[2020.10.29-21.10.23:473][657]Cmd: OBJ SAVEPACKAGE PACKAGE="/Game/Menu" FILE="../../../../../../Documentos/Unreal Projects/PT1 - copia/Content/Menu.umap" SILENT=true AUTOSAVING=false KEEPDIRTY=false
[2020.10.29-21.10.23:507][657]LogUObjectHash: Compacting FUObjectHashTables data took   0.63ms
[2020.10.29-21.10.24:619][657]LogSavePackage: Moving '../../../../../../Documentos/Unreal Projects/PT1 - copia/Saved/MenuE499F69B443340D7423C66B0F91558EF.tmp' to '../../../../../../Documentos/Unreal Projects/PT1 - copia/Content/Menu.umap'
[2020.10.29-21.10.24:691][657]AssetCheck: New page: Asset Save: Menu
[2020.10.29-21.10.24:691][657]LogContentValidation: Display: Validating World /Game/Menu.Menu
[2020.10.29-21.12.50:387][645]LogTemp: Repeating last play command: New Editor Window (PIE)
[2020.10.29-21.12.50:716][645]LogPlayLevel: PlayLevel: No blueprints needed recompiling
[2020.10.29-21.12.50:738][645]PIE: New page: PIE session: Menu (Oct 29, 2020, 3:12:50 PM)
[2020.10.29-21.12.50:748][645]LogOnline: OSS: Creating online subsystem instance for: NULL
[2020.10.29-21.12.50:758][645]LogOnline: OSS: TryLoadSubsystemAndSetDefault: Loaded subsystem for module [NULL]
[2020.10.29-21.12.50:759][645]LogPlayLevel: Creating play world package: /Game/UEDPIE_0_Menu
[2020.10.29-21.12.50:779][645]LogPlayLevel: PIE: StaticDuplicateObject took: (0.020817s)
[2020.10.29-21.12.50:783][645]LogAIModule: Creating AISystem for world Menu
[2020.10.29-21.12.50:783][645]LogAISub: UAISubsystem::UAISubsystem EnvQueryManager (000000FB88807E00), frame # 17645
[2020.10.29-21.12.50:783][645]LogAISub: UAISubsystem::UAISubsystem AIPerceptionSystem (000000FB21E48680), frame # 17645
[2020.10.29-21.12.50:784][645]LogPlayLevel: PIE: World Init took: (0.004282s)
[2020.10.29-21.12.50:784][645]LogPlayLevel: PIE: Created PIE world by copying editor world from /Game/Menu.Menu to /Game/UEDPIE_0_Menu.Menu (0.025557s)
[2020.10.29-21.12.50:814][645]LogUObjectHash: Compacting FUObjectHashTables data took   1.88ms
[2020.10.29-21.12.50:817][645]LogAudioMixer: Display: Audio Mixer Platform Settings:
[2020.10.29-21.12.50:817][645]LogAudioMixer: Display: 	Sample Rate:						  48000
[2020.10.29-21.12.50:817][645]LogAudioMixer: Display: 	Callback Buffer Frame Size Requested: 1024
[2020.10.29-21.12.50:817][645]LogAudioMixer: Display: 	Callback Buffer Frame Size To Use:	  1024
[2020.10.29-21.12.50:817][645]LogAudioMixer: Display: 	Number of buffers to queue:			  2
[2020.10.29-21.12.50:817][645]LogAudioMixer: Display: 	Max Channels (voices):				  32
[2020.10.29-21.12.50:817][645]LogAudioMixer: Display: 	Number of Async Source Workers:		  0
[2020.10.29-21.12.50:817][645]LogAudio: Display: AudioDevice MaxSources: 32
[2020.10.29-21.12.50:818][645]LogAudio: Display: Using built-in audio occlusion.
[2020.10.29-21.12.50:818][645]LogAudioMixer: Display: Initializing audio mixer.
[2020.10.29-21.12.50:821][645]LogAudioMixer: Display: 0: FrontLeft
[2020.10.29-21.12.50:822][645]LogAudioMixer: Display: 1: FrontRight
[2020.10.29-21.12.50:842][645]LogAudioMixer: Display: Using Audio Device Altavoces / Auriculares (IDT High Definition Audio CODEC)
[2020.10.29-21.12.50:843][645]LogAudioMixer: Display: Initializing Sound Submixes...
[2020.10.29-21.12.50:843][645]LogAudioMixer: Display: Creating Master Submix 'MasterSubmixDefault'
[2020.10.29-21.12.50:843][645]LogAudioMixer: Display: Creating Master Submix 'MasterReverbSubmixDefault'
[2020.10.29-21.12.50:843][645]LogAudioMixer: Display: Creating Master Submix 'MasterEQSubmixDefault'
[2020.10.29-21.12.50:861][645]LogInit: FAudioDevice initialized.
[2020.10.29-21.12.50:919][645]LogSlate: Updating window title bar state: overlay mode, drag disabled, window buttons hidden, title bar hidden
[2020.10.29-21.12.50:920][645]LogLoad: Game class is 'GameModeBase'
[2020.10.29-21.12.50:982][645]LogWorld: Bringing World /Game/UEDPIE_0_Menu.Menu up for play (max tick rate 0) at 2020.10.29-18.12.50
[2020.10.29-21.12.50:993][645]LogWorld: Bringing up level for play took: 0.010796
[2020.10.29-21.12.50:993][645]LogOnline: OSS: Creating online subsystem instance for: :Context_1
[2020.10.29-21.12.51:027][645]LogContentBrowser: Native class hierarchy updated for 'MovieSceneCapture' in 0.0008 seconds. Added 20 classes and 0 folders.
[2020.10.29-21.12.51:079][645]PIE: Server logged in
[2020.10.29-21.12.51:082][645]PIE: Play in editor total start time 0.37 seconds.
[2020.10.29-21.12.58:692][ 56]LogSlate: Updating window title bar state: overlay mode, drag disabled, window buttons hidden, title bar hidden
[2020.10.29-21.12.58:693][ 56]LogWorld: BeginTearingDown for /Game/UEDPIE_0_Menu
[2020.10.29-21.12.58:693][ 56]LogSlate: Window 'Titulo1_Try1 Preview [NetMode: Standalone] (64-bit/Windows) ' being destroyed
[2020.10.29-21.12.58:697][ 56]LogWorld: UWorld::CleanupWorld for Menu, bSessionEnded=true, bCleanupResources=true
[2020.10.29-21.12.58:698][ 56]LogSlate: InvalidateAllWidgets triggered.  All widgets were invalidated
[2020.10.29-21.12.58:710][ 56]LogPlayLevel: Display: Shutting down PIE online subsystems
[2020.10.29-21.12.58:713][ 56]LogSlate: InvalidateAllWidgets triggered.  All widgets were invalidated
[2020.10.29-21.12.58:762][ 56]LogAISub: UAISubsystem::~UAISubsystem AIPerceptionSystem (000000FB21E48680), frame # 18056
[2020.10.29-21.12.58:762][ 56]LogAISub: UAISubsystem::~UAISubsystem EnvQueryManager (000000FB88807E00), frame # 18056
[2020.10.29-21.12.58:763][ 56]LogUObjectHash: Compacting FUObjectHashTables data took   1.25ms
[2020.10.29-21.12.58:964][ 57]LogPlayLevel: Display: Destroying online subsystem :Context_1
[2020.10.29-21.13.00:337][ 61]Cmd: OBJ SAVEPACKAGE PACKAGE="/Game/Menu" FILE="../../../../../../Documentos/Unreal Projects/PT1 - copia/Content/Menu.umap" SILENT=true AUTOSAVING=false KEEPDIRTY=false
[2020.10.29-21.13.00:349][ 61]LogUObjectHash: Compacting FUObjectHashTables data took   0.87ms
[2020.10.29-21.13.00:405][ 61]LogSavePackage: Moving '../../../../../../Documentos/Unreal Projects/PT1 - copia/Saved/Menu39985FA24090B292A76C4F9FC30EE693.tmp' to '../../../../../../Documentos/Unreal Projects/PT1 - copia/Content/Menu.umap'
[2020.10.29-21.13.00:459][ 61]AssetCheck: New page: Asset Save: Menu
[2020.10.29-21.13.00:459][ 61]LogContentValidation: Display: Validating World /Game/Menu.Menu
[2020.10.29-21.13.02:667][232]LogEditorViewport: Clicking on Actor (LMB): PlayerStart (PlayerStart)
[2020.10.29-21.17.17:253][123]Cmd: OBJ SAVEPACKAGE PACKAGE="/Game/Menu" FILE="../../../../../../Documentos/Unreal Projects/PT1 - copia/Content/Menu.umap" SILENT=true AUTOSAVING=false KEEPDIRTY=false
[2020.10.29-21.17.17:265][123]LogUObjectHash: Compacting FUObjectHashTables data took   0.81ms
[2020.10.29-21.17.17:369][123]LogSavePackage: Moving '../../../../../../Documentos/Unreal Projects/PT1 - copia/Saved/Menu81017A664A0B97B49851558CA0AB4F62.tmp' to '../../../../../../Documentos/Unreal Projects/PT1 - copia/Content/Menu.umap'
[2020.10.29-21.17.17:446][123]AssetCheck: New page: Asset Save: Menu
[2020.10.29-21.17.17:446][123]LogContentValidation: Display: Validating World /Game/Menu.Menu
[2020.10.29-21.17.27:819][816]LogAssetEditorSubsystem: Opening Asset editor for WidgetBlueprint /Game/Widgets/MainMenu.MainMenu
[2020.10.29-21.17.28:809][816]LogContentBrowser: Native class hierarchy updated for 'BlueprintGraph' in 0.0008 seconds. Added 125 classes and 0 folders.
[2020.10.29-21.17.31:785][816]LogSlate: Took 0.000430 seconds to synchronously load lazily loaded font '../../../Engine/Content/Slate/Fonts/Roboto-BoldCondensed.ttf' (158K)
[2020.10.29-21.18.24:587][ 70]BlueprintLog: New page: Compile MainMenu
[2020.10.29-21.18.24:962][ 70]LogUObjectHash: Compacting FUObjectHashTables data took  11.34ms
[2020.10.29-21.18.25:097][ 70]LogSlate: Took 0.037056 seconds to synchronously load lazily loaded font '../../../Engine/Content/Slate/Fonts/DroidSansMono.ttf' (77K)
[2020.10.29-21.18.25:454][ 87]Cmd: OBJ SAVEPACKAGE PACKAGE="/Game/Widgets/MainMenu" FILE="../../../../../../Documentos/Unreal Projects/PT1 - copia/Content/Widgets/MainMenu.uasset" SILENT=true
[2020.10.29-21.18.25:529][ 87]LogSavePackage: Moving '../../../../../../Documentos/Unreal Projects/PT1 - copia/Saved/MainMenu7CB7AECC42DAB31508143284D894B143.tmp' to '../../../../../../Documentos/Unreal Projects/PT1 - copia/Content/Widgets/MainMenu.uasset'
[2020.10.29-21.18.25:555][ 87]AssetCheck: New page: Asset Save: MainMenu
[2020.10.29-21.18.25:555][ 87]LogContentValidation: Display: Validating WidgetBlueprint /Game/Widgets/MainMenu.MainMenu
[2020.10.29-21.19.16:578][271]LogSlate: Last resort fallback font was requested. Font: '/Game/Widgets/Fonts/04B_30__.04B_30__', Character: 'Á (U+00c1)'
[2020.10.29-21.19.16:925][271]LogSlate: Took 0.345720 seconds to synchronously load lazily loaded font '../../../Engine/Content/SlateDebug/Fonts/LastResort.ttf' (5269K)
[2020.10.29-21.19.32:645][960]BlueprintLog: New page: Compile MainMenu
[2020.10.29-21.19.32:715][960]LogUObjectHash: Compacting FUObjectHashTables data took   7.85ms
[2020.10.29-21.19.33:788][  6]Cmd: OBJ SAVEPACKAGE PACKAGE="/Game/Widgets/MainMenu" FILE="../../../../../../Documentos/Unreal Projects/PT1 - copia/Content/Widgets/MainMenu.uasset" SILENT=true
[2020.10.29-21.19.33:873][  6]LogSavePackage: Moving '../../../../../../Documentos/Unreal Projects/PT1 - copia/Saved/MainMenu4DB8F4B749FFC84B86E0B7A2501EEBF8.tmp' to '../../../../../../Documentos/Unreal Projects/PT1 - copia/Content/Widgets/MainMenu.uasset'
[2020.10.29-21.19.33:886][  6]AssetCheck: New page: Asset Save: MainMenu
[2020.10.29-21.19.33:886][  6]LogContentValidation: Display: Validating WidgetBlueprint /Game/Widgets/MainMenu.MainMenu
[2020.10.29-21.19.45:540][343]Cmd: OBJ SAVEPACKAGE PACKAGE="/Game/Widgets/MainMenu" FILE="../../../../../../Documentos/Unreal Projects/PT1 - copia/Content/Widgets/MainMenu.uasset" SILENT=true
[2020.10.29-21.19.45:635][343]LogSavePackage: Moving '../../../../../../Documentos/Unreal Projects/PT1 - copia/Saved/MainMenu125DF649404FA33D9C02548246A22B8E.tmp' to '../../../../../../Documentos/Unreal Projects/PT1 - copia/Content/Widgets/MainMenu.uasset'
[2020.10.29-21.19.45:647][343]AssetCheck: New page: Asset Save: MainMenu
[2020.10.29-21.19.45:647][343]LogContentValidation: Display: Validating WidgetBlueprint /Game/Widgets/MainMenu.MainMenu
[2020.10.29-21.34.20:838][ 26]Cmd: OBJ SAVEPACKAGE PACKAGE="/Game/Widgets/MainMenu" FILE="../../../../../../Documentos/Unreal Projects/PT1 - copia/Content/Widgets/MainMenu.uasset" SILENT=true
[2020.10.29-21.34.20:919][ 26]LogSavePackage: Moving '../../../../../../Documentos/Unreal Projects/PT1 - copia/Saved/MainMenuA078F3194C183B97C3E319A25CD55580.tmp' to '../../../../../../Documentos/Unreal Projects/PT1 - copia/Content/Widgets/MainMenu.uasset'
[2020.10.29-21.34.20:942][ 26]AssetCheck: New page: Asset Save: MainMenu
[2020.10.29-21.34.20:942][ 26]LogContentValidation: Display: Validating WidgetBlueprint /Game/Widgets/MainMenu.MainMenu
[2020.10.29-21.37.40:012][ 15]LogSlate: Took 0.013257 seconds to synchronously load lazily loaded font '../../../Engine/Content/Slate/Fonts/Roboto-Italic.ttf' (157K)
[2020.10.29-21.40.21:182][ 76]LogOutputDevice: Warning: 

Script Stack (0 frames):

[2020.10.29-21.40.21:182][ 76]LogWindows: Windows GetLastError: La operación se completó correctamente. (0)
