Log file open, 07/20/20 10:55:39
LogWindows: Failed to load 'aqProf.dll' (GetLastError=126)
LogWindows: File 'aqProf.dll' does not exist
LogWindows: Failed to load 'VtuneApi.dll' (GetLastError=126)
LogWindows: File 'VtuneApi.dll' does not exist
LogWindows: Failed to load 'VtuneApi32e.dll' (GetLastError=126)
LogWindows: File 'VtuneApi32e.dll' does not exist
LogConsoleResponse: Display: Failed to find resolution value strings in scalability ini. Falling back to default.
LogInit: Display: Running engine for game: Titulo1_Try1
LogPlatformFile: Not using cached read wrapper
LogTaskGraph: Started task graph with 5 named threads and 23 total threads with 3 sets of task threads.
LogStats: Stats thread started at 0.091465
LogD3D11RHI: Loaded GFSDK_Aftermath_Lib.x64.dll
LogICUInternationalization: ICU TimeZone Detection - Raw Offset: -4:00, Platform Override: ''
LogPluginManager: Mounting plugin Paper2D
LogPluginManager: Mounting plugin AISupport
LogPluginManager: Mounting plugin LightPropagationVolume
LogPluginManager: Mounting plugin ActorLayerUtilities
LogPluginManager: Mounting plugin AnimationSharing
LogPluginManager: Mounting plugin CLionSourceCodeAccess
LogPluginManager: Mounting plugin CodeLiteSourceCodeAccess
LogPluginManager: Mounting plugin GitSourceControl
LogPluginManager: Mounting plugin KDevelopSourceCodeAccess
LogPluginManager: Mounting plugin NullSourceCodeAccess
LogPluginManager: Mounting plugin PerforceSourceControl
LogPluginManager: Mounting plugin PlasticSourceControl
LogPluginManager: Mounting plugin SubversionSourceControl
LogPluginManager: Mounting plugin UObjectPlugin
LogPluginManager: Mounting plugin VisualStudioCodeSourceCodeAccess
LogPluginManager: Mounting plugin VisualStudioSourceCodeAccess
LogPluginManager: Mounting plugin XCodeSourceCodeAccess
LogPluginManager: Mounting plugin AssetManagerEditor
LogPluginManager: Mounting plugin CryptoKeys
LogPluginManager: Mounting plugin CurveEditorTools
LogPluginManager: Mounting plugin DataValidation
LogPluginManager: Mounting plugin FacialAnimation
LogPluginManager: Mounting plugin GameplayTagsEditor
LogPluginManager: Mounting plugin MacGraphicsSwitching
LogPluginManager: Mounting plugin MaterialAnalyzer
LogPluginManager: Mounting plugin MobileLauncherProfileWizard
LogPluginManager: Mounting plugin PluginBrowser
LogPluginManager: Mounting plugin SpeedTreeImporter
LogPluginManager: Mounting plugin DatasmithContent
LogPluginManager: Mounting plugin VariantManagerContent
LogPluginManager: Mounting plugin AlembicImporter
LogPluginManager: Mounting plugin AutomationUtils
LogPluginManager: Mounting plugin BackChannel
LogPluginManager: Mounting plugin CharacterAI
LogPluginManager: Mounting plugin GeometryCache
LogPluginManager: Mounting plugin PlatformCrypto
LogPluginManager: Mounting plugin ProxyLODPlugin
LogPluginManager: Mounting plugin SkeletalReduction
LogPluginManager: Mounting plugin MagicLeap
LogPluginManager: Mounting plugin MagicLeapMedia
LogPluginManager: Mounting plugin MLSDK
LogPluginManager: Mounting plugin AndroidMedia
LogPluginManager: Mounting plugin AvfMedia
LogPluginManager: Mounting plugin ImgMedia
LogPluginManager: Mounting plugin MediaCompositing
LogPluginManager: Mounting plugin MediaPlayerEditor
LogPluginManager: Mounting plugin WebMMedia
LogPluginManager: Mounting plugin WmfMedia
LogPluginManager: Mounting plugin TcpMessaging
LogPluginManager: Mounting plugin UdpMessaging
LogPluginManager: Mounting plugin ActorSequence
LogPluginManager: Mounting plugin LevelSequenceEditor
LogPluginManager: Mounting plugin MatineeToLevelSequence
LogPluginManager: Mounting plugin NetcodeUnitTest
LogPluginManager: Mounting plugin NUTUnrealEngine4
LogPluginManager: Mounting plugin OnlineSubsystemGooglePlay
LogPluginManager: Mounting plugin OnlineSubsystemIOS
LogPluginManager: Mounting plugin OnlineSubsystem
LogPluginManager: Mounting plugin OnlineSubsystemNull
LogPluginManager: Mounting plugin OnlineSubsystemUtils
LogPluginManager: Mounting plugin LauncherChunkInstaller
LogPluginManager: Mounting plugin AndroidDeviceProfileSelector
LogPluginManager: Mounting plugin AndroidMoviePlayer
LogPluginManager: Mounting plugin AndroidPermission
LogPluginManager: Mounting plugin AppleImageUtils
LogPluginManager: Mounting plugin AppleMoviePlayer
LogPluginManager: Mounting plugin ArchVisCharacter
LogPluginManager: Mounting plugin AssetTags
LogPluginManager: Mounting plugin AudioCapture
LogPluginManager: Mounting plugin CableComponent
LogPluginManager: Mounting plugin CustomMeshComponent
LogPluginManager: Mounting plugin EditableMesh
LogPluginManager: Mounting plugin ExampleDeviceProfileSelector
LogPluginManager: Mounting plugin GoogleCloudMessaging
LogPluginManager: Mounting plugin IOSDeviceProfileSelector
LogPluginManager: Mounting plugin LinuxDeviceProfileSelector
LogPluginManager: Mounting plugin LocationServicesBPLibrary
LogPluginManager: Mounting plugin MobilePatchingUtils
LogPluginManager: Mounting plugin OculusVR
LogPluginManager: Mounting plugin PhysXVehicles
LogPluginManager: Mounting plugin PostSplashScreen
LogPluginManager: Mounting plugin ProceduralMeshComponent
LogPluginManager: Mounting plugin RuntimePhysXCooking
LogPluginManager: Mounting plugin SignificanceManager
LogPluginManager: Mounting plugin SteamVR
LogPluginManager: Mounting plugin WebMMoviePlayer
LogPluginManager: Mounting plugin WindowsMoviePlayer
LogPluginManager: Mounting plugin ScreenshotTools
LogInit: Using libcurl 7.55.1-DEV
LogInit:  - built for x86_64-pc-win32
LogInit:  - supports SSL with OpenSSL/1.1.1
LogInit:  - supports HTTP deflate (compression) using libz 1.2.8
LogInit:  - other features:
LogInit:      CURL_VERSION_SSL
LogInit:      CURL_VERSION_LIBZ
LogInit:      CURL_VERSION_IPV6
LogInit:      CURL_VERSION_ASYNCHDNS
LogInit:      CURL_VERSION_LARGEFILE
LogInit:      CURL_VERSION_IDN
LogInit:  CurlRequestOptions (configurable via config and command line):
LogInit:  - bVerifyPeer = true  - Libcurl will verify peer certificate
LogInit:  - bUseHttpProxy = false  - Libcurl will NOT use HTTP proxy
LogInit:  - bDontReuseConnections = false  - Libcurl will reuse connections
LogInit:  - MaxHostConnections = 16  - Libcurl will limit the number of connections to a host
LogInit:  - LocalHostAddr = Default
LogInit:  - BufferSize = 65536
LogOnline: OSS: Creating online subsystem instance for: NULL
LogInit: WinSock: version 1.1 (2.2), MaxSocks=32767, MaxUdp=65467
LogOnline: OSS: TryLoadSubsystemAndSetDefault: Loaded subsystem for module [NULL]
LogInit: Build: ++UE4+Release-4.24-CL-11590370
LogInit: Engine Version: 4.24.3-11590370+++UE4+Release-4.24
LogInit: Compatible Engine Version: 4.24.0-10570792+++UE4+Release-4.24
LogInit: Net CL: 10570792
LogInit: OS: Windows 8.1 (), CPU: Intel(R) Core(TM) i7-4702MQ CPU @ 2.20GHz, GPU: Intel(R) HD Graphics 4600
LogInit: Compiled (64-bit): Feb 24 2020 15:39:18
LogInit: Compiled with Visual C++: 19.16.27032.01
LogInit: Build Configuration: Development
LogInit: Branch Name: ++UE4+Release-4.24
LogInit: Command Line: 
LogInit: Base Directory: D:/Program Files/Epic Games/UE_4.24/Engine/Binaries/Win64/
LogInit: Installed Engine Build: 1
LogDevObjectVersion: Number of dev versions registered: 25
LogDevObjectVersion:   Dev-Blueprints (B0D832E4-1F89-4F0D-ACCF-7EB736FD4AA2): 10
LogDevObjectVersion:   Dev-Build (E1C64328-A22C-4D53-A36C-8E866417BD8C): 0
LogDevObjectVersion:   Dev-Core (375EC13C-06E4-48FB-B500-84F0262A717E): 3
LogDevObjectVersion:   Dev-Editor (E4B068ED-F494-42E9-A231-DA0B2E46BB41): 37
LogDevObjectVersion:   Dev-Framework (CFFC743F-43B0-4480-9391-14DF171D2073): 36
LogDevObjectVersion:   Dev-Mobile (B02B49B5-BB20-44E9-A304-32B752E40360): 2
LogDevObjectVersion:   Dev-Networking (A4E4105C-59A1-49B5-A7C5-40C4547EDFEE): 0
LogDevObjectVersion:   Dev-Online (39C831C9-5AE6-47DC-9A44-9C173E1C8E7C): 0
LogDevObjectVersion:   Dev-Physics (78F01B33-EBEA-4F98-B9B4-84EACCB95AA2): 2
LogDevObjectVersion:   Dev-Platform (6631380F-2D4D-43E0-8009-CF276956A95A): 0
LogDevObjectVersion:   Dev-Rendering (12F88B9F-8875-4AFC-A67C-D90C383ABD29): 36
LogDevObjectVersion:   Dev-Sequencer (7B5AE74C-D270-4C10-A958-57980B212A5A): 11
LogDevObjectVersion:   Dev-VR (D7296918-1DD6-4BDD-9DE2-64A83CC13884): 2
LogDevObjectVersion:   Dev-LoadTimes (C2A15278-BFE7-4AFE-6C17-90FF531DF755): 1
LogDevObjectVersion:   Private-Geometry (6EACA3D4-40EC-4CC1-B786-8BED09428FC5): 3
LogDevObjectVersion:   Dev-AnimPhys (29E575DD-E0A3-4627-9D10-D276232CDCEA): 17
LogDevObjectVersion:   Dev-Anim (AF43A65D-7FD3-4947-9873-3E8ED9C1BB05): 2
LogDevObjectVersion:   Dev-ReflectionCapture (6B266CEC-1EC7-4B8F-A30B-E4D90942FC07): 1
LogDevObjectVersion:   Dev-Automation (0DF73D61-A23F-47EA-B727-89E90C41499A): 1
LogDevObjectVersion:   FortniteMain (601D1886-AC64-4F84-AA16-D3DE0DEAC7D6): 31
LogDevObjectVersion:   Dev-Enterprise (9DFFBCD6-494F-0158-E221-12823C92A888): 8
LogDevObjectVersion:   Dev-Niagara (F2AED0AC-9AFE-416F-8664-AA7FFA26D6FC): 1
LogDevObjectVersion:   Dev-Destruction (174F1F0B-B4C6-45A5-B13F-2EE8D0FB917D): 9
LogDevObjectVersion:   Dev-Physics-Ext (35F94A83-E258-406C-A318-09F59610247C): 8
LogDevObjectVersion:   Dev-CineCamera (B2E18506-4273-CFC2-A54E-F4BB758BBA07): 1
LogInit: Presizing for max 25165824 objects, including 0 objects not considered by GC, pre-allocating 0 bytes for permanent pool.
LogInit: Object subsystem initialized
LogConfig: Setting CVar [[con.DebugEarlyDefault:1]]
LogConfig: Setting CVar [[r.setres:1280x720]]
[2020.07.20-14.55.39:541][  0]LogConfig: Setting CVar [[r.VSync:0]]
[2020.07.20-14.55.39:541][  0]LogConfig: Setting CVar [[r.RHICmdBypass:0]]
[2020.07.20-14.55.39:541][  0]LogConfig: Applying CVar settings from Section [/Script/Engine.RendererSettings] File [D:/Documentos/Unreal Projects/PT1/Saved/Config/Windows/Engine.ini]
[2020.07.20-14.55.39:541][  0]LogConfig: Setting CVar [[r.GPUCrashDebugging:0]]
[2020.07.20-14.55.39:541][  0]LogConfig: Setting CVar [[r.MobileHDR:1]]
[2020.07.20-14.55.39:541][  0]LogConfig: Setting CVar [[r.Mobile.DisableVertexFog:1]]
[2020.07.20-14.55.39:541][  0]LogConfig: Setting CVar [[r.Shadow.CSM.MaxMobileCascades:2]]
[2020.07.20-14.55.39:541][  0]LogConfig: Setting CVar [[r.MobileMSAA:1]]
[2020.07.20-14.55.39:541][  0]LogConfig: Setting CVar [[r.Mobile.UseLegacyShadingModel:0]]
[2020.07.20-14.55.39:541][  0]LogConfig: Setting CVar [[r.Mobile.UseHWsRGBEncoding:0]]
[2020.07.20-14.55.39:541][  0]LogConfig: Setting CVar [[r.Mobile.AllowDitheredLODTransition:0]]
[2020.07.20-14.55.39:541][  0]LogConfig: Setting CVar [[r.Mobile.AllowSoftwareOcclusion:0]]
[2020.07.20-14.55.39:541][  0]LogConfig: Setting CVar [[r.DiscardUnusedQuality:0]]
[2020.07.20-14.55.39:541][  0]LogConfig: Setting CVar [[r.AllowOcclusionQueries:1]]
[2020.07.20-14.55.39:541][  0]LogConfig: Setting CVar [[r.MinScreenRadiusForLights:0.030000]]
[2020.07.20-14.55.39:541][  0]LogConfig: Setting CVar [[r.MinScreenRadiusForDepthPrepass:0.030000]]
[2020.07.20-14.55.39:541][  0]LogConfig: Setting CVar [[r.MinScreenRadiusForCSMDepth:0.010000]]
[2020.07.20-14.55.39:541][  0]LogConfig: Setting CVar [[r.PrecomputedVisibilityWarning:0]]
[2020.07.20-14.55.39:541][  0]LogConfig: Setting CVar [[r.TextureStreaming:1]]
[2020.07.20-14.55.39:541][  0]LogConfig: Setting CVar [[Compat.UseDXT5NormalMaps:0]]
[2020.07.20-14.55.39:541][  0]LogConfig: Setting CVar [[r.VirtualTextures:0]]
[2020.07.20-14.55.39:541][  0]LogConfig: Setting CVar [[r.VirtualTexturedLightmaps:0]]
[2020.07.20-14.55.39:541][  0]LogConfig: Setting CVar [[r.VT.TileSize:128]]
[2020.07.20-14.55.39:541][  0]LogConfig: Setting CVar [[r.VT.TileBorderSize:4]]
[2020.07.20-14.55.39:541][  0]LogConfig: Setting CVar [[r.vt.FeedbackFactor:16]]
[2020.07.20-14.55.39:541][  0]LogConfig: Setting CVar [[r.VT.EnableCompressZlib:1]]
[2020.07.20-14.55.39:541][  0]LogConfig: Setting CVar [[r.VT.EnableCompressCrunch:0]]
[2020.07.20-14.55.39:541][  0]LogConfig: Setting CVar [[r.ClearCoatNormal:0]]
[2020.07.20-14.55.39:541][  0]LogConfig: Setting CVar [[r.ReflectionCaptureResolution:128]]
[2020.07.20-14.55.39:541][  0]LogConfig: Setting CVar [[r.ReflectionEnvironmentLightmapMixBasedOnRoughness:1]]
[2020.07.20-14.55.39:541][  0]LogConfig: Setting CVar [[r.ForwardShading:0]]
[2020.07.20-14.55.39:541][  0]LogConfig: Setting CVar [[r.VertexFoggingForOpaque:1]]
[2020.07.20-14.55.39:541][  0]LogConfig: Setting CVar [[r.AllowStaticLighting:1]]
[2020.07.20-14.55.39:541][  0]LogConfig: Setting CVar [[r.NormalMapsForStaticLighting:0]]
[2020.07.20-14.55.39:541][  0]LogConfig: Setting CVar [[r.GenerateMeshDistanceFields:0]]
[2020.07.20-14.55.39:541][  0]LogConfig: Setting CVar [[r.DistanceFieldBuild.EightBit:0]]
[2020.07.20-14.55.39:541][  0]LogConfig: Setting CVar [[r.GenerateLandscapeGIData:0]]
[2020.07.20-14.55.39:541][  0]LogConfig: Setting CVar [[r.DistanceFieldBuild.Compress:0]]
[2020.07.20-14.55.39:541][  0]LogConfig: Setting CVar [[r.TessellationAdaptivePixelsPerTriangle:48.000000]]
[2020.07.20-14.55.39:541][  0]LogConfig: Setting CVar [[r.SeparateTranslucency:1]]
[2020.07.20-14.55.39:541][  0]LogConfig: Setting CVar [[r.TranslucentSortPolicy:0]]
[2020.07.20-14.55.39:541][  0]LogConfig: Setting CVar [[r.CustomDepth:1]]
[2020.07.20-14.55.39:541][  0]LogConfig: Setting CVar [[r.CustomDepthTemporalAAJitter:1]]
[2020.07.20-14.55.39:541][  0]LogConfig: Setting CVar [[r.PostProcessing.PropagateAlpha:0]]
[2020.07.20-14.55.39:541][  0]LogConfig: Setting CVar [[r.DefaultFeature.Bloom:1]]
[2020.07.20-14.55.39:541][  0]LogConfig: Setting CVar [[r.DefaultFeature.AmbientOcclusion:1]]
[2020.07.20-14.55.39:541][  0]LogConfig: Setting CVar [[r.DefaultFeature.AmbientOcclusionStaticFraction:1]]
[2020.07.20-14.55.39:541][  0]LogConfig: Setting CVar [[r.DefaultFeature.AutoExposure:0]]
[2020.07.20-14.55.39:541][  0]LogConfig: Setting CVar [[r.DefaultFeature.AutoExposure.Method:0]]
[2020.07.20-14.55.39:541][  0]LogConfig: Setting CVar [[r.DefaultFeature.AutoExposure.ExtendDefaultLuminanceRange:0]]
[2020.07.20-14.55.39:541][  0]LogConfig: Setting CVar [[r.UsePreExposure:1]]
[2020.07.20-14.55.39:541][  0]LogConfig: Setting CVar [[r.EyeAdaptation.EditorOnly:1]]
[2020.07.20-14.55.39:541][  0]LogConfig: Setting CVar [[r.DefaultFeature.MotionBlur:0]]
[2020.07.20-14.55.39:541][  0]LogConfig: Setting CVar [[r.DefaultFeature.LensFlare:0]]
[2020.07.20-14.55.39:541][  0]LogConfig: Setting CVar [[r.TemporalAA.Upsampling:0]]
[2020.07.20-14.55.39:541][  0]LogConfig: Setting CVar [[r.SSGI.Enable:0]]
[2020.07.20-14.55.39:541][  0]LogConfig: Setting CVar [[r.DefaultFeature.AntiAliasing:0]]
[2020.07.20-14.55.39:541][  0]LogConfig: Setting CVar [[r.DefaultFeature.LightUnits:1]]
[2020.07.20-14.55.39:541][  0]LogConfig: Setting CVar [[r.DefaultBackBufferPixelFormat:4]]
[2020.07.20-14.55.39:541][  0]LogConfig: Setting CVar [[r.Shadow.UnbuiltPreviewInGame:1]]
[2020.07.20-14.55.39:541][  0]LogConfig: Setting CVar [[r.StencilForLODDither:0]]
[2020.07.20-14.55.39:541][  0]LogConfig: Setting CVar [[r.EarlyZPass:3]]
[2020.07.20-14.55.39:541][  0]LogConfig: Setting CVar [[r.EarlyZPassOnlyMaterialMasking:0]]
[2020.07.20-14.55.39:541][  0]LogConfig: Setting CVar [[r.DBuffer:1]]
[2020.07.20-14.55.39:541][  0]LogConfig: Setting CVar [[r.ClearSceneMethod:1]]
[2020.07.20-14.55.39:541][  0]LogConfig: Setting CVar [[r.BasePassOutputsVelocity:0]]
[2020.07.20-14.55.39:541][  0]LogConfig: Setting CVar [[r.SelectiveBasePassOutputs:0]]
[2020.07.20-14.55.39:542][  0]LogConfig: Setting CVar [[fx.GPUSimulationTextureSizeX:1024]]
[2020.07.20-14.55.39:542][  0]LogConfig: Setting CVar [[fx.GPUSimulationTextureSizeY:1024]]
[2020.07.20-14.55.39:542][  0]LogConfig: Setting CVar [[r.AllowGlobalClipPlane:0]]
[2020.07.20-14.55.39:542][  0]LogConfig: Setting CVar [[r.GBufferFormat:1]]
[2020.07.20-14.55.39:542][  0]LogConfig: Setting CVar [[r.MorphTarget.Mode:1]]
[2020.07.20-14.55.39:542][  0]LogConfig: Setting CVar [[vr.InstancedStereo:0]]
[2020.07.20-14.55.39:542][  0]LogConfig: Setting CVar [[vr.MultiView:0]]
[2020.07.20-14.55.39:542][  0]LogConfig: Setting CVar [[vr.MobileMultiView:0]]
[2020.07.20-14.55.39:542][  0]LogConfig: Setting CVar [[vr.MobileMultiView.Direct:0]]
[2020.07.20-14.55.39:542][  0]LogConfig: Setting CVar [[vr.RoundRobinOcclusion:0]]
[2020.07.20-14.55.39:542][  0]LogConfig: Setting CVar [[vr.ODSCapture:0]]
[2020.07.20-14.55.39:542][  0]LogConfig: Setting CVar [[r.WireframeCullThreshold:5.000000]]
[2020.07.20-14.55.39:542][  0]LogConfig: Setting CVar [[r.RayTracing:0]]
[2020.07.20-14.55.39:542][  0]LogConfig: Setting CVar [[r.RayTracing.UseTextureLod:0]]
[2020.07.20-14.55.39:542][  0]LogConfig: Setting CVar [[r.SupportStationarySkylight:1]]
[2020.07.20-14.55.39:542][  0]LogConfig: Setting CVar [[r.SupportLowQualityLightmaps:1]]
[2020.07.20-14.55.39:542][  0]LogConfig: Setting CVar [[r.SupportPointLightWholeSceneShadows:1]]
[2020.07.20-14.55.39:542][  0]LogConfig: Setting CVar [[r.SupportAtmosphericFog:1]]
[2020.07.20-14.55.39:542][  0]LogConfig: Setting CVar [[r.SupportSkyAtmosphere:1]]
[2020.07.20-14.55.39:542][  0]LogConfig: Setting CVar [[r.SupportSkyAtmosphereAffectsHeightFog:0]]
[2020.07.20-14.55.39:542][  0]LogConfig: Setting CVar [[r.SkinCache.CompileShaders:0]]
[2020.07.20-14.55.39:542][  0]LogConfig: Setting CVar [[r.Mobile.EnableStaticAndCSMShadowReceivers:1]]
[2020.07.20-14.55.39:542][  0]LogConfig: Setting CVar [[r.Mobile.EnableMovableLightCSMShaderCulling:1]]
[2020.07.20-14.55.39:542][  0]LogConfig: Setting CVar [[r.Mobile.AllowDistanceFieldShadows:1]]
[2020.07.20-14.55.39:542][  0]LogConfig: Setting CVar [[r.Mobile.AllowMovableDirectionalLights:1]]
[2020.07.20-14.55.39:542][  0]LogConfig: Setting CVar [[r.MobileNumDynamicPointLights:4]]
[2020.07.20-14.55.39:542][  0]LogConfig: Setting CVar [[r.MobileDynamicPointLightsUseStaticBranch:1]]
[2020.07.20-14.55.39:542][  0]LogConfig: Setting CVar [[r.Mobile.EnableMovableSpotlights:0]]
[2020.07.20-14.55.39:542][  0]LogConfig: Setting CVar [[r.SkinCache.SceneMemoryLimitInMB:128.000000]]
[2020.07.20-14.55.39:542][  0]LogConfig: Setting CVar [[r.GPUSkin.Limit2BoneInfluences:0]]
[2020.07.20-14.55.39:542][  0]LogConfig: Setting CVar [[r.SupportDepthOnlyIndexBuffers:1]]
[2020.07.20-14.55.39:542][  0]LogConfig: Setting CVar [[r.SupportReversedIndexBuffers:1]]
[2020.07.20-14.55.39:542][  0]LogConfig: Setting CVar [[r.SupportMaterialLayers:0]]
[2020.07.20-14.55.39:542][  0]LogConfig: Setting CVar [[r.LightPropagationVolume:0]]
[2020.07.20-14.55.39:542][  0]LogConfig: Applying CVar settings from Section [/Script/Engine.RendererOverrideSettings] File [D:/Documentos/Unreal Projects/PT1/Saved/Config/Windows/Engine.ini]
[2020.07.20-14.55.39:542][  0]LogConfig: Applying CVar settings from Section [/Script/Engine.StreamingSettings] File [D:/Documentos/Unreal Projects/PT1/Saved/Config/Windows/Engine.ini]
[2020.07.20-14.55.39:542][  0]LogConfig: Setting CVar [[s.MinBulkDataSizeForAsyncLoading:131072]]
[2020.07.20-14.55.39:542][  0]LogConfig: Setting CVar [[s.AsyncLoadingThreadEnabled:0]]
[2020.07.20-14.55.39:542][  0]LogConfig: Setting CVar [[s.EventDrivenLoaderEnabled:1]]
[2020.07.20-14.55.39:542][  0]LogConfig: Setting CVar [[s.WarnIfTimeLimitExceeded:0]]
[2020.07.20-14.55.39:542][  0]LogConfig: Setting CVar [[s.TimeLimitExceededMultiplier:1.5]]
[2020.07.20-14.55.39:542][  0]LogConfig: Setting CVar [[s.TimeLimitExceededMinTime:0.005]]
[2020.07.20-14.55.39:542][  0]LogConfig: Setting CVar [[s.UseBackgroundLevelStreaming:1]]
[2020.07.20-14.55.39:542][  0]LogConfig: Setting CVar [[s.PriorityAsyncLoadingExtraTime:15.0]]
[2020.07.20-14.55.39:542][  0]LogConfig: Setting CVar [[s.LevelStreamingActorsUpdateTimeLimit:5.0]]
[2020.07.20-14.55.39:542][  0]LogConfig: Setting CVar [[s.PriorityLevelStreamingActorsUpdateExtraTime:5.0]]
[2020.07.20-14.55.39:542][  0]LogConfig: Setting CVar [[s.LevelStreamingComponentsRegistrationGranularity:10]]
[2020.07.20-14.55.39:542][  0]LogConfig: Setting CVar [[s.UnregisterComponentsTimeLimit:1.0]]
[2020.07.20-14.55.39:542][  0]LogConfig: Setting CVar [[s.LevelStreamingComponentsUnregistrationGranularity:5]]
[2020.07.20-14.55.39:542][  0]LogConfig: Setting CVar [[s.FlushStreamingOnExit:1]]
[2020.07.20-14.55.39:542][  0]LogConfig: Applying CVar settings from Section [/Script/Engine.GarbageCollectionSettings] File [D:/Documentos/Unreal Projects/PT1/Saved/Config/Windows/Engine.ini]
[2020.07.20-14.55.39:542][  0]LogConfig: Setting CVar [[gc.MaxObjectsNotConsideredByGC:1]]
[2020.07.20-14.55.39:542][  0]LogConfig: Setting CVar [[gc.SizeOfPermanentObjectPool:0]]
[2020.07.20-14.55.39:542][  0]LogConfig: Setting CVar [[gc.FlushStreamingOnGC:0]]
[2020.07.20-14.55.39:542][  0]LogConfig: Setting CVar [[gc.NumRetriesBeforeForcingGC:10]]
[2020.07.20-14.55.39:542][  0]LogConfig: Setting CVar [[gc.AllowParallelGC:1]]
[2020.07.20-14.55.39:542][  0]LogConfig: Setting CVar [[gc.TimeBetweenPurgingPendingKillObjects:61.1]]
[2020.07.20-14.55.39:542][  0]LogConfig: Setting CVar [[gc.MaxObjectsInEditor:25165824]]
[2020.07.20-14.55.39:542][  0]LogConfig: Setting CVar [[gc.IncrementalBeginDestroyEnabled:1]]
[2020.07.20-14.55.39:542][  0]LogConfig: Setting CVar [[gc.CreateGCClusters:1]]
[2020.07.20-14.55.39:542][  0]LogConfig: Setting CVar [[gc.MinGCClusterSize:5]]
[2020.07.20-14.55.39:542][  0]LogConfig: Setting CVar [[gc.ActorClusteringEnabled:0]]
[2020.07.20-14.55.39:542][  0]LogConfig: Setting CVar [[gc.BlueprintClusteringEnabled:0]]
[2020.07.20-14.55.39:542][  0]LogConfig: Setting CVar [[gc.UseDisregardForGCOnDedicatedServers:0]]
[2020.07.20-14.55.39:542][  0]LogConfig: Applying CVar settings from Section [/Script/Engine.NetworkSettings] File [D:/Documentos/Unreal Projects/PT1/Saved/Config/Windows/Engine.ini]
[2020.07.20-14.55.39:542][  0]LogConfig: Applying CVar settings from Section [/Script/UnrealEd.CookerSettings] File [D:/Documentos/Unreal Projects/PT1/Saved/Config/Windows/Engine.ini]
[2020.07.20-14.55.39:544][  0]LogConfig: Applying CVar settings from Section [ViewDistanceQuality@3] File [D:/Documentos/Unreal Projects/PT1/Saved/Config/Windows/Scalability.ini]
[2020.07.20-14.55.39:544][  0]LogConfig: Setting CVar [[r.SkeletalMeshLODBias:0]]
[2020.07.20-14.55.39:544][  0]LogConfig: Setting CVar [[r.ViewDistanceScale:1.0]]
[2020.07.20-14.55.39:544][  0]LogConfig: Applying CVar settings from Section [AntiAliasingQuality@3] File [D:/Documentos/Unreal Projects/PT1/Saved/Config/Windows/Scalability.ini]
[2020.07.20-14.55.39:544][  0]LogConfig: Setting CVar [[r.PostProcessAAQuality:4]]
[2020.07.20-14.55.39:544][  0]LogConfig: Applying CVar settings from Section [ShadowQuality@3] File [D:/Documentos/Unreal Projects/PT1/Saved/Config/Windows/Scalability.ini]
[2020.07.20-14.55.39:544][  0]LogConfig: Setting CVar [[r.LightFunctionQuality:1]]
[2020.07.20-14.55.39:544][  0]LogConfig: Setting CVar [[r.ShadowQuality:5]]
[2020.07.20-14.55.39:544][  0]LogConfig: Setting CVar [[r.Shadow.CSM.MaxCascades:10]]
[2020.07.20-14.55.39:544][  0]LogConfig: Setting CVar [[r.Shadow.MaxResolution:2048]]
[2020.07.20-14.55.39:544][  0]LogConfig: Setting CVar [[r.Shadow.MaxCSMResolution:2048]]
[2020.07.20-14.55.39:544][  0]LogConfig: Setting CVar [[r.Shadow.RadiusThreshold:0.01]]
[2020.07.20-14.55.39:544][  0]LogConfig: Setting CVar [[r.Shadow.DistanceScale:1.0]]
[2020.07.20-14.55.39:544][  0]LogConfig: Setting CVar [[r.Shadow.CSM.TransitionScale:1.0]]
[2020.07.20-14.55.39:544][  0]LogConfig: Setting CVar [[r.Shadow.PreShadowResolutionFactor:1.0]]
[2020.07.20-14.55.39:544][  0]LogConfig: Setting CVar [[r.DistanceFieldShadowing:1]]
[2020.07.20-14.55.39:544][  0]LogConfig: Setting CVar [[r.DistanceFieldAO:1]]
[2020.07.20-14.55.39:544][  0]LogConfig: Setting CVar [[r.AOQuality:2]]
[2020.07.20-14.55.39:544][  0]LogConfig: Setting CVar [[r.VolumetricFog:1]]
[2020.07.20-14.55.39:544][  0]LogConfig: Setting CVar [[r.VolumetricFog.GridPixelSize:8]]
[2020.07.20-14.55.39:544][  0]LogConfig: Setting CVar [[r.VolumetricFog.GridSizeZ:128]]
[2020.07.20-14.55.39:544][  0]LogConfig: Setting CVar [[r.VolumetricFog.HistoryMissSupersampleCount:4]]
[2020.07.20-14.55.39:544][  0]LogConfig: Setting CVar [[r.LightMaxDrawDistanceScale:1]]
[2020.07.20-14.55.39:544][  0]LogConfig: Setting CVar [[r.CapsuleShadows:1]]
[2020.07.20-14.55.39:544][  0]LogConfig: Applying CVar settings from Section [PostProcessQuality@3] File [D:/Documentos/Unreal Projects/PT1/Saved/Config/Windows/Scalability.ini]
[2020.07.20-14.55.39:544][  0]LogConfig: Setting CVar [[r.MotionBlurQuality:4]]
[2020.07.20-14.55.39:544][  0]LogConfig: Setting CVar [[r.AmbientOcclusionMipLevelFactor:0.4]]
[2020.07.20-14.55.39:544][  0]LogConfig: Setting CVar [[r.AmbientOcclusionMaxQuality:100]]
[2020.07.20-14.55.39:544][  0]LogConfig: Setting CVar [[r.AmbientOcclusionLevels:-1]]
[2020.07.20-14.55.39:544][  0]LogConfig: Setting CVar [[r.AmbientOcclusionRadiusScale:1.0]]
[2020.07.20-14.55.39:544][  0]LogConfig: Setting CVar [[r.DepthOfFieldQuality:2]]
[2020.07.20-14.55.39:544][  0]LogConfig: Setting CVar [[r.RenderTargetPoolMin:400]]
[2020.07.20-14.55.39:544][  0]LogConfig: Setting CVar [[r.LensFlareQuality:2]]
[2020.07.20-14.55.39:544][  0]LogConfig: Setting CVar [[r.SceneColorFringeQuality:1]]
[2020.07.20-14.55.39:544][  0]LogConfig: Setting CVar [[r.EyeAdaptationQuality:2]]
[2020.07.20-14.55.39:544][  0]LogConfig: Setting CVar [[r.BloomQuality:5]]
[2020.07.20-14.55.39:544][  0]LogConfig: Setting CVar [[r.FastBlurThreshold:100]]
[2020.07.20-14.55.39:544][  0]LogConfig: Setting CVar [[r.Upscale.Quality:3]]
[2020.07.20-14.55.39:544][  0]LogConfig: Setting CVar [[r.Tonemapper.GrainQuantization:1]]
[2020.07.20-14.55.39:544][  0]LogConfig: Setting CVar [[r.LightShaftQuality:1]]
[2020.07.20-14.55.39:544][  0]LogConfig: Setting CVar [[r.Filter.SizeScale:1]]
[2020.07.20-14.55.39:544][  0]LogConfig: Setting CVar [[r.Tonemapper.Quality:5]]
[2020.07.20-14.55.39:544][  0]LogConfig: Setting CVar [[r.DOF.Gather.AccumulatorQuality:1        ; higher gathering accumulator quality]]
[2020.07.20-14.55.39:544][  0]LogConfig: Setting CVar [[r.DOF.Gather.PostfilterMethod:1          ; Median3x3 postfilering method]]
[2020.07.20-14.55.39:544][  0]LogConfig: Setting CVar [[r.DOF.Gather.EnableBokehSettings:0       ; no bokeh simulation when gathering]]
[2020.07.20-14.55.39:544][  0]LogConfig: Setting CVar [[r.DOF.Gather.RingCount:4                 ; medium number of samples when gathering]]
[2020.07.20-14.55.39:544][  0]LogConfig: Setting CVar [[r.DOF.Scatter.ForegroundCompositing:1    ; additive foreground scattering]]
[2020.07.20-14.55.39:544][  0]LogConfig: Setting CVar [[r.DOF.Scatter.BackgroundCompositing:2    ; additive background scattering]]
[2020.07.20-14.55.39:544][  0]LogConfig: Setting CVar [[r.DOF.Scatter.EnableBokehSettings:1      ; bokeh simulation when scattering]]
[2020.07.20-14.55.39:544][  0]LogConfig: Setting CVar [[r.DOF.Scatter.MaxSpriteRatio:0.1         ; only a maximum of 10% of scattered bokeh]]
[2020.07.20-14.55.39:544][  0]LogConfig: Setting CVar [[r.DOF.Recombine.Quality:1                ; cheap slight out of focus]]
[2020.07.20-14.55.39:544][  0]LogConfig: Setting CVar [[r.DOF.Recombine.EnableBokehSettings:0    ; no bokeh simulation on slight out of focus]]
[2020.07.20-14.55.39:544][  0]LogConfig: Setting CVar [[r.DOF.TemporalAAQuality:1                ; more stable temporal accumulation]]
[2020.07.20-14.55.39:544][  0]LogConfig: Setting CVar [[r.DOF.Kernel.MaxForegroundRadius:0.025]]
[2020.07.20-14.55.39:544][  0]LogConfig: Setting CVar [[r.DOF.Kernel.MaxBackgroundRadius:0.025]]
[2020.07.20-14.55.39:544][  0]LogConfig: Applying CVar settings from Section [TextureQuality@3] File [D:/Documentos/Unreal Projects/PT1/Saved/Config/Windows/Scalability.ini]
[2020.07.20-14.55.39:544][  0]LogConfig: Setting CVar [[r.Streaming.MipBias:0]]
[2020.07.20-14.55.39:544][  0]LogConfig: Setting CVar [[r.Streaming.AmortizeCPUToGPUCopy:0]]
[2020.07.20-14.55.39:544][  0]LogConfig: Setting CVar [[r.Streaming.MaxNumTexturesToStreamPerFrame:0]]
[2020.07.20-14.55.39:544][  0]LogConfig: Setting CVar [[r.Streaming.Boost:1]]
[2020.07.20-14.55.39:544][  0]LogConfig: Setting CVar [[r.MaxAnisotropy:8]]
[2020.07.20-14.55.39:544][  0]LogConfig: Setting CVar [[r.VT.MaxAnisotropy:8]]
[2020.07.20-14.55.39:544][  0]LogConfig: Setting CVar [[r.Streaming.LimitPoolSizeToVRAM:0]]
[2020.07.20-14.55.39:544][  0]LogConfig: Setting CVar [[r.Streaming.PoolSize:1000]]
[2020.07.20-14.55.39:544][  0]LogConfig: Setting CVar [[r.Streaming.MaxEffectiveScreenSize:0]]
[2020.07.20-14.55.39:544][  0]LogConfig: Applying CVar settings from Section [EffectsQuality@3] File [D:/Documentos/Unreal Projects/PT1/Saved/Config/Windows/Scalability.ini]
[2020.07.20-14.55.39:544][  0]LogConfig: Setting CVar [[r.TranslucencyLightingVolumeDim:64]]
[2020.07.20-14.55.39:544][  0]LogConfig: Setting CVar [[r.RefractionQuality:2]]
[2020.07.20-14.55.39:544][  0]LogConfig: Setting CVar [[r.SSR.Quality:3]]
[2020.07.20-14.55.39:544][  0]LogConfig: Setting CVar [[r.SSR.HalfResSceneColor:0]]
[2020.07.20-14.55.39:545][  0]LogConfig: Setting CVar [[r.SceneColorFormat:4]]
[2020.07.20-14.55.39:545][  0]LogConfig: Setting CVar [[r.DetailMode:2]]
[2020.07.20-14.55.39:545][  0]LogConfig: Setting CVar [[r.TranslucencyVolumeBlur:1]]
[2020.07.20-14.55.39:545][  0]LogConfig: Setting CVar [[r.MaterialQualityLevel:1 ; High quality]]
[2020.07.20-14.55.39:545][  0]LogConfig: Setting CVar [[r.SSS.Scale:1]]
[2020.07.20-14.55.39:545][  0]LogConfig: Setting CVar [[r.SSS.SampleSet:2]]
[2020.07.20-14.55.39:545][  0]LogConfig: Setting CVar [[r.SSS.Quality:1]]
[2020.07.20-14.55.39:545][  0]LogConfig: Setting CVar [[r.SSS.HalfRes:1]]
[2020.07.20-14.55.39:545][  0]LogConfig: Setting CVar [[r.SSGI.Quality:3]]
[2020.07.20-14.55.39:545][  0]LogConfig: Setting CVar [[r.EmitterSpawnRateScale:1.0]]
[2020.07.20-14.55.39:545][  0]LogConfig: Setting CVar [[r.ParticleLightQuality:2]]
[2020.07.20-14.55.39:545][  0]LogConfig: Setting CVar [[r.SkyAtmosphere.AerialPerspectiveLUT.FastApplyOnOpaque:1 ; Always have FastSkyLUT 1 in this case to avoid wrong sky]]
[2020.07.20-14.55.39:545][  0]LogConfig: Setting CVar [[r.SkyAtmosphere.AerialPerspectiveLUT.SampleCountPerSlice:1]]
[2020.07.20-14.55.39:545][  0]LogConfig: Setting CVar [[r.SkyAtmosphere.AerialPerspectiveLUT.DepthResolution:16.0]]
[2020.07.20-14.55.39:545][  0]LogConfig: Setting CVar [[r.SkyAtmosphere.FastSkyLUT:1]]
[2020.07.20-14.55.39:545][  0]LogConfig: Setting CVar [[r.SkyAtmosphere.FastSkyLUT.SampleCountMin:4.0]]
[2020.07.20-14.55.39:545][  0]LogConfig: Setting CVar [[r.SkyAtmosphere.FastSkyLUT.SampleCountMax:32.0]]
[2020.07.20-14.55.39:545][  0]LogConfig: Setting CVar [[r.SkyAtmosphere.SampleCountMin:4.0]]
[2020.07.20-14.55.39:545][  0]LogConfig: Setting CVar [[r.SkyAtmosphere.SampleCountMax:32.0]]
[2020.07.20-14.55.39:545][  0]LogConfig: Setting CVar [[r.SkyAtmosphere.TransmittanceLUT.UseSmallFormat:0]]
[2020.07.20-14.55.39:545][  0]LogConfig: Setting CVar [[r.SkyAtmosphere.TransmittanceLUT.SampleCount:10.0]]
[2020.07.20-14.55.39:545][  0]LogConfig: Setting CVar [[r.SkyAtmosphere.MultiScatteringLUT.SampleCount:15.0]]
[2020.07.20-14.55.39:545][  0]LogConfig: Applying CVar settings from Section [FoliageQuality@3] File [D:/Documentos/Unreal Projects/PT1/Saved/Config/Windows/Scalability.ini]
[2020.07.20-14.55.39:545][  0]LogConfig: Setting CVar [[foliage.DensityScale:1.0]]
[2020.07.20-14.55.39:545][  0]LogConfig: Setting CVar [[grass.DensityScale:1.0]]
[2020.07.20-14.55.39:545][  0]LogConfig: Applying CVar settings from Section [ShadingQuality@3] File [D:/Documentos/Unreal Projects/PT1/Saved/Config/Windows/Scalability.ini]
[2020.07.20-14.55.39:545][  0]LogConfig: Setting CVar [[r.HairStrands.SkyLighting.SampleCount:16]]
[2020.07.20-14.55.39:545][  0]LogConfig: Setting CVar [[r.HairStrands.SkyLighting.JitterIntegration:0]]
[2020.07.20-14.55.39:545][  0]LogConfig: Setting CVar [[r.HairStrands.SkyAO.SampleCount:16]]
[2020.07.20-14.55.39:545][  0]LogInit: Selected Device Profile: [Windows]
[2020.07.20-14.55.39:545][  0]LogInit: Applying CVar settings loaded from the selected device profile: [Windows]
[2020.07.20-14.55.39:548][  0]LogHAL: Display: Platform has ~ 16 GB [17112870912 / 17179869184 / 16], which maps to Larger [LargestMinGB=32, LargerMinGB=12, DefaultMinGB=8, SmallerMinGB=6, SmallestMinGB=0)
[2020.07.20-14.55.39:548][  0]LogInit: Going up to parent DeviceProfile []
[2020.07.20-14.55.39:548][  0]LogConfig: Applying CVar settings from Section [ViewDistanceQuality@0] File [D:/Documentos/Unreal Projects/PT1/Saved/Config/Windows/Scalability.ini]
[2020.07.20-14.55.39:548][  0]LogConfig: Setting CVar [[r.SkeletalMeshLODBias:2]]
[2020.07.20-14.55.39:548][  0]LogConfig: Setting CVar [[r.ViewDistanceScale:0.4]]
[2020.07.20-14.55.39:548][  0]LogConfig: Applying CVar settings from Section [AntiAliasingQuality@0] File [D:/Documentos/Unreal Projects/PT1/Saved/Config/Windows/Scalability.ini]
[2020.07.20-14.55.39:548][  0]LogConfig: Setting CVar [[r.PostProcessAAQuality:0]]
[2020.07.20-14.55.39:548][  0]LogConfig: Applying CVar settings from Section [ShadowQuality@0] File [D:/Documentos/Unreal Projects/PT1/Saved/Config/Windows/Scalability.ini]
[2020.07.20-14.55.39:548][  0]LogConfig: Setting CVar [[r.LightFunctionQuality:0]]
[2020.07.20-14.55.39:548][  0]LogConfig: Setting CVar [[r.ShadowQuality:0]]
[2020.07.20-14.55.39:548][  0]LogConfig: Setting CVar [[r.Shadow.CSM.MaxCascades:1]]
[2020.07.20-14.55.39:548][  0]LogConfig: Setting CVar [[r.Shadow.MaxResolution:512]]
[2020.07.20-14.55.39:548][  0]LogConfig: Setting CVar [[r.Shadow.MaxCSMResolution:512]]
[2020.07.20-14.55.39:548][  0]LogConfig: Setting CVar [[r.Shadow.RadiusThreshold:0.06]]
[2020.07.20-14.55.39:548][  0]LogConfig: Setting CVar [[r.Shadow.DistanceScale:0.6]]
[2020.07.20-14.55.39:548][  0]LogConfig: Setting CVar [[r.Shadow.CSM.TransitionScale:0]]
[2020.07.20-14.55.39:548][  0]LogConfig: Setting CVar [[r.Shadow.PreShadowResolutionFactor:0.5]]
[2020.07.20-14.55.39:548][  0]LogConfig: Setting CVar [[r.DistanceFieldShadowing:0]]
[2020.07.20-14.55.39:548][  0]LogConfig: Setting CVar [[r.DistanceFieldAO:0]]
[2020.07.20-14.55.39:548][  0]LogConfig: Setting CVar [[r.VolumetricFog:0]]
[2020.07.20-14.55.39:548][  0]LogConfig: Setting CVar [[r.LightMaxDrawDistanceScale:0]]
[2020.07.20-14.55.39:548][  0]LogConfig: Setting CVar [[r.CapsuleShadows:0]]
[2020.07.20-14.55.39:548][  0]LogConfig: Applying CVar settings from Section [PostProcessQuality@0] File [D:/Documentos/Unreal Projects/PT1/Saved/Config/Windows/Scalability.ini]
[2020.07.20-14.55.39:548][  0]LogConfig: Setting CVar [[r.MotionBlurQuality:0]]
[2020.07.20-14.55.39:548][  0]LogConfig: Setting CVar [[r.AmbientOcclusionMipLevelFactor:1.0]]
[2020.07.20-14.55.39:548][  0]LogConfig: Setting CVar [[r.AmbientOcclusionMaxQuality:0]]
[2020.07.20-14.55.39:548][  0]LogConfig: Setting CVar [[r.AmbientOcclusionLevels:0]]
[2020.07.20-14.55.39:548][  0]LogConfig: Setting CVar [[r.AmbientOcclusionRadiusScale:1.2]]
[2020.07.20-14.55.39:548][  0]LogConfig: Setting CVar [[r.DepthOfFieldQuality:0]]
[2020.07.20-14.55.39:548][  0]LogConfig: Setting CVar [[r.RenderTargetPoolMin:300]]
[2020.07.20-14.55.39:548][  0]LogConfig: Setting CVar [[r.LensFlareQuality:0]]
[2020.07.20-14.55.39:548][  0]LogConfig: Setting CVar [[r.SceneColorFringeQuality:0]]
[2020.07.20-14.55.39:548][  0]LogConfig: Setting CVar [[r.EyeAdaptationQuality:0]]
[2020.07.20-14.55.39:548][  0]LogConfig: Setting CVar [[r.BloomQuality:4]]
[2020.07.20-14.55.39:548][  0]LogConfig: Setting CVar [[r.FastBlurThreshold:0]]
[2020.07.20-14.55.39:548][  0]LogConfig: Setting CVar [[r.Upscale.Quality:1]]
[2020.07.20-14.55.39:548][  0]LogConfig: Setting CVar [[r.Tonemapper.GrainQuantization:0]]
[2020.07.20-14.55.39:548][  0]LogConfig: Setting CVar [[r.LightShaftQuality:0]]
[2020.07.20-14.55.39:548][  0]LogConfig: Setting CVar [[r.Filter.SizeScale:0.6]]
[2020.07.20-14.55.39:548][  0]LogConfig: Setting CVar [[r.Tonemapper.Quality:0]]
[2020.07.20-14.55.39:548][  0]LogConfig: Applying CVar settings from Section [TextureQuality@0] File [D:/Documentos/Unreal Projects/PT1/Saved/Config/Windows/Scalability.ini]
[2020.07.20-14.55.39:548][  0]LogConfig: Setting CVar [[r.Streaming.MipBias:16]]
[2020.07.20-14.55.39:548][  0]LogConfig: Setting CVar [[r.Streaming.AmortizeCPUToGPUCopy:1]]
[2020.07.20-14.55.39:548][  0]LogConfig: Setting CVar [[r.Streaming.MaxNumTexturesToStreamPerFrame:1]]
[2020.07.20-14.55.39:548][  0]LogConfig: Setting CVar [[r.Streaming.Boost:0.3]]
[2020.07.20-14.55.39:548][  0]LogConfig: Setting CVar [[r.MaxAnisotropy:0]]
[2020.07.20-14.55.39:548][  0]LogConfig: Setting CVar [[r.VT.MaxAnisotropy:4]]
[2020.07.20-14.55.39:549][  0]LogConfig: Setting CVar [[r.Streaming.LimitPoolSizeToVRAM:1]]
[2020.07.20-14.55.39:549][  0]LogConfig: Setting CVar [[r.Streaming.PoolSize:400]]
[2020.07.20-14.55.39:549][  0]LogConfig: Setting CVar [[r.Streaming.MaxEffectiveScreenSize:0]]
[2020.07.20-14.55.39:549][  0]LogConfig: Applying CVar settings from Section [EffectsQuality@0] File [D:/Documentos/Unreal Projects/PT1/Saved/Config/Windows/Scalability.ini]
[2020.07.20-14.55.39:549][  0]LogConfig: Setting CVar [[r.TranslucencyLightingVolumeDim:24]]
[2020.07.20-14.55.39:549][  0]LogConfig: Setting CVar [[r.RefractionQuality:0]]
[2020.07.20-14.55.39:549][  0]LogConfig: Setting CVar [[r.SSR.Quality:0]]
[2020.07.20-14.55.39:549][  0]LogConfig: Setting CVar [[r.SSR.HalfResSceneColor:1]]
[2020.07.20-14.55.39:549][  0]LogConfig: Setting CVar [[r.SceneColorFormat:3]]
[2020.07.20-14.55.39:549][  0]LogConfig: Setting CVar [[r.DetailMode:0]]
[2020.07.20-14.55.39:549][  0]LogConfig: Setting CVar [[r.TranslucencyVolumeBlur:0]]
[2020.07.20-14.55.39:549][  0]LogConfig: Setting CVar [[r.MaterialQualityLevel:0 ; Low quality]]
[2020.07.20-14.55.39:549][  0]LogConfig: Setting CVar [[r.SSS.Scale:0]]
[2020.07.20-14.55.39:549][  0]LogConfig: Setting CVar [[r.SSS.SampleSet:0]]
[2020.07.20-14.55.39:549][  0]LogConfig: Setting CVar [[r.SSS.Quality:0]]
[2020.07.20-14.55.39:549][  0]LogConfig: Setting CVar [[r.SSS.HalfRes:1]]
[2020.07.20-14.55.39:549][  0]LogConfig: Setting CVar [[r.SSGI.Quality:0]]
[2020.07.20-14.55.39:549][  0]LogConfig: Setting CVar [[r.EmitterSpawnRateScale:0.125]]
[2020.07.20-14.55.39:549][  0]LogConfig: Setting CVar [[r.ParticleLightQuality:0]]
[2020.07.20-14.55.39:549][  0]LogConfig: Setting CVar [[r.SkyAtmosphere.AerialPerspectiveLUT.FastApplyOnOpaque:1 ; Always have FastSkyLUT 1 in this case to avoid wrong sky]]
[2020.07.20-14.55.39:549][  0]LogConfig: Setting CVar [[r.SkyAtmosphere.AerialPerspectiveLUT.SampleCountPerSlice:1]]
[2020.07.20-14.55.39:549][  0]LogConfig: Setting CVar [[r.SkyAtmosphere.AerialPerspectiveLUT.DepthResolution:8.0]]
[2020.07.20-14.55.39:549][  0]LogConfig: Setting CVar [[r.SkyAtmosphere.FastSkyLUT:1]]
[2020.07.20-14.55.39:549][  0]LogConfig: Setting CVar [[r.SkyAtmosphere.FastSkyLUT.SampleCountMin:2.0]]
[2020.07.20-14.55.39:549][  0]LogConfig: Setting CVar [[r.SkyAtmosphere.FastSkyLUT.SampleCountMax:16.0]]
[2020.07.20-14.55.39:549][  0]LogConfig: Setting CVar [[r.SkyAtmosphere.SampleCountMin:2.0]]
[2020.07.20-14.55.39:549][  0]LogConfig: Setting CVar [[r.SkyAtmosphere.SampleCountMax:16.0]]
[2020.07.20-14.55.39:549][  0]LogConfig: Setting CVar [[r.SkyAtmosphere.TransmittanceLUT.UseSmallFormat:1]]
[2020.07.20-14.55.39:549][  0]LogConfig: Setting CVar [[r.SkyAtmosphere.TransmittanceLUT.SampleCount:10.0]]
[2020.07.20-14.55.39:549][  0]LogConfig: Setting CVar [[r.SkyAtmosphere.MultiScatteringLUT.SampleCount:15.0]]
[2020.07.20-14.55.39:549][  0]LogConfig: Applying CVar settings from Section [FoliageQuality@0] File [D:/Documentos/Unreal Projects/PT1/Saved/Config/Windows/Scalability.ini]
[2020.07.20-14.55.39:549][  0]LogConfig: Setting CVar [[foliage.DensityScale:0]]
[2020.07.20-14.55.39:549][  0]LogConfig: Setting CVar [[grass.DensityScale:0]]
[2020.07.20-14.55.39:549][  0]LogConfig: Applying CVar settings from Section [ShadingQuality@0] File [D:/Documentos/Unreal Projects/PT1/Saved/Config/Windows/Scalability.ini]
[2020.07.20-14.55.39:549][  0]LogConfig: Setting CVar [[r.HairStrands.SkyLighting.SampleCount:8]]
[2020.07.20-14.55.39:549][  0]LogConfig: Setting CVar [[r.HairStrands.SkyLighting.JitterIntegration:0]]
[2020.07.20-14.55.39:549][  0]LogConfig: Setting CVar [[r.HairStrands.SkyAO.SampleCount:8]]
[2020.07.20-14.55.39:549][  0]LogConfig: Applying CVar settings from Section [Startup] File [../../../Engine/Config/ConsoleVariables.ini]
[2020.07.20-14.55.39:549][  0]LogConfig: Setting CVar [[net.UseAdaptiveNetUpdateFrequency:0]]
[2020.07.20-14.55.39:549][  0]LogConfig: Setting CVar [[p.chaos.AllowCreatePhysxBodies:1]]
[2020.07.20-14.55.39:549][  0]LogConfig: Applying CVar settings from Section [ConsoleVariables] File [D:/Documentos/Unreal Projects/PT1/Saved/Config/Windows/Engine.ini]
[2020.07.20-14.55.39:549][  0]LogInit: Computer: HP
[2020.07.20-14.55.39:549][  0]LogInit: User: PJimenez
[2020.07.20-14.55.39:549][  0]LogInit: CPU Page size=4096, Cores=4
[2020.07.20-14.55.39:549][  0]LogInit: High frequency timer resolution =2.143485 MHz
[2020.07.20-14.55.39:550][  0]LogMemory: Memory total: Physical=15.9GB (16GB approx)
[2020.07.20-14.55.39:550][  0]LogMemory: Platform Memory Stats for Windows
[2020.07.20-14.55.39:550][  0]LogMemory: Process Physical Memory: 102.31 MB used, 102.31 MB peak
[2020.07.20-14.55.39:550][  0]LogMemory: Process Virtual Memory: 100.44 MB used, 100.44 MB peak
[2020.07.20-14.55.39:550][  0]LogMemory: Physical Memory: 5761.54 MB used,  10558.57 MB free, 16320.11 MB total
[2020.07.20-14.55.39:550][  0]LogMemory: Virtual Memory: 989.11 MB used,  134216736.00 MB free, 134217728.00 MB total
[2020.07.20-14.55.39:555][  0]LogWindows: WindowsPlatformFeatures enabled
[2020.07.20-14.55.39:568][  0]LogInit: Overriding language with editor language configuration option (en).
[2020.07.20-14.55.39:568][  0]LogInit: Overriding locale with editor locale configuration option (en).
[2020.07.20-14.55.39:756][  0]LogInit: Setting process to per monitor DPI aware
[2020.07.20-14.55.39:776][  0]LogSlate: New Slate User Created.  User Index 0, Is Virtual User: 0
[2020.07.20-14.55.39:777][  0]LogSlate: Slate User Registered.  User Index 0, Is Virtual User: 0
[2020.07.20-14.55.39:894][  0]LogHMD: Failed to initialize OpenVR with code 110
[2020.07.20-14.55.39:894][  0]LogD3D11RHI: D3D11 min allowed feature level: 11_0
[2020.07.20-14.55.39:894][  0]LogD3D11RHI: D3D11 max allowed feature level: 11_0
[2020.07.20-14.55.39:894][  0]LogD3D11RHI: D3D11 adapters:
[2020.07.20-14.55.39:899][  0]LogD3D11RHI:    0. 'Intel(R) HD Graphics 4600' (Feature Level 11_0)
[2020.07.20-14.55.39:899][  0]LogD3D11RHI:       0/0/1792 MB DedicatedVideo/DedicatedSystem/SharedSystem, Outputs:1, VendorId:0x8086
[2020.07.20-14.55.39:900][  0]LogD3D11RHI:    1. 'Microsoft Basic Render Driver' (Feature Level 11_0)
[2020.07.20-14.55.39:900][  0]LogD3D11RHI:       0/0/256 MB DedicatedVideo/DedicatedSystem/SharedSystem, Outputs:0, VendorId:0x1414
[2020.07.20-14.55.39:900][  0]LogD3D11RHI: Chosen D3D11 Adapter: 0
[2020.07.20-14.55.39:905][  0]LogD3D11RHI: Creating new Direct3DDevice
[2020.07.20-14.55.39:905][  0]LogD3D11RHI:     GPU DeviceId: 0x416 (for the marketing name, search the web for "GPU Device Id")
[2020.07.20-14.55.39:905][  0]LogWindows: EnumDisplayDevices:
[2020.07.20-14.55.39:905][  0]LogWindows:    0. 'Intel(R) HD Graphics 4600' (P:1 D:1)
[2020.07.20-14.55.39:906][  0]LogWindows:    1. 'Intel(R) HD Graphics 4600' (P:0 D:0)
[2020.07.20-14.55.39:906][  0]LogWindows:    2. 'Intel(R) HD Graphics 4600' (P:0 D:0)
[2020.07.20-14.55.39:906][  0]LogWindows: DebugString: FoundDriverCount:3 
[2020.07.20-14.55.39:906][  0]LogD3D11RHI:     Adapter Name: Intel(R) HD Graphics 4600
[2020.07.20-14.55.39:906][  0]LogD3D11RHI:   Driver Version: 10.18.10.3304 (internal:10.18.10.3304, unified:10.18.10.3304)
[2020.07.20-14.55.39:906][  0]LogD3D11RHI:      Driver Date: 9-9-2013
[2020.07.20-14.55.39:906][  0]LogRHI: Texture pool is 627 MB (70% of 896 MB)
[2020.07.20-14.55.39:913][  0]LogD3D11RHI: RHI does not have support for 64 bit atomics
[2020.07.20-14.55.39:913][  0]LogD3D11RHI: Async texture creation enabled
[2020.07.20-14.55.39:924][  0]LogD3D11RHI: GPU Timing Frequency: 12.500000 (Debug: 2 0)
[2020.07.20-14.55.40:187][  0]LogTargetPlatformManager: Display: Loaded TargetPlatform 'AllDesktop'
[2020.07.20-14.55.40:222][  0]LogTargetPlatformManager: Display: Loaded TargetPlatform 'Android'
[2020.07.20-14.55.40:222][  0]LogTargetPlatformManager: Display: Loaded TargetPlatform 'Android_ASTC'
[2020.07.20-14.55.40:222][  0]LogTargetPlatformManager: Display: Loaded TargetPlatform 'Android_ATC'
[2020.07.20-14.55.40:222][  0]LogTargetPlatformManager: Display: Loaded TargetPlatform 'Android_DXT'
[2020.07.20-14.55.40:222][  0]LogTargetPlatformManager: Display: Loaded TargetPlatform 'Android_ETC1'
[2020.07.20-14.55.40:222][  0]LogTargetPlatformManager: Display: Loaded TargetPlatform 'Android_ETC1a'
[2020.07.20-14.55.40:222][  0]LogTargetPlatformManager: Display: Loaded TargetPlatform 'Android_ETC2'
[2020.07.20-14.55.40:222][  0]LogTargetPlatformManager: Display: Loaded TargetPlatform 'Android_PVRTC'
[2020.07.20-14.55.40:222][  0]LogTargetPlatformManager: Display: Loaded TargetPlatform 'AndroidClient'
[2020.07.20-14.55.40:222][  0]LogTargetPlatformManager: Display: Loaded TargetPlatform 'Android_ASTCClient'
[2020.07.20-14.55.40:222][  0]LogTargetPlatformManager: Display: Loaded TargetPlatform 'Android_ATCClient'
[2020.07.20-14.55.40:222][  0]LogTargetPlatformManager: Display: Loaded TargetPlatform 'Android_DXTClient'
[2020.07.20-14.55.40:222][  0]LogTargetPlatformManager: Display: Loaded TargetPlatform 'Android_ETC1Client'
[2020.07.20-14.55.40:222][  0]LogTargetPlatformManager: Display: Loaded TargetPlatform 'Android_ETC1aClient'
[2020.07.20-14.55.40:222][  0]LogTargetPlatformManager: Display: Loaded TargetPlatform 'Android_ETC2Client'
[2020.07.20-14.55.40:222][  0]LogTargetPlatformManager: Display: Loaded TargetPlatform 'Android_PVRTCClient'
[2020.07.20-14.55.40:222][  0]LogTargetPlatformManager: Display: Loaded TargetPlatform 'Android_Multi'
[2020.07.20-14.55.40:222][  0]LogTargetPlatformManager: Display: Loaded TargetPlatform 'Android_MultiClient'
[2020.07.20-14.55.40:242][  0]LogTargetPlatformManager: Display: Loaded TargetPlatform 'IOSClient'
[2020.07.20-14.55.40:242][  0]LogTargetPlatformManager: Display: Loaded TargetPlatform 'IOS'
[2020.07.20-14.55.40:250][  0]LogTargetPlatformManager: Display: Loaded TargetPlatform 'LinuxNoEditor'
[2020.07.20-14.55.40:258][  0]LogTargetPlatformManager: Display: Loaded TargetPlatform 'LinuxClient'
[2020.07.20-14.55.40:266][  0]LogTargetPlatformManager: Display: Loaded TargetPlatform 'LinuxServer'
[2020.07.20-14.55.40:274][  0]LogTargetPlatformManager: Display: Loaded TargetPlatform 'LinuxAArch64NoEditor'
[2020.07.20-14.55.40:282][  0]LogTargetPlatformManager: Display: Loaded TargetPlatform 'LinuxAArch64Client'
[2020.07.20-14.55.40:290][  0]LogTargetPlatformManager: Display: Loaded TargetPlatform 'LinuxAArch64Server'
[2020.07.20-14.55.40:317][  0]LogTargetPlatformManager: Display: Loaded TargetPlatform 'Lumin'
[2020.07.20-14.55.40:317][  0]LogTargetPlatformManager: Display: Loaded TargetPlatform 'LuminClient'
[2020.07.20-14.55.40:332][  0]LogTargetPlatformManager: Display: Loaded TargetPlatform 'TVOSClient'
[2020.07.20-14.55.40:332][  0]LogTargetPlatformManager: Display: Loaded TargetPlatform 'TVOS'
[2020.07.20-14.55.40:340][  0]LogTargetPlatformManager: Display: Loaded TargetPlatform 'WindowsNoEditor'
[2020.07.20-14.55.40:349][  0]LogTargetPlatformManager: Display: Loaded TargetPlatform 'Windows'
[2020.07.20-14.55.40:356][  0]LogTargetPlatformManager: Display: Loaded TargetPlatform 'WindowsClient'
[2020.07.20-14.55.40:364][  0]LogTargetPlatformManager: Display: Loaded TargetPlatform 'WindowsServer'
[2020.07.20-14.55.40:364][  0]LogTargetPlatformManager: Display: Building Assets For Windows
[2020.07.20-14.55.40:367][  0]LogAudioDebug: Display: Lib vorbis DLL was dynamically loaded.
[2020.07.20-14.55.40:390][  0]LogShaderCompilers: Guid format shader working directory is 0 characters bigger than the processId version (../../../../../../Documentos/Unreal Projects/PT1/Intermediate/Shaders/WorkingDirectory/87136/).
[2020.07.20-14.55.40:391][  0]LogShaderCompilers: Cleaned the shader compiler working directory 'C:/Users/PJimenez/AppData/Local/Temp/UnrealShaderWorkingDir/9C2C14EC4A64D21528627D9A15375BEF/'.
[2020.07.20-14.55.40:391][  0]LogXGEController: Cannot use XGE Controller as Incredibuild is not installed on this machine.
[2020.07.20-14.55.40:391][  0]LogShaderCompilers: Cannot use XGE Shader Compiler as Incredibuild is not installed on this machine.
[2020.07.20-14.55.40:391][  0]LogShaderCompilers: Display: Using Local Shader Compiler.
[2020.07.20-14.55.41:226][  0]LogDerivedDataCache: Display: Max Cache Size: 512 MB
[2020.07.20-14.55.41:298][  0]LogDerivedDataCache: Loaded boot cache 0.07s 78MB C:/Users/PJimenez/AppData/Local/UnrealEngine/4.24/DerivedDataCache/Boot.ddc.
[2020.07.20-14.55.41:298][  0]LogDerivedDataCache: Display: Loaded Boot cache: C:/Users/PJimenez/AppData/Local/UnrealEngine/4.24/DerivedDataCache/Boot.ddc
[2020.07.20-14.55.41:298][  0]LogDerivedDataCache: FDerivedDataBackendGraph:  Pak pak cache file ../../../../../../Documentos/Unreal Projects/PT1/DerivedDataCache/DDC.ddp not found, will not use a pak cache.
[2020.07.20-14.55.41:298][  0]LogDerivedDataCache: Unable to find inner node Pak for hierarchical cache Hierarchy.
[2020.07.20-14.55.41:298][  0]LogDerivedDataCache: FDerivedDataBackendGraph:  CompressedPak pak cache file ../../../../../../Documentos/Unreal Projects/PT1/DerivedDataCache/Compressed.ddp not found, will not use a pak cache.
[2020.07.20-14.55.41:298][  0]LogDerivedDataCache: Unable to find inner node CompressedPak for hierarchical cache Hierarchy.
[2020.07.20-14.55.41:310][  0]LogDerivedDataCache: Display: Pak cache opened for reading ../../../Engine/DerivedDataCache/Compressed.ddp.
[2020.07.20-14.55.41:310][  0]LogDerivedDataCache: FDerivedDataBackendGraph:  EnterprisePak pak cache file ../../../Enterprise/DerivedDataCache/Compressed.ddp not found, will not use a pak cache.
[2020.07.20-14.55.41:310][  0]LogDerivedDataCache: Unable to find inner node EnterprisePak for hierarchical cache Hierarchy.
[2020.07.20-14.55.41:312][  0]LogDerivedDataCache: Using Local data cache path C:/Users/PJimenez/AppData/Local/UnrealEngine/Common/DerivedDataCache: Writable
[2020.07.20-14.55.41:312][  0]LogDerivedDataCache: Shared data cache path not found in *engine.ini, will not use an Shared cache.
[2020.07.20-14.55.41:312][  0]LogDerivedDataCache: Unable to find inner node Shared for hierarchical cache Hierarchy.
[2020.07.20-14.55.41:341][  0]LogMaterial: Verifying Global Shaders for PCD3D_SM5
[2020.07.20-14.55.41:343][  0]LogSlate: Using FreeType 2.10.0
[2020.07.20-14.55.41:344][  0]LogSlate: SlateFontServices - WITH_FREETYPE: 1, WITH_HARFBUZZ: 1
[2020.07.20-14.55.41:407][  0]LogAssetRegistry: FAssetRegistry took 0.0027 seconds to start up
[2020.07.20-14.55.41:726][  0]LogInit: Selected Device Profile: [Windows]
[2020.07.20-14.55.41:906][  0]LogMeshReduction: Using QuadricMeshReduction for automatic static mesh reduction
[2020.07.20-14.55.41:906][  0]LogMeshReduction: Using SimplygonMeshReduction for automatic skeletal mesh reduction
[2020.07.20-14.55.41:906][  0]LogMeshReduction: Using ProxyLODMeshReduction for automatic mesh merging
[2020.07.20-14.55.41:906][  0]LogMeshReduction: No distributed automatic mesh merging module available
[2020.07.20-14.55.41:906][  0]LogMeshMerging: No distributed automatic mesh merging module available
[2020.07.20-14.55.41:920][  0]LogNetVersion: Titulo1_Try1 1.0.0, NetCL: 10570792, EngineNetVer: 13, GameNetVer: 0 (Checksum: 1636823350)
[2020.07.20-14.55.43:121][  0]LogPackageLocalizationCache: Processed 10 localized package path(s) for 1 prioritized culture(s) in 0.057119 seconds
[2020.07.20-14.55.43:131][  0]LogUObjectArray: 46750 objects as part of root set at end of initial load.
[2020.07.20-14.55.43:131][  0]LogUObjectAllocator: 8137160 out of 0 bytes used by permanent object pool.
[2020.07.20-14.55.43:131][  0]LogUObjectArray: CloseDisregardForGC: 0/0 objects in disregard for GC pool
[2020.07.20-14.55.43:568][  0]LogTcpMessaging: Initializing TcpMessaging bridge
[2020.07.20-14.55.43:571][  0]LogUdpMessaging: Initializing bridge on interface 0.0.0.0:0 to multicast group 230.0.0.1:6666.
[2020.07.20-14.55.43:622][  0]SourceControl: Source control is disabled
[2020.07.20-14.55.43:622][  0]SourceControl: Source control is disabled
[2020.07.20-14.55.43:626][  0]SourceControl: Source control is disabled
[2020.07.20-14.55.43:627][  0]SourceControl: Source control is disabled
[2020.07.20-14.55.43:627][  0]SourceControl: Source control is disabled
[2020.07.20-14.55.43:708][  0]LogAndroidPermission: UAndroidPermissionCallbackProxy::GetInstance
[2020.07.20-14.55.43:719][  0]LogAudioCaptureCore: Display: No Audio Capture implementations found. Audio input will be silent.
[2020.07.20-14.55.43:719][  0]LogAudioCaptureCore: Display: No Audio Capture implementations found. Audio input will be silent.
[2020.07.20-14.55.43:811][  0]LogOcInput: OculusInput pre-init called
[2020.07.20-14.55.43:820][  0]LogWindows: Failed to load 'OVRPlugin.dll' (GetLastError=126)
[2020.07.20-14.55.43:820][  0]LogWindows: File 'OVRPlugin.dll' does not exist
[2020.07.20-14.55.43:917][  0]LogEngine: Initializing Engine...
[2020.07.20-14.55.43:919][  0]LogHMD: Failed to initialize OpenVR with code 110
[2020.07.20-14.55.43:920][  0]LogStats: UGameplayTagsManager::InitializeManager -  0.000 s
[2020.07.20-14.55.44:334][  0]LogInit: Initializing FReadOnlyCVARCache
[2020.07.20-14.55.44:349][  0]LogAIModule: Creating AISystem for world Untitled
[2020.07.20-14.55.44:502][  0]LogAudioMixer: Display: Audio Mixer Platform Settings:
[2020.07.20-14.55.44:502][  0]LogAudioMixer: Display: 	Sample Rate:						  48000
[2020.07.20-14.55.44:502][  0]LogAudioMixer: Display: 	Callback Buffer Frame Size Requested: 1024
[2020.07.20-14.55.44:502][  0]LogAudioMixer: Display: 	Callback Buffer Frame Size To Use:	  1024
[2020.07.20-14.55.44:502][  0]LogAudioMixer: Display: 	Number of buffers to queue:			  2
[2020.07.20-14.55.44:502][  0]LogAudioMixer: Display: 	Max Channels (voices):				  32
[2020.07.20-14.55.44:502][  0]LogAudioMixer: Display: 	Number of Async Source Workers:		  0
[2020.07.20-14.55.44:502][  0]LogAudio: Display: AudioDevice MaxSources: 32
[2020.07.20-14.55.44:502][  0]LogAudio: Display: Using built-in audio occlusion.
[2020.07.20-14.55.44:502][  0]LogAudioMixer: Display: Initializing audio mixer.
[2020.07.20-14.55.44:507][  0]LogAudioMixer: Display: Audio Device Output Speaker Info:
[2020.07.20-14.55.44:507][  0]LogAudioMixer: Display: Name: Altavoces / Auriculares (IDT High Definition Audio CODEC)
[2020.07.20-14.55.44:507][  0]LogAudioMixer: Display: Is Default: Yes
[2020.07.20-14.55.44:507][  0]LogAudioMixer: Display: Sample Rate: 48000
[2020.07.20-14.55.44:507][  0]LogAudioMixer: Display: Channel Count Used: 2
[2020.07.20-14.55.44:507][  0]LogAudioMixer: Display: Device Channel Count: 2
[2020.07.20-14.55.44:507][  0]LogAudioMixer: Display: Channel Order:
[2020.07.20-14.55.44:507][  0]LogAudioMixer: Display: 0: FrontLeft
[2020.07.20-14.55.44:507][  0]LogAudioMixer: Display: 1: FrontRight
[2020.07.20-14.55.44:532][  0]LogAudioMixer: Display: Using Audio Device Altavoces / Auriculares (IDT High Definition Audio CODEC)
[2020.07.20-14.55.44:540][  0]LogInit: FAudioDevice initialized.
[2020.07.20-14.55.44:540][  0]LogNetVersion: Set ProjectVersion to 1.0.0.0. Version Checksum will be recalculated on next use.
[2020.07.20-14.55.44:702][  0]LogDerivedDataCache: Saved boot cache 0.16s 78MB C:/Users/PJimenez/AppData/Local/UnrealEngine/4.24/DerivedDataCache/Boot.ddc.
[2020.07.20-14.55.44:703][  0]LogInit: Texture streaming: Enabled
[2020.07.20-14.55.44:711][  0]LogEngineSessionManager: EngineSessionManager initialized
[2020.07.20-14.55.44:712][  0]LogEditorSessionSummary: Verbose: Initializing EditorSessionSummaryWriter for editor session tracking
[2020.07.20-14.55.44:713][  0]LogEditorSessionSummary: EditorSessionSummaryWriter initialized
[2020.07.20-14.55.44:750][  0]LogInit: Transaction tracking system initialized
[2020.07.20-14.55.44:760][  0]BlueprintLog: New page: Editor Load
[2020.07.20-14.55.44:786][  0]LocalizationService: Localization service is disabled
[2020.07.20-14.55.46:090][  0]LogFileCache: Scanning file cache for directory 'D:/Documentos/Unreal Projects/PT1/Content/' took 0.00s
[2020.07.20-14.55.46:090][  0]LogCook: Display: Max memory allowance for cook 16384mb min free memory 0mb
[2020.07.20-14.55.46:090][  0]LogCook: Display: Mobile HDR setting 1
[2020.07.20-14.55.46:732][  0]SourceControl: Source control is disabled
[2020.07.20-14.55.46:732][  0]Cmd: MAP LOAD FILE="../../../../../../Documentos/Unreal Projects/PT1/Content/Nivel_de_Prueba.umap" TEMPLATE=0 SHOWPROGRESS=1 FEATURELEVEL=3
[2020.07.20-14.55.46:733][  0]LightingResults: New page: Lighting Build
[2020.07.20-14.55.46:733][  0]LogWorld: UWorld::CleanupWorld for Untitled, bSessionEnded=true, bCleanupResources=true
[2020.07.20-14.55.46:733][  0]LogSlate: InvalidateAllWidgets triggered.  All widgets were invalidated
[2020.07.20-14.55.46:734][  0]MapCheck: New page: Map Check
[2020.07.20-14.55.46:734][  0]LightingResults: New page: Lighting Build
[2020.07.20-14.55.46:766][  0]LogUObjectHash: Compacting FUObjectHashTables data took   2.26ms
[2020.07.20-14.55.46:846][  0]LogAIModule: Creating AISystem for world Nivel_de_Prueba
[2020.07.20-14.55.46:863][  0]LogEditorServer: Finished looking for orphan Actors (0.000 secs)
[2020.07.20-14.55.46:896][  0]LogUObjectHash: Compacting FUObjectHashTables data took   3.23ms
[2020.07.20-14.55.46:896][  0]Cmd: MAP CHECKDEP NOCLEARLOG
[2020.07.20-14.55.46:896][  0]MapCheck: Map check complete: 0 Error(s), 0 Warning(s), took 0.195ms to complete.
[2020.07.20-14.55.46:896][  0]LogFileHelpers: Loading map 'Nivel_de_Prueba' took 0.164
[2020.07.20-14.55.47:021][  0]LogSlate: Updating window title bar state: overlay mode, drag disabled, window buttons hidden, title bar hidden
[2020.07.20-14.55.47:029][  0]LogSlate: Updating window title bar state: overlay mode, drag disabled, window buttons hidden, title bar hidden
[2020.07.20-14.55.47:037][  0]LogSlate: Updating window title bar state: overlay mode, drag disabled, window buttons hidden, title bar hidden
[2020.07.20-14.55.47:045][  0]LogSlate: Updating window title bar state: overlay mode, drag disabled, window buttons hidden, title bar hidden
[2020.07.20-14.55.47:049][  0]LogCollectionManager: Loaded 0 collections in 0.001286 seconds
[2020.07.20-14.55.47:064][  0]LogFileCache: Scanning file cache for directory 'D:/Documentos/Unreal Projects/PT1/Saved/Collections/' took 0.00s
[2020.07.20-14.55.47:064][  0]LogFileCache: Scanning file cache for directory 'D:/Documentos/Unreal Projects/PT1/Content/Developers/PJimenez/Collections/' took 0.00s
[2020.07.20-14.55.47:064][  0]LogFileCache: Scanning file cache for directory 'D:/Documentos/Unreal Projects/PT1/Content/Collections/' took 0.00s
[2020.07.20-14.55.47:064][  0]LogContentBrowser: Native class hierarchy populated in 0.0090 seconds. Added 3015 classes and 717 folders.
[2020.07.20-14.55.47:067][  0]LogContentBrowser: Native class hierarchy updated for 'WidgetCarousel' in 0.0002 seconds. Added 0 classes and 0 folders.
[2020.07.20-14.55.47:106][  0]LogContentBrowser: Native class hierarchy updated for 'AddContentDialog' in 0.0003 seconds. Added 0 classes and 0 folders.
[2020.07.20-14.55.47:109][  0]LogContentBrowser: Native class hierarchy updated for 'SceneOutliner' in 0.0003 seconds. Added 2 classes and 3 folders.
[2020.07.20-14.55.47:205][  0]LogSlate: Took 0.000200 seconds to synchronously load lazily loaded font '../../../Engine/Content/Slate/Fonts/Roboto-Regular.ttf' (155K)
[2020.07.20-14.55.47:207][  0]LogSlate: Took 0.000112 seconds to synchronously load lazily loaded font '../../../Engine/Content/Slate/Fonts/Roboto-Bold.ttf' (160K)
[2020.07.20-14.55.47:214][  0]LogSlate: Took 0.000160 seconds to synchronously load lazily loaded font '../../../Engine/Content/Editor/Slate/Fonts/FontAwesome.ttf' (139K)
[2020.07.20-14.55.47:284][  0]LogRenderer: Reallocating scene render targets to support 832x468 Format 9 NumSamples 1 (Frame:1).
[2020.07.20-14.55.47:490][  0]LogSlate: Took 0.000409 seconds to synchronously load lazily loaded font '../../../Engine/Content/Slate/Fonts/Roboto-Light.ttf' (167K)
[2020.07.20-14.55.47:549][  0]LogSlate: Took 0.000095 seconds to synchronously load lazily loaded font '../../../Engine/Content/Slate/Fonts/Roboto-Light.ttf' (167K)
[2020.07.20-14.55.47:647][  0]LogContentBrowser: Native class hierarchy updated for 'HierarchicalLODOutliner' in 0.0003 seconds. Added 0 classes and 0 folders.
[2020.07.20-14.55.47:647][  0]LogLoad: (Engine Initialization) Total time: 9.20 seconds
[2020.07.20-14.55.47:647][  0]LogLoad: (Engine Initialization) Total Blueprint compile time: 0.00 seconds
[2020.07.20-14.55.47:697][  0]LogAssetRegistry: Asset discovery search completed in 6.2896 seconds
[2020.07.20-14.55.47:702][  0]LogCollectionManager: Fixed up redirectors for 0 collections in 0.000008 seconds (updated 0 objects)
[2020.07.20-14.55.47:703][  0]LogContentStreaming: Texture pool size now 400 MB
[2020.07.20-14.56.15:162][203]LogAIModule: Creating AISystem for world Velocidad_y_fuerza
[2020.07.20-14.56.15:163][203]LogAssetEditorSubsystem: Opening Asset editor for World /Game/Velocidad_y_fuerza.Velocidad_y_fuerza
[2020.07.20-14.56.15:192][203]LogUObjectHash: Compacting FUObjectHashTables data took   1.93ms
[2020.07.20-14.56.15:197][203]Cmd: MAP LOAD FILE="../../../../../../Documentos/Unreal Projects/PT1/Content/Velocidad_y_fuerza.umap" TEMPLATE=0 SHOWPROGRESS=1 FEATURELEVEL=3
[2020.07.20-14.56.15:197][203]LightingResults: New page: Lighting Build
[2020.07.20-14.56.15:198][203]LoadErrors: New page: Loading map: Velocidad_y_fuerza.umap
[2020.07.20-14.56.15:198][203]LogWorld: UWorld::CleanupWorld for Nivel_de_Prueba, bSessionEnded=true, bCleanupResources=true
[2020.07.20-14.56.15:198][203]LogSlate: InvalidateAllWidgets triggered.  All widgets were invalidated
[2020.07.20-14.56.15:198][203]MapCheck: New page: Map Check
[2020.07.20-14.56.15:198][203]LightingResults: New page: Lighting Build
[2020.07.20-14.56.15:230][203]LogUObjectHash: Compacting FUObjectHashTables data took   2.67ms
[2020.07.20-14.56.15:297][203]LogEditorServer: Finished looking for orphan Actors (0.000 secs)
[2020.07.20-14.56.15:331][203]LogUObjectHash: Compacting FUObjectHashTables data took   1.85ms
[2020.07.20-14.56.15:350][203]Cmd: MAP CHECKDEP NOCLEARLOG
[2020.07.20-14.56.15:352][203]MapCheck: Map check complete: 0 Error(s), 0 Warning(s), took 2.219ms to complete.
[2020.07.20-14.56.15:352][203]LogFileHelpers: Loading map 'Velocidad_y_fuerza' took 0.157
[2020.07.20-14.56.21:541][653]LogAssetEditorSubsystem: Opening Asset editor for Texture2D /Game/Tileset/minish_chip_dungeon_03.minish_chip_dungeon_03
[2020.07.20-14.56.21:545][653]LogContentBrowser: Native class hierarchy updated for 'TextureEditor' in 0.0004 seconds. Added 1 classes and 2 folders.
[2020.07.20-14.56.23:508][755]LogSlate: Window 'minish_chip_dungeon_03' being destroyed
[2020.07.20-14.56.23:528][755]LogSlate: Window 'minish_chip_dungeon_03' being destroyed
[2020.07.20-14.56.32:608][621]LogAssetEditorSubsystem: Opening Asset editor for PaperTileMap /Game/Tileset/Lvl-Fuerza_y_velocidad_tilemap.Lvl-Fuerza_y_velocidad_tilemap
[2020.07.20-14.56.32:731][621]LogSlate: Took 0.000166 seconds to synchronously load lazily loaded font '../../../Engine/Content/Slate/Fonts/Roboto-BoldCondensed.ttf' (158K)
[2020.07.20-14.56.32:761][621]LogRenderer: Reallocating scene render targets to support 968x720 Format 9 NumSamples 1 (Frame:1).
[2020.07.20-14.57.24:151][778]Cmd: TRANSACTION UNDO
[2020.07.20-14.57.24:151][778]LogEditorTransaction: Undo Tile Painting
[2020.07.20-14.57.24:528][786]Cmd: TRANSACTION UNDO
[2020.07.20-14.57.24:528][786]LogEditorTransaction: Undo Tile Painting
[2020.07.20-14.57.31:225][ 51]Cmd: OBJ SAVEPACKAGE PACKAGE="/Game/Tileset/Lvl-Fuerza_y_velocidad_tilemap" FILE="../../../../../../Documentos/Unreal Projects/PT1/Content/Tileset/Lvl-Fuerza_y_velocidad_tilemap.uasset" SILENT=true
[2020.07.20-14.57.31:253][ 51]LogSavePackage: Moving '../../../../../../Documentos/Unreal Projects/PT1/Saved/Lvl-Fuerza_y_velocidad_tilemapF765AF6143CF44DCF972B48F5DD0CCAE.tmp' to '../../../../../../Documentos/Unreal Projects/PT1/Content/Tileset/Lvl-Fuerza_y_velocidad_tilemap.uasset'
[2020.07.20-14.57.31:270][ 51]AssetCheck: New page: Asset Save: Lvl-Fuerza_y_velocidad_tilemap
[2020.07.20-14.57.31:270][ 51]LogContentValidation: Display: Validating PaperTileMap /Game/Tileset/Lvl-Fuerza_y_velocidad_tilemap.Lvl-Fuerza_y_velocidad_tilemap
[2020.07.20-14.57.43:791][645]Cmd: OBJ SAVEPACKAGE PACKAGE="/Game/Velocidad_y_fuerza" FILE="../../../../../../Documentos/Unreal Projects/PT1/Content/Velocidad_y_fuerza.umap" SILENT=true AUTOSAVING=false KEEPDIRTY=false
[2020.07.20-14.57.43:825][645]LogUObjectHash: Compacting FUObjectHashTables data took   2.20ms
[2020.07.20-14.57.43:843][645]LogSavePackage: Moving '../../../../../../Documentos/Unreal Projects/PT1/Saved/Velocidad_y_fuerzaE773AEDD47118F5EFB102796A02B74E0.tmp' to '../../../../../../Documentos/Unreal Projects/PT1/Content/Velocidad_y_fuerza.umap'
[2020.07.20-14.57.43:874][645]AssetCheck: New page: Asset Save: Velocidad_y_fuerza
[2020.07.20-14.57.43:874][645]LogContentValidation: Display: Validating World /Game/Velocidad_y_fuerza.Velocidad_y_fuerza
[2020.07.20-14.57.47:407][898]LogAssetEditorSubsystem: Opening Asset editor for LevelScriptBlueprint /Game/Velocidad_y_fuerza.Velocidad_y_fuerza:PersistentLevel.Velocidad_y_fuerza
[2020.07.20-14.57.47:933][898]LogContentBrowser: Native class hierarchy updated for 'BlueprintGraph' in 0.0020 seconds. Added 121 classes and 0 folders.
[2020.07.20-14.57.53:471][ 91]LogSlate: Took 0.009437 seconds to synchronously load lazily loaded font '../../../Engine/Content/Slate/Fonts/Roboto-Italic.ttf' (157K)
[2020.07.20-15.00.07:889][100]BlueprintLog: New page: Compile Velocidad_y_fuerza
[2020.07.20-15.00.07:938][100]LogUObjectHash: Compacting FUObjectHashTables data took   4.73ms
[2020.07.20-15.01.07:978][303]LogHttp: Warning: 000000C0C1D08400: invalid HTTP response code received. URL: https://datarouter.ol.epicgames.com/datarouter/api/v1/public/data?SessionID=%7B3549B43E-4518-5FFF-9476-B69882E7FF80%7D&AppID=UEEditor.Rocket.Release&AppVersion=4.24.3-11590370%2B%2B%2BUE4%2BRelease-4.24&UserID=0c69896c4f645a3847a982b741e49a30%7C5774095c0e8e47d1a5a62d9f8948b86c%7C7162e9fc-1538-4b3e-b2d6-ab6eb7e205aa&AppEnvironment=datacollector-binary&UploadType=eteventstream, HTTP code: 0, content length: 0, actual payload size: 0
[2020.07.20-15.01.07:978][303]LogHttp: Warning: 000000C0C1D08400: request failed, libcurl error: 0 (No error)
[2020.07.20-15.01.07:978][303]LogHttp: Warning: 000000C0C1D08400: libcurl info message cache 0 (Found bundle for host datarouter.ol.epicgames.com: 0xc09ca67f70 [can pipeline])
[2020.07.20-15.01.07:978][303]LogHttp: Warning: 000000C0C1D08400: libcurl info message cache 1 (Re-using existing connection! (#1) with host datarouter.ol.epicgames.com)
[2020.07.20-15.01.07:978][303]LogHttp: Warning: 000000C0C1D08400: libcurl info message cache 2 (Connected to datarouter.ol.epicgames.com (52.4.1.167) port 443 (#1))
[2020.07.20-15.01.07:978][303]LogHttp: Warning: 000000C0C1D08400: libcurl info message cache 3 (We are completely uploaded and fine)
[2020.07.20-15.01.07:978][303]LogHttp: Warning: 000000C0C1D08400: libcurl info message cache 4 (TLSv1.2 (IN), TLS alert, Client hello (1):)
[2020.07.20-15.01.07:978][303]LogHttp: Warning: 000000C0C1D08400: libcurl info message cache 5 (Connection died, retrying a fresh connect)
[2020.07.20-15.01.07:978][303]LogHttp: Warning: 000000C0C1D08400: libcurl info message cache 6 (necessary data rewind wasn't possible)
[2020.07.20-15.01.07:978][303]LogHttp: Warning: 000000C0C1D08400: libcurl info message cache 7 (Closing connection 1)
[2020.07.20-15.01.07:978][303]LogHttp: Warning: 000000C0C1D08400: libcurl info message cache 8 (TLSv1.2 (OUT), TLS alert, Client hello (1):)
[2020.07.20-15.01.07:991][304]LogHttp: Warning: Retry exhausted on https://datarouter.ol.epicgames.com/datarouter/api/v1/public/data?SessionID=%7B3549B43E-4518-5FFF-9476-B69882E7FF80%7D&AppID=UEEditor.Rocket.Release&AppVersion=4.24.3-11590370%2B%2B%2BUE4%2BRelease-4.24&UserID=0c69896c4f645a3847a982b741e49a30%7C5774095c0e8e47d1a5a62d9f8948b86c%7C7162e9fc-1538-4b3e-b2d6-ab6eb7e205aa&AppEnvironment=datacollector-binary&UploadType=eteventstream
[2020.07.20-15.05.44:509][545]LogSlate: Took 0.037835 seconds to synchronously load lazily loaded font '../../../Engine/Content/Slate/Fonts/Roboto-BoldCondensedItalic.ttf' (160K)
[2020.07.20-15.06.17:492][ 97]BlueprintLog: New page: Compile Velocidad_y_fuerza
[2020.07.20-15.06.17:494][ 97]LogBlueprint: Error: [Compiler PersistentLevel.Velocidad_y_fuerza] This blueprint (self) is not a PaperTileMapComponent, therefore ' Target ' must have a connection.
[2020.07.20-15.06.18:126][ 97]LogUObjectHash: Compacting FUObjectHashTables data took   4.45ms
[2020.07.20-15.08.08:258][379]LogAssetEditorSubsystem: Opening Asset editor for PaperTileSet /Game/Tileset/minish_chip_dungeon_03_TileSet-LeftSide.minish_chip_dungeon_03_TileSet-LeftSide
[2020.07.20-15.09.17:034][474]BlueprintLog: New page: Compile Velocidad_y_fuerza
[2020.07.20-15.09.17:313][474]LogUObjectHash: Compacting FUObjectHashTables data took   5.00ms
[2020.07.20-15.09.18:491][525]Cmd: OBJ SAVEPACKAGE PACKAGE="/Game/Velocidad_y_fuerza" FILE="../../../../../../Documentos/Unreal Projects/PT1/Content/Velocidad_y_fuerza.umap" SILENT=true AUTOSAVING=false KEEPDIRTY=false
[2020.07.20-15.09.18:538][525]LogUObjectHash: Compacting FUObjectHashTables data took   4.82ms
[2020.07.20-15.09.18:847][525]LogSavePackage: Moving '../../../../../../Documentos/Unreal Projects/PT1/Saved/Velocidad_y_fuerzaD92245EA445DC3FF3EA47781C60E015C.tmp' to '../../../../../../Documentos/Unreal Projects/PT1/Content/Velocidad_y_fuerza.umap'
[2020.07.20-15.09.18:868][525]LogFileHelpers: Saving map 'Velocidad_y_fuerza' took 0.378
[2020.07.20-15.09.18:881][525]AssetCheck: New page: Asset Save: Velocidad_y_fuerza
[2020.07.20-15.09.18:881][525]LogContentValidation: Display: Validating World /Game/Velocidad_y_fuerza.Velocidad_y_fuerza
[2020.07.20-15.16.49:959][840]BlueprintLog: New page: Compile Velocidad_y_fuerza
[2020.07.20-15.16.49:964][840]LogBlueprint: Error: [Compiler PersistentLevel.Velocidad_y_fuerza] This blueprint (self) is not a PaperTileMapComponent, therefore ' Target ' must have a connection.
[2020.07.20-15.16.50:250][840]LogUObjectHash: Compacting FUObjectHashTables data took   5.28ms
[2020.07.20-15.17.11:360][877]BlueprintLog: New page: Compile Velocidad_y_fuerza
[2020.07.20-15.17.11:651][877]LogUObjectHash: Compacting FUObjectHashTables data took   5.03ms
[2020.07.20-15.17.12:456][912]Cmd: OBJ SAVEPACKAGE PACKAGE="/Game/Velocidad_y_fuerza" FILE="../../../../../../Documentos/Unreal Projects/PT1/Content/Velocidad_y_fuerza.umap" SILENT=true AUTOSAVING=false KEEPDIRTY=false
[2020.07.20-15.17.12:502][912]LogUObjectHash: Compacting FUObjectHashTables data took   3.81ms
[2020.07.20-15.17.12:796][912]LogSavePackage: Moving '../../../../../../Documentos/Unreal Projects/PT1/Saved/Velocidad_y_fuerza3B24CE7D40BA2C052F3218966815DAA6.tmp' to '../../../../../../Documentos/Unreal Projects/PT1/Content/Velocidad_y_fuerza.umap'
[2020.07.20-15.17.12:822][912]LogFileHelpers: Saving map 'Velocidad_y_fuerza' took 0.365
[2020.07.20-15.17.12:834][912]AssetCheck: New page: Asset Save: Velocidad_y_fuerza
[2020.07.20-15.17.12:834][912]LogContentValidation: Display: Validating World /Game/Velocidad_y_fuerza.Velocidad_y_fuerza
[2020.07.20-15.17.13:887][958]LogSlate: Window 'minish_chip_dungeon_03_TileSet-LeftSide' being destroyed
[2020.07.20-15.17.13:900][958]LogSlate: Window 'minish_chip_dungeon_03_TileSet-LeftSide' being destroyed
[2020.07.20-15.17.13:914][958]LogWorld: UWorld::CleanupWorld for World_0, bSessionEnded=true, bCleanupResources=true
[2020.07.20-15.17.13:915][958]LogSlate: InvalidateAllWidgets triggered.  All widgets were invalidated
[2020.07.20-15.17.13:949][958]LogWorld: UWorld::CleanupWorld for World_2, bSessionEnded=true, bCleanupResources=true
[2020.07.20-15.17.13:949][958]LogSlate: InvalidateAllWidgets triggered.  All widgets were invalidated
[2020.07.20-15.17.14:049][958]LogWorld: UWorld::CleanupWorld for World_3, bSessionEnded=true, bCleanupResources=true
[2020.07.20-15.17.14:049][958]LogSlate: InvalidateAllWidgets triggered.  All widgets were invalidated
[2020.07.20-15.17.14:830][994]LogOutputDevice: Warning: 

Script Stack (0 frames):

[2020.07.20-15.17.14:830][994]LogWindows: Windows GetLastError: La operación se completó correctamente. (0)
