Log file open, 10/14/20 23:42:04
LogInit: Display: Running engine for game: Titulo1_Try1
LogPlatformFile: Not using cached read wrapper
LogTaskGraph: Started task graph with 5 named threads and 23 total threads with 3 sets of task threads.
LogStats: Stats thread started at 1.860868
LogD3D11RHI: Loaded GFSDK_Aftermath_Lib.x64.dll
LogICUInternationalization: ICU TimeZone Detection - Raw Offset: -3:00, Platform Override: ''
LogPluginManager: Mounting plugin Paper2D
LogPluginManager: Mounting plugin AISupport
LogPluginManager: Mounting plugin LightPropagationVolume
LogPluginManager: Mounting plugin CameraShakePreviewer
LogPluginManager: Mounting plugin ActorLayerUtilities
LogPluginManager: Mounting plugin AnimationSharing
LogPluginManager: Mounting plugin CLionSourceCodeAccess
LogPluginManager: Mounting plugin CodeLiteSourceCodeAccess
LogPluginManager: Mounting plugin GitSourceControl
LogPluginManager: Mounting plugin KDevelopSourceCodeAccess
LogPluginManager: Mounting plugin NullSourceCodeAccess
LogPluginManager: Mounting plugin PerforceSourceControl
LogPluginManager: Mounting plugin PlasticSourceControl
LogPluginManager: Mounting plugin RiderSourceCodeAccess
LogPluginManager: Mounting plugin SubversionSourceControl
LogPluginManager: Mounting plugin UObjectPlugin
LogPluginManager: Mounting plugin VisualStudioCodeSourceCodeAccess
LogPluginManager: Mounting plugin VisualStudioSourceCodeAccess
LogPluginManager: Mounting plugin XCodeSourceCodeAccess
LogPluginManager: Mounting plugin AssetManagerEditor
LogPluginManager: Mounting plugin CryptoKeys
LogPluginManager: Mounting plugin CurveEditorTools
LogPluginManager: Mounting plugin DataValidation
LogPluginManager: Mounting plugin EditorScriptingUtilities
LogPluginManager: Mounting plugin FacialAnimation
LogPluginManager: Mounting plugin GameplayTagsEditor
LogPluginManager: Mounting plugin GeometryMode
LogPluginManager: Mounting plugin MacGraphicsSwitching
LogPluginManager: Mounting plugin MaterialAnalyzer
LogPluginManager: Mounting plugin MobileLauncherProfileWizard
LogPluginManager: Mounting plugin PluginBrowser
LogPluginManager: Mounting plugin SpeedTreeImporter
LogPluginManager: Mounting plugin DatasmithContent
LogPluginManager: Mounting plugin VariantManagerContent
LogPluginManager: Mounting plugin AlembicImporter
LogPluginManager: Mounting plugin AutomationUtils
LogPluginManager: Mounting plugin BackChannel
LogPluginManager: Mounting plugin ChaosCloth
LogPluginManager: Mounting plugin ChaosClothEditor
LogPluginManager: Mounting plugin ChaosEditor
LogPluginManager: Mounting plugin ChaosNiagara
LogPluginManager: Mounting plugin ChaosSolverPlugin
LogPluginManager: Mounting plugin CharacterAI
LogPluginManager: Mounting plugin GeometryCache
LogPluginManager: Mounting plugin GeometryCollectionPlugin
LogPluginManager: Mounting plugin GeometryProcessing
LogPluginManager: Mounting plugin PlanarCut
LogPluginManager: Mounting plugin PlatformCrypto
LogPluginManager: Mounting plugin ProxyLODPlugin
LogPluginManager: Mounting plugin SkeletalReduction
LogPluginManager: Mounting plugin Niagara
LogPluginManager: Mounting plugin MagicLeap
LogPluginManager: Mounting plugin MagicLeapLightEstimation
LogPluginManager: Mounting plugin MagicLeapMedia
LogPluginManager: Mounting plugin MagicLeapPassableWorld
LogPluginManager: Mounting plugin MLSDK
LogPluginManager: Mounting plugin AndroidMedia
LogPluginManager: Mounting plugin AvfMedia
LogPluginManager: Mounting plugin ImgMedia
LogPluginManager: Mounting plugin MediaCompositing
LogPluginManager: Mounting plugin MediaPlayerEditor
LogPluginManager: Mounting plugin WebMMedia
LogPluginManager: Mounting plugin WmfMedia
LogPluginManager: Mounting plugin MeshPainting
LogPluginManager: Mounting plugin TcpMessaging
LogPluginManager: Mounting plugin UdpMessaging
LogPluginManager: Mounting plugin ActorSequence
LogPluginManager: Mounting plugin LevelSequenceEditor
LogPluginManager: Mounting plugin MatineeToLevelSequence
LogPluginManager: Mounting plugin MovieRenderPipeline
LogPluginManager: Mounting plugin TemplateSequence
LogPluginManager: Mounting plugin NetcodeUnitTest
LogPluginManager: Mounting plugin NUTUnrealEngine4
LogPluginManager: Mounting plugin OnlineSubsystemGooglePlay
LogPluginManager: Mounting plugin OnlineSubsystemIOS
LogPluginManager: Mounting plugin OnlineSubsystem
LogPluginManager: Mounting plugin OnlineSubsystemNull
LogPluginManager: Mounting plugin OnlineSubsystemUtils
LogPluginManager: Mounting plugin LauncherChunkInstaller
LogPluginManager: Mounting plugin AndroidDeviceProfileSelector
LogPluginManager: Mounting plugin AndroidMoviePlayer
LogPluginManager: Mounting plugin AndroidPermission
LogPluginManager: Mounting plugin ApexDestruction
LogPluginManager: Mounting plugin AppleImageUtils
LogPluginManager: Mounting plugin AppleMoviePlayer
LogPluginManager: Mounting plugin ArchVisCharacter
LogPluginManager: Mounting plugin AssetTags
LogPluginManager: Mounting plugin AudioCapture
LogPluginManager: Mounting plugin CableComponent
LogPluginManager: Mounting plugin CustomMeshComponent
LogPluginManager: Mounting plugin EditableMesh
LogPluginManager: Mounting plugin ExampleDeviceProfileSelector
LogPluginManager: Mounting plugin GoogleCloudMessaging
LogPluginManager: Mounting plugin GooglePAD
LogPluginManager: Mounting plugin IOSDeviceProfileSelector
LogPluginManager: Mounting plugin LinuxDeviceProfileSelector
LogPluginManager: Mounting plugin LocationServicesBPLibrary
LogPluginManager: Mounting plugin MobilePatchingUtils
LogPluginManager: Mounting plugin OculusVR
LogPluginManager: Mounting plugin PhysXVehicles
LogPluginManager: Mounting plugin PostSplashScreen
LogPluginManager: Mounting plugin ProceduralMeshComponent
LogPluginManager: Mounting plugin RuntimePhysXCooking
LogPluginManager: Mounting plugin SignificanceManager
LogPluginManager: Mounting plugin SoundFields
LogPluginManager: Mounting plugin SteamVR
LogPluginManager: Mounting plugin Synthesis
LogPluginManager: Mounting plugin WebMMoviePlayer
LogPluginManager: Mounting plugin WindowsMoviePlayer
LogPluginManager: Mounting plugin ScreenshotTools
LogPluginManager: Mounting plugin VictoryBPLibrary
LogInit: Using libcurl 7.55.1-DEV
LogInit:  - built for x86_64-pc-win32
LogInit:  - supports SSL with OpenSSL/1.1.1
LogInit:  - supports HTTP deflate (compression) using libz 1.2.8
LogInit:  - other features:
LogInit:      CURL_VERSION_SSL
LogInit:      CURL_VERSION_LIBZ
LogInit:      CURL_VERSION_IPV6
LogInit:      CURL_VERSION_ASYNCHDNS
LogInit:      CURL_VERSION_LARGEFILE
LogInit:      CURL_VERSION_IDN
LogInit:  CurlRequestOptions (configurable via config and command line):
LogInit:  - bVerifyPeer = true  - Libcurl will verify peer certificate
LogInit:  - bUseHttpProxy = false  - Libcurl will NOT use HTTP proxy
LogInit:  - bDontReuseConnections = false  - Libcurl will reuse connections
LogInit:  - MaxHostConnections = 16  - Libcurl will limit the number of connections to a host
LogInit:  - LocalHostAddr = Default
LogInit:  - BufferSize = 65536
LogOnline: OSS: Creating online subsystem instance for: NULL
LogInit: WinSock: version 1.1 (2.2), MaxSocks=32767, MaxUdp=65467
LogOnline: OSS: TryLoadSubsystemAndSetDefault: Loaded subsystem for module [NULL]
LogInit: Build: ++UE4+Release-4.25-CL-13594126
LogInit: Engine Version: 4.25.1-13594126+++UE4+Release-4.25
LogInit: Compatible Engine Version: 4.25.0-13144385+++UE4+Release-4.25
LogInit: Net CL: 13144385
LogInit: OS: Windows 8.1 (), CPU: Intel(R) Core(TM) i7-4702MQ CPU @ 2.20GHz, GPU: Intel(R) HD Graphics 4600
LogInit: Compiled (64-bit): Jun  2 2020 02:10:36
LogInit: Compiled with Visual C++: 19.24.28315.00
LogInit: Build Configuration: Development
LogInit: Branch Name: ++UE4+Release-4.25
LogInit: Command Line: 
LogInit: Base Directory: D:/Program Files/Epic Games/UE_4.25/Engine/Binaries/Win64/
LogInit: Allocator: TBB
LogInit: Installed Engine Build: 1
LogDevObjectVersion: Number of dev versions registered: 26
LogDevObjectVersion:   Dev-Blueprints (B0D832E4-1F89-4F0D-ACCF-7EB736FD4AA2): 10
LogDevObjectVersion:   Dev-Build (E1C64328-A22C-4D53-A36C-8E866417BD8C): 0
LogDevObjectVersion:   Dev-Core (375EC13C-06E4-48FB-B500-84F0262A717E): 4
LogDevObjectVersion:   Dev-Editor (E4B068ED-F494-42E9-A231-DA0B2E46BB41): 38
LogDevObjectVersion:   Dev-Framework (CFFC743F-43B0-4480-9391-14DF171D2073): 37
LogDevObjectVersion:   Dev-Mobile (B02B49B5-BB20-44E9-A304-32B752E40360): 2
LogDevObjectVersion:   Dev-Networking (A4E4105C-59A1-49B5-A7C5-40C4547EDFEE): 0
LogDevObjectVersion:   Dev-Online (39C831C9-5AE6-47DC-9A44-9C173E1C8E7C): 0
LogDevObjectVersion:   Dev-Physics (78F01B33-EBEA-4F98-B9B4-84EACCB95AA2): 4
LogDevObjectVersion:   Dev-Platform (6631380F-2D4D-43E0-8009-CF276956A95A): 0
LogDevObjectVersion:   Dev-Rendering (12F88B9F-8875-4AFC-A67C-D90C383ABD29): 43
LogDevObjectVersion:   Dev-Sequencer (7B5AE74C-D270-4C10-A958-57980B212A5A): 12
LogDevObjectVersion:   Dev-VR (D7296918-1DD6-4BDD-9DE2-64A83CC13884): 3
LogDevObjectVersion:   Dev-LoadTimes (C2A15278-BFE7-4AFE-6C17-90FF531DF755): 1
LogDevObjectVersion:   Private-Geometry (6EACA3D4-40EC-4CC1-B786-8BED09428FC5): 3
LogDevObjectVersion:   Dev-AnimPhys (29E575DD-E0A3-4627-9D10-D276232CDCEA): 17
LogDevObjectVersion:   Dev-Anim (AF43A65D-7FD3-4947-9873-3E8ED9C1BB05): 7
LogDevObjectVersion:   Dev-ReflectionCapture (6B266CEC-1EC7-4B8F-A30B-E4D90942FC07): 1
LogDevObjectVersion:   Dev-Automation (0DF73D61-A23F-47EA-B727-89E90C41499A): 1
LogDevObjectVersion:   FortniteMain (601D1886-AC64-4F84-AA16-D3DE0DEAC7D6): 31
LogDevObjectVersion:   Dev-Enterprise (9DFFBCD6-494F-0158-E221-12823C92A888): 10
LogDevObjectVersion:   Dev-Niagara (F2AED0AC-9AFE-416F-8664-AA7FFA26D6FC): 1
LogDevObjectVersion:   Dev-Destruction (174F1F0B-B4C6-45A5-B13F-2EE8D0FB917D): 10
LogDevObjectVersion:   Dev-Physics-Ext (35F94A83-E258-406C-A318-09F59610247C): 37
LogDevObjectVersion:   Dev-PhysicsMaterial-Chaos (B68FC16E-8B1B-42E2-B453-215C058844FE): 1
LogDevObjectVersion:   Dev-CineCamera (B2E18506-4273-CFC2-A54E-F4BB758BBA07): 1
LogInit: Presizing for max 25165824 objects, including 0 objects not considered by GC, pre-allocating 0 bytes for permanent pool.
LogConfig: Applying CVar settings from Section [/Script/Engine.StreamingSettings] File [D:/Documentos/Unreal Projects/PT1 - copia/Saved/Config/Windows/Engine.ini]
LogConfig: Setting CVar [[s.MinBulkDataSizeForAsyncLoading:131072]]
LogConfig: Setting CVar [[s.AsyncLoadingThreadEnabled:0]]
LogConfig: Setting CVar [[s.EventDrivenLoaderEnabled:1]]
LogConfig: Setting CVar [[s.WarnIfTimeLimitExceeded:0]]
LogConfig: Setting CVar [[s.TimeLimitExceededMultiplier:1.5]]
LogConfig: Setting CVar [[s.TimeLimitExceededMinTime:0.005]]
LogConfig: Setting CVar [[s.UseBackgroundLevelStreaming:1]]
LogConfig: Setting CVar [[s.PriorityAsyncLoadingExtraTime:15.0]]
LogConfig: Setting CVar [[s.LevelStreamingActorsUpdateTimeLimit:5.0]]
LogConfig: Setting CVar [[s.PriorityLevelStreamingActorsUpdateExtraTime:5.0]]
LogConfig: Setting CVar [[s.LevelStreamingComponentsRegistrationGranularity:10]]
LogConfig: Setting CVar [[s.UnregisterComponentsTimeLimit:1.0]]
LogConfig: Setting CVar [[s.LevelStreamingComponentsUnregistrationGranularity:5]]
LogConfig: Setting CVar [[s.FlushStreamingOnExit:1]]
LogInit: Object subsystem initialized
LogConfig: Setting CVar [[con.DebugEarlyDefault:1]]
LogConfig: Setting CVar [[r.setres:1280x720]]
[2020.10.15-02.42.05:639][  0]LogConfig: Setting CVar [[r.VSync:0]]
[2020.10.15-02.42.05:639][  0]LogConfig: Setting CVar [[r.RHICmdBypass:0]]
[2020.10.15-02.42.05:639][  0]LogConfig: Applying CVar settings from Section [/Script/Engine.RendererSettings] File [D:/Documentos/Unreal Projects/PT1 - copia/Saved/Config/Windows/Engine.ini]
[2020.10.15-02.42.05:639][  0]LogConfig: Setting CVar [[r.GPUCrashDebugging:0]]
[2020.10.15-02.42.05:639][  0]LogConfig: Setting CVar [[r.MobileHDR:1]]
[2020.10.15-02.42.05:639][  0]LogConfig: Setting CVar [[r.Mobile.DisableVertexFog:1]]
[2020.10.15-02.42.05:639][  0]LogConfig: Setting CVar [[r.Shadow.CSM.MaxMobileCascades:2]]
[2020.10.15-02.42.05:640][  0]LogConfig: Setting CVar [[r.MobileMSAA:1]]
[2020.10.15-02.42.05:640][  0]LogConfig: Setting CVar [[r.Mobile.UseLegacyShadingModel:0]]
[2020.10.15-02.42.05:640][  0]LogConfig: Setting CVar [[r.Mobile.UseHWsRGBEncoding:0]]
[2020.10.15-02.42.05:640][  0]LogConfig: Setting CVar [[r.Mobile.AllowDitheredLODTransition:0]]
[2020.10.15-02.42.05:640][  0]LogConfig: Setting CVar [[r.Mobile.AllowSoftwareOcclusion:0]]
[2020.10.15-02.42.05:640][  0]LogConfig: Setting CVar [[r.DiscardUnusedQuality:0]]
[2020.10.15-02.42.05:640][  0]LogConfig: Setting CVar [[r.AllowOcclusionQueries:1]]
[2020.10.15-02.42.05:640][  0]LogConfig: Setting CVar [[r.MinScreenRadiusForLights:0.030000]]
[2020.10.15-02.42.05:640][  0]LogConfig: Setting CVar [[r.MinScreenRadiusForDepthPrepass:0.030000]]
[2020.10.15-02.42.05:640][  0]LogConfig: Setting CVar [[r.MinScreenRadiusForCSMDepth:0.010000]]
[2020.10.15-02.42.05:640][  0]LogConfig: Setting CVar [[r.PrecomputedVisibilityWarning:0]]
[2020.10.15-02.42.05:640][  0]LogConfig: Setting CVar [[r.TextureStreaming:1]]
[2020.10.15-02.42.05:640][  0]LogConfig: Setting CVar [[Compat.UseDXT5NormalMaps:0]]
[2020.10.15-02.42.05:640][  0]LogConfig: Setting CVar [[r.VirtualTextures:0]]
[2020.10.15-02.42.05:640][  0]LogConfig: Setting CVar [[r.VirtualTexturedLightmaps:0]]
[2020.10.15-02.42.05:640][  0]LogConfig: Setting CVar [[r.VT.TileSize:128]]
[2020.10.15-02.42.05:640][  0]LogConfig: Setting CVar [[r.VT.TileBorderSize:4]]
[2020.10.15-02.42.05:640][  0]LogConfig: Setting CVar [[r.vt.FeedbackFactor:16]]
[2020.10.15-02.42.05:640][  0]LogConfig: Setting CVar [[r.VT.EnableCompressZlib:1]]
[2020.10.15-02.42.05:640][  0]LogConfig: Setting CVar [[r.VT.EnableCompressCrunch:0]]
[2020.10.15-02.42.05:640][  0]LogConfig: Setting CVar [[r.ClearCoatNormal:0]]
[2020.10.15-02.42.05:640][  0]LogConfig: Setting CVar [[r.ReflectionCaptureResolution:128]]
[2020.10.15-02.42.05:640][  0]LogConfig: Setting CVar [[r.ReflectionEnvironmentLightmapMixBasedOnRoughness:1]]
[2020.10.15-02.42.05:640][  0]LogConfig: Setting CVar [[r.ForwardShading:0]]
[2020.10.15-02.42.05:640][  0]LogConfig: Setting CVar [[r.VertexFoggingForOpaque:1]]
[2020.10.15-02.42.05:640][  0]LogConfig: Setting CVar [[r.AllowStaticLighting:1]]
[2020.10.15-02.42.05:640][  0]LogConfig: Setting CVar [[r.NormalMapsForStaticLighting:0]]
[2020.10.15-02.42.05:640][  0]LogConfig: Setting CVar [[r.GenerateMeshDistanceFields:0]]
[2020.10.15-02.42.05:640][  0]LogConfig: Setting CVar [[r.DistanceFieldBuild.EightBit:0]]
[2020.10.15-02.42.05:640][  0]LogConfig: Setting CVar [[r.GenerateLandscapeGIData:0]]
[2020.10.15-02.42.05:640][  0]LogConfig: Setting CVar [[r.DistanceFieldBuild.Compress:0]]
[2020.10.15-02.42.05:640][  0]LogConfig: Setting CVar [[r.TessellationAdaptivePixelsPerTriangle:48.000000]]
[2020.10.15-02.42.05:640][  0]LogConfig: Setting CVar [[r.SeparateTranslucency:1]]
[2020.10.15-02.42.05:641][  0]LogConfig: Setting CVar [[r.TranslucentSortPolicy:0]]
[2020.10.15-02.42.05:641][  0]LogConfig: Setting CVar [[r.CustomDepth:1]]
[2020.10.15-02.42.05:641][  0]LogConfig: Setting CVar [[r.CustomDepthTemporalAAJitter:1]]
[2020.10.15-02.42.05:641][  0]LogConfig: Setting CVar [[r.PostProcessing.PropagateAlpha:0]]
[2020.10.15-02.42.05:641][  0]LogConfig: Setting CVar [[r.DefaultFeature.Bloom:1]]
[2020.10.15-02.42.05:641][  0]LogConfig: Setting CVar [[r.DefaultFeature.AmbientOcclusion:1]]
[2020.10.15-02.42.05:641][  0]LogConfig: Setting CVar [[r.DefaultFeature.AmbientOcclusionStaticFraction:1]]
[2020.10.15-02.42.05:641][  0]LogConfig: Setting CVar [[r.DefaultFeature.AutoExposure:0]]
[2020.10.15-02.42.05:641][  0]LogConfig: Setting CVar [[r.DefaultFeature.AutoExposure.Method:0]]
[2020.10.15-02.42.05:641][  0]LogConfig: Setting CVar [[r.DefaultFeature.AutoExposure.ExtendDefaultLuminanceRange:0]]
[2020.10.15-02.42.05:641][  0]LogConfig: Setting CVar [[r.UsePreExposure:1]]
[2020.10.15-02.42.05:641][  0]LogConfig: Setting CVar [[r.EyeAdaptation.EditorOnly:1]]
[2020.10.15-02.42.05:641][  0]LogConfig: Setting CVar [[r.DefaultFeature.MotionBlur:0]]
[2020.10.15-02.42.05:641][  0]LogConfig: Setting CVar [[r.DefaultFeature.LensFlare:0]]
[2020.10.15-02.42.05:641][  0]LogConfig: Setting CVar [[r.TemporalAA.Upsampling:0]]
[2020.10.15-02.42.05:641][  0]LogConfig: Setting CVar [[r.SSGI.Enable:0]]
[2020.10.15-02.42.05:641][  0]LogConfig: Setting CVar [[r.DefaultFeature.AntiAliasing:0]]
[2020.10.15-02.42.05:641][  0]LogConfig: Setting CVar [[r.DefaultFeature.LightUnits:1]]
[2020.10.15-02.42.05:641][  0]LogConfig: Setting CVar [[r.DefaultBackBufferPixelFormat:4]]
[2020.10.15-02.42.05:641][  0]LogConfig: Setting CVar [[r.Shadow.UnbuiltPreviewInGame:1]]
[2020.10.15-02.42.05:641][  0]LogConfig: Setting CVar [[r.StencilForLODDither:0]]
[2020.10.15-02.42.05:641][  0]LogConfig: Setting CVar [[r.EarlyZPass:3]]
[2020.10.15-02.42.05:642][  0]LogConfig: Setting CVar [[r.EarlyZPassOnlyMaterialMasking:0]]
[2020.10.15-02.42.05:642][  0]LogConfig: Setting CVar [[r.DBuffer:1]]
[2020.10.15-02.42.05:642][  0]LogConfig: Setting CVar [[r.ClearSceneMethod:1]]
[2020.10.15-02.42.05:642][  0]LogConfig: Setting CVar [[r.BasePassOutputsVelocity:0]]
[2020.10.15-02.42.05:642][  0]LogConfig: Setting CVar [[r.SelectiveBasePassOutputs:0]]
[2020.10.15-02.42.05:642][  0]LogConfig: Setting CVar [[fx.GPUSimulationTextureSizeX:1024]]
[2020.10.15-02.42.05:642][  0]LogConfig: Setting CVar [[fx.GPUSimulationTextureSizeY:1024]]
[2020.10.15-02.42.05:642][  0]LogConfig: Setting CVar [[r.AllowGlobalClipPlane:0]]
[2020.10.15-02.42.05:642][  0]LogConfig: Setting CVar [[r.GBufferFormat:1]]
[2020.10.15-02.42.05:642][  0]LogConfig: Setting CVar [[r.MorphTarget.Mode:1]]
[2020.10.15-02.42.05:642][  0]LogConfig: Setting CVar [[vr.InstancedStereo:0]]
[2020.10.15-02.42.05:642][  0]LogConfig: Setting CVar [[vr.MobileMultiView:0]]
[2020.10.15-02.42.05:642][  0]LogConfig: Setting CVar [[vr.RoundRobinOcclusion:0]]
[2020.10.15-02.42.05:642][  0]LogConfig: Setting CVar [[vr.ODSCapture:0]]
[2020.10.15-02.42.05:642][  0]LogConfig: Setting CVar [[r.WireframeCullThreshold:5.000000]]
[2020.10.15-02.42.05:642][  0]LogConfig: Setting CVar [[r.RayTracing:0]]
[2020.10.15-02.42.05:642][  0]LogConfig: Setting CVar [[r.RayTracing.UseTextureLod:0]]
[2020.10.15-02.42.05:642][  0]LogConfig: Setting CVar [[r.SupportStationarySkylight:1]]
[2020.10.15-02.42.05:642][  0]LogConfig: Setting CVar [[r.SupportLowQualityLightmaps:1]]
[2020.10.15-02.42.05:642][  0]LogConfig: Setting CVar [[r.SupportPointLightWholeSceneShadows:1]]
[2020.10.15-02.42.05:643][  0]LogConfig: Setting CVar [[r.SupportAtmosphericFog:1]]
[2020.10.15-02.42.05:643][  0]LogConfig: Setting CVar [[r.SupportSkyAtmosphere:1]]
[2020.10.15-02.42.05:643][  0]LogConfig: Setting CVar [[r.SupportSkyAtmosphereAffectsHeightFog:0]]
[2020.10.15-02.42.05:643][  0]LogConfig: Setting CVar [[r.SkinCache.CompileShaders:0]]
[2020.10.15-02.42.05:643][  0]LogConfig: Setting CVar [[r.Mobile.EnableStaticAndCSMShadowReceivers:1]]
[2020.10.15-02.42.05:643][  0]LogConfig: Setting CVar [[r.Mobile.EnableMovableLightCSMShaderCulling:1]]
[2020.10.15-02.42.05:643][  0]LogConfig: Setting CVar [[r.Mobile.AllowDistanceFieldShadows:1]]
[2020.10.15-02.42.05:643][  0]LogConfig: Setting CVar [[r.Mobile.AllowMovableDirectionalLights:1]]
[2020.10.15-02.42.05:643][  0]LogConfig: Setting CVar [[r.MobileNumDynamicPointLights:4]]
[2020.10.15-02.42.05:643][  0]LogConfig: Setting CVar [[r.MobileDynamicPointLightsUseStaticBranch:1]]
[2020.10.15-02.42.05:643][  0]LogConfig: Setting CVar [[r.Mobile.EnableMovableSpotlights:0]]
[2020.10.15-02.42.05:643][  0]LogConfig: Setting CVar [[r.SkinCache.SceneMemoryLimitInMB:128.000000]]
[2020.10.15-02.42.05:643][  0]LogConfig: Setting CVar [[r.GPUSkin.Limit2BoneInfluences:0]]
[2020.10.15-02.42.05:643][  0]LogConfig: Setting CVar [[r.SupportDepthOnlyIndexBuffers:1]]
[2020.10.15-02.42.05:643][  0]LogConfig: Setting CVar [[r.SupportReversedIndexBuffers:1]]
[2020.10.15-02.42.05:643][  0]LogConfig: Setting CVar [[r.SupportMaterialLayers:0]]
[2020.10.15-02.42.05:643][  0]LogConfig: Setting CVar [[r.LightPropagationVolume:0]]
[2020.10.15-02.42.05:643][  0]LogConfig: Applying CVar settings from Section [/Script/Engine.RendererOverrideSettings] File [D:/Documentos/Unreal Projects/PT1 - copia/Saved/Config/Windows/Engine.ini]
[2020.10.15-02.42.05:643][  0]LogConfig: Applying CVar settings from Section [/Script/Engine.StreamingSettings] File [D:/Documentos/Unreal Projects/PT1 - copia/Saved/Config/Windows/Engine.ini]
[2020.10.15-02.42.05:643][  0]LogConfig: Setting CVar [[s.MinBulkDataSizeForAsyncLoading:131072]]
[2020.10.15-02.42.05:643][  0]LogConfig: Setting CVar [[s.AsyncLoadingThreadEnabled:0]]
[2020.10.15-02.42.05:643][  0]LogConfig: Setting CVar [[s.EventDrivenLoaderEnabled:1]]
[2020.10.15-02.42.05:643][  0]LogConfig: Setting CVar [[s.WarnIfTimeLimitExceeded:0]]
[2020.10.15-02.42.05:643][  0]LogConfig: Setting CVar [[s.TimeLimitExceededMultiplier:1.5]]
[2020.10.15-02.42.05:643][  0]LogConfig: Setting CVar [[s.TimeLimitExceededMinTime:0.005]]
[2020.10.15-02.42.05:643][  0]LogConfig: Setting CVar [[s.UseBackgroundLevelStreaming:1]]
[2020.10.15-02.42.05:643][  0]LogConfig: Setting CVar [[s.PriorityAsyncLoadingExtraTime:15.0]]
[2020.10.15-02.42.05:643][  0]LogConfig: Setting CVar [[s.LevelStreamingActorsUpdateTimeLimit:5.0]]
[2020.10.15-02.42.05:643][  0]LogConfig: Setting CVar [[s.PriorityLevelStreamingActorsUpdateExtraTime:5.0]]
[2020.10.15-02.42.05:644][  0]LogConfig: Setting CVar [[s.LevelStreamingComponentsRegistrationGranularity:10]]
[2020.10.15-02.42.05:644][  0]LogConfig: Setting CVar [[s.UnregisterComponentsTimeLimit:1.0]]
[2020.10.15-02.42.05:644][  0]LogConfig: Setting CVar [[s.LevelStreamingComponentsUnregistrationGranularity:5]]
[2020.10.15-02.42.05:644][  0]LogConfig: Setting CVar [[s.FlushStreamingOnExit:1]]
[2020.10.15-02.42.05:644][  0]LogConfig: Applying CVar settings from Section [/Script/Engine.GarbageCollectionSettings] File [D:/Documentos/Unreal Projects/PT1 - copia/Saved/Config/Windows/Engine.ini]
[2020.10.15-02.42.05:644][  0]LogConfig: Setting CVar [[gc.MaxObjectsNotConsideredByGC:1]]
[2020.10.15-02.42.05:644][  0]LogConfig: Setting CVar [[gc.SizeOfPermanentObjectPool:0]]
[2020.10.15-02.42.05:644][  0]LogConfig: Setting CVar [[gc.FlushStreamingOnGC:0]]
[2020.10.15-02.42.05:644][  0]LogConfig: Setting CVar [[gc.NumRetriesBeforeForcingGC:10]]
[2020.10.15-02.42.05:644][  0]LogConfig: Setting CVar [[gc.AllowParallelGC:1]]
[2020.10.15-02.42.05:644][  0]LogConfig: Setting CVar [[gc.TimeBetweenPurgingPendingKillObjects:61.1]]
[2020.10.15-02.42.05:644][  0]LogConfig: Setting CVar [[gc.MaxObjectsInEditor:25165824]]
[2020.10.15-02.42.05:644][  0]LogConfig: Setting CVar [[gc.IncrementalBeginDestroyEnabled:1]]
[2020.10.15-02.42.05:644][  0]LogConfig: Setting CVar [[gc.CreateGCClusters:1]]
[2020.10.15-02.42.05:644][  0]LogConfig: Setting CVar [[gc.MinGCClusterSize:5]]
[2020.10.15-02.42.05:644][  0]LogConfig: Setting CVar [[gc.ActorClusteringEnabled:0]]
[2020.10.15-02.42.05:644][  0]LogConfig: Setting CVar [[gc.BlueprintClusteringEnabled:0]]
[2020.10.15-02.42.05:644][  0]LogConfig: Setting CVar [[gc.UseDisregardForGCOnDedicatedServers:0]]
[2020.10.15-02.42.05:644][  0]LogConfig: Applying CVar settings from Section [/Script/Engine.NetworkSettings] File [D:/Documentos/Unreal Projects/PT1 - copia/Saved/Config/Windows/Engine.ini]
[2020.10.15-02.42.05:644][  0]LogConfig: Applying CVar settings from Section [/Script/UnrealEd.CookerSettings] File [D:/Documentos/Unreal Projects/PT1 - copia/Saved/Config/Windows/Engine.ini]
[2020.10.15-02.42.05:648][  0]LogConfig: Applying CVar settings from Section [ViewDistanceQuality@3] File [D:/Documentos/Unreal Projects/PT1 - copia/Saved/Config/Windows/Scalability.ini]
[2020.10.15-02.42.05:648][  0]LogConfig: Setting CVar [[r.SkeletalMeshLODBias:0]]
[2020.10.15-02.42.05:648][  0]LogConfig: Setting CVar [[r.ViewDistanceScale:1.0]]
[2020.10.15-02.42.05:648][  0]LogConfig: Applying CVar settings from Section [AntiAliasingQuality@3] File [D:/Documentos/Unreal Projects/PT1 - copia/Saved/Config/Windows/Scalability.ini]
[2020.10.15-02.42.05:648][  0]LogConfig: Setting CVar [[r.PostProcessAAQuality:4]]
[2020.10.15-02.42.05:649][  0]LogConfig: Applying CVar settings from Section [ShadowQuality@3] File [D:/Documentos/Unreal Projects/PT1 - copia/Saved/Config/Windows/Scalability.ini]
[2020.10.15-02.42.05:649][  0]LogConfig: Setting CVar [[r.LightFunctionQuality:1]]
[2020.10.15-02.42.05:649][  0]LogConfig: Setting CVar [[r.ShadowQuality:5]]
[2020.10.15-02.42.05:649][  0]LogConfig: Setting CVar [[r.Shadow.CSM.MaxCascades:10]]
[2020.10.15-02.42.05:649][  0]LogConfig: Setting CVar [[r.Shadow.MaxResolution:2048]]
[2020.10.15-02.42.05:649][  0]LogConfig: Setting CVar [[r.Shadow.MaxCSMResolution:2048]]
[2020.10.15-02.42.05:649][  0]LogConfig: Setting CVar [[r.Shadow.RadiusThreshold:0.01]]
[2020.10.15-02.42.05:649][  0]LogConfig: Setting CVar [[r.Shadow.DistanceScale:1.0]]
[2020.10.15-02.42.05:649][  0]LogConfig: Setting CVar [[r.Shadow.CSM.TransitionScale:1.0]]
[2020.10.15-02.42.05:649][  0]LogConfig: Setting CVar [[r.Shadow.PreShadowResolutionFactor:1.0]]
[2020.10.15-02.42.05:649][  0]LogConfig: Setting CVar [[r.DistanceFieldShadowing:1]]
[2020.10.15-02.42.05:649][  0]LogConfig: Setting CVar [[r.DistanceFieldAO:1]]
[2020.10.15-02.42.05:649][  0]LogConfig: Setting CVar [[r.AOQuality:2]]
[2020.10.15-02.42.05:649][  0]LogConfig: Setting CVar [[r.VolumetricFog:1]]
[2020.10.15-02.42.05:649][  0]LogConfig: Setting CVar [[r.VolumetricFog.GridPixelSize:8]]
[2020.10.15-02.42.05:649][  0]LogConfig: Setting CVar [[r.VolumetricFog.GridSizeZ:128]]
[2020.10.15-02.42.05:649][  0]LogConfig: Setting CVar [[r.VolumetricFog.HistoryMissSupersampleCount:4]]
[2020.10.15-02.42.05:649][  0]LogConfig: Setting CVar [[r.LightMaxDrawDistanceScale:1]]
[2020.10.15-02.42.05:649][  0]LogConfig: Setting CVar [[r.CapsuleShadows:1]]
[2020.10.15-02.42.05:649][  0]LogConfig: Applying CVar settings from Section [PostProcessQuality@3] File [D:/Documentos/Unreal Projects/PT1 - copia/Saved/Config/Windows/Scalability.ini]
[2020.10.15-02.42.05:649][  0]LogConfig: Setting CVar [[r.MotionBlurQuality:4]]
[2020.10.15-02.42.05:649][  0]LogConfig: Setting CVar [[r.AmbientOcclusionMipLevelFactor:0.4]]
[2020.10.15-02.42.05:649][  0]LogConfig: Setting CVar [[r.AmbientOcclusionMaxQuality:100]]
[2020.10.15-02.42.05:649][  0]LogConfig: Setting CVar [[r.AmbientOcclusionLevels:-1]]
[2020.10.15-02.42.05:650][  0]LogConfig: Setting CVar [[r.AmbientOcclusionRadiusScale:1.0]]
[2020.10.15-02.42.05:650][  0]LogConfig: Setting CVar [[r.DepthOfFieldQuality:2]]
[2020.10.15-02.42.05:650][  0]LogConfig: Setting CVar [[r.RenderTargetPoolMin:400]]
[2020.10.15-02.42.05:650][  0]LogConfig: Setting CVar [[r.LensFlareQuality:2]]
[2020.10.15-02.42.05:650][  0]LogConfig: Setting CVar [[r.SceneColorFringeQuality:1]]
[2020.10.15-02.42.05:650][  0]LogConfig: Setting CVar [[r.EyeAdaptationQuality:2]]
[2020.10.15-02.42.05:650][  0]LogConfig: Setting CVar [[r.BloomQuality:5]]
[2020.10.15-02.42.05:650][  0]LogConfig: Setting CVar [[r.FastBlurThreshold:100]]
[2020.10.15-02.42.05:650][  0]LogConfig: Setting CVar [[r.Upscale.Quality:3]]
[2020.10.15-02.42.05:650][  0]LogConfig: Setting CVar [[r.Tonemapper.GrainQuantization:1]]
[2020.10.15-02.42.05:650][  0]LogConfig: Setting CVar [[r.LightShaftQuality:1]]
[2020.10.15-02.42.05:650][  0]LogConfig: Setting CVar [[r.Filter.SizeScale:1]]
[2020.10.15-02.42.05:650][  0]LogConfig: Setting CVar [[r.Tonemapper.Quality:5]]
[2020.10.15-02.42.05:650][  0]LogConfig: Setting CVar [[r.DOF.Gather.AccumulatorQuality:1        ; higher gathering accumulator quality]]
[2020.10.15-02.42.05:650][  0]LogConfig: Setting CVar [[r.DOF.Gather.PostfilterMethod:1          ; Median3x3 postfilering method]]
[2020.10.15-02.42.05:650][  0]LogConfig: Setting CVar [[r.DOF.Gather.EnableBokehSettings:0       ; no bokeh simulation when gathering]]
[2020.10.15-02.42.05:650][  0]LogConfig: Setting CVar [[r.DOF.Gather.RingCount:4                 ; medium number of samples when gathering]]
[2020.10.15-02.42.05:650][  0]LogConfig: Setting CVar [[r.DOF.Scatter.ForegroundCompositing:1    ; additive foreground scattering]]
[2020.10.15-02.42.05:650][  0]LogConfig: Setting CVar [[r.DOF.Scatter.BackgroundCompositing:2    ; additive background scattering]]
[2020.10.15-02.42.05:650][  0]LogConfig: Setting CVar [[r.DOF.Scatter.EnableBokehSettings:1      ; bokeh simulation when scattering]]
[2020.10.15-02.42.05:650][  0]LogConfig: Setting CVar [[r.DOF.Scatter.MaxSpriteRatio:0.1         ; only a maximum of 10% of scattered bokeh]]
[2020.10.15-02.42.05:650][  0]LogConfig: Setting CVar [[r.DOF.Recombine.Quality:1                ; cheap slight out of focus]]
[2020.10.15-02.42.05:650][  0]LogConfig: Setting CVar [[r.DOF.Recombine.EnableBokehSettings:0    ; no bokeh simulation on slight out of focus]]
[2020.10.15-02.42.05:650][  0]LogConfig: Setting CVar [[r.DOF.TemporalAAQuality:1                ; more stable temporal accumulation]]
[2020.10.15-02.42.05:650][  0]LogConfig: Setting CVar [[r.DOF.Kernel.MaxForegroundRadius:0.025]]
[2020.10.15-02.42.05:650][  0]LogConfig: Setting CVar [[r.DOF.Kernel.MaxBackgroundRadius:0.025]]
[2020.10.15-02.42.05:650][  0]LogConfig: Applying CVar settings from Section [TextureQuality@3] File [D:/Documentos/Unreal Projects/PT1 - copia/Saved/Config/Windows/Scalability.ini]
[2020.10.15-02.42.05:650][  0]LogConfig: Setting CVar [[r.Streaming.MipBias:0]]
[2020.10.15-02.42.05:651][  0]LogConfig: Setting CVar [[r.Streaming.AmortizeCPUToGPUCopy:0]]
[2020.10.15-02.42.05:651][  0]LogConfig: Setting CVar [[r.Streaming.MaxNumTexturesToStreamPerFrame:0]]
[2020.10.15-02.42.05:651][  0]LogConfig: Setting CVar [[r.Streaming.Boost:1]]
[2020.10.15-02.42.05:651][  0]LogConfig: Setting CVar [[r.MaxAnisotropy:8]]
[2020.10.15-02.42.05:651][  0]LogConfig: Setting CVar [[r.VT.MaxAnisotropy:8]]
[2020.10.15-02.42.05:651][  0]LogConfig: Setting CVar [[r.Streaming.LimitPoolSizeToVRAM:0]]
[2020.10.15-02.42.05:651][  0]LogConfig: Setting CVar [[r.Streaming.PoolSize:1000]]
[2020.10.15-02.42.05:651][  0]LogConfig: Setting CVar [[r.Streaming.MaxEffectiveScreenSize:0]]
[2020.10.15-02.42.05:651][  0]LogConfig: Applying CVar settings from Section [EffectsQuality@3] File [D:/Documentos/Unreal Projects/PT1 - copia/Saved/Config/Windows/Scalability.ini]
[2020.10.15-02.42.05:651][  0]LogConfig: Setting CVar [[r.TranslucencyLightingVolumeDim:64]]
[2020.10.15-02.42.05:651][  0]LogConfig: Setting CVar [[r.RefractionQuality:2]]
[2020.10.15-02.42.05:651][  0]LogConfig: Setting CVar [[r.SSR.Quality:3]]
[2020.10.15-02.42.05:651][  0]LogConfig: Setting CVar [[r.SSR.HalfResSceneColor:0]]
[2020.10.15-02.42.05:651][  0]LogConfig: Setting CVar [[r.SceneColorFormat:4]]
[2020.10.15-02.42.05:651][  0]LogConfig: Setting CVar [[r.DetailMode:2]]
[2020.10.15-02.42.05:651][  0]LogConfig: Setting CVar [[r.TranslucencyVolumeBlur:1]]
[2020.10.15-02.42.05:651][  0]LogConfig: Setting CVar [[r.MaterialQualityLevel:1 ; High quality]]
[2020.10.15-02.42.05:651][  0]LogConfig: Setting CVar [[r.SSS.Scale:1]]
[2020.10.15-02.42.05:651][  0]LogConfig: Setting CVar [[r.SSS.SampleSet:2]]
[2020.10.15-02.42.05:651][  0]LogConfig: Setting CVar [[r.SSS.Quality:1]]
[2020.10.15-02.42.05:651][  0]LogConfig: Setting CVar [[r.SSS.HalfRes:0]]
[2020.10.15-02.42.05:651][  0]LogConfig: Setting CVar [[r.SSGI.Quality:3]]
[2020.10.15-02.42.05:651][  0]LogConfig: Setting CVar [[r.EmitterSpawnRateScale:1.0]]
[2020.10.15-02.42.05:651][  0]LogConfig: Setting CVar [[r.ParticleLightQuality:2]]
[2020.10.15-02.42.05:652][  0]LogConfig: Setting CVar [[r.SkyAtmosphere.AerialPerspectiveLUT.FastApplyOnOpaque:1 ; Always have FastSkyLUT 1 in this case to avoid wrong sky]]
[2020.10.15-02.42.05:652][  0]LogConfig: Setting CVar [[r.SkyAtmosphere.AerialPerspectiveLUT.SampleCountPerSlice:1]]
[2020.10.15-02.42.05:652][  0]LogConfig: Setting CVar [[r.SkyAtmosphere.AerialPerspectiveLUT.DepthResolution:16.0]]
[2020.10.15-02.42.05:652][  0]LogConfig: Setting CVar [[r.SkyAtmosphere.FastSkyLUT:1]]
[2020.10.15-02.42.05:652][  0]LogConfig: Setting CVar [[r.SkyAtmosphere.FastSkyLUT.SampleCountMin:4.0]]
[2020.10.15-02.42.05:652][  0]LogConfig: Setting CVar [[r.SkyAtmosphere.FastSkyLUT.SampleCountMax:32.0]]
[2020.10.15-02.42.05:652][  0]LogConfig: Setting CVar [[r.SkyAtmosphere.SampleCountMin:4.0]]
[2020.10.15-02.42.05:652][  0]LogConfig: Setting CVar [[r.SkyAtmosphere.SampleCountMax:32.0]]
[2020.10.15-02.42.05:652][  0]LogConfig: Setting CVar [[r.SkyAtmosphere.TransmittanceLUT.UseSmallFormat:0]]
[2020.10.15-02.42.05:652][  0]LogConfig: Setting CVar [[r.SkyAtmosphere.TransmittanceLUT.SampleCount:10.0]]
[2020.10.15-02.42.05:652][  0]LogConfig: Setting CVar [[r.SkyAtmosphere.MultiScatteringLUT.SampleCount:15.0]]
[2020.10.15-02.42.05:652][  0]LogConfig: Applying CVar settings from Section [FoliageQuality@3] File [D:/Documentos/Unreal Projects/PT1 - copia/Saved/Config/Windows/Scalability.ini]
[2020.10.15-02.42.05:652][  0]LogConfig: Setting CVar [[foliage.DensityScale:1.0]]
[2020.10.15-02.42.05:652][  0]LogConfig: Setting CVar [[grass.DensityScale:1.0]]
[2020.10.15-02.42.05:652][  0]LogConfig: Applying CVar settings from Section [ShadingQuality@3] File [D:/Documentos/Unreal Projects/PT1 - copia/Saved/Config/Windows/Scalability.ini]
[2020.10.15-02.42.05:652][  0]LogConfig: Setting CVar [[r.HairStrands.SkyLighting.SampleCount:16]]
[2020.10.15-02.42.05:652][  0]LogConfig: Setting CVar [[r.HairStrands.SkyLighting.JitterIntegration:0]]
[2020.10.15-02.42.05:652][  0]LogConfig: Setting CVar [[r.HairStrands.SkyAO.SampleCount:16]]
[2020.10.15-02.42.05:652][  0]LogConfig: Setting CVar [[r.HairStrands.DeepShadow.SuperSampling:0]]
[2020.10.15-02.42.05:652][  0]LogConfig: Setting CVar [[r.HairStrands.VisibilityPPLL:0]]
[2020.10.15-02.42.05:652][  0]LogConfig: Setting CVar [[r.HairStrands.RasterizationScale:0.5]]
[2020.10.15-02.42.05:652][  0]LogConfig: Setting CVar [[r.HairStrands.VelocityRasterizationScale:1]]
[2020.10.15-02.42.05:652][  0]LogInit: Selected Device Profile: [Windows]
[2020.10.15-02.42.05:652][  0]LogInit: Applying CVar settings loaded from the selected device profile: [Windows]
[2020.10.15-02.42.05:653][  0]LogHAL: Display: Platform has ~ 16 GB [17112870912 / 17179869184 / 16], which maps to Larger [LargestMinGB=32, LargerMinGB=12, DefaultMinGB=8, SmallerMinGB=6, SmallestMinGB=0)
[2020.10.15-02.42.05:653][  0]LogInit: Going up to parent DeviceProfile []
[2020.10.15-02.42.05:653][  0]LogConfig: Applying CVar settings from Section [ViewDistanceQuality@0] File [D:/Documentos/Unreal Projects/PT1 - copia/Saved/Config/Windows/Scalability.ini]
[2020.10.15-02.42.05:653][  0]LogConfig: Setting CVar [[r.SkeletalMeshLODBias:2]]
[2020.10.15-02.42.05:653][  0]LogConfig: Setting CVar [[r.ViewDistanceScale:0.4]]
[2020.10.15-02.42.05:653][  0]LogConfig: Applying CVar settings from Section [AntiAliasingQuality@0] File [D:/Documentos/Unreal Projects/PT1 - copia/Saved/Config/Windows/Scalability.ini]
[2020.10.15-02.42.05:653][  0]LogConfig: Setting CVar [[r.PostProcessAAQuality:0]]
[2020.10.15-02.42.05:653][  0]LogConfig: Applying CVar settings from Section [ShadowQuality@0] File [D:/Documentos/Unreal Projects/PT1 - copia/Saved/Config/Windows/Scalability.ini]
[2020.10.15-02.42.05:653][  0]LogConfig: Setting CVar [[r.LightFunctionQuality:0]]
[2020.10.15-02.42.05:653][  0]LogConfig: Setting CVar [[r.ShadowQuality:0]]
[2020.10.15-02.42.05:653][  0]LogConfig: Setting CVar [[r.Shadow.CSM.MaxCascades:1]]
[2020.10.15-02.42.05:653][  0]LogConfig: Setting CVar [[r.Shadow.MaxResolution:512]]
[2020.10.15-02.42.05:653][  0]LogConfig: Setting CVar [[r.Shadow.MaxCSMResolution:512]]
[2020.10.15-02.42.05:653][  0]LogConfig: Setting CVar [[r.Shadow.RadiusThreshold:0.06]]
[2020.10.15-02.42.05:653][  0]LogConfig: Setting CVar [[r.Shadow.DistanceScale:0.6]]
[2020.10.15-02.42.05:653][  0]LogConfig: Setting CVar [[r.Shadow.CSM.TransitionScale:0]]
[2020.10.15-02.42.05:653][  0]LogConfig: Setting CVar [[r.Shadow.PreShadowResolutionFactor:0.5]]
[2020.10.15-02.42.05:653][  0]LogConfig: Setting CVar [[r.DistanceFieldShadowing:0]]
[2020.10.15-02.42.05:653][  0]LogConfig: Setting CVar [[r.DistanceFieldAO:0]]
[2020.10.15-02.42.05:654][  0]LogConfig: Setting CVar [[r.VolumetricFog:0]]
[2020.10.15-02.42.05:654][  0]LogConfig: Setting CVar [[r.LightMaxDrawDistanceScale:0]]
[2020.10.15-02.42.05:654][  0]LogConfig: Setting CVar [[r.CapsuleShadows:0]]
[2020.10.15-02.42.05:654][  0]LogConfig: Applying CVar settings from Section [PostProcessQuality@0] File [D:/Documentos/Unreal Projects/PT1 - copia/Saved/Config/Windows/Scalability.ini]
[2020.10.15-02.42.05:654][  0]LogConfig: Setting CVar [[r.MotionBlurQuality:0]]
[2020.10.15-02.42.05:654][  0]LogConfig: Setting CVar [[r.AmbientOcclusionMipLevelFactor:1.0]]
[2020.10.15-02.42.05:654][  0]LogConfig: Setting CVar [[r.AmbientOcclusionMaxQuality:0]]
[2020.10.15-02.42.05:654][  0]LogConfig: Setting CVar [[r.AmbientOcclusionLevels:0]]
[2020.10.15-02.42.05:654][  0]LogConfig: Setting CVar [[r.AmbientOcclusionRadiusScale:1.2]]
[2020.10.15-02.42.05:654][  0]LogConfig: Setting CVar [[r.DepthOfFieldQuality:0]]
[2020.10.15-02.42.05:654][  0]LogConfig: Setting CVar [[r.RenderTargetPoolMin:300]]
[2020.10.15-02.42.05:654][  0]LogConfig: Setting CVar [[r.LensFlareQuality:0]]
[2020.10.15-02.42.05:654][  0]LogConfig: Setting CVar [[r.SceneColorFringeQuality:0]]
[2020.10.15-02.42.05:654][  0]LogConfig: Setting CVar [[r.EyeAdaptationQuality:0]]
[2020.10.15-02.42.05:654][  0]LogConfig: Setting CVar [[r.BloomQuality:4]]
[2020.10.15-02.42.05:654][  0]LogConfig: Setting CVar [[r.FastBlurThreshold:0]]
[2020.10.15-02.42.05:654][  0]LogConfig: Setting CVar [[r.Upscale.Quality:1]]
[2020.10.15-02.42.05:654][  0]LogConfig: Setting CVar [[r.Tonemapper.GrainQuantization:0]]
[2020.10.15-02.42.05:654][  0]LogConfig: Setting CVar [[r.LightShaftQuality:0]]
[2020.10.15-02.42.05:654][  0]LogConfig: Setting CVar [[r.Filter.SizeScale:0.6]]
[2020.10.15-02.42.05:654][  0]LogConfig: Setting CVar [[r.Tonemapper.Quality:0]]
[2020.10.15-02.42.05:654][  0]LogConfig: Applying CVar settings from Section [TextureQuality@0] File [D:/Documentos/Unreal Projects/PT1 - copia/Saved/Config/Windows/Scalability.ini]
[2020.10.15-02.42.05:654][  0]LogConfig: Setting CVar [[r.Streaming.MipBias:16]]
[2020.10.15-02.42.05:654][  0]LogConfig: Setting CVar [[r.Streaming.AmortizeCPUToGPUCopy:1]]
[2020.10.15-02.42.05:654][  0]LogConfig: Setting CVar [[r.Streaming.MaxNumTexturesToStreamPerFrame:1]]
[2020.10.15-02.42.05:654][  0]LogConfig: Setting CVar [[r.Streaming.Boost:0.3]]
[2020.10.15-02.42.05:654][  0]LogConfig: Setting CVar [[r.MaxAnisotropy:0]]
[2020.10.15-02.42.05:654][  0]LogConfig: Setting CVar [[r.VT.MaxAnisotropy:4]]
[2020.10.15-02.42.05:655][  0]LogConfig: Setting CVar [[r.Streaming.LimitPoolSizeToVRAM:1]]
[2020.10.15-02.42.05:655][  0]LogConfig: Setting CVar [[r.Streaming.PoolSize:400]]
[2020.10.15-02.42.05:655][  0]LogConfig: Setting CVar [[r.Streaming.MaxEffectiveScreenSize:0]]
[2020.10.15-02.42.05:655][  0]LogConfig: Applying CVar settings from Section [EffectsQuality@0] File [D:/Documentos/Unreal Projects/PT1 - copia/Saved/Config/Windows/Scalability.ini]
[2020.10.15-02.42.05:655][  0]LogConfig: Setting CVar [[r.TranslucencyLightingVolumeDim:24]]
[2020.10.15-02.42.05:655][  0]LogConfig: Setting CVar [[r.RefractionQuality:0]]
[2020.10.15-02.42.05:655][  0]LogConfig: Setting CVar [[r.SSR.Quality:0]]
[2020.10.15-02.42.05:655][  0]LogConfig: Setting CVar [[r.SSR.HalfResSceneColor:1]]
[2020.10.15-02.42.05:655][  0]LogConfig: Setting CVar [[r.SceneColorFormat:3]]
[2020.10.15-02.42.05:655][  0]LogConfig: Setting CVar [[r.DetailMode:0]]
[2020.10.15-02.42.05:655][  0]LogConfig: Setting CVar [[r.TranslucencyVolumeBlur:0]]
[2020.10.15-02.42.05:655][  0]LogConfig: Setting CVar [[r.MaterialQualityLevel:0 ; Low quality]]
[2020.10.15-02.42.05:655][  0]LogConfig: Setting CVar [[r.SSS.Scale:0]]
[2020.10.15-02.42.05:655][  0]LogConfig: Setting CVar [[r.SSS.SampleSet:0]]
[2020.10.15-02.42.05:655][  0]LogConfig: Setting CVar [[r.SSS.Quality:0]]
[2020.10.15-02.42.05:655][  0]LogConfig: Setting CVar [[r.SSS.HalfRes:1]]
[2020.10.15-02.42.05:655][  0]LogConfig: Setting CVar [[r.SSGI.Quality:0]]
[2020.10.15-02.42.05:655][  0]LogConfig: Setting CVar [[r.EmitterSpawnRateScale:0.125]]
[2020.10.15-02.42.05:655][  0]LogConfig: Setting CVar [[r.ParticleLightQuality:0]]
[2020.10.15-02.42.05:655][  0]LogConfig: Setting CVar [[r.SkyAtmosphere.AerialPerspectiveLUT.FastApplyOnOpaque:1 ; Always have FastSkyLUT 1 in this case to avoid wrong sky]]
[2020.10.15-02.42.05:656][  0]LogConfig: Setting CVar [[r.SkyAtmosphere.AerialPerspectiveLUT.SampleCountPerSlice:1]]
[2020.10.15-02.42.05:656][  0]LogConfig: Setting CVar [[r.SkyAtmosphere.AerialPerspectiveLUT.DepthResolution:8.0]]
[2020.10.15-02.42.05:656][  0]LogConfig: Setting CVar [[r.SkyAtmosphere.FastSkyLUT:1]]
[2020.10.15-02.42.05:656][  0]LogConfig: Setting CVar [[r.SkyAtmosphere.FastSkyLUT.SampleCountMin:2.0]]
[2020.10.15-02.42.05:656][  0]LogConfig: Setting CVar [[r.SkyAtmosphere.FastSkyLUT.SampleCountMax:16.0]]
[2020.10.15-02.42.05:656][  0]LogConfig: Setting CVar [[r.SkyAtmosphere.SampleCountMin:2.0]]
[2020.10.15-02.42.05:656][  0]LogConfig: Setting CVar [[r.SkyAtmosphere.SampleCountMax:16.0]]
[2020.10.15-02.42.05:656][  0]LogConfig: Setting CVar [[r.SkyAtmosphere.TransmittanceLUT.UseSmallFormat:1]]
[2020.10.15-02.42.05:656][  0]LogConfig: Setting CVar [[r.SkyAtmosphere.TransmittanceLUT.SampleCount:10.0]]
[2020.10.15-02.42.05:656][  0]LogConfig: Setting CVar [[r.SkyAtmosphere.MultiScatteringLUT.SampleCount:15.0]]
[2020.10.15-02.42.05:656][  0]LogConfig: Applying CVar settings from Section [FoliageQuality@0] File [D:/Documentos/Unreal Projects/PT1 - copia/Saved/Config/Windows/Scalability.ini]
[2020.10.15-02.42.05:656][  0]LogConfig: Setting CVar [[foliage.DensityScale:0]]
[2020.10.15-02.42.05:656][  0]LogConfig: Setting CVar [[grass.DensityScale:0]]
[2020.10.15-02.42.05:656][  0]LogConfig: Applying CVar settings from Section [ShadingQuality@0] File [D:/Documentos/Unreal Projects/PT1 - copia/Saved/Config/Windows/Scalability.ini]
[2020.10.15-02.42.05:656][  0]LogConfig: Setting CVar [[r.HairStrands.SkyLighting.SampleCount:8]]
[2020.10.15-02.42.05:656][  0]LogConfig: Setting CVar [[r.HairStrands.SkyLighting.JitterIntegration:0]]
[2020.10.15-02.42.05:656][  0]LogConfig: Setting CVar [[r.HairStrands.SkyAO.SampleCount:8]]
[2020.10.15-02.42.05:656][  0]LogConfig: Setting CVar [[r.HairStrands.DeepShadow.SuperSampling:0]]
[2020.10.15-02.42.05:656][  0]LogConfig: Setting CVar [[r.HairStrands.VisibilityPPLL:0]]
[2020.10.15-02.42.05:656][  0]LogConfig: Setting CVar [[r.HairStrands.RasterizationScale:0.5]]
[2020.10.15-02.42.05:656][  0]LogConfig: Setting CVar [[r.HairStrands.VelocityRasterizationScale:1]]
[2020.10.15-02.42.05:656][  0]LogConfig: Applying CVar settings from Section [Startup] File [../../../Engine/Config/ConsoleVariables.ini]
[2020.10.15-02.42.05:657][  0]LogConfig: Setting CVar [[net.UseAdaptiveNetUpdateFrequency:0]]
[2020.10.15-02.42.05:657][  0]LogConfig: Setting CVar [[p.chaos.AllowCreatePhysxBodies:1]]
[2020.10.15-02.42.05:657][  0]LogConfig: Setting CVar [[fx.SkipVectorVMBackendOptimizations:1]]
[2020.10.15-02.42.05:657][  0]LogConfig: Applying CVar settings from Section [ConsoleVariables] File [D:/Documentos/Unreal Projects/PT1 - copia/Saved/Config/Windows/Engine.ini]
[2020.10.15-02.42.05:657][  0]LogInit: Computer: HP
[2020.10.15-02.42.05:658][  0]LogInit: User: PJimenez
[2020.10.15-02.42.05:658][  0]LogInit: CPU Page size=4096, Cores=4
[2020.10.15-02.42.05:658][  0]LogInit: High frequency timer resolution =2.143480 MHz
[2020.10.15-02.42.05:658][  0]LogMemory: Memory total: Physical=15.9GB (16GB approx)
[2020.10.15-02.42.05:658][  0]LogMemory: Platform Memory Stats for Windows
[2020.10.15-02.42.05:658][  0]LogMemory: Process Physical Memory: 111.71 MB used, 111.71 MB peak
[2020.10.15-02.42.05:658][  0]LogMemory: Process Virtual Memory: 100.92 MB used, 100.92 MB peak
[2020.10.15-02.42.05:658][  0]LogMemory: Physical Memory: 6220.27 MB used,  10099.83 MB free, 16320.11 MB total
[2020.10.15-02.42.05:658][  0]LogMemory: Virtual Memory: 1000.06 MB used,  134216728.00 MB free, 134217728.00 MB total
[2020.10.15-02.42.05:710][  0]LogWindows: WindowsPlatformFeatures enabled
[2020.10.15-02.42.05:779][  0]LogInit: Physics initialised using underlying interface: PhysX
[2020.10.15-02.42.05:793][  0]LogInit: Overriding language with editor language configuration option (en).
[2020.10.15-02.42.05:794][  0]LogInit: Overriding locale with editor locale configuration option (en).
[2020.10.15-02.42.06:651][  0]LogInit: Setting process to per monitor DPI aware
[2020.10.15-02.42.06:759][  0]LogSlate: New Slate User Created.  User Index 0, Is Virtual User: 0
[2020.10.15-02.42.06:759][  0]LogSlate: Slate User Registered.  User Index 0, Is Virtual User: 0
[2020.10.15-02.42.07:054][  0]LogHMD: Failed to initialize OpenVR with code 110
[2020.10.15-02.42.07:054][  0]LogD3D11RHI: D3D11 min allowed feature level: 11_0
[2020.10.15-02.42.07:054][  0]LogD3D11RHI: D3D11 max allowed feature level: 11_0
[2020.10.15-02.42.07:054][  0]LogD3D11RHI: D3D11 adapters:
[2020.10.15-02.42.07:061][  0]LogD3D11RHI:    0. 'Intel(R) HD Graphics 4600' (Feature Level 11_0)
[2020.10.15-02.42.07:061][  0]LogD3D11RHI:       0/0/1792 MB DedicatedVideo/DedicatedSystem/SharedSystem, Outputs:1, VendorId:0x8086
[2020.10.15-02.42.07:063][  0]LogD3D11RHI:    1. 'Microsoft Basic Render Driver' (Feature Level 11_0)
[2020.10.15-02.42.07:063][  0]LogD3D11RHI:       0/0/256 MB DedicatedVideo/DedicatedSystem/SharedSystem, Outputs:0, VendorId:0x1414
[2020.10.15-02.42.07:063][  0]LogD3D11RHI: Chosen D3D11 Adapter: 0
[2020.10.15-02.42.07:087][  0]LogD3D11RHI: Creating new Direct3DDevice
[2020.10.15-02.42.07:087][  0]LogD3D11RHI:     GPU DeviceId: 0x416 (for the marketing name, search the web for "GPU Device Id")
[2020.10.15-02.42.07:087][  0]LogWindows: EnumDisplayDevices:
[2020.10.15-02.42.07:087][  0]LogWindows:    0. 'Intel(R) HD Graphics 4600' (P:1 D:1)
[2020.10.15-02.42.07:087][  0]LogWindows:    1. 'Intel(R) HD Graphics 4600' (P:0 D:0)
[2020.10.15-02.42.07:087][  0]LogWindows:    2. 'Intel(R) HD Graphics 4600' (P:0 D:0)
[2020.10.15-02.42.07:088][  0]LogWindows: DebugString: FoundDriverCount:3 
[2020.10.15-02.42.07:088][  0]LogD3D11RHI:     Adapter Name: Intel(R) HD Graphics 4600
[2020.10.15-02.42.07:088][  0]LogD3D11RHI:   Driver Version: 10.18.10.3304 (internal:10.18.10.3304, unified:10.18.10.3304)
[2020.10.15-02.42.07:088][  0]LogD3D11RHI:      Driver Date: 9-9-2013
[2020.10.15-02.42.07:088][  0]LogRHI: Texture pool is 627 MB (70% of 896 MB)
[2020.10.15-02.42.07:095][  0]LogD3D11RHI: RHI does not have support for 64 bit atomics
[2020.10.15-02.42.07:095][  0]LogD3D11RHI: Async texture creation enabled
[2020.10.15-02.42.07:108][  0]LogD3D11RHI: GPU Timing Frequency: 12.500000 (Debug: 2 0)
[2020.10.15-02.42.07:802][  0]LogTargetPlatformManager: Display: Loaded TargetPlatform 'AllDesktop'
[2020.10.15-02.42.07:877][  0]LogTargetPlatformManager: Display: Loaded TargetPlatform 'Android'
[2020.10.15-02.42.07:877][  0]LogTargetPlatformManager: Display: Loaded TargetPlatform 'Android_ASTC'
[2020.10.15-02.42.07:877][  0]LogTargetPlatformManager: Display: Loaded TargetPlatform 'Android_DXT'
[2020.10.15-02.42.07:877][  0]LogTargetPlatformManager: Display: Loaded TargetPlatform 'Android_ETC2'
[2020.10.15-02.42.07:877][  0]LogTargetPlatformManager: Display: Loaded TargetPlatform 'AndroidClient'
[2020.10.15-02.42.07:877][  0]LogTargetPlatformManager: Display: Loaded TargetPlatform 'Android_ASTCClient'
[2020.10.15-02.42.07:877][  0]LogTargetPlatformManager: Display: Loaded TargetPlatform 'Android_DXTClient'
[2020.10.15-02.42.07:877][  0]LogTargetPlatformManager: Display: Loaded TargetPlatform 'Android_ETC2Client'
[2020.10.15-02.42.07:877][  0]LogTargetPlatformManager: Display: Loaded TargetPlatform 'Android_Multi'
[2020.10.15-02.42.07:877][  0]LogTargetPlatformManager: Display: Loaded TargetPlatform 'Android_MultiClient'
[2020.10.15-02.42.08:028][  0]LogTargetPlatformManager: Display: Loaded TargetPlatform 'IOSClient'
[2020.10.15-02.42.08:028][  0]LogTargetPlatformManager: Display: Loaded TargetPlatform 'IOS'
[2020.10.15-02.42.08:056][  0]LogTargetPlatformManager: Display: Loaded TargetPlatform 'Linux'
[2020.10.15-02.42.08:105][  0]LogTargetPlatformManager: Display: Loaded TargetPlatform 'LinuxNoEditor'
[2020.10.15-02.42.08:146][  0]LogTargetPlatformManager: Display: Loaded TargetPlatform 'LinuxClient'
[2020.10.15-02.42.08:172][  0]LogTargetPlatformManager: Display: Loaded TargetPlatform 'LinuxServer'
[2020.10.15-02.42.08:196][  0]LogTargetPlatformManager: Display: Loaded TargetPlatform 'LinuxAArch64NoEditor'
[2020.10.15-02.42.08:219][  0]LogTargetPlatformManager: Display: Loaded TargetPlatform 'LinuxAArch64Client'
[2020.10.15-02.42.08:239][  0]LogTargetPlatformManager: Display: Loaded TargetPlatform 'LinuxAArch64Server'
[2020.10.15-02.42.08:291][  0]LogTargetPlatformManager: Display: Loaded TargetPlatform 'Lumin'
[2020.10.15-02.42.08:292][  0]LogTargetPlatformManager: Display: Loaded TargetPlatform 'LuminClient'
[2020.10.15-02.42.08:316][  0]LogTargetPlatformManager: Display: Loaded TargetPlatform 'TVOSClient'
[2020.10.15-02.42.08:316][  0]LogTargetPlatformManager: Display: Loaded TargetPlatform 'TVOS'
[2020.10.15-02.42.08:328][  0]LogTargetPlatformManager: Display: Loaded TargetPlatform 'WindowsNoEditor'
[2020.10.15-02.42.08:343][  0]LogTargetPlatformManager: Display: Loaded TargetPlatform 'Windows'
[2020.10.15-02.42.08:359][  0]LogTargetPlatformManager: Display: Loaded TargetPlatform 'WindowsClient'
[2020.10.15-02.42.08:378][  0]LogTargetPlatformManager: Display: Loaded TargetPlatform 'WindowsServer'
[2020.10.15-02.42.08:378][  0]LogTargetPlatformManager: Display: Building Assets For Windows
[2020.10.15-02.42.08:390][  0]LogAudioDebug: Display: Lib vorbis DLL was dynamically loaded.
[2020.10.15-02.42.08:492][  0]LogShaderCompilers: Guid format shader working directory is -9 characters bigger than the processId version (../../../../../../Documentos/Unreal Projects/PT1 - copia/Intermediate/Shaders/WorkingDirectory/107260/).
[2020.10.15-02.42.08:493][  0]LogShaderCompilers: Cleaned the shader compiler working directory 'C:/Users/PJimenez/AppData/Local/Temp/UnrealShaderWorkingDir/B3786EC94E3A8918938F9C910C9FA967/'.
[2020.10.15-02.42.08:493][  0]LogXGEController: Cleaning working directory: C:/Users/PJimenez/AppData/Local/Temp/UnrealXGEWorkingDir/
[2020.10.15-02.42.08:494][  0]LogXGEController: Cannot use XGE Controller as Incredibuild is not installed on this machine.
[2020.10.15-02.42.08:494][  0]LogShaderCompilers: Cannot use XGE Shader Compiler as Incredibuild is not installed on this machine.
[2020.10.15-02.42.08:494][  0]LogShaderCompilers: Display: Using Local Shader Compiler.
[2020.10.15-02.42.10:550][  0]LogDerivedDataCache: Display: Max Cache Size: 512 MB
[2020.10.15-02.42.10:793][  0]LogDerivedDataCache: Loaded boot cache 0.24s 76MB C:/Users/PJimenez/AppData/Local/UnrealEngine/4.25/DerivedDataCache/Boot.ddc.
[2020.10.15-02.42.10:793][  0]LogDerivedDataCache: Display: Loaded Boot cache: C:/Users/PJimenez/AppData/Local/UnrealEngine/4.25/DerivedDataCache/Boot.ddc
[2020.10.15-02.42.10:794][  0]LogDerivedDataCache: FDerivedDataBackendGraph:  Pak pak cache file ../../../../../../Documentos/Unreal Projects/PT1 - copia/DerivedDataCache/DDC.ddp not found, will not use a pak cache.
[2020.10.15-02.42.10:794][  0]LogDerivedDataCache: Unable to find inner node Pak for hierarchical cache Hierarchy.
[2020.10.15-02.42.10:794][  0]LogDerivedDataCache: FDerivedDataBackendGraph:  CompressedPak pak cache file ../../../../../../Documentos/Unreal Projects/PT1 - copia/DerivedDataCache/Compressed.ddp not found, will not use a pak cache.
[2020.10.15-02.42.10:794][  0]LogDerivedDataCache: Unable to find inner node CompressedPak for hierarchical cache Hierarchy.
[2020.10.15-02.42.10:837][  0]LogDerivedDataCache: Display: Pak cache opened for reading ../../../Engine/DerivedDataCache/Compressed.ddp.
[2020.10.15-02.42.10:837][  0]LogDerivedDataCache: FDerivedDataBackendGraph:  EnterprisePak pak cache file ../../../Enterprise/DerivedDataCache/Compressed.ddp not found, will not use a pak cache.
[2020.10.15-02.42.10:837][  0]LogDerivedDataCache: Unable to find inner node EnterprisePak for hierarchical cache Hierarchy.
[2020.10.15-02.42.10:841][  0]LogDerivedDataCache: Using Local data cache path C:/Users/PJimenez/AppData/Local/UnrealEngine/Common/DerivedDataCache: Writable
[2020.10.15-02.42.10:842][  0]LogDerivedDataCache: Shared data cache path not found in *engine.ini, will not use an Shared cache.
[2020.10.15-02.42.10:842][  0]LogDerivedDataCache: Unable to find inner node Shared for hierarchical cache Hierarchy.
[2020.10.15-02.42.11:115][  0]LogSlate: Using FreeType 2.10.0
[2020.10.15-02.42.11:117][  0]LogSlate: SlateFontServices - WITH_FREETYPE: 1, WITH_HARFBUZZ: 1
[2020.10.15-02.42.11:230][  0]LogAssetRegistry: FAssetRegistry took 0.0076 seconds to start up
[2020.10.15-02.42.12:242][  0]LogInit: Selected Device Profile: [Windows]
[2020.10.15-02.42.12:621][  0]LogMeshReduction: Using QuadricMeshReduction for automatic static mesh reduction
[2020.10.15-02.42.12:621][  0]LogMeshReduction: Using SimplygonMeshReduction for automatic skeletal mesh reduction
[2020.10.15-02.42.12:621][  0]LogMeshReduction: Using ProxyLODMeshReduction for automatic mesh merging
[2020.10.15-02.42.12:621][  0]LogMeshReduction: No distributed automatic mesh merging module available
[2020.10.15-02.42.12:621][  0]LogMeshMerging: No distributed automatic mesh merging module available
[2020.10.15-02.42.12:668][  0]LogNetVersion: Titulo1_Try1 1.0.0, NetCL: 13144385, EngineNetVer: 14, GameNetVer: 0 (Checksum: 3254603742)
[2020.10.15-02.42.14:265][  0]LogAISub: UAISubsystem::UAISubsystem AISubsystem (00000046FC3FE940), frame # 0
[2020.10.15-02.42.14:265][  0]LogAISub: UAISubsystem::UAISubsystem AIPerceptionSystem (00000046FC2A2AC0), frame # 0
[2020.10.15-02.42.14:268][  0]LogAISub: UAISubsystem::UAISubsystem EnvQueryManager (00000046FC2E9C00), frame # 0
[2020.10.15-02.42.14:349][  0]LogPackageLocalizationCache: Processed 19 localized package path(s) for 1 prioritized culture(s) in 0.065063 seconds
[2020.10.15-02.42.14:357][  0]LogUObjectArray: 15917 objects as part of root set at end of initial load.
[2020.10.15-02.42.14:357][  0]LogUObjectAllocator: 3965568 out of 0 bytes used by permanent object pool.
[2020.10.15-02.42.14:357][  0]LogUObjectArray: CloseDisregardForGC: 0/0 objects in disregard for GC pool
[2020.10.15-02.42.15:010][  0]LogTcpMessaging: Initializing TcpMessaging bridge
[2020.10.15-02.42.15:016][  0]LogUdpMessaging: Initializing bridge on interface 0.0.0.0:0 to multicast group 230.0.0.1:6666.
[2020.10.15-02.42.15:177][  0]SourceControl: Source control is disabled
[2020.10.15-02.42.15:177][  0]SourceControl: Source control is disabled
[2020.10.15-02.42.15:189][  0]SourceControl: Source control is disabled
[2020.10.15-02.42.15:194][  0]SourceControl: Source control is disabled
[2020.10.15-02.42.15:279][  0]SourceControl: Source control is disabled
[2020.10.15-02.42.15:608][  0]LogAndroidPermission: UAndroidPermissionCallbackProxy::GetInstance
[2020.10.15-02.42.15:631][  0]LogAudioCaptureCore: Display: No Audio Capture implementations found. Audio input will be silent.
[2020.10.15-02.42.15:632][  0]LogAudioCaptureCore: Display: No Audio Capture implementations found. Audio input will be silent.
[2020.10.15-02.42.15:699][  0]LogOcInput: OculusInput pre-init called
[2020.10.15-02.42.15:717][  0]LogWindows: Failed to load 'OVRPlugin.dll' (GetLastError=126)
[2020.10.15-02.42.15:717][  0]LogWindows: File 'OVRPlugin.dll' does not exist
[2020.10.15-02.42.15:809][  0]LogClass: Warning: FLevelStreamInstanceInfo::Location is not initialized properly
[2020.10.15-02.42.15:809][  0]LogClass: Warning: FLevelStreamInstanceInfo::Rotation is not initialized properly
[2020.10.15-02.42.15:809][  0]LogClass: Warning: BoolProperty FLevelStreamInstanceInfo::bShouldBeLoaded is not initialized properly
[2020.10.15-02.42.15:809][  0]LogClass: Warning: BoolProperty FLevelStreamInstanceInfo::bShouldBeVisible is not initialized properly
[2020.10.15-02.42.15:809][  0]LogClass: Warning: BoolProperty FLevelStreamInstanceInfo::bShouldBlockOnLoad is not initialized properly
[2020.10.15-02.42.15:809][  0]LogClass: Warning: FLevelStreamInstanceInfo::LODIndex is not initialized properly
[2020.10.15-02.42.15:809][  0]LogClass: Warning: BoolProperty FVictoryInput::bShift is not initialized properly
[2020.10.15-02.42.15:809][  0]LogClass: Warning: BoolProperty FVictoryInput::bCtrl is not initialized properly
[2020.10.15-02.42.15:809][  0]LogClass: Warning: BoolProperty FVictoryInput::bAlt is not initialized properly
[2020.10.15-02.42.15:809][  0]LogClass: Warning: BoolProperty FVictoryInput::bCmd is not initialized properly
[2020.10.15-02.42.15:809][  0]LogClass: Display: 10 Uninitialized script stuct members found
[2020.10.15-02.42.15:810][  0]LogAutomationTest: Warning: FLevelStreamInstanceInfo::Location is not initialized properly
[2020.10.15-02.42.15:810][  0]LogAutomationTest: Warning: FLevelStreamInstanceInfo::Rotation is not initialized properly
[2020.10.15-02.42.15:810][  0]LogAutomationTest: Warning: BoolProperty FLevelStreamInstanceInfo::bShouldBeLoaded is not initialized properly
[2020.10.15-02.42.15:810][  0]LogAutomationTest: Warning: BoolProperty FLevelStreamInstanceInfo::bShouldBeVisible is not initialized properly
[2020.10.15-02.42.15:810][  0]LogAutomationTest: Warning: BoolProperty FLevelStreamInstanceInfo::bShouldBlockOnLoad is not initialized properly
[2020.10.15-02.42.15:810][  0]LogAutomationTest: Warning: FLevelStreamInstanceInfo::LODIndex is not initialized properly
[2020.10.15-02.42.15:810][  0]LogAutomationTest: Warning: BoolProperty FVictoryInput::bShift is not initialized properly
[2020.10.15-02.42.15:810][  0]LogAutomationTest: Warning: BoolProperty FVictoryInput::bCtrl is not initialized properly
[2020.10.15-02.42.15:810][  0]LogAutomationTest: Warning: BoolProperty FVictoryInput::bAlt is not initialized properly
[2020.10.15-02.42.15:810][  0]LogAutomationTest: Warning: BoolProperty FVictoryInput::bCmd is not initialized properly
[2020.10.15-02.42.15:811][  0]LogEngine: Initializing Engine...
[2020.10.15-02.42.15:815][  0]LogHMD: Failed to initialize OpenVR with code 110
[2020.10.15-02.42.15:815][  0]LogMagicLeap: Warning: VR disabled because ZI is not enabled.  To enable, in the editor, Edit -> Project Settings -> Plugins -> Magic Leap Plugin -> Enable Zero Iteration
[2020.10.15-02.42.15:816][  0]LogStats: UGameplayTagsManager::InitializeManager -  0.000 s
[2020.10.15-02.42.16:066][  0]LogInit: Initializing FReadOnlyCVARCache
[2020.10.15-02.42.16:129][  0]LogAIModule: Creating AISystem for world Untitled
[2020.10.15-02.42.16:129][  0]LogAISub: UAISubsystem::UAISubsystem EnvQueryManager (0000004683EC7C00), frame # 0
[2020.10.15-02.42.16:130][  0]LogAISub: UAISubsystem::UAISubsystem AIPerceptionSystem (0000004683F31A80), frame # 0
[2020.10.15-02.42.16:217][  0]LogAudioMixer: Display: Audio Mixer Platform Settings:
[2020.10.15-02.42.16:217][  0]LogAudioMixer: Display: 	Sample Rate:						  48000
[2020.10.15-02.42.16:217][  0]LogAudioMixer: Display: 	Callback Buffer Frame Size Requested: 1024
[2020.10.15-02.42.16:217][  0]LogAudioMixer: Display: 	Callback Buffer Frame Size To Use:	  1024
[2020.10.15-02.42.16:217][  0]LogAudioMixer: Display: 	Number of buffers to queue:			  2
[2020.10.15-02.42.16:217][  0]LogAudioMixer: Display: 	Max Channels (voices):				  32
[2020.10.15-02.42.16:217][  0]LogAudioMixer: Display: 	Number of Async Source Workers:		  0
[2020.10.15-02.42.16:217][  0]LogAudio: Display: AudioDevice MaxSources: 32
[2020.10.15-02.42.16:217][  0]LogAudio: Display: Using built-in audio occlusion.
[2020.10.15-02.42.16:217][  0]LogAudioMixer: Display: Initializing audio mixer.
[2020.10.15-02.42.16:226][  0]LogAudioMixer: Display: 0: FrontLeft
[2020.10.15-02.42.16:226][  0]LogAudioMixer: Display: 1: FrontRight
[2020.10.15-02.42.16:274][  0]LogAudioMixer: Display: Using Audio Device Altavoces / Auriculares (IDT High Definition Audio CODEC)
[2020.10.15-02.42.16:285][  0]LogAudioMixer: Display: Initializing Sound Submixes...
[2020.10.15-02.42.16:290][  0]LogAudioMixer: Display: Creating Master Submix 'MasterSubmixDefault'
[2020.10.15-02.42.16:290][  0]LogAudioMixer: Display: Creating Master Submix 'MasterReverbSubmixDefault'
[2020.10.15-02.42.16:293][  0]LogAudioMixer: Display: Creating Master Submix 'MasterEQSubmixDefault'
[2020.10.15-02.42.16:294][  0]LogInit: FAudioDevice initialized.
[2020.10.15-02.42.16:295][  0]LogNetVersion: Set ProjectVersion to 1.0.0.0. Version Checksum will be recalculated on next use.
[2020.10.15-02.42.16:469][  0]LogDerivedDataCache: Saved boot cache 0.17s 76MB C:/Users/PJimenez/AppData/Local/UnrealEngine/4.25/DerivedDataCache/Boot.ddc.
[2020.10.15-02.42.16:469][  0]LogInit: Texture streaming: Enabled
[2020.10.15-02.42.16:488][  0]LogEngineSessionManager: EngineSessionManager initialized
[2020.10.15-02.42.16:488][  0]LogEngineSessionManager: EngineSessionManager sent abnormal shutdown report. Type=Crashed, SessionId={5C2F04C0-4C8D-808D-9593-88807F6BEDF6}
[2020.10.15-02.42.16:488][  0]LogEditorSessionSummary: Verbose: Initializing EditorSessionSummaryWriter for editor session tracking
[2020.10.15-02.42.16:490][  0]LogEditorSessionSummary: EditorSessionSummaryWriter initialized
[2020.10.15-02.42.16:616][  0]LogInit: Transaction tracking system initialized
[2020.10.15-02.42.16:646][  0]BlueprintLog: New page: Editor Load
[2020.10.15-02.42.16:725][  0]LocalizationService: Localization service is disabled
[2020.10.15-02.42.17:316][  0]LogCook: Display: Max memory allowance for cook 16384mb min free memory 0mb
[2020.10.15-02.42.17:316][  0]LogCook: Display: Mobile HDR setting 1
[2020.10.15-02.42.17:571][  0]LogFileCache: Scanning file cache for directory 'D:/Documentos/Unreal Projects/PT1 - copia/Content/' took 0.01s
[2020.10.15-02.42.18:195][  0]SourceControl: Source control is disabled
[2020.10.15-02.42.18:195][  0]LogUnrealEdMisc: Loading editor; pre map load, took 17.171
[2020.10.15-02.42.18:196][  0]Cmd: MAP LOAD FILE="../../../../../../Documentos/Unreal Projects/PT1 - copia/Content/Densidad_de_Objetos.umap" TEMPLATE=0 SHOWPROGRESS=1 FEATURELEVEL=3
[2020.10.15-02.42.18:196][  0]LightingResults: New page: Lighting Build
[2020.10.15-02.42.18:197][  0]LogWorld: UWorld::CleanupWorld for Untitled, bSessionEnded=true, bCleanupResources=true
[2020.10.15-02.42.18:197][  0]LogSlate: InvalidateAllWidgets triggered.  All widgets were invalidated
[2020.10.15-02.42.18:197][  0]MapCheck: New page: Map Check
[2020.10.15-02.42.18:197][  0]LightingResults: New page: Lighting Build
[2020.10.15-02.42.18:215][  0]LogAISub: UAISubsystem::~UAISubsystem EnvQueryManager (0000004683EC7C00), frame # 0
[2020.10.15-02.42.18:215][  0]LogAISub: UAISubsystem::~UAISubsystem AIPerceptionSystem (0000004683F31A80), frame # 0
[2020.10.15-02.42.18:216][  0]LogUObjectHash: Compacting FUObjectHashTables data took   1.37ms
[2020.10.15-02.42.19:219][  0]LogAIModule: Creating AISystem for world Densidad_de_Objetos
[2020.10.15-02.42.19:219][  0]LogAISub: UAISubsystem::UAISubsystem EnvQueryManager (000000468BD1FE00), frame # 0
[2020.10.15-02.42.19:219][  0]LogAISub: UAISubsystem::UAISubsystem AIPerceptionSystem (0000004687D339C0), frame # 0
[2020.10.15-02.42.19:268][  0]LogEditorServer: Finished looking for orphan Actors (0.000 secs)
[2020.10.15-02.42.19:304][  0]LogUObjectHash: Compacting FUObjectHashTables data took   2.64ms
[2020.10.15-02.42.19:307][  0]Cmd: MAP CHECKDEP NOCLEARLOG
[2020.10.15-02.42.19:308][  0]MapCheck: Map check complete: 0 Error(s), 0 Warning(s), took 0.609ms to complete.
[2020.10.15-02.42.19:309][  0]LogFileHelpers: Loading map 'Densidad_de_Objetos' took 1.113
[2020.10.15-02.42.19:312][  0]LogUnrealEdMisc: Total Editor Startup Time, took 18.288
[2020.10.15-02.42.19:469][  0]LogSlate: Updating window title bar state: overlay mode, drag disabled, window buttons hidden, title bar hidden
[2020.10.15-02.42.19:485][  0]LogSlate: Updating window title bar state: overlay mode, drag disabled, window buttons hidden, title bar hidden
[2020.10.15-02.42.19:498][  0]LogSlate: Updating window title bar state: overlay mode, drag disabled, window buttons hidden, title bar hidden
[2020.10.15-02.42.19:512][  0]LogSlate: Updating window title bar state: overlay mode, drag disabled, window buttons hidden, title bar hidden
[2020.10.15-02.42.19:520][  0]LogCollectionManager: Loaded 0 collections in 0.001782 seconds
[2020.10.15-02.42.19:543][  0]LogFileCache: Scanning file cache for directory 'D:/Documentos/Unreal Projects/PT1 - copia/Saved/Collections/' took 0.00s
[2020.10.15-02.42.19:543][  0]LogFileCache: Scanning file cache for directory 'D:/Documentos/Unreal Projects/PT1 - copia/Content/Developers/PJimenez/Collections/' took 0.00s
[2020.10.15-02.42.19:543][  0]LogFileCache: Scanning file cache for directory 'D:/Documentos/Unreal Projects/PT1 - copia/Content/Collections/' took 0.00s
[2020.10.15-02.42.19:543][  0]LogContentBrowser: Native class hierarchy populated in 0.0144 seconds. Added 3442 classes and 829 folders.
[2020.10.15-02.42.19:552][  0]LogContentBrowser: Native class hierarchy updated for 'WidgetCarousel' in 0.0004 seconds. Added 0 classes and 0 folders.
[2020.10.15-02.42.19:603][  0]LogContentBrowser: Native class hierarchy updated for 'AddContentDialog' in 0.0003 seconds. Added 0 classes and 0 folders.
[2020.10.15-02.42.19:605][  0]LogContentBrowser: Native class hierarchy updated for 'SceneOutliner' in 0.0003 seconds. Added 2 classes and 0 folders.
[2020.10.15-02.42.19:638][  0]LogSlate: Took 0.000432 seconds to synchronously load lazily loaded font '../../../Engine/Content/Slate/Fonts/Roboto-Regular.ttf' (155K)
[2020.10.15-02.42.19:646][  0]LogSlate: Took 0.000556 seconds to synchronously load lazily loaded font '../../../Engine/Content/Slate/Fonts/Roboto-Bold.ttf' (160K)
[2020.10.15-02.42.19:662][  0]LogSlate: Took 0.000286 seconds to synchronously load lazily loaded font '../../../Engine/Content/Editor/Slate/Fonts/FontAwesome.ttf' (139K)
[2020.10.15-02.42.19:784][  0]LogRenderer: Reallocating scene render targets to support 864x416 Format 9 NumSamples 1 (Frame:1).
[2020.10.15-02.42.20:001][  0]LogSlate: Took 0.000355 seconds to synchronously load lazily loaded font '../../../Engine/Content/Slate/Fonts/Roboto-Light.ttf' (167K)
[2020.10.15-02.42.20:026][  0]LogSlate: Took 0.000125 seconds to synchronously load lazily loaded font '../../../Engine/Content/Slate/Fonts/Roboto-Light.ttf' (167K)
[2020.10.15-02.42.20:132][  0]LogContentBrowser: Native class hierarchy updated for 'HierarchicalLODOutliner' in 0.0004 seconds. Added 0 classes and 0 folders.
[2020.10.15-02.42.20:132][  0]LogLoad: (Engine Initialization) Total time: 19.11 seconds
[2020.10.15-02.42.20:132][  0]LogLoad: (Engine Initialization) Total Blueprint compile time: 0.00 seconds
[2020.10.15-02.42.20:190][  0]LogAssetRegistry: Asset discovery search completed in 8.9626 seconds
[2020.10.15-02.42.20:199][  0]LogCollectionManager: Fixed up redirectors for 0 collections in 0.000006 seconds (updated 0 objects)
[2020.10.15-02.42.20:202][  0]LogContentStreaming: Texture pool size now 400 MB
[2020.10.15-02.42.20:889][  1]LogRenderer: Reallocating scene render targets to support 864x436 Format 9 NumSamples 1 (Frame:2).
[2020.10.15-02.45.54:675][798]Cmd: OBJ SAVEPACKAGE PACKAGE="/Game/Densidad_de_Objetos" FILE="../../../../../../Documentos/Unreal Projects/PT1 - copia/Content/Densidad_de_Objetos.umap" SILENT=true AUTOSAVING=false KEEPDIRTY=false
[2020.10.15-02.45.54:687][798]LogUObjectHash: Compacting FUObjectHashTables data took   0.87ms
[2020.10.15-02.45.54:887][798]LogSavePackage: Moving '../../../../../../Documentos/Unreal Projects/PT1 - copia/Saved/Densidad_de_Objetos533AC0CD4758BF0F4B5E709BBE09B44E.tmp' to '../../../../../../Documentos/Unreal Projects/PT1 - copia/Content/Densidad_de_Objetos.umap'
[2020.10.15-02.45.54:957][798]AssetCheck: New page: Asset Save: Densidad_de_Objetos
[2020.10.15-02.45.54:957][798]LogContentValidation: Display: Validating World /Game/Densidad_de_Objetos.Densidad_de_Objetos
[2020.10.15-02.45.58:200][ 74]LogTemp: Repeating last play command: Selected Viewport
[2020.10.15-02.45.58:230][ 74]LogPlayLevel: PlayLevel: No blueprints needed recompiling
[2020.10.15-02.45.58:230][ 74]PIE: New page: PIE session: Densidad_de_Objetos (Oct 14, 2020, 8:45:58 PM)
[2020.10.15-02.45.58:231][ 74]LogOnline: OSS: Creating online subsystem instance for: NULL
[2020.10.15-02.45.58:233][ 74]LogOnline: OSS: TryLoadSubsystemAndSetDefault: Loaded subsystem for module [NULL]
[2020.10.15-02.45.58:233][ 74]LogPlayLevel: Creating play world package: /Game/UEDPIE_0_Densidad_de_Objetos
[2020.10.15-02.45.58:257][ 74]LogPlayLevel: PIE: StaticDuplicateObject took: (0.024450s)
[2020.10.15-02.45.58:258][ 74]LogAIModule: Creating AISystem for world Densidad_de_Objetos
[2020.10.15-02.45.58:259][ 74]LogAISub: UAISubsystem::UAISubsystem EnvQueryManager (00000046A952FE00), frame # 1074
[2020.10.15-02.45.58:259][ 74]LogAISub: UAISubsystem::UAISubsystem AIPerceptionSystem (00000046A9542C00), frame # 1074
[2020.10.15-02.45.58:259][ 74]LogPlayLevel: PIE: World Init took: (0.001563s)
[2020.10.15-02.45.58:259][ 74]LogPlayLevel: PIE: Created PIE world by copying editor world from /Game/Densidad_de_Objetos.Densidad_de_Objetos to /Game/UEDPIE_0_Densidad_de_Objetos.Densidad_de_Objetos (0.026182s)
[2020.10.15-02.45.58:272][ 74]LogUObjectHash: Compacting FUObjectHashTables data took   0.98ms
[2020.10.15-02.45.58:273][ 74]LogAudioMixer: Display: Audio Mixer Platform Settings:
[2020.10.15-02.45.58:273][ 74]LogAudioMixer: Display: 	Sample Rate:						  48000
[2020.10.15-02.45.58:273][ 74]LogAudioMixer: Display: 	Callback Buffer Frame Size Requested: 1024
[2020.10.15-02.45.58:273][ 74]LogAudioMixer: Display: 	Callback Buffer Frame Size To Use:	  1024
[2020.10.15-02.45.58:273][ 74]LogAudioMixer: Display: 	Number of buffers to queue:			  2
[2020.10.15-02.45.58:273][ 74]LogAudioMixer: Display: 	Max Channels (voices):				  32
[2020.10.15-02.45.58:273][ 74]LogAudioMixer: Display: 	Number of Async Source Workers:		  0
[2020.10.15-02.45.58:273][ 74]LogAudio: Display: AudioDevice MaxSources: 32
[2020.10.15-02.45.58:274][ 74]LogAudio: Display: Using built-in audio occlusion.
[2020.10.15-02.45.58:274][ 74]LogAudioMixer: Display: Initializing audio mixer.
[2020.10.15-02.45.58:276][ 74]LogAudioMixer: Display: 0: FrontLeft
[2020.10.15-02.45.58:276][ 74]LogAudioMixer: Display: 1: FrontRight
[2020.10.15-02.45.58:291][ 74]LogAudioMixer: Display: Using Audio Device Altavoces / Auriculares (IDT High Definition Audio CODEC)
[2020.10.15-02.45.58:292][ 74]LogAudioMixer: Display: Initializing Sound Submixes...
[2020.10.15-02.45.58:292][ 74]LogAudioMixer: Display: Creating Master Submix 'MasterSubmixDefault'
[2020.10.15-02.45.58:292][ 74]LogAudioMixer: Display: Creating Master Submix 'MasterReverbSubmixDefault'
[2020.10.15-02.45.58:292][ 74]LogAudioMixer: Display: Creating Master Submix 'MasterEQSubmixDefault'
[2020.10.15-02.45.58:311][ 74]LogInit: FAudioDevice initialized.
[2020.10.15-02.45.58:326][ 74]LogLoad: Game class is 'Multiplayer_Gamemode_C'
[2020.10.15-02.45.58:330][ 74]LogWorld: Bringing World /Game/UEDPIE_0_Densidad_de_Objetos.Densidad_de_Objetos up for play (max tick rate 0) at 2020.10.14-23.45.58
[2020.10.15-02.45.58:334][ 74]LogWorld: Bringing up level for play took: 0.006132
[2020.10.15-02.45.58:334][ 74]LogOnline: OSS: Creating online subsystem instance for: :Context_1
[2020.10.15-02.45.58:337][ 74]LogContentBrowser: Native class hierarchy updated for 'MovieSceneCapture' in 0.0004 seconds. Added 20 classes and 0 folders.
[2020.10.15-02.45.58:338][ 74]LogGameMode: Display: Match State Changed from EnteringMap to WaitingToStart
[2020.10.15-02.45.58:338][ 74]LogGameState: Match State Changed from EnteringMap to WaitingToStart
[2020.10.15-02.45.58:338][ 74]LogGameMode: Display: Match State Changed from WaitingToStart to InProgress
[2020.10.15-02.45.58:352][ 74]LogPlayerManagement: Error: Failed to Create Player: A local player already exists for controller ID 0,
[2020.10.15-02.45.58:356][ 74]LogGameState: Match State Changed from WaitingToStart to InProgress
[2020.10.15-02.45.58:356][ 74]PIE: Server logged in
[2020.10.15-02.45.58:358][ 74]PIE: Play in editor total start time 0.129 seconds.
[2020.10.15-02.45.58:363][ 74]LogScript: Warning: Accessed None trying to read property Gamemode
	Densidad_de_Objetos_C /Game/UEDPIE_0_Densidad_de_Objetos.Densidad_de_Objetos:PersistentLevel.Densidad_de_Objetos_C_2
	Function /Game/Densidad_de_Objetos.Densidad_de_Objetos_C:ExecuteUbergraph_Densidad_de_Objetos:2675
[2020.10.15-02.45.58:363][ 74]PIE: Error: Blueprint Runtime Error: "Accessed None trying to read property Gamemode". Blueprint:  Densidad_de_Objetos Function:  Execute Ubergraph Densidad De Objetos Graph:  Rocks_in_Place Node:  Branch
[2020.10.15-02.45.58:363][ 74]LogScript: Warning: Accessed None
	Densidad_de_Objetos_C /Game/UEDPIE_0_Densidad_de_Objetos.Densidad_de_Objetos:PersistentLevel.Densidad_de_Objetos_C_2
	Function /Game/Densidad_de_Objetos.Densidad_de_Objetos_C:ExecuteUbergraph_Densidad_de_Objetos:2656
[2020.10.15-02.45.58:363][ 74]PIE: Error: Blueprint Runtime Error: "Accessed None". Blueprint:  Densidad_de_Objetos Function:  Execute Ubergraph Densidad De Objetos Graph:  Rocks_in_Place Node:  Branch
[2020.10.15-02.45.58:363][ 74]LogScript: Warning: Accessed None trying to read property Gamemode
	Densidad_de_Objetos_C /Game/UEDPIE_0_Densidad_de_Objetos.Densidad_de_Objetos:PersistentLevel.Densidad_de_Objetos_C_2
	Function /Game/Densidad_de_Objetos.Densidad_de_Objetos_C:ExecuteUbergraph_Densidad_de_Objetos:26C6
[2020.10.15-02.45.58:363][ 74]PIE: Error: Blueprint Runtime Error: "Accessed None trying to read property Gamemode". Blueprint:  Densidad_de_Objetos Function:  Execute Ubergraph Densidad De Objetos Graph:  Rocks_in_Place Node:  Branch
[2020.10.15-02.45.58:363][ 74]LogScript: Warning: Accessed None
	Densidad_de_Objetos_C /Game/UEDPIE_0_Densidad_de_Objetos.Densidad_de_Objetos:PersistentLevel.Densidad_de_Objetos_C_2
	Function /Game/Densidad_de_Objetos.Densidad_de_Objetos_C:ExecuteUbergraph_Densidad_de_Objetos:26A7
[2020.10.15-02.45.58:363][ 74]PIE: Error: Blueprint Runtime Error: "Accessed None". Blueprint:  Densidad_de_Objetos Function:  Execute Ubergraph Densidad De Objetos Graph:  Rocks_in_Place Node:  Branch
[2020.10.15-02.45.58:364][ 74]LogScript: Warning: Accessed None trying to read property Gamemode
	Densidad_de_Objetos_C /Game/UEDPIE_0_Densidad_de_Objetos.Densidad_de_Objetos:PersistentLevel.Densidad_de_Objetos_C_2
	Function /Game/Densidad_de_Objetos.Densidad_de_Objetos_C:Golden Button:00DC
[2020.10.15-02.45.58:364][ 74]PIE: Error: Blueprint Runtime Error: "Accessed None trying to read property Gamemode". Blueprint:  Densidad_de_Objetos Function:  Golden Button Graph:  ForEachLoopWithBreak Node:  Branch
[2020.10.15-02.45.58:364][ 74]LogScript: Warning: Accessed None
	Densidad_de_Objetos_C /Game/UEDPIE_0_Densidad_de_Objetos.Densidad_de_Objetos:PersistentLevel.Densidad_de_Objetos_C_2
	Function /Game/Densidad_de_Objetos.Densidad_de_Objetos_C:Golden Button:00BD
[2020.10.15-02.45.58:364][ 74]PIE: Error: Blueprint Runtime Error: "Accessed None". Blueprint:  Densidad_de_Objetos Function:  Golden Button Graph:  ForEachLoopWithBreak Node:  Branch
[2020.10.15-02.45.58:379][ 74]LogSlate: New Slate User Created.  User Index 1, Is Virtual User: 0
[2020.10.15-02.45.58:380][ 74]LogSlate: Slate User Registered.  User Index 1, Is Virtual User: 0
[2020.10.15-02.45.58:470][ 75]LogScript: Warning: Accessed None trying to read property Gamemode
	Densidad_de_Objetos_C /Game/UEDPIE_0_Densidad_de_Objetos.Densidad_de_Objetos:PersistentLevel.Densidad_de_Objetos_C_2
	Function /Game/Densidad_de_Objetos.Densidad_de_Objetos_C:ExecuteUbergraph_Densidad_de_Objetos:2675
[2020.10.15-02.45.58:470][ 75]PIE: Error: Blueprint Runtime Error: "Accessed None trying to read property Gamemode". Blueprint:  Densidad_de_Objetos Function:  Execute Ubergraph Densidad De Objetos Graph:  Rocks_in_Place Node:  Branch
[2020.10.15-02.45.58:470][ 75]LogScript: Warning: Accessed None
	Densidad_de_Objetos_C /Game/UEDPIE_0_Densidad_de_Objetos.Densidad_de_Objetos:PersistentLevel.Densidad_de_Objetos_C_2
	Function /Game/Densidad_de_Objetos.Densidad_de_Objetos_C:ExecuteUbergraph_Densidad_de_Objetos:2656
[2020.10.15-02.45.58:470][ 75]PIE: Error: Blueprint Runtime Error: "Accessed None". Blueprint:  Densidad_de_Objetos Function:  Execute Ubergraph Densidad De Objetos Graph:  Rocks_in_Place Node:  Branch
[2020.10.15-02.45.58:470][ 75]LogScript: Warning: Accessed None trying to read property Gamemode
	Densidad_de_Objetos_C /Game/UEDPIE_0_Densidad_de_Objetos.Densidad_de_Objetos:PersistentLevel.Densidad_de_Objetos_C_2
	Function /Game/Densidad_de_Objetos.Densidad_de_Objetos_C:ExecuteUbergraph_Densidad_de_Objetos:26C6
[2020.10.15-02.45.58:470][ 75]PIE: Error: Blueprint Runtime Error: "Accessed None trying to read property Gamemode". Blueprint:  Densidad_de_Objetos Function:  Execute Ubergraph Densidad De Objetos Graph:  Rocks_in_Place Node:  Branch
[2020.10.15-02.45.58:470][ 75]LogScript: Warning: Accessed None
	Densidad_de_Objetos_C /Game/UEDPIE_0_Densidad_de_Objetos.Densidad_de_Objetos:PersistentLevel.Densidad_de_Objetos_C_2
	Function /Game/Densidad_de_Objetos.Densidad_de_Objetos_C:ExecuteUbergraph_Densidad_de_Objetos:26A7
[2020.10.15-02.45.58:470][ 75]PIE: Error: Blueprint Runtime Error: "Accessed None". Blueprint:  Densidad_de_Objetos Function:  Execute Ubergraph Densidad De Objetos Graph:  Rocks_in_Place Node:  Branch
[2020.10.15-02.45.58:471][ 75]LogScript: Warning: Accessed None trying to read property Gamemode
	Densidad_de_Objetos_C /Game/UEDPIE_0_Densidad_de_Objetos.Densidad_de_Objetos:PersistentLevel.Densidad_de_Objetos_C_2
	Function /Game/Densidad_de_Objetos.Densidad_de_Objetos_C:Golden Button:00DC
[2020.10.15-02.45.58:471][ 75]PIE: Error: Blueprint Runtime Error: "Accessed None trying to read property Gamemode". Blueprint:  Densidad_de_Objetos Function:  Golden Button Graph:  ForEachLoopWithBreak Node:  Branch
[2020.10.15-02.45.58:471][ 75]LogScript: Warning: Accessed None
	Densidad_de_Objetos_C /Game/UEDPIE_0_Densidad_de_Objetos.Densidad_de_Objetos:PersistentLevel.Densidad_de_Objetos_C_2
	Function /Game/Densidad_de_Objetos.Densidad_de_Objetos_C:Golden Button:00BD
[2020.10.15-02.45.58:471][ 75]PIE: Error: Blueprint Runtime Error: "Accessed None". Blueprint:  Densidad_de_Objetos Function:  Golden Button Graph:  ForEachLoopWithBreak Node:  Branch
[2020.10.15-02.45.59:870][165]LogSlate: Updating window title bar state: overlay mode, drag disabled, window buttons hidden, title bar hidden
[2020.10.15-02.45.59:870][165]LogWorld: BeginTearingDown for /Game/UEDPIE_0_Densidad_de_Objetos
[2020.10.15-02.45.59:870][165]LogWorld: UWorld::CleanupWorld for Densidad_de_Objetos, bSessionEnded=true, bCleanupResources=true
[2020.10.15-02.45.59:871][165]LogSlate: InvalidateAllWidgets triggered.  All widgets were invalidated
[2020.10.15-02.45.59:877][165]LogPlayLevel: Display: Shutting down PIE online subsystems
[2020.10.15-02.45.59:879][165]LogSlate: InvalidateAllWidgets triggered.  All widgets were invalidated
[2020.10.15-02.45.59:892][165]LogSlate: Updating window title bar state: overlay mode, drag disabled, window buttons hidden, title bar hidden
[2020.10.15-02.45.59:915][165]LogAISub: UAISubsystem::~UAISubsystem AIPerceptionSystem (00000046A9542C00), frame # 1165
[2020.10.15-02.45.59:915][165]LogAISub: UAISubsystem::~UAISubsystem EnvQueryManager (00000046A952FE00), frame # 1165
[2020.10.15-02.45.59:916][165]LogUObjectHash: Compacting FUObjectHashTables data took   1.06ms
[2020.10.15-02.46.00:062][165]LogSlate: Took 0.000146 seconds to synchronously load lazily loaded font '../../../Engine/Content/Slate/Fonts/DroidSansMono.ttf' (77K)
[2020.10.15-02.46.00:075][166]LogPlayLevel: Display: Destroying online subsystem :Context_1
[2020.10.15-02.46.05:413][381]LogSlate: Window 'Message Log' being destroyed
[2020.10.15-02.46.05:439][381]LogSlate: Window 'Message Log' being destroyed
[2020.10.15-02.46.07:241][466]LogAssetEditorSubsystem: Opening Asset editor for LevelScriptBlueprint /Game/Densidad_de_Objetos.Densidad_de_Objetos:PersistentLevel.Densidad_de_Objetos
[2020.10.15-02.46.07:479][466]LogContentBrowser: Native class hierarchy updated for 'BlueprintGraph' in 0.0007 seconds. Added 125 classes and 0 folders.
[2020.10.15-02.46.08:636][466]LogSlate: Took 0.000151 seconds to synchronously load lazily loaded font '../../../Engine/Content/Slate/Fonts/Roboto-BoldCondensed.ttf' (158K)
[2020.10.15-02.46.16:780][823]LogSlate: Took 0.000159 seconds to synchronously load lazily loaded font '../../../Engine/Content/Slate/Fonts/Roboto-Italic.ttf' (157K)
[2020.10.15-02.46.28:982][309]BlueprintLog: New page: Compile Densidad_de_Objetos
[2020.10.15-02.46.29:168][309]LogUObjectHash: Compacting FUObjectHashTables data took   5.21ms
[2020.10.15-02.46.29:890][327]Cmd: OBJ SAVEPACKAGE PACKAGE="/Game/Densidad_de_Objetos" FILE="../../../../../../Documentos/Unreal Projects/PT1 - copia/Content/Densidad_de_Objetos.umap" SILENT=true AUTOSAVING=false KEEPDIRTY=false
[2020.10.15-02.46.29:925][327]LogUObjectHash: Compacting FUObjectHashTables data took   5.27ms
[2020.10.15-02.46.30:180][327]LogSavePackage: Moving '../../../../../../Documentos/Unreal Projects/PT1 - copia/Saved/Densidad_de_Objetos07EA2B98442703A0E330B997C0E719B7.tmp' to '../../../../../../Documentos/Unreal Projects/PT1 - copia/Content/Densidad_de_Objetos.umap'
[2020.10.15-02.46.30:264][327]LogFileHelpers: Saving map 'Densidad_de_Objetos' took 0.374
[2020.10.15-02.46.30:277][327]AssetCheck: New page: Asset Save: Densidad_de_Objetos
[2020.10.15-02.46.30:277][327]LogContentValidation: Display: Validating World /Game/Densidad_de_Objetos.Densidad_de_Objetos
[2020.10.15-02.46.31:483][379]LogSlate: Window 'Densidad_de_Objetos' being destroyed
[2020.10.15-02.46.31:512][379]LogSlate: Window 'Densidad_de_Objetos' being destroyed
[2020.10.15-02.46.31:512][379]LogWorld: UWorld::CleanupWorld for World_0, bSessionEnded=true, bCleanupResources=true
[2020.10.15-02.46.31:513][379]LogSlate: InvalidateAllWidgets triggered.  All widgets were invalidated
[2020.10.15-02.46.32:591][423]Cmd: OBJ SAVEPACKAGE PACKAGE="/Game/Densidad_de_Objetos" FILE="../../../../../../Documentos/Unreal Projects/PT1 - copia/Content/Densidad_de_Objetos.umap" SILENT=true AUTOSAVING=false KEEPDIRTY=false
[2020.10.15-02.46.32:623][423]LogUObjectHash: Compacting FUObjectHashTables data took   3.65ms
[2020.10.15-02.46.33:103][423]LogSavePackage: Moving '../../../../../../Documentos/Unreal Projects/PT1 - copia/Saved/Densidad_de_ObjetosB5B1DD864A93B1077E95B787F2526C76.tmp' to '../../../../../../Documentos/Unreal Projects/PT1 - copia/Content/Densidad_de_Objetos.umap'
[2020.10.15-02.46.33:174][423]AssetCheck: New page: Asset Save: Densidad_de_Objetos
[2020.10.15-02.46.33:174][423]LogContentValidation: Display: Validating World /Game/Densidad_de_Objetos.Densidad_de_Objetos
[2020.10.15-02.46.35:817][541]LogTemp: Repeating last play command: Selected Viewport
[2020.10.15-02.46.35:860][541]LogPlayLevel: PlayLevel: No blueprints needed recompiling
[2020.10.15-02.46.35:860][541]PIE: New page: PIE session: Densidad_de_Objetos (Oct 14, 2020, 8:46:35 PM)
[2020.10.15-02.46.35:860][541]LogPlayLevel: Creating play world package: /Game/UEDPIE_0_Densidad_de_Objetos
[2020.10.15-02.46.35:900][541]LogPlayLevel: PIE: StaticDuplicateObject took: (0.039802s)
[2020.10.15-02.46.35:903][541]LogAIModule: Creating AISystem for world Densidad_de_Objetos
[2020.10.15-02.46.35:903][541]LogAISub: UAISubsystem::UAISubsystem EnvQueryManager (00000046A5340600), frame # 2541
[2020.10.15-02.46.35:903][541]LogAISub: UAISubsystem::UAISubsystem AIPerceptionSystem (000000470F3D2FC0), frame # 2541
[2020.10.15-02.46.35:903][541]LogPlayLevel: PIE: World Init took: (0.003042s)
[2020.10.15-02.46.35:903][541]LogPlayLevel: PIE: Created PIE world by copying editor world from /Game/Densidad_de_Objetos.Densidad_de_Objetos to /Game/UEDPIE_0_Densidad_de_Objetos.Densidad_de_Objetos (0.043112s)
[2020.10.15-02.46.35:941][541]LogUObjectHash: Compacting FUObjectHashTables data took   5.98ms
[2020.10.15-02.46.35:947][541]LogAudioMixer: Display: Audio Mixer Platform Settings:
[2020.10.15-02.46.35:947][541]LogAudioMixer: Display: 	Sample Rate:						  48000
[2020.10.15-02.46.35:947][541]LogAudioMixer: Display: 	Callback Buffer Frame Size Requested: 1024
[2020.10.15-02.46.35:947][541]LogAudioMixer: Display: 	Callback Buffer Frame Size To Use:	  1024
[2020.10.15-02.46.35:947][541]LogAudioMixer: Display: 	Number of buffers to queue:			  2
[2020.10.15-02.46.35:948][541]LogAudioMixer: Display: 	Max Channels (voices):				  32
[2020.10.15-02.46.35:948][541]LogAudioMixer: Display: 	Number of Async Source Workers:		  0
[2020.10.15-02.46.35:948][541]LogAudio: Display: AudioDevice MaxSources: 32
[2020.10.15-02.46.35:948][541]LogAudio: Display: Using built-in audio occlusion.
[2020.10.15-02.46.35:949][541]LogAudioMixer: Display: Initializing audio mixer.
[2020.10.15-02.46.35:952][541]LogAudioMixer: Display: 0: FrontLeft
[2020.10.15-02.46.35:952][541]LogAudioMixer: Display: 1: FrontRight
[2020.10.15-02.46.35:982][541]LogAudioMixer: Display: Using Audio Device Altavoces / Auriculares (IDT High Definition Audio CODEC)
[2020.10.15-02.46.35:982][541]LogAudioMixer: Display: Initializing Sound Submixes...
[2020.10.15-02.46.35:983][541]LogAudioMixer: Display: Creating Master Submix 'MasterSubmixDefault'
[2020.10.15-02.46.35:983][541]LogAudioMixer: Display: Creating Master Submix 'MasterReverbSubmixDefault'
[2020.10.15-02.46.35:983][541]LogAudioMixer: Display: Creating Master Submix 'MasterEQSubmixDefault'
[2020.10.15-02.46.36:006][541]LogInit: FAudioDevice initialized.
[2020.10.15-02.46.36:034][541]LogLoad: Game class is 'Multiplayer_Gamemode_C'
[2020.10.15-02.46.36:038][541]LogWorld: Bringing World /Game/UEDPIE_0_Densidad_de_Objetos.Densidad_de_Objetos up for play (max tick rate 0) at 2020.10.14-23.46.36
[2020.10.15-02.46.36:039][541]LogWorld: Bringing up level for play took: 0.003675
[2020.10.15-02.46.36:039][541]LogOnline: OSS: Creating online subsystem instance for: :Context_3
[2020.10.15-02.46.36:042][541]LogGameMode: Display: Match State Changed from EnteringMap to WaitingToStart
[2020.10.15-02.46.36:042][541]LogGameState: Match State Changed from EnteringMap to WaitingToStart
[2020.10.15-02.46.36:042][541]LogGameMode: Display: Match State Changed from WaitingToStart to InProgress
[2020.10.15-02.46.36:059][541]LogPlayerManagement: Error: Failed to Create Player: A local player already exists for controller ID 0,
[2020.10.15-02.46.36:066][541]LogGameState: Match State Changed from WaitingToStart to InProgress
[2020.10.15-02.46.36:066][541]PIE: Server logged in
[2020.10.15-02.46.36:067][541]PIE: Play in editor total start time 0.209 seconds.
[2020.10.15-02.46.37:562][631]LogSlate: Updating window title bar state: overlay mode, drag disabled, window buttons hidden, title bar hidden
[2020.10.15-02.46.37:562][631]LogWorld: BeginTearingDown for /Game/UEDPIE_0_Densidad_de_Objetos
[2020.10.15-02.46.37:563][631]LogWorld: UWorld::CleanupWorld for Densidad_de_Objetos, bSessionEnded=true, bCleanupResources=true
[2020.10.15-02.46.37:564][631]LogSlate: InvalidateAllWidgets triggered.  All widgets were invalidated
[2020.10.15-02.46.37:577][631]LogPlayLevel: Display: Shutting down PIE online subsystems
[2020.10.15-02.46.37:585][631]LogSlate: InvalidateAllWidgets triggered.  All widgets were invalidated
[2020.10.15-02.46.37:620][631]LogSlate: Updating window title bar state: overlay mode, drag disabled, window buttons hidden, title bar hidden
[2020.10.15-02.46.37:645][631]LogAISub: UAISubsystem::~UAISubsystem AIPerceptionSystem (000000470F3D2FC0), frame # 2631
[2020.10.15-02.46.37:645][631]LogAISub: UAISubsystem::~UAISubsystem EnvQueryManager (00000046A5340600), frame # 2631
[2020.10.15-02.46.37:648][631]LogUObjectHash: Compacting FUObjectHashTables data took   3.01ms
[2020.10.15-02.46.37:735][632]LogPlayLevel: Display: Destroying online subsystem :Context_3
[2020.10.15-02.46.41:360][803]LogAssetEditorSubsystem: Opening Asset editor for LevelScriptBlueprint /Game/Densidad_de_Objetos.Densidad_de_Objetos:PersistentLevel.Densidad_de_Objetos
[2020.10.15-02.47.11:522][775]BlueprintLog: New page: Compile Densidad_de_Objetos
[2020.10.15-02.47.11:813][775]LogUObjectHash: Compacting FUObjectHashTables data took   6.14ms
[2020.10.15-02.47.12:358][788]Cmd: OBJ SAVEPACKAGE PACKAGE="/Game/Densidad_de_Objetos" FILE="../../../../../../Documentos/Unreal Projects/PT1 - copia/Content/Densidad_de_Objetos.umap" SILENT=true AUTOSAVING=false KEEPDIRTY=false
[2020.10.15-02.47.12:392][788]LogUObjectHash: Compacting FUObjectHashTables data took   3.73ms
[2020.10.15-02.47.12:620][788]LogSavePackage: Moving '../../../../../../Documentos/Unreal Projects/PT1 - copia/Saved/Densidad_de_ObjetosC1F3B7A14BA3C9E2515D0B80D7E6792D.tmp' to '../../../../../../Documentos/Unreal Projects/PT1 - copia/Content/Densidad_de_Objetos.umap'
[2020.10.15-02.47.12:666][788]LogFileHelpers: Saving map 'Densidad_de_Objetos' took 0.310
[2020.10.15-02.47.12:679][788]AssetCheck: New page: Asset Save: Densidad_de_Objetos
[2020.10.15-02.47.12:679][788]LogContentValidation: Display: Validating World /Game/Densidad_de_Objetos.Densidad_de_Objetos
[2020.10.15-02.47.14:657][860]LogSlate: Window 'Densidad_de_Objetos' being destroyed
[2020.10.15-02.47.14:670][860]LogSlate: Window 'Densidad_de_Objetos' being destroyed
[2020.10.15-02.47.14:670][860]LogWorld: UWorld::CleanupWorld for World_1, bSessionEnded=true, bCleanupResources=true
[2020.10.15-02.47.14:671][860]LogSlate: InvalidateAllWidgets triggered.  All widgets were invalidated
[2020.10.15-02.47.15:723][901]Cmd: OBJ SAVEPACKAGE PACKAGE="/Game/Densidad_de_Objetos" FILE="../../../../../../Documentos/Unreal Projects/PT1 - copia/Content/Densidad_de_Objetos.umap" SILENT=true AUTOSAVING=false KEEPDIRTY=false
[2020.10.15-02.47.15:756][901]LogUObjectHash: Compacting FUObjectHashTables data took   3.46ms
[2020.10.15-02.47.15:991][901]LogSavePackage: Moving '../../../../../../Documentos/Unreal Projects/PT1 - copia/Saved/Densidad_de_Objetos739AE5BA4C2B6121976A4C950DC9174B.tmp' to '../../../../../../Documentos/Unreal Projects/PT1 - copia/Content/Densidad_de_Objetos.umap'
[2020.10.15-02.47.16:069][901]AssetCheck: New page: Asset Save: Densidad_de_Objetos
[2020.10.15-02.47.16:069][901]LogContentValidation: Display: Validating World /Game/Densidad_de_Objetos.Densidad_de_Objetos
[2020.10.15-02.47.19:513][ 70]LogUObjectHash: Compacting FUObjectHashTables data took   2.50ms
[2020.10.15-02.47.19:542][ 70]LogPlayLevel: Launcher Device ID: WindowsNoEditor@HP
[2020.10.15-02.47.19:561][ 70]LogPlayLevel: PlayLevel: No blueprints needed recompiling
[2020.10.15-02.47.19:561][ 70]LogCook: Display: Creating asset registry
[2020.10.15-02.47.19:653][ 70]LogCook: Display: Discovering localized assets for cultures: en
[2020.10.15-02.47.19:724][ 70]LogCook: Display: Clearing all cooked content for platform WindowsNoEditor
[2020.10.15-02.47.19:777][ 70]LogCook: Display: Sandbox cleanup took 0.119 seconds for platforms WindowsNoEditor 
